#
# There is insufficient memory for the Java Runtime Environment to continue.
# Native memory allocation (malloc) failed to allocate 32744 bytes. Error detail: Chunk::new
# Possible reasons:
#   The system is out of physical RAM or swap space
#   This process is running with CompressedOops enabled, and the Java Heap may be blocking the growth of the native heap
# Possible solutions:
#   Reduce memory load on the system
#   Increase physical memory or swap space
#   Check if swap backing store is full
#   Decrease Java heap size (-Xmx/-Xms)
#   Decrease number of Java threads
#   Decrease Java thread stack sizes (-Xss)
#   Set larger code cache with -XX:ReservedCodeCacheSize=
#   JVM is running with Zero Based Compressed Oops mode in which the Java heap is
#     placed in the first 32GB address space. The Java Heap base address is the
#     maximum limit for the native heap growth. Please use -XX:HeapBaseMinAddress
#     to set the Java Heap base and to place the Java Heap above 32GB virtual address.
# This output file may be truncated or incomplete.
#
#  Out of Memory Error (arena.cpp:149), pid=16896, tid=3276
#
# JRE version: Java(TM) SE Runtime Environment (23.0+37) (build 23+37-2369)
# Java VM: Java HotSpot(TM) 64-Bit Server VM (23+37-2369, mixed mode, sharing, tiered, compressed oops, compressed class ptrs, g1 gc, windows-amd64)
# No core dump will be written. Minidumps are not enabled by default on client versions of Windows
#

---------------  S U M M A R Y ------------

Command Line: --module-path=C:\Users\malek\.m2\repository\org\openjfx\javafx-base\23.0.1\javafx-base-23.0.1-win.jar;C:\Users\malek\.m2\repository\org\openjfx\javafx-base\23.0.1\javafx-base-23.0.1.jar;C:\Users\malek\.m2\repository\org\openjfx\javafx-controls\23.0.1\javafx-controls-23.0.1-win.jar;C:\Users\malek\.m2\repository\org\openjfx\javafx-controls\23.0.1\javafx-controls-23.0.1.jar;C:\Users\malek\.m2\repository\org\openjfx\javafx-fxml\23.0.1\javafx-fxml-23.0.1-win.jar;C:\Users\malek\.m2\repository\org\openjfx\javafx-fxml\23.0.1\javafx-fxml-23.0.1.jar;C:\Users\malek\.m2\repository\org\openjfx\javafx-graphics\23.0.1\javafx-graphics-23.0.1-win.jar;C:\Users\malek\.m2\repository\org\openjfx\javafx-graphics\23.0.1\javafx-graphics-23.0.1.jar --add-modules=javafx.base,javafx.controls,javafx.fxml,javafx.graphics edu.pidev3a32.tests.MainFx

Host: 11th Gen Intel(R) Core(TM) i7-11370H @ 3.30GHz, 8 cores, 15G,  Windows 11 , 64 bit Build 22621 (10.0.22621.4830)
Time: Tue Feb 18 12:18:01 2025 Paris, Madrid elapsed time: 7.618967 seconds (0d 0h 0m 7s)

---------------  T H R E A D  ---------------

Current thread (0x000002e15023aed0):  JavaThread "C1 CompilerThread0" daemon [_thread_in_native, id=3276, stack(0x000000f478700000,0x000000f478800000) (1024K)]


Current CompileTask:
C1:7619 3046       3       com.sun.javafx.font.CompositeStrike::getStrikeSlot (163 bytes)

Stack: [0x000000f478700000,0x000000f478800000]
Native frames: (J=compiled Java code, j=interpreted, Vv=VM code, C=native code)
V  [jvm.dll+0x6e08a9]  (no source info available)
V  [jvm.dll+0x87da63]  (no source info available)
V  [jvm.dll+0x87feee]  (no source info available)
V  [jvm.dll+0x8805c3]  (no source info available)
V  [jvm.dll+0x27aee6]  (no source info available)
V  [jvm.dll+0xbc06f]  (no source info available)
V  [jvm.dll+0xbc2cb]  (no source info available)
V  [jvm.dll+0x27d060]  (no source info available)
V  [jvm.dll+0x1503a2]  (no source info available)
V  [jvm.dll+0x14f8a8]  (no source info available)
V  [jvm.dll+0x1516ed]  (no source info available)
V  [jvm.dll+0x253cf1]  (no source info available)
V  [jvm.dll+0x251faa]  (no source info available)
V  [jvm.dll+0x3ee036]  (no source info available)
V  [jvm.dll+0x824f1b]  (no source info available)
V  [jvm.dll+0x6df055]  (no source info available)
C  [ucrtbase.dll+0x29333]  (no source info available)
C  [KERNEL32.DLL+0x1259d]  (no source info available)
C  [ntdll.dll+0x5af38]  (no source info available)

Lock stack of current Java thread (top to bottom):


---------------  P R O C E S S  ---------------

Threads class SMR info:
_java_thread_list=0x000002e150bf5ed0, length=18, elements={
0x000002e12ebc02c0, 0x000002e1502224b0, 0x000002e1502234c0, 0x000002e150227a30,
0x000002e150228e50, 0x000002e150229ad0, 0x000002e150231510, 0x000002e150237f80,
0x000002e15023aed0, 0x000002e15031bed0, 0x000002e1509c82c0, 0x000002e150bd2980,
0x000002e150d4eb90, 0x000002e150c96df0, 0x000002e19b6925e0, 0x000002e150fd7d50,
0x000002e19b9d85b0, 0x000002e19b9d8c40
}

Java Threads: ( => current thread )
  0x000002e12ebc02c0 JavaThread "main"                              [_thread_blocked, id=16732, stack(0x000000f477800000,0x000000f477900000) (1024K)]
  0x000002e1502224b0 JavaThread "Reference Handler"          daemon [_thread_blocked, id=22108, stack(0x000000f478000000,0x000000f478100000) (1024K)]
  0x000002e1502234c0 JavaThread "Finalizer"                  daemon [_thread_blocked, id=16300, stack(0x000000f478100000,0x000000f478200000) (1024K)]
  0x000002e150227a30 JavaThread "Signal Dispatcher"          daemon [_thread_blocked, id=23460, stack(0x000000f478200000,0x000000f478300000) (1024K)]
  0x000002e150228e50 JavaThread "Attach Listener"            daemon [_thread_blocked, id=12588, stack(0x000000f478300000,0x000000f478400000) (1024K)]
  0x000002e150229ad0 JavaThread "Service Thread"             daemon [_thread_blocked, id=21444, stack(0x000000f478400000,0x000000f478500000) (1024K)]
  0x000002e150231510 JavaThread "Monitor Deflation Thread"   daemon [_thread_blocked, id=20904, stack(0x000000f478500000,0x000000f478600000) (1024K)]
  0x000002e150237f80 JavaThread "C2 CompilerThread0"         daemon [_thread_in_native, id=10220, stack(0x000000f478600000,0x000000f478700000) (1024K)]
=>0x000002e15023aed0 JavaThread "C1 CompilerThread0"         daemon [_thread_in_native, id=3276, stack(0x000000f478700000,0x000000f478800000) (1024K)]
  0x000002e15031bed0 JavaThread "Common-Cleaner"             daemon [_thread_blocked, id=22180, stack(0x000000f478800000,0x000000f478900000) (1024K)]
  0x000002e1509c82c0 JavaThread "Notification Thread"        daemon [_thread_blocked, id=16116, stack(0x000000f478b00000,0x000000f478c00000) (1024K)]
  0x000002e150bd2980 JavaThread "QuantumRenderer-0"          daemon [_thread_blocked, id=12856, stack(0x000000f478c00000,0x000000f478d00000) (1024K)]
  0x000002e150d4eb90 JavaThread "InvokeLaterDispatcher"      daemon [_thread_blocked, id=8716, stack(0x000000f478d00000,0x000000f478e00000) (1024K)]
  0x000002e150c96df0 JavaThread "JavaFX Application Thread"         [_thread_in_native, id=3052, stack(0x000000f478e00000,0x000000f478f00000) (1024K)]
  0x000002e19b6925e0 JavaThread "JavaFX-Launcher"                   [_thread_blocked, id=21596, stack(0x000000f479300000,0x000000f479400000) (1024K)]
  0x000002e150fd7d50 JavaThread "Thread-2"                   daemon [_thread_in_native, id=8884, stack(0x000000f479200000,0x000000f479300000) (1024K)]
  0x000002e19b9d85b0 JavaThread "Prism Font Disposer"        daemon [_thread_blocked, id=3600, stack(0x000000f479d00000,0x000000f479e00000) (1024K)]
  0x000002e19b9d8c40 JavaThread "Cleaner-0"                  daemon [_thread_blocked, id=18304, stack(0x000000f479f00000,0x000000f47a000000) (1024K)]
Total: 18

Other Threads:
  0x000002e1502077f0 VMThread "VM Thread"                           [id=18420, stack(0x000000f477f00000,0x000000f478000000) (1024K)]
  0x000002e1501f6710 WatcherThread "VM Periodic Task Thread"        [id=23288, stack(0x000000f477e00000,0x000000f477f00000) (1024K)]
  0x000002e130ef4cf0 WorkerThread "GC Thread#0"                     [id=11380, stack(0x000000f477900000,0x000000f477a00000) (1024K)]
  0x000002e150fd83c0 WorkerThread "GC Thread#1"                     [id=6188, stack(0x000000f479400000,0x000000f479500000) (1024K)]
  0x000002e150f77c60 WorkerThread "GC Thread#2"                     [id=15476, stack(0x000000f479500000,0x000000f479600000) (1024K)]
  0x000002e150fb7320 WorkerThread "GC Thread#3"                     [id=17600, stack(0x000000f479600000,0x000000f479700000) (1024K)]
  0x000002e150fb76d0 WorkerThread "GC Thread#4"                     [id=18144, stack(0x000000f479700000,0x000000f479800000) (1024K)]
  0x000002e150f741b0 WorkerThread "GC Thread#5"                     [id=16152, stack(0x000000f479800000,0x000000f479900000) (1024K)]
  0x000002e19bc74cc0 WorkerThread "GC Thread#6"                     [id=13392, stack(0x000000f479900000,0x000000f479a00000) (1024K)]
  0x000002e19bc75f30 WorkerThread "GC Thread#7"                     [id=21016, stack(0x000000f479a00000,0x000000f479b00000) (1024K)]
  0x000002e130f0aa10 ConcurrentGCThread "G1 Main Marker"            [id=13092, stack(0x000000f477a00000,0x000000f477b00000) (1024K)]
  0x000002e130f0c4d0 WorkerThread "G1 Conc#0"                       [id=21032, stack(0x000000f477b00000,0x000000f477c00000) (1024K)]
  0x000002e19bc762e0 WorkerThread "G1 Conc#1"                       [id=18152, stack(0x000000f47a000000,0x000000f47a100000) (1024K)]
  0x000002e1500c91e0 ConcurrentGCThread "G1 Refine#0"               [id=22664, stack(0x000000f477c00000,0x000000f477d00000) (1024K)]
  0x000002e1500cbb80 ConcurrentGCThread "G1 Service"                [id=11844, stack(0x000000f477d00000,0x000000f477e00000) (1024K)]
Total: 15

Threads with active compile tasks:
C2 CompilerThread0  7640 3024 %     4       com.sun.marlin.MaskMarlinAlphaConsumer::setAndClearRelativeAlphas @ 507 (641 bytes)
C1 CompilerThread0  7640 3046       3       com.sun.javafx.font.CompositeStrike::getStrikeSlot (163 bytes)
Total: 2

VM state: not at safepoint (normal execution)

VM Mutex/Monitor currently owned by a thread: None

Heap address: 0x0000000703e00000, size: 4034 MB, Compressed Oops mode: Zero based, Oop shift amount: 3

CDS archive(s) mapped at: [0x000002e151000000-0x000002e151d70000-0x000002e151d70000), size 14090240, SharedBaseAddress: 0x000002e151000000, ArchiveRelocationMode: 1.
Compressed class space mapped at: 0x000002e152000000-0x000002e192000000, reserved size: 1073741824
Narrow klass base: 0x000002e151000000, Narrow klass shift: 0, Narrow klass range: 0x41000000

GC Precious Log:
 CardTable entry size: 512
 Card Set container configuration: InlinePtr #cards 4 size 8 Array Of Cards #cards 16 size 48 Howl #buckets 8 coarsen threshold 3686 Howl Bitmap #cards 512 size 80 coarsen threshold 460 Card regions per heap region 1 cards per card region 4096
 CPUs: 8 total, 8 available
 Memory: 16129M
 Large Page Support: Disabled
 NUMA Support: Disabled
 Compressed Oops: Enabled (Zero based)
 Heap Region Size: 2M
 Heap Min Capacity: 8M
 Heap Initial Capacity: 254M
 Heap Max Capacity: 4034M
 Pre-touch: Disabled
 Parallel Workers: 8
 Concurrent Workers: 2
 Concurrent Refinement Workers: 8
 Periodic GC: Disabled

Heap:
 garbage-first heap   total reserved 4130816K, committed 499712K, used 300115K [0x0000000703e00000, 0x0000000800000000)
  region size 2048K, 4 young (8192K), 2 survivors (4096K)
 Metaspace       used 16339K, committed 16640K, reserved 1114112K
  class space    used 2501K, committed 2624K, reserved 1048576K

Heap Regions: E=young(eden), S=young(survivor), O=old, HS=humongous(starts), HC=humongous(continues), CS=collection set, F=free, TAMS=top-at-mark-start, PB=parsable bottom
|   0|0x0000000703e00000, 0x0000000704000000, 0x0000000704000000|100%| O|  |TAMS 0x0000000703e00000| PB 0x0000000703e00000| Untracked |  0
|   1|0x0000000704000000, 0x0000000704200000, 0x0000000704200000|100%| O|  |TAMS 0x0000000704000000| PB 0x0000000704000000| Untracked |  0
|   2|0x0000000704200000, 0x0000000704400000, 0x0000000704400000|100%|HS|  |TAMS 0x0000000704200000| PB 0x0000000704200000| Complete |  0
|   3|0x0000000704400000, 0x0000000704600000, 0x0000000704600000|100%|HC|  |TAMS 0x0000000704400000| PB 0x0000000704400000| Complete |  0
|   4|0x0000000704600000, 0x0000000704800000, 0x0000000704800000|100%|HC|  |TAMS 0x0000000704600000| PB 0x0000000704600000| Complete |  0
|   5|0x0000000704800000, 0x0000000704a00000, 0x0000000704a00000|100%|HC|  |TAMS 0x0000000704800000| PB 0x0000000704800000| Complete |  0
|   6|0x0000000704a00000, 0x0000000704c00000, 0x0000000704c00000|100%|HC|  |TAMS 0x0000000704a00000| PB 0x0000000704a00000| Complete |  0
|   7|0x0000000704c00000, 0x0000000704e00000, 0x0000000704e00000|100%|HC|  |TAMS 0x0000000704c00000| PB 0x0000000704c00000| Complete |  0
|   8|0x0000000704e00000, 0x0000000705000000, 0x0000000705000000|100%|HC|  |TAMS 0x0000000704e00000| PB 0x0000000704e00000| Complete |  0
|   9|0x0000000705000000, 0x0000000705200000, 0x0000000705200000|100%|HC|  |TAMS 0x0000000705000000| PB 0x0000000705000000| Complete |  0
|  10|0x0000000705200000, 0x0000000705400000, 0x0000000705400000|100%|HC|  |TAMS 0x0000000705200000| PB 0x0000000705200000| Complete |  0
|  11|0x0000000705400000, 0x0000000705600000, 0x0000000705600000|100%|HC|  |TAMS 0x0000000705400000| PB 0x0000000705400000| Complete |  0
|  12|0x0000000705600000, 0x0000000705800000, 0x0000000705800000|100%|HC|  |TAMS 0x0000000705600000| PB 0x0000000705600000| Complete |  0
|  13|0x0000000705800000, 0x0000000705a00000, 0x0000000705a00000|100%|HC|  |TAMS 0x0000000705800000| PB 0x0000000705800000| Complete |  0
|  14|0x0000000705a00000, 0x0000000705c00000, 0x0000000705c00000|100%|HC|  |TAMS 0x0000000705a00000| PB 0x0000000705a00000| Complete |  0
|  15|0x0000000705c00000, 0x0000000705e00000, 0x0000000705e00000|100%|HC|  |TAMS 0x0000000705c00000| PB 0x0000000705c00000| Complete |  0
|  16|0x0000000705e00000, 0x0000000706000000, 0x0000000706000000|100%|HC|  |TAMS 0x0000000705e00000| PB 0x0000000705e00000| Complete |  0
|  17|0x0000000706000000, 0x0000000706200000, 0x0000000706200000|100%|HC|  |TAMS 0x0000000706000000| PB 0x0000000706000000| Complete |  0
|  18|0x0000000706200000, 0x0000000706400000, 0x0000000706400000|100%|HC|  |TAMS 0x0000000706200000| PB 0x0000000706200000| Complete |  0
|  19|0x0000000706400000, 0x0000000706600000, 0x0000000706600000|100%|HC|  |TAMS 0x0000000706400000| PB 0x0000000706400000| Complete |  0
|  20|0x0000000706600000, 0x0000000706800000, 0x0000000706800000|100%|HC|  |TAMS 0x0000000706600000| PB 0x0000000706600000| Complete |  0
|  21|0x0000000706800000, 0x0000000706a00000, 0x0000000706a00000|100%|HC|  |TAMS 0x0000000706800000| PB 0x0000000706800000| Complete |  0
|  22|0x0000000706a00000, 0x0000000706c00000, 0x0000000706c00000|100%|HC|  |TAMS 0x0000000706a00000| PB 0x0000000706a00000| Complete |  0
|  23|0x0000000706c00000, 0x0000000706e00000, 0x0000000706e00000|100%|HC|  |TAMS 0x0000000706c00000| PB 0x0000000706c00000| Complete |  0
|  24|0x0000000706e00000, 0x0000000707000000, 0x0000000707000000|100%|HC|  |TAMS 0x0000000706e00000| PB 0x0000000706e00000| Complete |  0
|  25|0x0000000707000000, 0x0000000707200000, 0x0000000707200000|100%|HC|  |TAMS 0x0000000707000000| PB 0x0000000707000000| Complete |  0
|  26|0x0000000707200000, 0x0000000707400000, 0x0000000707400000|100%|HC|  |TAMS 0x0000000707200000| PB 0x0000000707200000| Complete |  0
|  27|0x0000000707400000, 0x0000000707600000, 0x0000000707600000|100%|HC|  |TAMS 0x0000000707400000| PB 0x0000000707400000| Complete |  0
|  28|0x0000000707600000, 0x0000000707800000, 0x0000000707800000|100%|HC|  |TAMS 0x0000000707600000| PB 0x0000000707600000| Complete |  0
|  29|0x0000000707800000, 0x0000000707a00000, 0x0000000707a00000|100%|HC|  |TAMS 0x0000000707800000| PB 0x0000000707800000| Complete |  0
|  30|0x0000000707a00000, 0x0000000707c00000, 0x0000000707c00000|100%|HC|  |TAMS 0x0000000707a00000| PB 0x0000000707a00000| Complete |  0
|  31|0x0000000707c00000, 0x0000000707e00000, 0x0000000707e00000|100%|HC|  |TAMS 0x0000000707c00000| PB 0x0000000707c00000| Complete |  0
|  32|0x0000000707e00000, 0x0000000708000000, 0x0000000708000000|100%|HC|  |TAMS 0x0000000707e00000| PB 0x0000000707e00000| Complete |  0
|  33|0x0000000708000000, 0x0000000708200000, 0x0000000708200000|100%|HC|  |TAMS 0x0000000708000000| PB 0x0000000708000000| Complete |  0
|  34|0x0000000708200000, 0x0000000708400000, 0x0000000708400000|100%|HC|  |TAMS 0x0000000708200000| PB 0x0000000708200000| Complete |  0
|  35|0x0000000708400000, 0x0000000708600000, 0x0000000708600000|100%|HC|  |TAMS 0x0000000708400000| PB 0x0000000708400000| Complete |  0
|  36|0x0000000708600000, 0x0000000708800000, 0x0000000708800000|100%|HC|  |TAMS 0x0000000708600000| PB 0x0000000708600000| Complete |  0
|  37|0x0000000708800000, 0x0000000708a00000, 0x0000000708a00000|100%|HC|  |TAMS 0x0000000708800000| PB 0x0000000708800000| Complete |  0
|  38|0x0000000708a00000, 0x0000000708c00000, 0x0000000708c00000|100%|HC|  |TAMS 0x0000000708a00000| PB 0x0000000708a00000| Complete |  0
|  39|0x0000000708c00000, 0x0000000708e00000, 0x0000000708e00000|100%|HC|  |TAMS 0x0000000708c00000| PB 0x0000000708c00000| Complete |  0
|  40|0x0000000708e00000, 0x0000000709000000, 0x0000000709000000|100%|HC|  |TAMS 0x0000000708e00000| PB 0x0000000708e00000| Complete |  0
|  41|0x0000000709000000, 0x0000000709200000, 0x0000000709200000|100%|HC|  |TAMS 0x0000000709000000| PB 0x0000000709000000| Complete |  0
|  42|0x0000000709200000, 0x0000000709400000, 0x0000000709400000|100%|HC|  |TAMS 0x0000000709200000| PB 0x0000000709200000| Complete |  0
|  43|0x0000000709400000, 0x0000000709600000, 0x0000000709600000|100%|HC|  |TAMS 0x0000000709400000| PB 0x0000000709400000| Complete |  0
|  44|0x0000000709600000, 0x0000000709800000, 0x0000000709800000|100%|HC|  |TAMS 0x0000000709600000| PB 0x0000000709600000| Complete |  0
|  45|0x0000000709800000, 0x0000000709a00000, 0x0000000709a00000|100%|HC|  |TAMS 0x0000000709800000| PB 0x0000000709800000| Complete |  0
|  46|0x0000000709a00000, 0x0000000709c00000, 0x0000000709c00000|100%|HC|  |TAMS 0x0000000709a00000| PB 0x0000000709a00000| Complete |  0
|  47|0x0000000709c00000, 0x0000000709e00000, 0x0000000709e00000|100%|HC|  |TAMS 0x0000000709c00000| PB 0x0000000709c00000| Complete |  0
|  48|0x0000000709e00000, 0x000000070a000000, 0x000000070a000000|100%|HC|  |TAMS 0x0000000709e00000| PB 0x0000000709e00000| Complete |  0
|  49|0x000000070a000000, 0x000000070a200000, 0x000000070a200000|100%|HC|  |TAMS 0x000000070a000000| PB 0x000000070a000000| Complete |  0
|  50|0x000000070a200000, 0x000000070a400000, 0x000000070a400000|100%|HC|  |TAMS 0x000000070a200000| PB 0x000000070a200000| Complete |  0
|  51|0x000000070a400000, 0x000000070a600000, 0x000000070a600000|100%|HC|  |TAMS 0x000000070a400000| PB 0x000000070a400000| Complete |  0
|  52|0x000000070a600000, 0x000000070a800000, 0x000000070a800000|100%|HC|  |TAMS 0x000000070a600000| PB 0x000000070a600000| Complete |  0
|  53|0x000000070a800000, 0x000000070aa00000, 0x000000070aa00000|100%|HC|  |TAMS 0x000000070a800000| PB 0x000000070a800000| Complete |  0
|  54|0x000000070aa00000, 0x000000070ac00000, 0x000000070ac00000|100%|HC|  |TAMS 0x000000070aa00000| PB 0x000000070aa00000| Complete |  0
|  55|0x000000070ac00000, 0x000000070ae00000, 0x000000070ae00000|100%|HC|  |TAMS 0x000000070ac00000| PB 0x000000070ac00000| Complete |  0
|  56|0x000000070ae00000, 0x000000070b000000, 0x000000070b000000|100%|HC|  |TAMS 0x000000070ae00000| PB 0x000000070ae00000| Complete |  0
|  57|0x000000070b000000, 0x000000070b200000, 0x000000070b200000|100%|HC|  |TAMS 0x000000070b000000| PB 0x000000070b000000| Complete |  0
|  58|0x000000070b200000, 0x000000070b400000, 0x000000070b400000|100%|HC|  |TAMS 0x000000070b200000| PB 0x000000070b200000| Complete |  0
|  59|0x000000070b400000, 0x000000070b600000, 0x000000070b600000|100%|HC|  |TAMS 0x000000070b400000| PB 0x000000070b400000| Complete |  0
|  60|0x000000070b600000, 0x000000070b800000, 0x000000070b800000|100%|HC|  |TAMS 0x000000070b600000| PB 0x000000070b600000| Complete |  0
|  61|0x000000070b800000, 0x000000070ba00000, 0x000000070ba00000|100%|HC|  |TAMS 0x000000070b800000| PB 0x000000070b800000| Complete |  0
|  62|0x000000070ba00000, 0x000000070bc00000, 0x000000070bc00000|100%|HC|  |TAMS 0x000000070ba00000| PB 0x000000070ba00000| Complete |  0
|  63|0x000000070bc00000, 0x000000070be00000, 0x000000070be00000|100%|HC|  |TAMS 0x000000070bc00000| PB 0x000000070bc00000| Complete |  0
|  64|0x000000070be00000, 0x000000070c000000, 0x000000070c000000|100%|HC|  |TAMS 0x000000070be00000| PB 0x000000070be00000| Complete |  0
|  65|0x000000070c000000, 0x000000070c200000, 0x000000070c200000|100%|HC|  |TAMS 0x000000070c000000| PB 0x000000070c000000| Complete |  0
|  66|0x000000070c200000, 0x000000070c400000, 0x000000070c400000|100%|HC|  |TAMS 0x000000070c200000| PB 0x000000070c200000| Complete |  0
|  67|0x000000070c400000, 0x000000070c600000, 0x000000070c600000|100%|HC|  |TAMS 0x000000070c400000| PB 0x000000070c400000| Complete |  0
|  68|0x000000070c600000, 0x000000070c800000, 0x000000070c800000|100%|HC|  |TAMS 0x000000070c600000| PB 0x000000070c600000| Complete |  0
|  69|0x000000070c800000, 0x000000070ca00000, 0x000000070ca00000|100%|HC|  |TAMS 0x000000070c800000| PB 0x000000070c800000| Complete |  0
|  70|0x000000070ca00000, 0x000000070cc00000, 0x000000070cc00000|100%|HC|  |TAMS 0x000000070ca00000| PB 0x000000070ca00000| Complete |  0
|  71|0x000000070cc00000, 0x000000070ce00000, 0x000000070ce00000|100%|HC|  |TAMS 0x000000070cc00000| PB 0x000000070cc00000| Complete |  0
|  72|0x000000070ce00000, 0x000000070d000000, 0x000000070d000000|100%|HS|  |TAMS 0x000000070ce00000| PB 0x000000070ce00000| Complete |  0
|  73|0x000000070d000000, 0x000000070d13c1c8, 0x000000070d200000| 61%| O|  |TAMS 0x000000070d000000| PB 0x000000070d000000| Untracked |  0
|  74|0x000000070d200000, 0x000000070d200000, 0x000000070d400000|  0%| F|  |TAMS 0x000000070d200000| PB 0x000000070d200000| Untracked |  0
|  75|0x000000070d400000, 0x000000070d400000, 0x000000070d600000|  0%| F|  |TAMS 0x000000070d400000| PB 0x000000070d400000| Untracked |  0
|  76|0x000000070d600000, 0x000000070d600000, 0x000000070d800000|  0%| F|  |TAMS 0x000000070d600000| PB 0x000000070d600000| Untracked |  0
|  77|0x000000070d800000, 0x000000070d800000, 0x000000070da00000|  0%| F|  |TAMS 0x000000070d800000| PB 0x000000070d800000| Untracked |  0
|  78|0x000000070da00000, 0x000000070da00000, 0x000000070dc00000|  0%| F|  |TAMS 0x000000070da00000| PB 0x000000070da00000| Untracked |  0
|  79|0x000000070dc00000, 0x000000070dc00000, 0x000000070de00000|  0%| F|  |TAMS 0x000000070dc00000| PB 0x000000070dc00000| Untracked |  0
|  80|0x000000070de00000, 0x000000070de00000, 0x000000070e000000|  0%| F|  |TAMS 0x000000070de00000| PB 0x000000070de00000| Untracked |  0
|  81|0x000000070e000000, 0x000000070e000000, 0x000000070e200000|  0%| F|  |TAMS 0x000000070e000000| PB 0x000000070e000000| Untracked |  0
|  82|0x000000070e200000, 0x000000070e200000, 0x000000070e400000|  0%| F|  |TAMS 0x000000070e200000| PB 0x000000070e200000| Untracked |  0
|  83|0x000000070e400000, 0x000000070e400000, 0x000000070e600000|  0%| F|  |TAMS 0x000000070e400000| PB 0x000000070e400000| Untracked |  0
|  84|0x000000070e600000, 0x000000070e600000, 0x000000070e800000|  0%| F|  |TAMS 0x000000070e600000| PB 0x000000070e600000| Untracked |  0
|  85|0x000000070e800000, 0x000000070e800000, 0x000000070ea00000|  0%| F|  |TAMS 0x000000070e800000| PB 0x000000070e800000| Untracked |  0
|  86|0x000000070ea00000, 0x000000070ea00000, 0x000000070ec00000|  0%| F|  |TAMS 0x000000070ea00000| PB 0x000000070ea00000| Untracked |  0
|  87|0x000000070ec00000, 0x000000070ec00000, 0x000000070ee00000|  0%| F|  |TAMS 0x000000070ec00000| PB 0x000000070ec00000| Untracked |  0
|  88|0x000000070ee00000, 0x000000070ee00000, 0x000000070f000000|  0%| F|  |TAMS 0x000000070ee00000| PB 0x000000070ee00000| Untracked |  0
|  89|0x000000070f000000, 0x000000070f000000, 0x000000070f200000|  0%| F|  |TAMS 0x000000070f000000| PB 0x000000070f000000| Untracked |  0
|  90|0x000000070f200000, 0x000000070f200000, 0x000000070f400000|  0%| F|  |TAMS 0x000000070f200000| PB 0x000000070f200000| Untracked |  0
|  91|0x000000070f400000, 0x000000070f400000, 0x000000070f600000|  0%| F|  |TAMS 0x000000070f400000| PB 0x000000070f400000| Untracked |  0
|  92|0x000000070f600000, 0x000000070f600000, 0x000000070f800000|  0%| F|  |TAMS 0x000000070f600000| PB 0x000000070f600000| Untracked |  0
|  93|0x000000070f800000, 0x000000070f800000, 0x000000070fa00000|  0%| F|  |TAMS 0x000000070f800000| PB 0x000000070f800000| Untracked |  0
|  94|0x000000070fa00000, 0x000000070fa00000, 0x000000070fc00000|  0%| F|  |TAMS 0x000000070fa00000| PB 0x000000070fa00000| Untracked |  0
|  95|0x000000070fc00000, 0x000000070fc00000, 0x000000070fe00000|  0%| F|  |TAMS 0x000000070fc00000| PB 0x000000070fc00000| Untracked |  0
|  96|0x000000070fe00000, 0x000000070fe00000, 0x0000000710000000|  0%| F|  |TAMS 0x000000070fe00000| PB 0x000000070fe00000| Untracked |  0
|  97|0x0000000710000000, 0x0000000710000000, 0x0000000710200000|  0%| F|  |TAMS 0x0000000710000000| PB 0x0000000710000000| Untracked |  0
|  98|0x0000000710200000, 0x0000000710200000, 0x0000000710400000|  0%| F|  |TAMS 0x0000000710200000| PB 0x0000000710200000| Untracked |  0
|  99|0x0000000710400000, 0x0000000710400000, 0x0000000710600000|  0%| F|  |TAMS 0x0000000710400000| PB 0x0000000710400000| Untracked |  0
| 100|0x0000000710600000, 0x0000000710600000, 0x0000000710800000|  0%| F|  |TAMS 0x0000000710600000| PB 0x0000000710600000| Untracked |  0
| 101|0x0000000710800000, 0x0000000710800000, 0x0000000710a00000|  0%| F|  |TAMS 0x0000000710800000| PB 0x0000000710800000| Untracked |  0
| 102|0x0000000710a00000, 0x0000000710a00000, 0x0000000710c00000|  0%| F|  |TAMS 0x0000000710a00000| PB 0x0000000710a00000| Untracked |  0
| 103|0x0000000710c00000, 0x0000000710c00000, 0x0000000710e00000|  0%| F|  |TAMS 0x0000000710c00000| PB 0x0000000710c00000| Untracked |  0
| 104|0x0000000710e00000, 0x0000000710e00000, 0x0000000711000000|  0%| F|  |TAMS 0x0000000710e00000| PB 0x0000000710e00000| Untracked |  0
| 105|0x0000000711000000, 0x0000000711000000, 0x0000000711200000|  0%| F|  |TAMS 0x0000000711000000| PB 0x0000000711000000| Untracked |  0
| 106|0x0000000711200000, 0x0000000711200000, 0x0000000711400000|  0%| F|  |TAMS 0x0000000711200000| PB 0x0000000711200000| Untracked |  0
| 107|0x0000000711400000, 0x0000000711400000, 0x0000000711600000|  0%| F|  |TAMS 0x0000000711400000| PB 0x0000000711400000| Untracked |  0
| 108|0x0000000711600000, 0x0000000711600000, 0x0000000711800000|  0%| F|  |TAMS 0x0000000711600000| PB 0x0000000711600000| Untracked |  0
| 109|0x0000000711800000, 0x0000000711800000, 0x0000000711a00000|  0%| F|  |TAMS 0x0000000711800000| PB 0x0000000711800000| Untracked |  0
| 110|0x0000000711a00000, 0x0000000711a00000, 0x0000000711c00000|  0%| F|  |TAMS 0x0000000711a00000| PB 0x0000000711a00000| Untracked |  0
| 111|0x0000000711c00000, 0x0000000711c00000, 0x0000000711e00000|  0%| F|  |TAMS 0x0000000711c00000| PB 0x0000000711c00000| Untracked |  0
| 112|0x0000000711e00000, 0x0000000711e00000, 0x0000000712000000|  0%| F|  |TAMS 0x0000000711e00000| PB 0x0000000711e00000| Untracked |  0
| 113|0x0000000712000000, 0x0000000712000000, 0x0000000712200000|  0%| F|  |TAMS 0x0000000712000000| PB 0x0000000712000000| Untracked |  0
| 114|0x0000000712200000, 0x0000000712200000, 0x0000000712400000|  0%| F|  |TAMS 0x0000000712200000| PB 0x0000000712200000| Untracked |  0
| 115|0x0000000712400000, 0x0000000712400000, 0x0000000712600000|  0%| F|  |TAMS 0x0000000712400000| PB 0x0000000712400000| Untracked |  0
| 116|0x0000000712600000, 0x0000000712600000, 0x0000000712800000|  0%| F|  |TAMS 0x0000000712600000| PB 0x0000000712600000| Untracked |  0
| 117|0x0000000712800000, 0x0000000712800000, 0x0000000712a00000|  0%| F|  |TAMS 0x0000000712800000| PB 0x0000000712800000| Untracked |  0
| 118|0x0000000712a00000, 0x0000000712a00000, 0x0000000712c00000|  0%| F|  |TAMS 0x0000000712a00000| PB 0x0000000712a00000| Untracked |  0
| 119|0x0000000712c00000, 0x0000000712c00000, 0x0000000712e00000|  0%| F|  |TAMS 0x0000000712c00000| PB 0x0000000712c00000| Untracked |  0
| 120|0x0000000712e00000, 0x0000000712e00000, 0x0000000713000000|  0%| F|  |TAMS 0x0000000712e00000| PB 0x0000000712e00000| Untracked |  0
| 121|0x0000000713000000, 0x0000000713000000, 0x0000000713200000|  0%| F|  |TAMS 0x0000000713000000| PB 0x0000000713000000| Untracked |  0
| 122|0x0000000713200000, 0x0000000713200000, 0x0000000713400000|  0%| F|  |TAMS 0x0000000713200000| PB 0x0000000713200000| Untracked |  0
| 123|0x0000000713400000, 0x0000000713400000, 0x0000000713600000|  0%| F|  |TAMS 0x0000000713400000| PB 0x0000000713400000| Untracked |  0
| 124|0x0000000713600000, 0x0000000713600000, 0x0000000713800000|  0%| F|  |TAMS 0x0000000713600000| PB 0x0000000713600000| Untracked |  0
| 125|0x0000000713800000, 0x00000007139d8b00, 0x0000000713a00000| 92%| S|CS|TAMS 0x0000000713800000| PB 0x0000000713800000| Complete |  0
| 126|0x0000000713a00000, 0x0000000713c00000, 0x0000000713c00000|100%| E|CS|TAMS 0x0000000713a00000| PB 0x0000000713a00000| Complete |  0
| 127|0x0000000713c00000, 0x0000000713e00000, 0x0000000713e00000|100%| S|CS|TAMS 0x0000000713c00000| PB 0x0000000713c00000| Complete |  0
| 128|0x0000000713e00000, 0x0000000714000000, 0x0000000714000000|100%|HS|  |TAMS 0x0000000713e00000| PB 0x0000000713e00000| Complete |  0
| 129|0x0000000714000000, 0x0000000714200000, 0x0000000714200000|100%|HC|  |TAMS 0x0000000714000000| PB 0x0000000714000000| Complete |  0
| 130|0x0000000714200000, 0x0000000714400000, 0x0000000714400000|100%|HC|  |TAMS 0x0000000714200000| PB 0x0000000714200000| Complete |  0
| 131|0x0000000714400000, 0x0000000714600000, 0x0000000714600000|100%|HC|  |TAMS 0x0000000714400000| PB 0x0000000714400000| Complete |  0
| 132|0x0000000714600000, 0x0000000714800000, 0x0000000714800000|100%|HC|  |TAMS 0x0000000714600000| PB 0x0000000714600000| Complete |  0
| 133|0x0000000714800000, 0x0000000714a00000, 0x0000000714a00000|100%|HC|  |TAMS 0x0000000714800000| PB 0x0000000714800000| Complete |  0
| 134|0x0000000714a00000, 0x0000000714c00000, 0x0000000714c00000|100%|HC|  |TAMS 0x0000000714a00000| PB 0x0000000714a00000| Complete |  0
| 135|0x0000000714c00000, 0x0000000714e00000, 0x0000000714e00000|100%|HC|  |TAMS 0x0000000714c00000| PB 0x0000000714c00000| Complete |  0
| 136|0x0000000714e00000, 0x0000000715000000, 0x0000000715000000|100%|HC|  |TAMS 0x0000000714e00000| PB 0x0000000714e00000| Complete |  0
| 137|0x0000000715000000, 0x0000000715200000, 0x0000000715200000|100%|HC|  |TAMS 0x0000000715000000| PB 0x0000000715000000| Complete |  0
| 138|0x0000000715200000, 0x0000000715400000, 0x0000000715400000|100%|HC|  |TAMS 0x0000000715200000| PB 0x0000000715200000| Complete |  0
| 139|0x0000000715400000, 0x0000000715600000, 0x0000000715600000|100%|HC|  |TAMS 0x0000000715400000| PB 0x0000000715400000| Complete |  0
| 140|0x0000000715600000, 0x0000000715800000, 0x0000000715800000|100%|HC|  |TAMS 0x0000000715600000| PB 0x0000000715600000| Complete |  0
| 141|0x0000000715800000, 0x0000000715a00000, 0x0000000715a00000|100%|HC|  |TAMS 0x0000000715800000| PB 0x0000000715800000| Complete |  0
| 142|0x0000000715a00000, 0x0000000715c00000, 0x0000000715c00000|100%|HC|  |TAMS 0x0000000715a00000| PB 0x0000000715a00000| Complete |  0
| 143|0x0000000715c00000, 0x0000000715e00000, 0x0000000715e00000|100%|HC|  |TAMS 0x0000000715c00000| PB 0x0000000715c00000| Complete |  0
| 144|0x0000000715e00000, 0x0000000716000000, 0x0000000716000000|100%|HC|  |TAMS 0x0000000715e00000| PB 0x0000000715e00000| Complete |  0
| 145|0x0000000716000000, 0x0000000716200000, 0x0000000716200000|100%|HC|  |TAMS 0x0000000716000000| PB 0x0000000716000000| Complete |  0
| 146|0x0000000716200000, 0x0000000716400000, 0x0000000716400000|100%|HC|  |TAMS 0x0000000716200000| PB 0x0000000716200000| Complete |  0
| 147|0x0000000716400000, 0x0000000716600000, 0x0000000716600000|100%|HC|  |TAMS 0x0000000716400000| PB 0x0000000716400000| Complete |  0
| 148|0x0000000716600000, 0x0000000716800000, 0x0000000716800000|100%|HC|  |TAMS 0x0000000716600000| PB 0x0000000716600000| Complete |  0
| 149|0x0000000716800000, 0x0000000716a00000, 0x0000000716a00000|100%|HC|  |TAMS 0x0000000716800000| PB 0x0000000716800000| Complete |  0
| 150|0x0000000716a00000, 0x0000000716c00000, 0x0000000716c00000|100%|HC|  |TAMS 0x0000000716a00000| PB 0x0000000716a00000| Complete |  0
| 151|0x0000000716c00000, 0x0000000716e00000, 0x0000000716e00000|100%|HC|  |TAMS 0x0000000716c00000| PB 0x0000000716c00000| Complete |  0
| 152|0x0000000716e00000, 0x0000000717000000, 0x0000000717000000|100%|HC|  |TAMS 0x0000000716e00000| PB 0x0000000716e00000| Complete |  0
| 153|0x0000000717000000, 0x0000000717200000, 0x0000000717200000|100%|HC|  |TAMS 0x0000000717000000| PB 0x0000000717000000| Complete |  0
| 154|0x0000000717200000, 0x0000000717400000, 0x0000000717400000|100%|HC|  |TAMS 0x0000000717200000| PB 0x0000000717200000| Complete |  0
| 155|0x0000000717400000, 0x0000000717600000, 0x0000000717600000|100%|HC|  |TAMS 0x0000000717400000| PB 0x0000000717400000| Complete |  0
| 156|0x0000000717600000, 0x0000000717800000, 0x0000000717800000|100%|HC|  |TAMS 0x0000000717600000| PB 0x0000000717600000| Complete |  0
| 157|0x0000000717800000, 0x0000000717a00000, 0x0000000717a00000|100%|HC|  |TAMS 0x0000000717800000| PB 0x0000000717800000| Complete |  0
| 158|0x0000000717a00000, 0x0000000717c00000, 0x0000000717c00000|100%|HC|  |TAMS 0x0000000717a00000| PB 0x0000000717a00000| Complete |  0
| 159|0x0000000717c00000, 0x0000000717e00000, 0x0000000717e00000|100%|HC|  |TAMS 0x0000000717c00000| PB 0x0000000717c00000| Complete |  0
| 160|0x0000000717e00000, 0x0000000718000000, 0x0000000718000000|100%|HC|  |TAMS 0x0000000717e00000| PB 0x0000000717e00000| Complete |  0
| 161|0x0000000718000000, 0x0000000718200000, 0x0000000718200000|100%|HC|  |TAMS 0x0000000718000000| PB 0x0000000718000000| Complete |  0
| 162|0x0000000718200000, 0x0000000718400000, 0x0000000718400000|100%|HC|  |TAMS 0x0000000718200000| PB 0x0000000718200000| Complete |  0
| 163|0x0000000718400000, 0x0000000718600000, 0x0000000718600000|100%|HC|  |TAMS 0x0000000718400000| PB 0x0000000718400000| Complete |  0
| 164|0x0000000718600000, 0x0000000718800000, 0x0000000718800000|100%|HC|  |TAMS 0x0000000718600000| PB 0x0000000718600000| Complete |  0
| 165|0x0000000718800000, 0x0000000718a00000, 0x0000000718a00000|100%|HC|  |TAMS 0x0000000718800000| PB 0x0000000718800000| Complete |  0
| 166|0x0000000718a00000, 0x0000000718c00000, 0x0000000718c00000|100%|HC|  |TAMS 0x0000000718a00000| PB 0x0000000718a00000| Complete |  0
| 167|0x0000000718c00000, 0x0000000718e00000, 0x0000000718e00000|100%|HC|  |TAMS 0x0000000718c00000| PB 0x0000000718c00000| Complete |  0
| 168|0x0000000718e00000, 0x0000000719000000, 0x0000000719000000|100%|HC|  |TAMS 0x0000000718e00000| PB 0x0000000718e00000| Complete |  0
| 169|0x0000000719000000, 0x0000000719200000, 0x0000000719200000|100%|HC|  |TAMS 0x0000000719000000| PB 0x0000000719000000| Complete |  0
| 170|0x0000000719200000, 0x0000000719400000, 0x0000000719400000|100%|HC|  |TAMS 0x0000000719200000| PB 0x0000000719200000| Complete |  0
| 171|0x0000000719400000, 0x0000000719600000, 0x0000000719600000|100%|HC|  |TAMS 0x0000000719400000| PB 0x0000000719400000| Complete |  0
| 172|0x0000000719600000, 0x0000000719800000, 0x0000000719800000|100%|HC|  |TAMS 0x0000000719600000| PB 0x0000000719600000| Complete |  0
| 173|0x0000000719800000, 0x0000000719a00000, 0x0000000719a00000|100%|HC|  |TAMS 0x0000000719800000| PB 0x0000000719800000| Complete |  0
| 174|0x0000000719a00000, 0x0000000719c00000, 0x0000000719c00000|100%|HC|  |TAMS 0x0000000719a00000| PB 0x0000000719a00000| Complete |  0
| 175|0x0000000719c00000, 0x0000000719e00000, 0x0000000719e00000|100%|HC|  |TAMS 0x0000000719c00000| PB 0x0000000719c00000| Complete |  0
| 176|0x0000000719e00000, 0x000000071a000000, 0x000000071a000000|100%|HC|  |TAMS 0x0000000719e00000| PB 0x0000000719e00000| Complete |  0
| 177|0x000000071a000000, 0x000000071a200000, 0x000000071a200000|100%|HC|  |TAMS 0x000000071a000000| PB 0x000000071a000000| Complete |  0
| 178|0x000000071a200000, 0x000000071a400000, 0x000000071a400000|100%|HC|  |TAMS 0x000000071a200000| PB 0x000000071a200000| Complete |  0
| 179|0x000000071a400000, 0x000000071a600000, 0x000000071a600000|100%|HC|  |TAMS 0x000000071a400000| PB 0x000000071a400000| Complete |  0
| 180|0x000000071a600000, 0x000000071a800000, 0x000000071a800000|100%|HC|  |TAMS 0x000000071a600000| PB 0x000000071a600000| Complete |  0
| 181|0x000000071a800000, 0x000000071aa00000, 0x000000071aa00000|100%|HC|  |TAMS 0x000000071a800000| PB 0x000000071a800000| Complete |  0
| 182|0x000000071aa00000, 0x000000071ac00000, 0x000000071ac00000|100%|HC|  |TAMS 0x000000071aa00000| PB 0x000000071aa00000| Complete |  0
| 183|0x000000071ac00000, 0x000000071ae00000, 0x000000071ae00000|100%|HC|  |TAMS 0x000000071ac00000| PB 0x000000071ac00000| Complete |  0
| 184|0x000000071ae00000, 0x000000071b000000, 0x000000071b000000|100%|HC|  |TAMS 0x000000071ae00000| PB 0x000000071ae00000| Complete |  0
| 185|0x000000071b000000, 0x000000071b200000, 0x000000071b200000|100%|HC|  |TAMS 0x000000071b000000| PB 0x000000071b000000| Complete |  0
| 186|0x000000071b200000, 0x000000071b400000, 0x000000071b400000|100%|HC|  |TAMS 0x000000071b200000| PB 0x000000071b200000| Complete |  0
| 187|0x000000071b400000, 0x000000071b600000, 0x000000071b600000|100%|HC|  |TAMS 0x000000071b400000| PB 0x000000071b400000| Complete |  0
| 188|0x000000071b600000, 0x000000071b800000, 0x000000071b800000|100%|HC|  |TAMS 0x000000071b600000| PB 0x000000071b600000| Complete |  0
| 189|0x000000071b800000, 0x000000071ba00000, 0x000000071ba00000|100%|HC|  |TAMS 0x000000071b800000| PB 0x000000071b800000| Complete |  0
| 190|0x000000071ba00000, 0x000000071bc00000, 0x000000071bc00000|100%|HC|  |TAMS 0x000000071ba00000| PB 0x000000071ba00000| Complete |  0
| 191|0x000000071bc00000, 0x000000071be00000, 0x000000071be00000|100%|HC|  |TAMS 0x000000071bc00000| PB 0x000000071bc00000| Complete |  0
| 192|0x000000071be00000, 0x000000071c000000, 0x000000071c000000|100%|HC|  |TAMS 0x000000071be00000| PB 0x000000071be00000| Complete |  0
| 193|0x000000071c000000, 0x000000071c200000, 0x000000071c200000|100%|HC|  |TAMS 0x000000071c000000| PB 0x000000071c000000| Complete |  0
| 194|0x000000071c200000, 0x000000071c400000, 0x000000071c400000|100%|HC|  |TAMS 0x000000071c200000| PB 0x000000071c200000| Complete |  0
| 195|0x000000071c400000, 0x000000071c600000, 0x000000071c600000|100%|HC|  |TAMS 0x000000071c400000| PB 0x000000071c400000| Complete |  0
| 196|0x000000071c600000, 0x000000071c800000, 0x000000071c800000|100%|HC|  |TAMS 0x000000071c600000| PB 0x000000071c600000| Complete |  0
| 197|0x000000071c800000, 0x000000071ca00000, 0x000000071ca00000|100%|HC|  |TAMS 0x000000071c800000| PB 0x000000071c800000| Complete |  0
| 198|0x000000071ca00000, 0x000000071ca00000, 0x000000071cc00000|  0%| F|  |TAMS 0x000000071ca00000| PB 0x000000071ca00000| Untracked |  0
| 199|0x000000071cc00000, 0x000000071cc00000, 0x000000071ce00000|  0%| F|  |TAMS 0x000000071cc00000| PB 0x000000071cc00000| Untracked |  0
| 200|0x000000071ce00000, 0x000000071ce00000, 0x000000071d000000|  0%| F|  |TAMS 0x000000071ce00000| PB 0x000000071ce00000| Untracked |  0
| 201|0x000000071d000000, 0x000000071d000000, 0x000000071d200000|  0%| F|  |TAMS 0x000000071d000000| PB 0x000000071d000000| Untracked |  0
| 202|0x000000071d200000, 0x000000071d200000, 0x000000071d400000|  0%| F|  |TAMS 0x000000071d200000| PB 0x000000071d200000| Untracked |  0
| 203|0x000000071d400000, 0x000000071d400000, 0x000000071d600000|  0%| F|  |TAMS 0x000000071d400000| PB 0x000000071d400000| Untracked |  0
| 204|0x000000071d600000, 0x000000071d600000, 0x000000071d800000|  0%| F|  |TAMS 0x000000071d600000| PB 0x000000071d600000| Untracked |  0
| 205|0x000000071d800000, 0x000000071d800000, 0x000000071da00000|  0%| F|  |TAMS 0x000000071d800000| PB 0x000000071d800000| Untracked |  0
| 206|0x000000071da00000, 0x000000071da00000, 0x000000071dc00000|  0%| F|  |TAMS 0x000000071da00000| PB 0x000000071da00000| Untracked |  0
| 207|0x000000071dc00000, 0x000000071dc00000, 0x000000071de00000|  0%| F|  |TAMS 0x000000071dc00000| PB 0x000000071dc00000| Untracked |  0
| 208|0x000000071de00000, 0x000000071de00000, 0x000000071e000000|  0%| F|  |TAMS 0x000000071de00000| PB 0x000000071de00000| Untracked |  0
| 209|0x000000071e000000, 0x000000071e000000, 0x000000071e200000|  0%| F|  |TAMS 0x000000071e000000| PB 0x000000071e000000| Untracked |  0
| 210|0x000000071e200000, 0x000000071e200000, 0x000000071e400000|  0%| F|  |TAMS 0x000000071e200000| PB 0x000000071e200000| Untracked |  0
| 211|0x000000071e400000, 0x000000071e400000, 0x000000071e600000|  0%| F|  |TAMS 0x000000071e400000| PB 0x000000071e400000| Untracked |  0
| 212|0x000000071e600000, 0x000000071e600000, 0x000000071e800000|  0%| F|  |TAMS 0x000000071e600000| PB 0x000000071e600000| Untracked |  0
| 213|0x000000071e800000, 0x000000071e800000, 0x000000071ea00000|  0%| F|  |TAMS 0x000000071e800000| PB 0x000000071e800000| Untracked |  0
| 214|0x000000071ea00000, 0x000000071ea00000, 0x000000071ec00000|  0%| F|  |TAMS 0x000000071ea00000| PB 0x000000071ea00000| Untracked |  0
| 215|0x000000071ec00000, 0x000000071ec00000, 0x000000071ee00000|  0%| F|  |TAMS 0x000000071ec00000| PB 0x000000071ec00000| Untracked |  0
| 216|0x000000071ee00000, 0x000000071ee00000, 0x000000071f000000|  0%| F|  |TAMS 0x000000071ee00000| PB 0x000000071ee00000| Untracked |  0
| 217|0x000000071f000000, 0x000000071f000000, 0x000000071f200000|  0%| F|  |TAMS 0x000000071f000000| PB 0x000000071f000000| Untracked |  0
| 218|0x000000071f200000, 0x000000071f200000, 0x000000071f400000|  0%| F|  |TAMS 0x000000071f200000| PB 0x000000071f200000| Untracked |  0
| 219|0x000000071f400000, 0x000000071f400000, 0x000000071f600000|  0%| F|  |TAMS 0x000000071f400000| PB 0x000000071f400000| Untracked |  0
| 220|0x000000071f600000, 0x000000071f600000, 0x000000071f800000|  0%| F|  |TAMS 0x000000071f600000| PB 0x000000071f600000| Untracked |  0
| 221|0x000000071f800000, 0x000000071f800000, 0x000000071fa00000|  0%| F|  |TAMS 0x000000071f800000| PB 0x000000071f800000| Untracked |  0
| 222|0x000000071fa00000, 0x000000071fa00000, 0x000000071fc00000|  0%| F|  |TAMS 0x000000071fa00000| PB 0x000000071fa00000| Untracked |  0
| 223|0x000000071fc00000, 0x000000071fc00000, 0x000000071fe00000|  0%| F|  |TAMS 0x000000071fc00000| PB 0x000000071fc00000| Untracked |  0
| 224|0x000000071fe00000, 0x000000071fe00000, 0x0000000720000000|  0%| F|  |TAMS 0x000000071fe00000| PB 0x000000071fe00000| Untracked |  0
| 225|0x0000000720000000, 0x0000000720000000, 0x0000000720200000|  0%| F|  |TAMS 0x0000000720000000| PB 0x0000000720000000| Untracked |  0
| 226|0x0000000720200000, 0x0000000720200000, 0x0000000720400000|  0%| F|  |TAMS 0x0000000720200000| PB 0x0000000720200000| Untracked |  0
| 227|0x0000000720400000, 0x0000000720400000, 0x0000000720600000|  0%| F|  |TAMS 0x0000000720400000| PB 0x0000000720400000| Untracked |  0
| 228|0x0000000720600000, 0x0000000720600000, 0x0000000720800000|  0%| F|  |TAMS 0x0000000720600000| PB 0x0000000720600000| Untracked |  0
| 229|0x0000000720800000, 0x0000000720800000, 0x0000000720a00000|  0%| F|  |TAMS 0x0000000720800000| PB 0x0000000720800000| Untracked |  0
| 230|0x0000000720a00000, 0x0000000720a00000, 0x0000000720c00000|  0%| F|  |TAMS 0x0000000720a00000| PB 0x0000000720a00000| Untracked |  0
| 231|0x0000000720c00000, 0x0000000720c00000, 0x0000000720e00000|  0%| F|  |TAMS 0x0000000720c00000| PB 0x0000000720c00000| Untracked |  0
| 232|0x0000000720e00000, 0x0000000720e00000, 0x0000000721000000|  0%| F|  |TAMS 0x0000000720e00000| PB 0x0000000720e00000| Untracked |  0
| 233|0x0000000721000000, 0x0000000721000000, 0x0000000721200000|  0%| F|  |TAMS 0x0000000721000000| PB 0x0000000721000000| Untracked |  0
| 234|0x0000000721200000, 0x0000000721200000, 0x0000000721400000|  0%| F|  |TAMS 0x0000000721200000| PB 0x0000000721200000| Untracked |  0
| 235|0x0000000721400000, 0x0000000721400000, 0x0000000721600000|  0%| F|  |TAMS 0x0000000721400000| PB 0x0000000721400000| Untracked |  0
| 236|0x0000000721600000, 0x0000000721600000, 0x0000000721800000|  0%| F|  |TAMS 0x0000000721600000| PB 0x0000000721600000| Untracked |  0
| 237|0x0000000721800000, 0x0000000721800000, 0x0000000721a00000|  0%| F|  |TAMS 0x0000000721800000| PB 0x0000000721800000| Untracked |  0
| 238|0x0000000721a00000, 0x0000000721a00000, 0x0000000721c00000|  0%| F|  |TAMS 0x0000000721a00000| PB 0x0000000721a00000| Untracked |  0
| 239|0x0000000721c00000, 0x0000000721c00000, 0x0000000721e00000|  0%| F|  |TAMS 0x0000000721c00000| PB 0x0000000721c00000| Untracked |  0
| 240|0x0000000721e00000, 0x0000000721e00000, 0x0000000722000000|  0%| F|  |TAMS 0x0000000721e00000| PB 0x0000000721e00000| Untracked |  0
| 241|0x0000000722000000, 0x0000000722000000, 0x0000000722200000|  0%| F|  |TAMS 0x0000000722000000| PB 0x0000000722000000| Untracked |  0
| 242|0x0000000722200000, 0x0000000722200000, 0x0000000722400000|  0%| F|  |TAMS 0x0000000722200000| PB 0x0000000722200000| Untracked |  0
| 243|0x0000000722400000, 0x0000000722600000, 0x0000000722600000|100%| E|  |TAMS 0x0000000722400000| PB 0x0000000722400000| Complete |  0

Card table byte_map: [0x000002e1490e0000,0x000002e1498d0000] _byte_map_base: 0x000002e1458c1000

Marking Bits: (CMBitMap*) 0x000002e130ef5400
 Bits: [0x000002e1498d0000, 0x000002e14d7d8000)

Polling page: 0x000002e12ece0000

Metaspace:

Usage:
  Non-class:     13.51 MB used.
      Class:      2.44 MB used.
       Both:     15.96 MB used.

Virtual space:
  Non-class space:       64.00 MB reserved,      13.69 MB ( 21%) committed,  1 nodes.
      Class space:        1.00 GB reserved,       2.56 MB ( <1%) committed,  1 nodes.
             Both:        1.06 GB reserved,      16.25 MB (  1%) committed. 

Chunk freelists:
   Non-Class:  1.77 MB
       Class:  13.45 MB
        Both:  15.21 MB

MaxMetaspaceSize: unlimited
CompressedClassSpaceSize: 1.00 GB
Initial GC threshold: 21.00 MB
Current GC threshold: 26.56 MB
CDS: on
 - commit_granule_bytes: 65536.
 - commit_granule_words: 8192.
 - virtual_space_node_default_size: 8388608.
 - enlarge_chunks_in_place: 1.
 - use_allocation_guard: 0.


Internal statistics:

num_allocs_failed_limit: 0.
num_arena_births: 310.
num_arena_deaths: 0.
num_vsnodes_births: 2.
num_vsnodes_deaths: 0.
num_space_committed: 260.
num_space_uncommitted: 0.
num_chunks_returned_to_freelist: 0.
num_chunks_taken_from_freelist: 802.
num_chunk_merges: 0.
num_chunk_splits: 568.
num_chunks_enlarged: 425.
num_inconsistent_stats: 0.

CodeHeap 'non-profiled nmethods': size=120064Kb used=1055Kb max_used=1055Kb free=119008Kb
 bounds [0x000002e141080000, 0x000002e1412f0000, 0x000002e1485c0000]
CodeHeap 'profiled nmethods': size=120000Kb used=3895Kb max_used=3895Kb free=116104Kb
 bounds [0x000002e1395c0000, 0x000002e139990000, 0x000002e140af0000]
CodeHeap 'non-nmethods': size=5696Kb used=1959Kb max_used=1995Kb free=3737Kb
 bounds [0x000002e140af0000, 0x000002e140d60000, 0x000002e141080000]
CodeCache: size=245760Kb, used=6909Kb, max_used=6945Kb, free=238849Kb
 total_blobs=3646, nmethods=2835, adapters=716, full_count=0
Compilation: enabled, stopped_count=0, restarted_count=0

Compilation events (20 events):
Event: 7.613 Thread 0x000002e15023aed0 nmethod 3035 0x000002e13998bd88 code [0x000002e13998bec0, 0x000002e13998bfb8]
Event: 7.614 Thread 0x000002e15023aed0 3036       3       com.sun.prism.d3d.D3DTexture::getNativeSourceHandle (17 bytes)
Event: 7.614 Thread 0x000002e15023aed0 nmethod 3036 0x000002e13998c088 code [0x000002e13998c1e0, 0x000002e13998c720]
Event: 7.614 Thread 0x000002e15023aed0 3037       3       com.sun.prism.impl.BaseContext::flushVertexBuffer (16 bytes)
Event: 7.614 Thread 0x000002e15023aed0 nmethod 3037 0x000002e13998c788 code [0x000002e13998c8e0, 0x000002e13998cda8]
Event: 7.614 Thread 0x000002e15023aed0 3038       3       com.sun.prism.impl.VertexBuffer::flush (32 bytes)
Event: 7.614 Thread 0x000002e15023aed0 nmethod 3038 0x000002e13998ce08 code [0x000002e13998cf40, 0x000002e13998d228]
Event: 7.614 Thread 0x000002e15023aed0 3039       1       com.sun.javafx.sg.prism.NGNode::getOpacity (5 bytes)
Event: 7.614 Thread 0x000002e15023aed0 nmethod 3039 0x000002e141186e08 code [0x000002e141186f20, 0x000002e141186fe8]
Event: 7.614 Thread 0x000002e15023aed0 3040       1       com.sun.prism.impl.BaseGraphics::setState3D (6 bytes)
Event: 7.614 Thread 0x000002e15023aed0 nmethod 3040 0x000002e141187108 code [0x000002e141187220, 0x000002e1411872f0]
Event: 7.614 Thread 0x000002e15023aed0 3041       1       com.sun.prism.impl.BaseGraphics::hasPreCullingBits (5 bytes)
Event: 7.614 Thread 0x000002e15023aed0 nmethod 3041 0x000002e141187408 code [0x000002e141187520, 0x000002e1411875f0]
Event: 7.615 Thread 0x000002e15023aed0 3043       3       com.sun.javafx.geom.Path2D::needRoom (94 bytes)
Event: 7.615 Thread 0x000002e15023aed0 nmethod 3043 0x000002e13998d288 code [0x000002e13998d400, 0x000002e13998d970]
Event: 7.615 Thread 0x000002e15023aed0 3044       1       com.sun.prism.impl.BaseGraphics::getCompositeMode (5 bytes)
Event: 7.615 Thread 0x000002e15023aed0 nmethod 3044 0x000002e141187a88 code [0x000002e141187ba0, 0x000002e141187c70]
Event: 7.616 Thread 0x000002e15023aed0 3045       3       com.sun.javafx.geom.RectBounds::getHeight (10 bytes)
Event: 7.616 Thread 0x000002e15023aed0 nmethod 3045 0x000002e13998d988 code [0x000002e13998daa0, 0x000002e13998dbb8]
Event: 7.616 Thread 0x000002e15023aed0 3046       3       com.sun.javafx.font.CompositeStrike::getStrikeSlot (163 bytes)

GC Heap History (8 events):
Event: 0.397 GC heap before
{Heap before GC invocations=0 (full 0):
 garbage-first heap   total reserved 4130816K, committed 260096K, used 22527K [0x0000000703e00000, 0x0000000800000000)
  region size 2048K, 12 young (24576K), 0 survivors (0K)
 Metaspace       used 4333K, committed 4480K, reserved 1114112K
  class space    used 515K, committed 576K, reserved 1048576K
}
Event: 0.400 GC heap after
{Heap after GC invocations=1 (full 0):
 garbage-first heap   total reserved 4130816K, committed 260096K, used 2602K [0x0000000703e00000, 0x0000000800000000)
  region size 2048K, 2 young (4096K), 2 survivors (4096K)
 Metaspace       used 4333K, committed 4480K, reserved 1114112K
  class space    used 515K, committed 576K, reserved 1048576K
}
Event: 0.612 GC heap before
{Heap before GC invocations=1 (full 0):
 garbage-first heap   total reserved 4130816K, committed 260096K, used 21034K [0x0000000703e00000, 0x0000000800000000)
  region size 2048K, 13 young (26624K), 2 survivors (4096K)
 Metaspace       used 7816K, committed 8064K, reserved 1114112K
  class space    used 968K, committed 1088K, reserved 1048576K
}
Event: 0.615 GC heap after
{Heap after GC invocations=2 (full 0):
 garbage-first heap   total reserved 4130816K, committed 260096K, used 5411K [0x0000000703e00000, 0x0000000800000000)
  region size 2048K, 2 young (4096K), 2 survivors (4096K)
 Metaspace       used 7816K, committed 8064K, reserved 1114112K
  class space    used 968K, committed 1088K, reserved 1048576K
}
Event: 1.518 GC heap before
{Heap before GC invocations=2 (full 0):
 garbage-first heap   total reserved 4130816K, committed 260096K, used 185635K [0x0000000703e00000, 0x0000000800000000)
  region size 2048K, 22 young (45056K), 2 survivors (4096K)
 Metaspace       used 15752K, committed 16064K, reserved 1114112K
  class space    used 2463K, committed 2624K, reserved 1048576K
}
Event: 1.523 GC heap after
{Heap after GC invocations=3 (full 0):
 garbage-first heap   total reserved 4130816K, committed 260096K, used 152130K [0x0000000703e00000, 0x0000000800000000)
  region size 2048K, 4 young (8192K), 4 survivors (8192K)
 Metaspace       used 15752K, committed 16064K, reserved 1114112K
  class space    used 2463K, committed 2624K, reserved 1048576K
}
Event: 2.664 GC heap before
{Heap before GC invocations=4 (full 0):
 garbage-first heap   total reserved 4130816K, committed 264192K, used 156226K [0x0000000703e00000, 0x0000000800000000)
  region size 2048K, 6 young (12288K), 4 survivors (8192K)
 Metaspace       used 16051K, committed 16320K, reserved 1114112K
  class space    used 2495K, committed 2624K, reserved 1048576K
}
Event: 2.667 GC heap after
{Heap after GC invocations=5 (full 0):
 garbage-first heap   total reserved 4130816K, committed 264192K, used 154707K [0x0000000703e00000, 0x0000000800000000)
  region size 2048K, 2 young (4096K), 2 survivors (4096K)
 Metaspace       used 16051K, committed 16320K, reserved 1114112K
  class space    used 2495K, committed 2624K, reserved 1048576K
}

Dll operation events (20 events):
Event: 0.236 Loaded shared library C:\Users\malek\.openjfx\cache\23.0.1+4\amd64\api-ms-win-crt-locale-l1-1-0.dll
Event: 0.238 Loaded shared library C:\Users\malek\.openjfx\cache\23.0.1+4\amd64\api-ms-win-crt-math-l1-1-0.dll
Event: 0.240 Loaded shared library C:\Users\malek\.openjfx\cache\23.0.1+4\amd64\api-ms-win-crt-multibyte-l1-1-0.dll
Event: 0.242 Loaded shared library C:\Users\malek\.openjfx\cache\23.0.1+4\amd64\api-ms-win-crt-private-l1-1-0.dll
Event: 0.244 Loaded shared library C:\Users\malek\.openjfx\cache\23.0.1+4\amd64\api-ms-win-crt-process-l1-1-0.dll
Event: 0.245 Loaded shared library C:\Users\malek\.openjfx\cache\23.0.1+4\amd64\api-ms-win-crt-runtime-l1-1-0.dll
Event: 0.247 Loaded shared library C:\Users\malek\.openjfx\cache\23.0.1+4\amd64\api-ms-win-crt-stdio-l1-1-0.dll
Event: 0.248 Loaded shared library C:\Users\malek\.openjfx\cache\23.0.1+4\amd64\api-ms-win-crt-string-l1-1-0.dll
Event: 0.250 Loaded shared library C:\Users\malek\.openjfx\cache\23.0.1+4\amd64\api-ms-win-crt-time-l1-1-0.dll
Event: 0.251 Loaded shared library C:\Users\malek\.openjfx\cache\23.0.1+4\amd64\api-ms-win-crt-utility-l1-1-0.dll
Event: 0.261 Loaded shared library C:\Users\malek\.openjfx\cache\23.0.1+4\amd64\ucrtbase.dll
Event: 0.263 Loaded shared library C:\Users\malek\.openjfx\cache\23.0.1+4\amd64\vcruntime140.dll
Event: 0.265 Loaded shared library C:\Users\malek\.openjfx\cache\23.0.1+4\amd64\vcruntime140_1.dll
Event: 0.271 Loaded shared library C:\Users\malek\.openjfx\cache\23.0.1+4\amd64\msvcp140.dll
Event: 0.272 Loaded shared library C:\Users\malek\.openjfx\cache\23.0.1+4\amd64\msvcp140_1.dll
Event: 0.276 Loaded shared library C:\Users\malek\.openjfx\cache\23.0.1+4\amd64\msvcp140_2.dll
Event: 0.302 Loaded shared library C:\Users\malek\.openjfx\cache\23.0.1+4\amd64\prism_d3d.dll
Event: 0.327 Loaded shared library C:\Users\malek\.openjfx\cache\23.0.1+4\amd64\glass.dll
Event: 0.393 Loaded shared library C:\Program Files\Java\jdk-23\bin\jimage.dll
Event: 1.032 Loaded shared library C:\Users\malek\.openjfx\cache\23.0.1+4\amd64\javafx_font.dll

Deoptimization events (20 events):
Event: 1.765 Thread 0x000002e150c96df0 DEOPT PACKING pc=0x000002e141093b44 sp=0x000000f478efca10
Event: 1.765 Thread 0x000002e150c96df0 DEOPT UNPACKING pc=0x000002e140b47982 sp=0x000000f478efc968 mode 2
Event: 2.664 Thread 0x000002e150c96df0 Uncommon trap: trap_request=0xffffff45 fr.pc=0x000002e14111bae0 relative=0x0000000000000340
Event: 2.664 Thread 0x000002e150c96df0 Uncommon trap: reason=unstable_if action=reinterpret pc=0x000002e14111bae0 method=java.io.ByteArrayInputStream.read([BII)I @ 16 c2
Event: 2.664 Thread 0x000002e150c96df0 DEOPT PACKING pc=0x000002e14111bae0 sp=0x000000f478efc480
Event: 2.664 Thread 0x000002e150c96df0 DEOPT UNPACKING pc=0x000002e140b47982 sp=0x000000f478efc420 mode 2
Event: 2.909 Thread 0x000002e150c96df0 DEOPT PACKING pc=0x000002e1397ce5cd sp=0x000000f478efc730
Event: 2.909 Thread 0x000002e150c96df0 DEOPT UNPACKING pc=0x000002e140b484c2 sp=0x000000f478efbbc0 mode 0
Event: 2.914 Thread 0x000002e150c96df0 Uncommon trap: trap_request=0xffffff45 fr.pc=0x000002e1410b7444 relative=0x0000000000000224
Event: 2.914 Thread 0x000002e150c96df0 Uncommon trap: reason=unstable_if action=reinterpret pc=0x000002e1410b7444 method=com.sun.javafx.image.impl.ByteBgra$ToByteBgraPreConv.doConvert([BII[BIIII)V @ 80 c2
Event: 2.914 Thread 0x000002e150c96df0 DEOPT PACKING pc=0x000002e1410b7444 sp=0x000000f478efc700
Event: 2.914 Thread 0x000002e150c96df0 DEOPT UNPACKING pc=0x000002e140b47982 sp=0x000000f478efc6c8 mode 2
Event: 2.917 Thread 0x000002e150c96df0 DEOPT PACKING pc=0x000002e139720623 sp=0x000000f478efc6e0
Event: 2.917 Thread 0x000002e150c96df0 DEOPT UNPACKING pc=0x000002e140b484c2 sp=0x000000f478efbbc0 mode 0
Event: 3.014 Thread 0x000002e150c96df0 DEOPT PACKING pc=0x000002e1397cf267 sp=0x000000f478efc730
Event: 3.014 Thread 0x000002e150c96df0 DEOPT UNPACKING pc=0x000002e140b484c2 sp=0x000000f478efbbc0 mode 0
Event: 3.015 Thread 0x000002e150c96df0 Uncommon trap: trap_request=0xffffff6e fr.pc=0x000002e14116e8b4 relative=0x0000000000001854
Event: 3.015 Thread 0x000002e150c96df0 Uncommon trap: reason=loop_limit_check action=maybe_recompile pc=0x000002e14116e8b4 method=com.sun.javafx.image.impl.BaseByteToByteConverter$FourByteReorderer.doConvert([BII[BIIII)V @ 27 c2
Event: 3.015 Thread 0x000002e150c96df0 DEOPT PACKING pc=0x000002e14116e8b4 sp=0x000000f478efc6d0
Event: 3.015 Thread 0x000002e150c96df0 DEOPT UNPACKING pc=0x000002e140b47982 sp=0x000000f478efc6d0 mode 2

Classes loaded (20 events):
Event: 1.765 Loading class sun/util/resources/BreakIteratorResourceBundle done
Event: 1.765 Loading class sun/text/resources/BreakIteratorResources done
Event: 1.765 Loading class sun/util/resources/Bundles$2
Event: 1.765 Loading class sun/util/resources/Bundles$2 done
Event: 1.765 Loading class sun/text/RuleBasedBreakIterator
Event: 1.765 Loading class sun/text/RuleBasedBreakIterator done
Event: 1.766 Loading class sun/text/CompactByteArray
Event: 1.766 Loading class sun/text/CompactByteArray done
Event: 1.766 Loading class sun/text/SupplementaryCharacterData
Event: 1.766 Loading class sun/text/SupplementaryCharacterData done
Event: 1.766 Loading class java/text/BreakIterator$BreakIteratorCache
Event: 1.766 Loading class java/text/BreakIterator$BreakIteratorCache done
Event: 1.766 Loading class java/text/StringCharacterIterator
Event: 1.766 Loading class java/text/StringCharacterIterator done
Event: 2.517 Loading class java/io/UnsupportedEncodingException
Event: 2.517 Loading class java/io/UnsupportedEncodingException done
Event: 3.140 Loading class java/lang/Throwable$WrappedPrintStream
Event: 3.140 Loading class java/lang/Throwable$PrintStreamOrWriter
Event: 3.140 Loading class java/lang/Throwable$PrintStreamOrWriter done
Event: 3.140 Loading class java/lang/Throwable$WrappedPrintStream done

Classes unloaded (0 events):
No events

Classes redefined (0 events):
No events

Internal exceptions (20 events):
Event: 1.127 Thread 0x000002e150c96df0 Exception <a 'java/lang/NoSuchMethodError'{0x00000007131a9358}: 'int java.lang.invoke.DirectMethodHandle$Holder.invokeSpecial(java.lang.Object, java.lang.Object, java.lang.Object)'> (0x00000007131a9358) 
thrown [s\open\src\hotspot\share\interpreter\linkResolver.cpp, line 796]
Event: 1.148 Thread 0x000002e150c96df0 Implicit null exception at 0x000002e1410cc4d6 to 0x000002e1410cc57a
Event: 1.152 Thread 0x000002e150c96df0 Implicit null exception at 0x000002e141129d8d to 0x000002e141129fe8
Event: 1.157 Thread 0x000002e150c96df0 Implicit null exception at 0x000002e14111db0d to 0x000002e14111dd54
Event: 1.158 Thread 0x000002e150c96df0 Implicit null exception at 0x000002e14109e95d to 0x000002e14109ec40
Event: 1.244 Thread 0x000002e150c96df0 Exception <a 'java/lang/NoSuchMethodError'{0x000000071236d978}: 'java.lang.Object java.lang.invoke.DirectMethodHandle$Holder.invokeInterface(java.lang.Object, java.lang.Object, java.lang.Object)'> (0x000000071236d978) 
thrown [s\open\src\hotspot\share\interpreter\linkResolver.cpp, line 796]
Event: 1.244 Thread 0x000002e150c96df0 Exception <a 'java/lang/IncompatibleClassChangeError'{0x0000000712371048}: Found class java.lang.Object, but interface was expected> (0x0000000712371048) 
thrown [s\open\src\hotspot\share\interpreter\linkResolver.cpp, line 863]
Event: 1.268 Thread 0x000002e150c96df0 Exception <a 'java/lang/ClassNotFoundException'{0x0000000711c0a100}: com/sun/javafx/scene/control/skin/resources/controls> (0x0000000711c0a100) 
thrown [s\open\src\hotspot\share\prims\jni.cpp, line 539]
Event: 1.268 Thread 0x000002e150c96df0 Exception <a 'java/lang/ClassNotFoundException'{0x0000000711c182e0}: com/sun/javafx/scene/control/skin/resources/controls_fr> (0x0000000711c182e0) 
thrown [s\open\src\hotspot\share\prims\jni.cpp, line 539]
Event: 1.269 Thread 0x000002e150c96df0 Exception <a 'java/lang/ClassNotFoundException'{0x0000000711c25dc0}: com/sun/javafx/scene/control/skin/resources/controls_fr_FR> (0x0000000711c25dc0) 
thrown [s\open\src\hotspot\share\prims\jni.cpp, line 539]
Event: 1.288 Thread 0x000002e150c96df0 Exception <a 'java/lang/NoSuchMethodError'{0x0000000711a0e458}: 'void java.lang.invoke.DirectMethodHandle$Holder.invokeSpecial(java.lang.Object, java.lang.Object, java.lang.Object, java.lang.Object, java.lang.Object, java.lang.Object)'> (0x0000000711a0e458) 
thrown [s\open\src\hotspot\share\interpreter\linkResolver.cpp, line 796]
Event: 1.333 Thread 0x000002e150c96df0 Exception <a 'java/lang/NoSuchMethodError'{0x00000007116cb9b8}: 'int java.lang.invoke.DirectMethodHandle$Holder.invokeSpecial(java.lang.Object, java.lang.Object, int)'> (0x00000007116cb9b8) 
thrown [s\open\src\hotspot\share\interpreter\linkResolver.cpp, line 796]
Event: 1.345 Thread 0x000002e150c96df0 Exception <a 'java/lang/NoSuchMethodError'{0x00000007117388b8}: 'java.lang.Object java.lang.invoke.DirectMethodHandle$Holder.newInvokeSpecial(java.lang.Object, java.lang.Object, int)'> (0x00000007117388b8) 
thrown [s\open\src\hotspot\share\interpreter\linkResolver.cpp, line 796]
Event: 1.381 Thread 0x000002e150bd2980 Exception <a 'java/lang/NoSuchMethodError'{0x0000000711479020}: 'int java.lang.invoke.DirectMethodHandle$Holder.invokeStaticInit(java.lang.Object, java.lang.Object)'> (0x0000000711479020) 
thrown [s\open\src\hotspot\share\interpreter\linkResolver.cpp, line 796]
Event: 1.386 Thread 0x000002e150c96df0 Exception <a 'java/lang/NoSuchMethodError'{0x00000007114feb70}: 'long java.lang.invoke.DirectMethodHandle$Holder.invokeStatic(java.lang.Object, java.lang.Object, java.lang.Object)'> (0x00000007114feb70) 
thrown [s\open\src\hotspot\share\interpreter\linkResolver.cpp, line 796]
Event: 1.386 Thread 0x000002e150c96df0 Exception <a 'java/lang/NoSuchMethodError'{0x0000000711501f88}: 'long java.lang.invoke.DirectMethodHandle$Holder.invokeStaticInit(java.lang.Object, java.lang.Object, java.lang.Object)'> (0x0000000711501f88) 
thrown [s\open\src\hotspot\share\interpreter\linkResolver.cpp, line 796]
Event: 1.388 Thread 0x000002e150c96df0 Exception <a 'java/lang/NoSuchMethodError'{0x0000000711516cb0}: 'java.lang.Object java.lang.invoke.DirectMethodHandle$Holder.newInvokeSpecial(java.lang.Object, java.lang.Object, long)'> (0x0000000711516cb0) 
thrown [s\open\src\hotspot\share\interpreter\linkResolver.cpp, line 796]
Event: 1.388 Thread 0x000002e150c96df0 Exception <a 'java/lang/NoSuchMethodError'{0x000000071151a600}: 'java.lang.Object java.lang.invoke.Invokers$Holder.linkToTargetMethod(java.lang.Object, long, java.lang.Object)'> (0x000000071151a600) 
thrown [s\open\src\hotspot\share\interpreter\linkResolver.cpp, line 796]
Event: 1.389 Thread 0x000002e150bd2980 Exception <a 'java/lang/NoSuchMethodError'{0x0000000711582d18}: 'java.lang.Object java.lang.invoke.Invokers$Holder.invokeExact_MT(java.lang.Object, java.lang.Object, java.lang.Object, java.lang.Object, java.lang.Object)'> (0x0000000711582d18) 
thrown [s\open\src\hotspot\share\interpreter\linkResolver.cpp, line 796]
Event: 3.091 Thread 0x000002e150c96df0 Exception <a 'java/lang/NoSuchMethodError'{0x0000000713abcf88}: 'void java.lang.invoke.DirectMethodHandle$Holder.invokeVirtual(java.lang.Object, java.lang.Object)'> (0x0000000713abcf88) 
thrown [s\open\src\hotspot\share\interpreter\linkResolver.cpp, line 796]

VM Operations (20 events):
Event: 0.612 Executing VM operation: G1TryInitiateConcMark (G1 Humongous Allocation)
Event: 0.615 Executing VM operation: G1TryInitiateConcMark (G1 Humongous Allocation) done
Event: 1.035 Executing VM operation: HandshakeAllThreads (Deoptimize)
Event: 1.035 Executing VM operation: HandshakeAllThreads (Deoptimize) done
Event: 1.222 Executing VM operation: HandshakeAllThreads (Deoptimize)
Event: 1.222 Executing VM operation: HandshakeAllThreads (Deoptimize) done
Event: 1.518 Executing VM operation: G1TryInitiateConcMark (G1 Humongous Allocation)
Event: 1.523 Executing VM operation: G1TryInitiateConcMark (G1 Humongous Allocation) done
Event: 1.528 Executing VM operation: G1PauseRemark
Event: 1.529 Executing VM operation: G1PauseRemark done
Event: 1.531 Executing VM operation: G1PauseCleanup
Event: 1.531 Executing VM operation: G1PauseCleanup done
Event: 1.764 Executing VM operation: HandshakeAllThreads (Deoptimize)
Event: 1.764 Executing VM operation: HandshakeAllThreads (Deoptimize) done
Event: 2.664 Executing VM operation: G1TryInitiateConcMark (G1 Humongous Allocation)
Event: 2.667 Executing VM operation: G1TryInitiateConcMark (G1 Humongous Allocation) done
Event: 2.673 Executing VM operation: G1PauseRemark
Event: 2.723 Executing VM operation: G1PauseRemark done
Event: 2.724 Executing VM operation: G1PauseCleanup
Event: 2.724 Executing VM operation: G1PauseCleanup done

Memory protections (0 events):
No events

Nmethod flushes (20 events):
Event: 2.722 Thread 0x000002e1502077f0 flushing  nmethod 0x000002e1395eb808
Event: 2.722 Thread 0x000002e1502077f0 flushing  nmethod 0x000002e139600e88
Event: 2.722 Thread 0x000002e1502077f0 flushing  nmethod 0x000002e139602208
Event: 2.722 Thread 0x000002e1502077f0 flushing  nmethod 0x000002e139602688
Event: 2.722 Thread 0x000002e1502077f0 flushing  nmethod 0x000002e139603808
Event: 2.722 Thread 0x000002e1502077f0 flushing  nmethod 0x000002e139604588
Event: 2.722 Thread 0x000002e1502077f0 flushing  nmethod 0x000002e13961d088
Event: 2.722 Thread 0x000002e1502077f0 flushing  nmethod 0x000002e139655608
Event: 2.722 Thread 0x000002e1502077f0 flushing  nmethod 0x000002e139678e08
Event: 2.722 Thread 0x000002e1502077f0 flushing  nmethod 0x000002e13969ed08
Event: 2.722 Thread 0x000002e1502077f0 flushing  nmethod 0x000002e1396e3388
Event: 2.722 Thread 0x000002e1502077f0 flushing  nmethod 0x000002e1396e4a88
Event: 2.722 Thread 0x000002e1502077f0 flushing  nmethod 0x000002e1396e5e08
Event: 2.722 Thread 0x000002e1502077f0 flushing  nmethod 0x000002e1396e6908
Event: 2.722 Thread 0x000002e1502077f0 flushing  nmethod 0x000002e1396e8288
Event: 2.722 Thread 0x000002e1502077f0 flushing  nmethod 0x000002e1396e8c88
Event: 2.722 Thread 0x000002e1502077f0 flushing  nmethod 0x000002e1396e9a08
Event: 2.722 Thread 0x000002e1502077f0 flushing  nmethod 0x000002e139719988
Event: 2.722 Thread 0x000002e1502077f0 flushing  nmethod 0x000002e13971b108
Event: 2.722 Thread 0x000002e1502077f0 flushing  nmethod 0x000002e139749388

Events (20 events):
Event: 0.027 Thread 0x000002e12ebc02c0 Thread added: 0x000002e150228e50
Event: 0.027 Thread 0x000002e12ebc02c0 Thread added: 0x000002e150229ad0
Event: 0.027 Thread 0x000002e12ebc02c0 Thread added: 0x000002e150231510
Event: 0.028 Thread 0x000002e12ebc02c0 Thread added: 0x000002e150237f80
Event: 0.028 Thread 0x000002e12ebc02c0 Thread added: 0x000002e15023aed0
Event: 0.042 Thread 0x000002e12ebc02c0 Thread added: 0x000002e15031bed0
Event: 0.072 Thread 0x000002e15023aed0 Thread added: 0x000002e1504f3110
Event: 0.074 Thread 0x000002e15023aed0 Thread added: 0x000002e1504c9e80
Event: 0.102 Thread 0x000002e12ebc02c0 Thread added: 0x000002e1509c82c0
Event: 0.296 Thread 0x000002e12ebc02c0 Thread added: 0x000002e150bd2980
Event: 0.328 Thread 0x000002e12ebc02c0 Thread added: 0x000002e150d4eb90
Event: 0.330 Thread 0x000002e12ebc02c0 Thread added: 0x000002e150c96df0
Event: 0.378 Thread 0x000002e12ebc02c0 Thread added: 0x000002e19b6925e0
Event: 0.391 Thread 0x000002e150fd7d50 Thread added: 0x000002e150fd7d50
Event: 1.007 Thread 0x000002e1504c9e80 Thread exited: 0x000002e1504c9e80
Event: 1.238 Thread 0x000002e150c96df0 Thread added: 0x000002e19b9d85b0
Event: 1.495 Thread 0x000002e150bd2980 Thread added: 0x000002e19b9d8c40
Event: 1.744 Thread 0x000002e1504f3110 Thread exited: 0x000002e1504f3110
Event: 3.099 Thread 0x000002e15023aed0 Thread added: 0x000002e150fa1a10
Event: 3.271 Thread 0x000002e150fa1a10 Thread exited: 0x000002e150fa1a10


Dynamic libraries:
0x00007ff787920000 - 0x00007ff787930000 	C:\Program Files\Java\jdk-23\bin\java.exe
0x00007ff9866f0000 - 0x00007ff986907000 	C:\WINDOWS\SYSTEM32\ntdll.dll
0x00007ff985820000 - 0x00007ff9858e4000 	C:\WINDOWS\System32\KERNEL32.DLL
0x00007ff983c40000 - 0x00007ff984010000 	C:\WINDOWS\System32\KERNELBASE.dll
0x00007ff984010000 - 0x00007ff984121000 	C:\WINDOWS\System32\ucrtbase.dll
0x00007ff9218c0000 - 0x00007ff9218db000 	C:\Program Files\Java\jdk-23\bin\VCRUNTIME140.dll
0x00007ff923160000 - 0x00007ff923177000 	C:\Program Files\Java\jdk-23\bin\jli.dll
0x00007ff9858f0000 - 0x00007ff985a9e000 	C:\WINDOWS\System32\USER32.dll
0x00007ff982be0000 - 0x00007ff982e72000 	C:\WINDOWS\WinSxS\amd64_microsoft.windows.common-controls_6595b64144ccf1df_6.0.22621.4830_none_270fe7d773858e80\COMCTL32.dll
0x00007ff983b60000 - 0x00007ff983b86000 	C:\WINDOWS\System32\win32u.dll
0x00007ff985290000 - 0x00007ff985337000 	C:\WINDOWS\System32\msvcrt.dll
0x00007ff9844a0000 - 0x00007ff9844c9000 	C:\WINDOWS\System32\GDI32.dll
0x00007ff9839a0000 - 0x00007ff983abb000 	C:\WINDOWS\System32\gdi32full.dll
0x00007ff983ac0000 - 0x00007ff983b5a000 	C:\WINDOWS\System32\msvcp_win.dll
0x00007ff985f50000 - 0x00007ff985f81000 	C:\WINDOWS\System32\IMM32.DLL
0x00007ff93b500000 - 0x00007ff93b50c000 	C:\Program Files\Java\jdk-23\bin\vcruntime140_1.dll
0x00007ff8c2e70000 - 0x00007ff8c2efe000 	C:\Program Files\Java\jdk-23\bin\msvcp140.dll
0x00007ff8913f0000 - 0x00007ff89213f000 	C:\Program Files\Java\jdk-23\bin\server\jvm.dll
0x00007ff9864c0000 - 0x00007ff986571000 	C:\WINDOWS\System32\ADVAPI32.dll
0x00007ff9843f0000 - 0x00007ff984497000 	C:\WINDOWS\System32\sechost.dll
0x00007ff983b90000 - 0x00007ff983bb8000 	C:\WINDOWS\System32\bcrypt.dll
0x00007ff985aa0000 - 0x00007ff985bb4000 	C:\WINDOWS\System32\RPCRT4.dll
0x00007ff985630000 - 0x00007ff9856a1000 	C:\WINDOWS\System32\WS2_32.dll
0x00007ff9834f0000 - 0x00007ff98353d000 	C:\WINDOWS\SYSTEM32\POWRPROF.dll
0x00007ff97e570000 - 0x00007ff97e5a4000 	C:\WINDOWS\SYSTEM32\WINMM.dll
0x00007ff97e320000 - 0x00007ff97e32a000 	C:\WINDOWS\SYSTEM32\VERSION.dll
0x00007ff982fa0000 - 0x00007ff982fb3000 	C:\WINDOWS\SYSTEM32\UMPDC.dll
0x00007ff982100000 - 0x00007ff982118000 	C:\WINDOWS\SYSTEM32\kernel.appcore.dll
0x00007ff93ac30000 - 0x00007ff93ac3a000 	C:\Program Files\Java\jdk-23\bin\jimage.dll
0x00007ff9832b0000 - 0x00007ff9834e2000 	C:\WINDOWS\SYSTEM32\DBGHELP.DLL
0x00007ff985bc0000 - 0x00007ff985f50000 	C:\WINDOWS\System32\combase.dll
0x00007ff985730000 - 0x00007ff985807000 	C:\WINDOWS\System32\OLEAUT32.dll
0x00007ff9831a0000 - 0x00007ff9831d2000 	C:\WINDOWS\SYSTEM32\dbgcore.DLL
0x00007ff983bc0000 - 0x00007ff983c3b000 	C:\WINDOWS\System32\bcryptPrimitives.dll
0x00007ff914fe0000 - 0x00007ff914ffe000 	C:\Program Files\Java\jdk-23\bin\java.dll
0x00007ff9850e0000 - 0x00007ff985281000 	C:\WINDOWS\System32\ole32.dll
0x00007ff984800000 - 0x00007ff985078000 	C:\WINDOWS\System32\SHELL32.dll
0x00007ff980ee0000 - 0x00007ff9817f0000 	C:\WINDOWS\SYSTEM32\windows.storage.dll
0x00007ff980da0000 - 0x00007ff980edf000 	C:\WINDOWS\SYSTEM32\wintypes.dll
0x00007ff986580000 - 0x00007ff98668a000 	C:\WINDOWS\System32\SHCORE.dll
0x00007ff985080000 - 0x00007ff9850de000 	C:\WINDOWS\System32\shlwapi.dll
0x00007ff9838d0000 - 0x00007ff9838fb000 	C:\WINDOWS\SYSTEM32\profapi.dll
0x00007ff8c2d90000 - 0x00007ff8c2e67000 	C:\Program Files\Java\jdk-23\bin\jsvml.dll
0x00007ff936550000 - 0x00007ff936560000 	C:\Program Files\Java\jdk-23\bin\net.dll
0x00007ff982540000 - 0x00007ff9825aa000 	C:\WINDOWS\system32\mswsock.dll
0x00007ff914010000 - 0x00007ff914026000 	C:\Program Files\Java\jdk-23\bin\nio.dll
0x00007ff913ff0000 - 0x00007ff914007000 	C:\Program Files\Java\jdk-23\bin\zip.dll
0x000002e12ed20000 - 0x000002e12ed23000 	C:\Users\malek\.openjfx\cache\23.0.1+4\amd64\api-ms-win-core-console-l1-1-0.dll
0x000002e12ed30000 - 0x000002e12ed33000 	C:\Users\malek\.openjfx\cache\23.0.1+4\amd64\api-ms-win-core-console-l1-2-0.dll
0x000002e12ed40000 - 0x000002e12ed43000 	C:\Users\malek\.openjfx\cache\23.0.1+4\amd64\api-ms-win-core-datetime-l1-1-0.dll
0x000002e12ed50000 - 0x000002e12ed53000 	C:\Users\malek\.openjfx\cache\23.0.1+4\amd64\api-ms-win-core-debug-l1-1-0.dll
0x000002e130e10000 - 0x000002e130e13000 	C:\Users\malek\.openjfx\cache\23.0.1+4\amd64\api-ms-win-core-errorhandling-l1-1-0.dll
0x000002e130e20000 - 0x000002e130e24000 	C:\Users\malek\.openjfx\cache\23.0.1+4\amd64\api-ms-win-core-file-l1-1-0.dll
0x000002e130e30000 - 0x000002e130e33000 	C:\Users\malek\.openjfx\cache\23.0.1+4\amd64\api-ms-win-core-file-l1-2-0.dll
0x000002e130e40000 - 0x000002e130e43000 	C:\Users\malek\.openjfx\cache\23.0.1+4\amd64\api-ms-win-core-file-l2-1-0.dll
0x000002e150ff0000 - 0x000002e150ff3000 	C:\Users\malek\.openjfx\cache\23.0.1+4\amd64\api-ms-win-core-handle-l1-1-0.dll
0x000002e196000000 - 0x000002e196003000 	C:\Users\malek\.openjfx\cache\23.0.1+4\amd64\api-ms-win-core-heap-l1-1-0.dll
0x000002e196010000 - 0x000002e196013000 	C:\Users\malek\.openjfx\cache\23.0.1+4\amd64\api-ms-win-core-interlocked-l1-1-0.dll
0x000002e196020000 - 0x000002e196023000 	C:\Users\malek\.openjfx\cache\23.0.1+4\amd64\api-ms-win-core-libraryloader-l1-1-0.dll
0x000002e196030000 - 0x000002e196033000 	C:\Users\malek\.openjfx\cache\23.0.1+4\amd64\api-ms-win-core-localization-l1-2-0.dll
0x000002e196040000 - 0x000002e196043000 	C:\Users\malek\.openjfx\cache\23.0.1+4\amd64\api-ms-win-core-memory-l1-1-0.dll
0x000002e196050000 - 0x000002e196053000 	C:\Users\malek\.openjfx\cache\23.0.1+4\amd64\api-ms-win-core-namedpipe-l1-1-0.dll
0x000002e196060000 - 0x000002e196063000 	C:\Users\malek\.openjfx\cache\23.0.1+4\amd64\api-ms-win-core-processenvironment-l1-1-0.dll
0x000002e196070000 - 0x000002e196073000 	C:\Users\malek\.openjfx\cache\23.0.1+4\amd64\api-ms-win-core-processthreads-l1-1-0.dll
0x000002e196080000 - 0x000002e196083000 	C:\Users\malek\.openjfx\cache\23.0.1+4\amd64\api-ms-win-core-processthreads-l1-1-1.dll
0x000002e196090000 - 0x000002e196093000 	C:\Users\malek\.openjfx\cache\23.0.1+4\amd64\api-ms-win-core-profile-l1-1-0.dll
0x000002e1960a0000 - 0x000002e1960a3000 	C:\Users\malek\.openjfx\cache\23.0.1+4\amd64\api-ms-win-core-rtlsupport-l1-1-0.dll
0x000002e1960b0000 - 0x000002e1960b3000 	C:\Users\malek\.openjfx\cache\23.0.1+4\amd64\api-ms-win-core-string-l1-1-0.dll
0x000002e1960c0000 - 0x000002e1960c3000 	C:\Users\malek\.openjfx\cache\23.0.1+4\amd64\api-ms-win-core-synch-l1-1-0.dll
0x000002e1960d0000 - 0x000002e1960d3000 	C:\Users\malek\.openjfx\cache\23.0.1+4\amd64\api-ms-win-core-synch-l1-2-0.dll
0x000002e1960e0000 - 0x000002e1960e3000 	C:\Users\malek\.openjfx\cache\23.0.1+4\amd64\api-ms-win-core-sysinfo-l1-1-0.dll
0x000002e1960f0000 - 0x000002e1960f3000 	C:\Users\malek\.openjfx\cache\23.0.1+4\amd64\api-ms-win-core-timezone-l1-1-0.dll
0x000002e196100000 - 0x000002e196103000 	C:\Users\malek\.openjfx\cache\23.0.1+4\amd64\api-ms-win-core-util-l1-1-0.dll
0x000002e196110000 - 0x000002e196113000 	C:\Users\malek\.openjfx\cache\23.0.1+4\amd64\api-ms-win-crt-conio-l1-1-0.dll
0x000002e196120000 - 0x000002e196124000 	C:\Users\malek\.openjfx\cache\23.0.1+4\amd64\api-ms-win-crt-convert-l1-1-0.dll
0x000002e196130000 - 0x000002e196133000 	C:\Users\malek\.openjfx\cache\23.0.1+4\amd64\api-ms-win-crt-environment-l1-1-0.dll
0x000002e196140000 - 0x000002e196143000 	C:\Users\malek\.openjfx\cache\23.0.1+4\amd64\api-ms-win-crt-filesystem-l1-1-0.dll
0x000002e196150000 - 0x000002e196153000 	C:\Users\malek\.openjfx\cache\23.0.1+4\amd64\api-ms-win-crt-heap-l1-1-0.dll
0x000002e196160000 - 0x000002e196163000 	C:\Users\malek\.openjfx\cache\23.0.1+4\amd64\api-ms-win-crt-locale-l1-1-0.dll
0x000002e196170000 - 0x000002e196175000 	C:\Users\malek\.openjfx\cache\23.0.1+4\amd64\api-ms-win-crt-math-l1-1-0.dll
0x000002e196180000 - 0x000002e196185000 	C:\Users\malek\.openjfx\cache\23.0.1+4\amd64\api-ms-win-crt-multibyte-l1-1-0.dll
0x000002e196190000 - 0x000002e1961a0000 	C:\Users\malek\.openjfx\cache\23.0.1+4\amd64\api-ms-win-crt-private-l1-1-0.dll
0x000002e1961a0000 - 0x000002e1961a3000 	C:\Users\malek\.openjfx\cache\23.0.1+4\amd64\api-ms-win-crt-process-l1-1-0.dll
0x000002e1961b0000 - 0x000002e1961b4000 	C:\Users\malek\.openjfx\cache\23.0.1+4\amd64\api-ms-win-crt-runtime-l1-1-0.dll
0x000002e1961c0000 - 0x000002e1961c4000 	C:\Users\malek\.openjfx\cache\23.0.1+4\amd64\api-ms-win-crt-stdio-l1-1-0.dll
0x000002e1961d0000 - 0x000002e1961d4000 	C:\Users\malek\.openjfx\cache\23.0.1+4\amd64\api-ms-win-crt-string-l1-1-0.dll
0x000002e1961e0000 - 0x000002e1961e3000 	C:\Users\malek\.openjfx\cache\23.0.1+4\amd64\api-ms-win-crt-time-l1-1-0.dll
0x000002e1961f0000 - 0x000002e1961f3000 	C:\Users\malek\.openjfx\cache\23.0.1+4\amd64\api-ms-win-crt-utility-l1-1-0.dll
0x00007ff8c2690000 - 0x00007ff8c278c000 	C:\Users\malek\.openjfx\cache\23.0.1+4\amd64\ucrtbase.dll
0x00007ff9135e0000 - 0x00007ff9135fb000 	C:\Users\malek\.openjfx\cache\23.0.1+4\amd64\vcruntime140.dll
0x00007ff936020000 - 0x00007ff93602c000 	C:\Users\malek\.openjfx\cache\23.0.1+4\amd64\vcruntime140_1.dll
0x00007ff8c2600000 - 0x00007ff8c268e000 	C:\Users\malek\.openjfx\cache\23.0.1+4\amd64\msvcp140.dll
0x00007ff935d90000 - 0x00007ff935d99000 	C:\Users\malek\.openjfx\cache\23.0.1+4\amd64\msvcp140_1.dll
0x00007ff913590000 - 0x00007ff9135d1000 	C:\Users\malek\.openjfx\cache\23.0.1+4\amd64\msvcp140_2.dll
0x00007ff8e87e0000 - 0x00007ff8e8810000 	C:\Users\malek\.openjfx\cache\23.0.1+4\amd64\prism_d3d.dll
0x00007ff926c60000 - 0x00007ff926e08000 	C:\WINDOWS\system32\d3d9.dll
0x00007ff980520000 - 0x00007ff98054b000 	C:\WINDOWS\SYSTEM32\dwmapi.dll
0x00007ff980000000 - 0x00007ff980037000 	C:\WINDOWS\SYSTEM32\dxcore.dll
0x00007ff97fe50000 - 0x00007ff97ff01000 	C:\WINDOWS\system32\uxtheme.dll
0x00007ff926ab0000 - 0x00007ff926c5c000 	C:\WINDOWS\System32\DriverStore\FileRepository\iigd_dch.inf_amd64_237b1b6e9066be9c\igdumdim64.dll
0x00007ff91a280000 - 0x00007ff91eadb000 	C:\WINDOWS\System32\DriverStore\FileRepository\iigd_dch.inf_amd64_237b1b6e9066be9c\igd9dxva64.dll
0x00007ff985f90000 - 0x00007ff986404000 	C:\WINDOWS\System32\SETUPAPI.dll
0x00007ff9836a0000 - 0x00007ff9836ee000 	C:\WINDOWS\SYSTEM32\cfgmgr32.dll
0x00007ff9719e0000 - 0x00007ff971dea000 	C:\WINDOWS\System32\DriverStore\FileRepository\iigd_dch.inf_amd64_237b1b6e9066be9c\igdgmm64.dll
0x00007ff97b320000 - 0x00007ff97b369000 	C:\WINDOWS\SYSTEM32\directxdatabasehelper.dll
0x00007ff8d0df0000 - 0x00007ff8d0e35000 	C:\Users\malek\.openjfx\cache\23.0.1+4\amd64\glass.dll
0x00007ff9846f0000 - 0x00007ff9847f2000 	C:\WINDOWS\System32\COMDLG32.dll
0x00007ff984580000 - 0x00007ff9846df000 	C:\WINDOWS\System32\MSCTF.dll
0x00007ff966a90000 - 0x00007ff966ab7000 	C:\WINDOWS\System32\DriverStore\FileRepository\iigd_dch.inf_amd64_237b1b6e9066be9c\igdinfo64.dll
0x00007ff96c8e0000 - 0x00007ff970f50000 	C:\WINDOWS\System32\DriverStore\FileRepository\iigd_dch.inf_amd64_237b1b6e9066be9c\igc64.dll
0x00007ff9844d0000 - 0x00007ff984580000 	C:\WINDOWS\System32\clbcatq.dll
0x00007ff976200000 - 0x00007ff97637d000 	C:\Windows\System32\Windows.UI.dll
0x00007ff957390000 - 0x00007ff957505000 	C:\Windows\System32\Windows.UI.Immersive.dll
0x00007ff8f3ce0000 - 0x00007ff8f3cf5000 	C:\Users\malek\.openjfx\cache\23.0.1+4\amd64\javafx_font.dll
0x00007ff97beb0000 - 0x00007ff97c123000 	C:\WINDOWS\SYSTEM32\dwrite.dll
0x00007ff97fc60000 - 0x00007ff97fe10000 	C:\WINDOWS\SYSTEM32\WindowsCodecs.dll
0x00007ff97e620000 - 0x00007ff97e67e000 	C:\WINDOWS\system32\dataexchange.dll
0x00007ff978940000 - 0x00007ff978be5000 	C:\WINDOWS\system32\twinapi.appcore.dll
0x00007ff934e40000 - 0x00007ff934e72000 	C:\Program Files\Common Files\Microsoft Shared\Ink\rtscom.dll
0x00007ff969400000 - 0x00007ff969546000 	C:\WINDOWS\SYSTEM32\textinputframework.dll
0x00007ff97d3f0000 - 0x00007ff97d525000 	C:\WINDOWS\SYSTEM32\CoreMessaging.dll
0x00007ff97aba0000 - 0x00007ff97af0c000 	C:\WINDOWS\SYSTEM32\CoreUIComponents.dll
0x00007ff9828e0000 - 0x00007ff9828ec000 	C:\WINDOWS\SYSTEM32\CRYPTBASE.DLL
0x00007ff943f00000 - 0x00007ff944349000 	C:\WINDOWS\SYSTEM32\UIAutomationCore.DLL
0x00007ff964bf0000 - 0x00007ff964ca1000 	C:\Windows\System32\OneCoreCommonProxyStub.dll

dbghelp: loaded successfully - version: 4.0.5 - missing functions: none
symbol engine: initialized successfully - sym options: 0x614 - pdb path: .;C:\Program Files\Java\jdk-23\bin;C:\WINDOWS\SYSTEM32;C:\WINDOWS\WinSxS\amd64_microsoft.windows.common-controls_6595b64144ccf1df_6.0.22621.4830_none_270fe7d773858e80;C:\Program Files\Java\jdk-23\bin\server;C:\Users\malek\.openjfx\cache\23.0.1+4\amd64;C:\WINDOWS\System32\DriverStore\FileRepository\iigd_dch.inf_amd64_237b1b6e9066be9c;C:\Program Files\Common Files\Microsoft Shared\Ink

VM Arguments:
jvm_args: --module-path=C:\Users\malek\.m2\repository\org\openjfx\javafx-base\23.0.1\javafx-base-23.0.1-win.jar;C:\Users\malek\.m2\repository\org\openjfx\javafx-base\23.0.1\javafx-base-23.0.1.jar;C:\Users\malek\.m2\repository\org\openjfx\javafx-controls\23.0.1\javafx-controls-23.0.1-win.jar;C:\Users\malek\.m2\repository\org\openjfx\javafx-controls\23.0.1\javafx-controls-23.0.1.jar;C:\Users\malek\.m2\repository\org\openjfx\javafx-fxml\23.0.1\javafx-fxml-23.0.1-win.jar;C:\Users\malek\.m2\repository\org\openjfx\javafx-fxml\23.0.1\javafx-fxml-23.0.1.jar;C:\Users\malek\.m2\repository\org\openjfx\javafx-graphics\23.0.1\javafx-graphics-23.0.1-win.jar;C:\Users\malek\.m2\repository\org\openjfx\javafx-graphics\23.0.1\javafx-graphics-23.0.1.jar --add-modules=javafx.base,javafx.controls,javafx.fxml,javafx.graphics 
java_command: edu.pidev3a32.tests.MainFx
java_class_path (initial): C:\gestion_planning\target\classes;C:\Users\malek\.m2\repository\com\google\protobuf\protobuf-java\3.11.4\protobuf-java-3.11.4.jar;C:\Users\malek\.m2\repository\mysql\mysql-connector-java\8.0.28\mysql-connector-java-8.0.28.jar
Launcher Type: SUN_STANDARD

[Global flags]
     intx CICompilerCount                          = 4                                         {product} {ergonomic}
     uint ConcGCThreads                            = 2                                         {product} {ergonomic}
     uint G1ConcRefinementThreads                  = 8                                         {product} {ergonomic}
   size_t G1HeapRegionSize                         = 2097152                                   {product} {ergonomic}
   size_t InitialHeapSize                          = 266338304                                 {product} {ergonomic}
   size_t MarkStackSize                            = 4194304                                   {product} {ergonomic}
   size_t MarkStackSizeMax                         = 536870912                                 {product} {ergonomic}
   size_t MaxHeapSize                              = 4229955584                                {product} {ergonomic}
   size_t MaxNewSize                               = 2537553920                                {product} {ergonomic}
   size_t MinHeapDeltaBytes                        = 2097152                                   {product} {ergonomic}
   size_t MinHeapSize                              = 8388608                                   {product} {ergonomic}
    uintx NonNMethodCodeHeapSize                   = 5832704                                {pd product} {ergonomic}
    uintx NonProfiledCodeHeapSize                  = 122945536                              {pd product} {ergonomic}
    uintx ProfiledCodeHeapSize                     = 122880000                              {pd product} {ergonomic}
    uintx ReservedCodeCacheSize                    = 251658240                              {pd product} {ergonomic}
     bool SegmentedCodeCache                       = true                                      {product} {ergonomic}
   size_t SoftMaxHeapSize                          = 4229955584                             {manageable} {ergonomic}
     bool UseCompressedOops                        = true                           {product lp64_product} {ergonomic}
     bool UseG1GC                                  = true                                      {product} {ergonomic}
     bool UseLargePagesIndividualAllocation        = false                                  {pd product} {ergonomic}

Logging:
Log output configuration:
 #0: stdout all=warning uptime,level,tags foldmultilines=false
 #1: stderr all=off uptime,level,tags foldmultilines=false

Environment Variables:
PATH=C:\Program Files\Common Files\Oracle\Java\javapath;C:\Program Files (x86)\VMware\VMware Workstation\bin\;C:\oraclexe\app\oracle\product\11.2.0\server\bin;C:\Program Files (x86)\Common Files\Intel\Shared Libraries\redist\intel64\compiler;C:\windows\system32;C:\windows;C:\windows\System32\Wbem;C:\windows\System32\WindowsPowerShell\v1.0\;C:\windows\System32\OpenSSH\;C:\Program Files (x86)\NVIDIA Corporation\PhysX\Common;C:\Program Files\NVIDIA Corporation\NVIDIA NvDLISR;C:\WINDOWS\system32;C:\WINDOWS;C:\WINDOWS\System32\Wbem;C:\WINDOWS\System32\WindowsPowerShell\v1.0\;C:\WINDOWS\System32\OpenSSH\;C:\Program Files (x86)\HI-TECH Software\PICC\LITE\9.60\bin;C:\Program Files\Git\cmd;C:\xampp\php;C:\ProgramData\ComposerSetup\bin;C:\oraclexe\app\oracle\product\11.2.0\server\bin;C:\instanstclient-2;C:\oraclexe\app\oracle\admin\XE;C:\oraclexe;C:\Program Files (x86)\OpenSSL-Win64\bin;;C:\Program Files\HP\HP One Agent;C:\Users\malek\AppData\Local\Programs\Python\Python313\Scripts\;C:\Users\malek\AppData\Local\Programs\Python\Python313\;C:\Users\malek\scoop\shims;C:\Users\malek\AppData\Local\Microsoft\WindowsApps;C:\Users\malek\AppData\Local\Programs\Microsoft VS Code\bin;C:\Users\malek\AppData\Roaming\Composer\vendor\bin;C:\Program Files (x86)\OpenSSL-Win32\lib\MinGW\x86;C:\xampp\php;;C:\Program Files\JetBrains\IntelliJ IDEA 2024.2.1\bin;
USERNAME=malek
OS=Windows_NT
PROCESSOR_IDENTIFIER=Intel64 Family 6 Model 140 Stepping 1, GenuineIntel
TMP=C:\Users\malek\AppData\Local\Temp
TEMP=C:\Users\malek\AppData\Local\Temp




Periodic native trim disabled

---------------  S Y S T E M  ---------------

OS:
 Windows 11 , 64 bit Build 22621 (10.0.22621.4830)
OS uptime: 0 days 20:12 hours

CPU: total 8 (initial active 8) (4 cores per cpu, 2 threads per core) family 6 model 140 stepping 1 microcode 0xa4, cx8, cmov, fxsr, ht, mmx, 3dnowpref, sse, sse2, sse3, ssse3, sse4.1, sse4.2, popcnt, lzcnt, tsc, tscinvbit, avx, avx2, aes, erms, clmul, bmi1, bmi2, adx, avx512f, avx512dq, avx512cd, avx512bw, avx512vl, sha, fma, vzeroupper, avx512_vpopcntdq, avx512_vpclmulqdq, avx512_vaes, avx512_vnni, clflush, clflushopt, clwb, avx512_vbmi2, avx512_vbmi, rdtscp, rdpid, fsrm, gfni, avx512_bitalg, f16c, pku, cet_ibt, cet_ss, avx512_ifma
Processor Information for the first 8 processors :
  Max Mhz: 3302, Current Mhz: 3302, Mhz Limit: 3302

Memory: 4k page, system-wide physical 16129M (810M free)
TotalPageFile size 26931M (AvailPageFile size 5M)
current process WorkingSet (physical memory assigned to process): 948M, peak: 948M
current process commit charge ("private bytes"): 1134M, peak: 1145M

vm_info: Java HotSpot(TM) 64-Bit Server VM (23+37-2369) for windows-amd64 JRE (23+37-2369), built on 2024-08-20T16:01:23Z with MS VC++ 17.6 (VS2022)

END.
