#
# There is insufficient memory for the Java Runtime Environment to continue.
# Native memory allocation (mmap) failed to map 142606336 bytes. Error detail: G1 virtual space
# Possible reasons:
#   The system is out of physical RAM or swap space
#   This process is running with CompressedOops enabled, and the Java Heap may be blocking the growth of the native heap
# Possible solutions:
#   Reduce memory load on the system
#   Increase physical memory or swap space
#   Check if swap backing store is full
#   Decrease Java heap size (-Xmx/-Xms)
#   Decrease number of Java threads
#   Decrease Java thread stack sizes (-Xss)
#   Set larger code cache with -XX:ReservedCodeCacheSize=
#   JVM is running with Zero Based Compressed Oops mode in which the Java heap is
#     placed in the first 32GB address space. The Java Heap base address is the
#     maximum limit for the native heap growth. Please use -XX:HeapBaseMinAddress
#     to set the Java Heap base and to place the Java Heap above 32GB virtual address.
# This output file may be truncated or incomplete.
#
#  Out of Memory Error (os_windows.cpp:3703), pid=10748, tid=22256
#
# JRE version: Java(TM) SE Runtime Environment (23.0+37) (build 23+37-2369)
# Java VM: Java HotSpot(TM) 64-Bit Server VM (23+37-2369, mixed mode, sharing, tiered, compressed oops, compressed class ptrs, g1 gc, windows-amd64)
# No core dump will be written. Minidumps are not enabled by default on client versions of Windows
#

---------------  S U M M A R Y ------------

Command Line: --module-path=C:\Users\malek\.m2\repository\org\openjfx\javafx-base\23.0.1\javafx-base-23.0.1-win.jar;C:\Users\malek\.m2\repository\org\openjfx\javafx-base\23.0.1\javafx-base-23.0.1.jar;C:\Users\malek\.m2\repository\org\openjfx\javafx-controls\23.0.1\javafx-controls-23.0.1-win.jar;C:\Users\malek\.m2\repository\org\openjfx\javafx-controls\23.0.1\javafx-controls-23.0.1.jar;C:\Users\malek\.m2\repository\org\openjfx\javafx-fxml\23.0.1\javafx-fxml-23.0.1-win.jar;C:\Users\malek\.m2\repository\org\openjfx\javafx-fxml\23.0.1\javafx-fxml-23.0.1.jar;C:\Users\malek\.m2\repository\org\openjfx\javafx-graphics\23.0.1\javafx-graphics-23.0.1-win.jar;C:\Users\malek\.m2\repository\org\openjfx\javafx-graphics\23.0.1\javafx-graphics-23.0.1.jar --add-modules=javafx.base,javafx.controls,javafx.fxml,javafx.graphics edu.pidev3a32.tests.MainFx

Host: 11th Gen Intel(R) Core(TM) i7-11370H @ 3.30GHz, 8 cores, 15G,  Windows 11 , 64 bit Build 22621 (10.0.22621.4830)
Time: Tue Feb 18 23:47:12 2025 Paris, Madrid elapsed time: 32.405173 seconds (0d 0h 0m 32s)

---------------  T H R E A D  ---------------

Current thread (0x0000024dc5b3d880):  VMThread "VM Thread"          [id=22256, stack(0x000000aa84e00000,0x000000aa84f00000) (1024K)]

Stack: [0x000000aa84e00000,0x000000aa84f00000]
Native frames: (J=compiled Java code, j=interpreted, Vv=VM code, C=native code)
V  [jvm.dll+0x6e08a9]  (no source info available)
V  [jvm.dll+0x87da63]  (no source info available)
V  [jvm.dll+0x87feee]  (no source info available)
V  [jvm.dll+0x8805c3]  (no source info available)
V  [jvm.dll+0x27aee6]  (no source info available)
V  [jvm.dll+0x6dd1b5]  (no source info available)
V  [jvm.dll+0x6d103a]  (no source info available)
V  [jvm.dll+0x35b3ea]  (no source info available)
V  [jvm.dll+0x3637f6]  (no source info available)
V  [jvm.dll+0x34fd5e]  (no source info available)
V  [jvm.dll+0x34fff8]  (no source info available)
V  [jvm.dll+0x3289cc]  (no source info available)
V  [jvm.dll+0x32b3b9]  (no source info available)
V  [jvm.dll+0x335f74]  (no source info available)
V  [jvm.dll+0x372d55]  (no source info available)
V  [jvm.dll+0x886500]  (no source info available)
V  [jvm.dll+0x887827]  (no source info available)
V  [jvm.dll+0x887d58]  (no source info available)
V  [jvm.dll+0x887ff3]  (no source info available)
V  [jvm.dll+0x824f1b]  (no source info available)
V  [jvm.dll+0x6df055]  (no source info available)
C  [ucrtbase.dll+0x29333]  (no source info available)
C  [KERNEL32.DLL+0x1259d]  (no source info available)
C  [ntdll.dll+0x5af38]  (no source info available)

VM_Operation (0x000000aa849ffb10): G1PauseRemark, mode: safepoint, requested by thread 0x0000024da683c950


---------------  P R O C E S S  ---------------

Threads class SMR info:
_java_thread_list=0x0000024e11c0c140, length=19, elements={
0x0000024da4525d00, 0x0000024dc5b598b0, 0x0000024dc5b5a8c0, 0x0000024dc5b5e9f0,
0x0000024dc5b63510, 0x0000024dc5b61ad0, 0x0000024dc5b62160, 0x0000024dc5b745a0,
0x0000024dc5b7a820, 0x0000024dc5b64f50, 0x0000024dc5b627f0, 0x0000024dc5b62e80,
0x0000024dc5b63ba0, 0x0000024dc5b64230, 0x0000024dc5b648c0, 0x0000024e0b8e8870,
0x0000024e0b8e5a80, 0x0000024e0b8e74c0, 0x0000024e0b8e67a0
}

Java Threads: ( => current thread )
  0x0000024da4525d00 JavaThread "main"                              [_thread_blocked, id=21308, stack(0x000000aa84700000,0x000000aa84800000) (1024K)]
  0x0000024dc5b598b0 JavaThread "Reference Handler"          daemon [_thread_blocked, id=8040, stack(0x000000aa84f00000,0x000000aa85000000) (1024K)]
  0x0000024dc5b5a8c0 JavaThread "Finalizer"                  daemon [_thread_blocked, id=15212, stack(0x000000aa85000000,0x000000aa85100000) (1024K)]
  0x0000024dc5b5e9f0 JavaThread "Signal Dispatcher"          daemon [_thread_blocked, id=20176, stack(0x000000aa85100000,0x000000aa85200000) (1024K)]
  0x0000024dc5b63510 JavaThread "Attach Listener"            daemon [_thread_blocked, id=2812, stack(0x000000aa85200000,0x000000aa85300000) (1024K)]
  0x0000024dc5b61ad0 JavaThread "Service Thread"             daemon [_thread_blocked, id=3972, stack(0x000000aa85300000,0x000000aa85400000) (1024K)]
  0x0000024dc5b62160 JavaThread "Monitor Deflation Thread"   daemon [_thread_blocked, id=10696, stack(0x000000aa85400000,0x000000aa85500000) (1024K)]
  0x0000024dc5b745a0 JavaThread "C2 CompilerThread0"         daemon [_thread_blocked, id=2524, stack(0x000000aa85500000,0x000000aa85600000) (1024K)]
  0x0000024dc5b7a820 JavaThread "C1 CompilerThread0"         daemon [_thread_blocked, id=10716, stack(0x000000aa85600000,0x000000aa85700000) (1024K)]
  0x0000024dc5b64f50 JavaThread "Common-Cleaner"             daemon [_thread_blocked, id=19920, stack(0x000000aa85700000,0x000000aa85800000) (1024K)]
  0x0000024dc5b627f0 JavaThread "Notification Thread"        daemon [_thread_blocked, id=6396, stack(0x000000aa85a00000,0x000000aa85b00000) (1024K)]
  0x0000024dc5b62e80 JavaThread "QuantumRenderer-0"          daemon [_thread_blocked, id=8012, stack(0x000000aa85b00000,0x000000aa85c00000) (1024K)]
  0x0000024dc5b63ba0 JavaThread "InvokeLaterDispatcher"      daemon [_thread_blocked, id=3612, stack(0x000000aa85c00000,0x000000aa85d00000) (1024K)]
  0x0000024dc5b64230 JavaThread "JavaFX Application Thread"         [_thread_blocked, id=5916, stack(0x000000aa85d00000,0x000000aa85e00000) (1024K)]
  0x0000024dc5b648c0 JavaThread "JavaFX-Launcher"                   [_thread_blocked, id=11228, stack(0x000000aa86200000,0x000000aa86300000) (1024K)]
  0x0000024e0b8e8870 JavaThread "Thread-2"                   daemon [_thread_blocked, id=22248, stack(0x000000aa86100000,0x000000aa86200000) (1024K)]
  0x0000024e0b8e5a80 JavaThread "Prism Font Disposer"        daemon [_thread_blocked, id=18672, stack(0x000000aa86d00000,0x000000aa86e00000) (1024K)]
  0x0000024e0b8e74c0 JavaThread "Cleaner-0"                  daemon [_thread_blocked, id=13636, stack(0x000000aa85900000,0x000000aa85a00000) (1024K)]
  0x0000024e0b8e67a0 JavaThread "mysql-cj-abandoned-connection-cleanup" daemon [_thread_blocked, id=10776, stack(0x000000aa85800000,0x000000aa85900000) (1024K)]
Total: 19

Other Threads:
=>0x0000024dc5b3d880 VMThread "VM Thread"                           [id=22256, stack(0x000000aa84e00000,0x000000aa84f00000) (1024K)]
  0x0000024da67b6310 WatcherThread "VM Periodic Task Thread"        [id=19988, stack(0x000000aa84d00000,0x000000aa84e00000) (1024K)]
  0x0000024da6827c40 WorkerThread "GC Thread#0"                     [id=18804, stack(0x000000aa84800000,0x000000aa84900000) (1024K)]
  0x0000024e0b93f7e0 WorkerThread "GC Thread#1"                     [id=17240, stack(0x000000aa86300000,0x000000aa86400000) (1024K)]
  0x0000024e0b93fb90 WorkerThread "GC Thread#2"                     [id=21368, stack(0x000000aa86400000,0x000000aa86500000) (1024K)]
  0x0000024e0b9519c0 WorkerThread "GC Thread#3"                     [id=7140, stack(0x000000aa86500000,0x000000aa86600000) (1024K)]
  0x0000024e0b951d70 WorkerThread "GC Thread#4"                     [id=6100, stack(0x000000aa86600000,0x000000aa86700000) (1024K)]
  0x0000024e0b952530 WorkerThread "GC Thread#5"                     [id=10456, stack(0x000000aa86700000,0x000000aa86800000) (1024K)]
  0x0000024e1106d790 WorkerThread "GC Thread#6"                     [id=8472, stack(0x000000aa86800000,0x000000aa86900000) (1024K)]
  0x0000024e111ad720 WorkerThread "GC Thread#7"                     [id=21456, stack(0x000000aa86900000,0x000000aa86a00000) (1024K)]
  0x0000024da683c950 ConcurrentGCThread "G1 Main Marker"            [id=11124, stack(0x000000aa84900000,0x000000aa84a00000) (1024K)]
  0x0000024da683d460 WorkerThread "G1 Conc#0"                       [id=14452, stack(0x000000aa84a00000,0x000000aa84b00000) (1024K)]
  0x0000024e111acc10 WorkerThread "G1 Conc#1"                       [id=21040, stack(0x000000aa86e00000,0x000000aa86f00000) (1024K)]
  0x0000024dc59fb1e0 ConcurrentGCThread "G1 Refine#0"               [id=20592, stack(0x000000aa84b00000,0x000000aa84c00000) (1024K)]
  0x0000024dc59fbd60 ConcurrentGCThread "G1 Service"                [id=11092, stack(0x000000aa84c00000,0x000000aa84d00000) (1024K)]
Total: 15

Threads with active compile tasks:
C1 CompilerThread0  32431 5303       3       com.sun.org.apache.xerces.internal.impl.XMLScanner::scanAttributeValue (943 bytes)
Total: 1

VM state: at safepoint (normal execution)

VM Mutex/Monitor currently owned by a thread:  ([mutex/lock_event])
[0x00007fff93e83910] Threads_lock - owner thread: 0x0000024dc5b3d880
[0x00007fff93e83a10] Heap_lock - owner thread: 0x0000024da683c950

Heap address: 0x0000000703e00000, size: 4034 MB, Compressed Oops mode: Zero based, Oop shift amount: 3

CDS archive(s) mapped at: [0x0000024dc6000000-0x0000024dc6d70000-0x0000024dc6d70000), size 14090240, SharedBaseAddress: 0x0000024dc6000000, ArchiveRelocationMode: 1.
Compressed class space mapped at: 0x0000024dc7000000-0x0000024e07000000, reserved size: 1073741824
Narrow klass base: 0x0000024dc6000000, Narrow klass shift: 0, Narrow klass range: 0x41000000

GC Precious Log:
 CardTable entry size: 512
 Card Set container configuration: InlinePtr #cards 4 size 8 Array Of Cards #cards 16 size 48 Howl #buckets 8 coarsen threshold 3686 Howl Bitmap #cards 512 size 80 coarsen threshold 460 Card regions per heap region 1 cards per card region 4096
 CPUs: 8 total, 8 available
 Memory: 16129M
 Large Page Support: Disabled
 NUMA Support: Disabled
 Compressed Oops: Enabled (Zero based)
 Heap Region Size: 2M
 Heap Min Capacity: 8M
 Heap Initial Capacity: 254M
 Heap Max Capacity: 4034M
 Pre-touch: Disabled
 Parallel Workers: 8
 Concurrent Workers: 2
 Concurrent Refinement Workers: 8
 Periodic GC: Disabled

Heap:
 garbage-first heap   total reserved 4130816K, committed 606208K, used 445262K [0x0000000703e00000, 0x0000000800000000)
  region size 2048K, 5 young (10240K), 4 survivors (8192K)
 Metaspace       used 23285K, committed 23680K, reserved 1114112K
  class space    used 3350K, committed 3520K, reserved 1048576K

Heap Regions: E=young(eden), S=young(survivor), O=old, HS=humongous(starts), HC=humongous(continues), CS=collection set, F=free, TAMS=top-at-mark-start, PB=parsable bottom
|   0|0x0000000703e00000, 0x0000000704000000, 0x0000000704000000|100%| O|  |TAMS 0x0000000704000000| PB 0x0000000704000000| Untracked |  0
|   1|0x0000000704000000, 0x0000000704200000, 0x0000000704200000|100%| O|  |TAMS 0x0000000704200000| PB 0x0000000704200000| Untracked |  0
|   2|0x0000000704200000, 0x0000000704400000, 0x0000000704400000|100%|HS|  |TAMS 0x0000000704400000| PB 0x0000000704200000| Complete |  0
|   3|0x0000000704400000, 0x0000000704600000, 0x0000000704600000|100%|HC|  |TAMS 0x0000000704600000| PB 0x0000000704400000| Complete |  0
|   4|0x0000000704600000, 0x0000000704800000, 0x0000000704800000|100%|HC|  |TAMS 0x0000000704800000| PB 0x0000000704600000| Complete |  0
|   5|0x0000000704800000, 0x0000000704a00000, 0x0000000704a00000|100%|HC|  |TAMS 0x0000000704a00000| PB 0x0000000704800000| Complete |  0
|   6|0x0000000704a00000, 0x0000000704c00000, 0x0000000704c00000|100%|HC|  |TAMS 0x0000000704c00000| PB 0x0000000704a00000| Complete |  0
|   7|0x0000000704c00000, 0x0000000704e00000, 0x0000000704e00000|100%|HC|  |TAMS 0x0000000704e00000| PB 0x0000000704c00000| Complete |  0
|   8|0x0000000704e00000, 0x0000000705000000, 0x0000000705000000|100%|HC|  |TAMS 0x0000000705000000| PB 0x0000000704e00000| Complete |  0
|   9|0x0000000705000000, 0x0000000705200000, 0x0000000705200000|100%|HC|  |TAMS 0x0000000705200000| PB 0x0000000705000000| Complete |  0
|  10|0x0000000705200000, 0x0000000705400000, 0x0000000705400000|100%|HC|  |TAMS 0x0000000705400000| PB 0x0000000705200000| Complete |  0
|  11|0x0000000705400000, 0x0000000705600000, 0x0000000705600000|100%|HC|  |TAMS 0x0000000705600000| PB 0x0000000705400000| Complete |  0
|  12|0x0000000705600000, 0x0000000705800000, 0x0000000705800000|100%|HC|  |TAMS 0x0000000705800000| PB 0x0000000705600000| Complete |  0
|  13|0x0000000705800000, 0x0000000705a00000, 0x0000000705a00000|100%|HC|  |TAMS 0x0000000705a00000| PB 0x0000000705800000| Complete |  0
|  14|0x0000000705a00000, 0x0000000705c00000, 0x0000000705c00000|100%|HC|  |TAMS 0x0000000705c00000| PB 0x0000000705a00000| Complete |  0
|  15|0x0000000705c00000, 0x0000000705e00000, 0x0000000705e00000|100%|HC|  |TAMS 0x0000000705e00000| PB 0x0000000705c00000| Complete |  0
|  16|0x0000000705e00000, 0x0000000706000000, 0x0000000706000000|100%|HC|  |TAMS 0x0000000706000000| PB 0x0000000705e00000| Complete |  0
|  17|0x0000000706000000, 0x0000000706200000, 0x0000000706200000|100%|HC|  |TAMS 0x0000000706200000| PB 0x0000000706000000| Complete |  0
|  18|0x0000000706200000, 0x0000000706400000, 0x0000000706400000|100%|HC|  |TAMS 0x0000000706400000| PB 0x0000000706200000| Complete |  0
|  19|0x0000000706400000, 0x0000000706600000, 0x0000000706600000|100%|HC|  |TAMS 0x0000000706600000| PB 0x0000000706400000| Complete |  0
|  20|0x0000000706600000, 0x0000000706800000, 0x0000000706800000|100%|HC|  |TAMS 0x0000000706800000| PB 0x0000000706600000| Complete |  0
|  21|0x0000000706800000, 0x0000000706a00000, 0x0000000706a00000|100%|HC|  |TAMS 0x0000000706a00000| PB 0x0000000706800000| Complete |  0
|  22|0x0000000706a00000, 0x0000000706c00000, 0x0000000706c00000|100%|HC|  |TAMS 0x0000000706c00000| PB 0x0000000706a00000| Complete |  0
|  23|0x0000000706c00000, 0x0000000706e00000, 0x0000000706e00000|100%|HC|  |TAMS 0x0000000706e00000| PB 0x0000000706c00000| Complete |  0
|  24|0x0000000706e00000, 0x0000000707000000, 0x0000000707000000|100%|HC|  |TAMS 0x0000000707000000| PB 0x0000000706e00000| Complete |  0
|  25|0x0000000707000000, 0x0000000707200000, 0x0000000707200000|100%|HC|  |TAMS 0x0000000707200000| PB 0x0000000707000000| Complete |  0
|  26|0x0000000707200000, 0x0000000707400000, 0x0000000707400000|100%|HC|  |TAMS 0x0000000707400000| PB 0x0000000707200000| Complete |  0
|  27|0x0000000707400000, 0x0000000707600000, 0x0000000707600000|100%|HC|  |TAMS 0x0000000707600000| PB 0x0000000707400000| Complete |  0
|  28|0x0000000707600000, 0x0000000707800000, 0x0000000707800000|100%|HC|  |TAMS 0x0000000707800000| PB 0x0000000707600000| Complete |  0
|  29|0x0000000707800000, 0x0000000707a00000, 0x0000000707a00000|100%|HC|  |TAMS 0x0000000707a00000| PB 0x0000000707800000| Complete |  0
|  30|0x0000000707a00000, 0x0000000707c00000, 0x0000000707c00000|100%|HC|  |TAMS 0x0000000707c00000| PB 0x0000000707a00000| Complete |  0
|  31|0x0000000707c00000, 0x0000000707e00000, 0x0000000707e00000|100%|HC|  |TAMS 0x0000000707e00000| PB 0x0000000707c00000| Complete |  0
|  32|0x0000000707e00000, 0x0000000708000000, 0x0000000708000000|100%|HC|  |TAMS 0x0000000708000000| PB 0x0000000707e00000| Complete |  0
|  33|0x0000000708000000, 0x0000000708200000, 0x0000000708200000|100%|HC|  |TAMS 0x0000000708200000| PB 0x0000000708000000| Complete |  0
|  34|0x0000000708200000, 0x0000000708400000, 0x0000000708400000|100%|HC|  |TAMS 0x0000000708400000| PB 0x0000000708200000| Complete |  0
|  35|0x0000000708400000, 0x0000000708600000, 0x0000000708600000|100%|HC|  |TAMS 0x0000000708600000| PB 0x0000000708400000| Complete |  0
|  36|0x0000000708600000, 0x0000000708800000, 0x0000000708800000|100%|HC|  |TAMS 0x0000000708800000| PB 0x0000000708600000| Complete |  0
|  37|0x0000000708800000, 0x0000000708a00000, 0x0000000708a00000|100%|HC|  |TAMS 0x0000000708a00000| PB 0x0000000708800000| Complete |  0
|  38|0x0000000708a00000, 0x0000000708c00000, 0x0000000708c00000|100%|HC|  |TAMS 0x0000000708c00000| PB 0x0000000708a00000| Complete |  0
|  39|0x0000000708c00000, 0x0000000708e00000, 0x0000000708e00000|100%|HC|  |TAMS 0x0000000708e00000| PB 0x0000000708c00000| Complete |  0
|  40|0x0000000708e00000, 0x0000000709000000, 0x0000000709000000|100%|HC|  |TAMS 0x0000000709000000| PB 0x0000000708e00000| Complete |  0
|  41|0x0000000709000000, 0x0000000709200000, 0x0000000709200000|100%|HC|  |TAMS 0x0000000709200000| PB 0x0000000709000000| Complete |  0
|  42|0x0000000709200000, 0x0000000709400000, 0x0000000709400000|100%|HC|  |TAMS 0x0000000709400000| PB 0x0000000709200000| Complete |  0
|  43|0x0000000709400000, 0x0000000709600000, 0x0000000709600000|100%|HC|  |TAMS 0x0000000709600000| PB 0x0000000709400000| Complete |  0
|  44|0x0000000709600000, 0x0000000709800000, 0x0000000709800000|100%|HC|  |TAMS 0x0000000709800000| PB 0x0000000709600000| Complete |  0
|  45|0x0000000709800000, 0x0000000709a00000, 0x0000000709a00000|100%|HC|  |TAMS 0x0000000709a00000| PB 0x0000000709800000| Complete |  0
|  46|0x0000000709a00000, 0x0000000709c00000, 0x0000000709c00000|100%|HC|  |TAMS 0x0000000709c00000| PB 0x0000000709a00000| Complete |  0
|  47|0x0000000709c00000, 0x0000000709e00000, 0x0000000709e00000|100%|HC|  |TAMS 0x0000000709e00000| PB 0x0000000709c00000| Complete |  0
|  48|0x0000000709e00000, 0x000000070a000000, 0x000000070a000000|100%|HC|  |TAMS 0x000000070a000000| PB 0x0000000709e00000| Complete |  0
|  49|0x000000070a000000, 0x000000070a200000, 0x000000070a200000|100%|HC|  |TAMS 0x000000070a200000| PB 0x000000070a000000| Complete |  0
|  50|0x000000070a200000, 0x000000070a400000, 0x000000070a400000|100%|HC|  |TAMS 0x000000070a400000| PB 0x000000070a200000| Complete |  0
|  51|0x000000070a400000, 0x000000070a600000, 0x000000070a600000|100%|HC|  |TAMS 0x000000070a600000| PB 0x000000070a400000| Complete |  0
|  52|0x000000070a600000, 0x000000070a800000, 0x000000070a800000|100%|HC|  |TAMS 0x000000070a800000| PB 0x000000070a600000| Complete |  0
|  53|0x000000070a800000, 0x000000070aa00000, 0x000000070aa00000|100%|HC|  |TAMS 0x000000070aa00000| PB 0x000000070a800000| Complete |  0
|  54|0x000000070aa00000, 0x000000070ac00000, 0x000000070ac00000|100%|HC|  |TAMS 0x000000070ac00000| PB 0x000000070aa00000| Complete |  0
|  55|0x000000070ac00000, 0x000000070ae00000, 0x000000070ae00000|100%|HC|  |TAMS 0x000000070ae00000| PB 0x000000070ac00000| Complete |  0
|  56|0x000000070ae00000, 0x000000070b000000, 0x000000070b000000|100%|HC|  |TAMS 0x000000070b000000| PB 0x000000070ae00000| Complete |  0
|  57|0x000000070b000000, 0x000000070b200000, 0x000000070b200000|100%|HC|  |TAMS 0x000000070b200000| PB 0x000000070b000000| Complete |  0
|  58|0x000000070b200000, 0x000000070b400000, 0x000000070b400000|100%|HC|  |TAMS 0x000000070b400000| PB 0x000000070b200000| Complete |  0
|  59|0x000000070b400000, 0x000000070b600000, 0x000000070b600000|100%|HC|  |TAMS 0x000000070b600000| PB 0x000000070b400000| Complete |  0
|  60|0x000000070b600000, 0x000000070b800000, 0x000000070b800000|100%|HC|  |TAMS 0x000000070b800000| PB 0x000000070b600000| Complete |  0
|  61|0x000000070b800000, 0x000000070ba00000, 0x000000070ba00000|100%|HC|  |TAMS 0x000000070ba00000| PB 0x000000070b800000| Complete |  0
|  62|0x000000070ba00000, 0x000000070bc00000, 0x000000070bc00000|100%|HC|  |TAMS 0x000000070bc00000| PB 0x000000070ba00000| Complete |  0
|  63|0x000000070bc00000, 0x000000070be00000, 0x000000070be00000|100%|HC|  |TAMS 0x000000070be00000| PB 0x000000070bc00000| Complete |  0
|  64|0x000000070be00000, 0x000000070c000000, 0x000000070c000000|100%|HC|  |TAMS 0x000000070c000000| PB 0x000000070be00000| Complete |  0
|  65|0x000000070c000000, 0x000000070c200000, 0x000000070c200000|100%|HC|  |TAMS 0x000000070c200000| PB 0x000000070c000000| Complete |  0
|  66|0x000000070c200000, 0x000000070c400000, 0x000000070c400000|100%|HC|  |TAMS 0x000000070c400000| PB 0x000000070c200000| Complete |  0
|  67|0x000000070c400000, 0x000000070c600000, 0x000000070c600000|100%|HC|  |TAMS 0x000000070c600000| PB 0x000000070c400000| Complete |  0
|  68|0x000000070c600000, 0x000000070c800000, 0x000000070c800000|100%|HC|  |TAMS 0x000000070c800000| PB 0x000000070c600000| Complete |  0
|  69|0x000000070c800000, 0x000000070ca00000, 0x000000070ca00000|100%|HC|  |TAMS 0x000000070ca00000| PB 0x000000070c800000| Complete |  0
|  70|0x000000070ca00000, 0x000000070cc00000, 0x000000070cc00000|100%|HC|  |TAMS 0x000000070cc00000| PB 0x000000070ca00000| Complete |  0
|  71|0x000000070cc00000, 0x000000070ce00000, 0x000000070ce00000|100%|HC|  |TAMS 0x000000070ce00000| PB 0x000000070cc00000| Complete |  0
|  72|0x000000070ce00000, 0x000000070d000000, 0x000000070d000000|100%|HS|  |TAMS 0x000000070d000000| PB 0x000000070ce00000| Complete |  0
|  73|0x000000070d000000, 0x000000070d15ad40, 0x000000070d200000| 67%| O|  |TAMS 0x000000070d15ad40| PB 0x000000070d15ad40| Untracked |  0
|  74|0x000000070d200000, 0x000000070d200000, 0x000000070d400000|  0%| F|  |TAMS 0x000000070d200000| PB 0x000000070d200000| Untracked |  0
|  75|0x000000070d400000, 0x000000070d400000, 0x000000070d600000|  0%| F|  |TAMS 0x000000070d400000| PB 0x000000070d400000| Untracked |  0
|  76|0x000000070d600000, 0x000000070d600000, 0x000000070d800000|  0%| F|  |TAMS 0x000000070d600000| PB 0x000000070d600000| Untracked |  0
|  77|0x000000070d800000, 0x000000070d800000, 0x000000070da00000|  0%| F|  |TAMS 0x000000070d800000| PB 0x000000070d800000| Untracked |  0
|  78|0x000000070da00000, 0x000000070da00000, 0x000000070dc00000|  0%| F|  |TAMS 0x000000070da00000| PB 0x000000070da00000| Untracked |  0
|  79|0x000000070dc00000, 0x000000070dc00000, 0x000000070de00000|  0%| F|  |TAMS 0x000000070dc00000| PB 0x000000070dc00000| Untracked |  0
|  80|0x000000070de00000, 0x000000070de00000, 0x000000070e000000|  0%| F|  |TAMS 0x000000070de00000| PB 0x000000070de00000| Untracked |  0
|  81|0x000000070e000000, 0x000000070e000000, 0x000000070e200000|  0%| F|  |TAMS 0x000000070e000000| PB 0x000000070e000000| Untracked |  0
|  82|0x000000070e200000, 0x000000070e200000, 0x000000070e400000|  0%| F|  |TAMS 0x000000070e200000| PB 0x000000070e200000| Untracked |  0
|  83|0x000000070e400000, 0x000000070e400000, 0x000000070e600000|  0%| F|  |TAMS 0x000000070e400000| PB 0x000000070e400000| Untracked |  0
|  84|0x000000070e600000, 0x000000070e600000, 0x000000070e800000|  0%| F|  |TAMS 0x000000070e600000| PB 0x000000070e600000| Untracked |  0
|  85|0x000000070e800000, 0x000000070e800000, 0x000000070ea00000|  0%| F|  |TAMS 0x000000070e800000| PB 0x000000070e800000| Untracked |  0
|  86|0x000000070ea00000, 0x000000070ea00000, 0x000000070ec00000|  0%| F|  |TAMS 0x000000070ea00000| PB 0x000000070ea00000| Untracked |  0
|  87|0x000000070ec00000, 0x000000070ec00000, 0x000000070ee00000|  0%| F|  |TAMS 0x000000070ec00000| PB 0x000000070ec00000| Untracked |  0
|  88|0x000000070ee00000, 0x000000070ee00000, 0x000000070f000000|  0%| F|  |TAMS 0x000000070ee00000| PB 0x000000070ee00000| Untracked |  0
|  89|0x000000070f000000, 0x000000070f000000, 0x000000070f200000|  0%| F|  |TAMS 0x000000070f000000| PB 0x000000070f000000| Untracked |  0
|  90|0x000000070f200000, 0x000000070f200000, 0x000000070f400000|  0%| F|  |TAMS 0x000000070f200000| PB 0x000000070f200000| Untracked |  0
|  91|0x000000070f400000, 0x000000070f400000, 0x000000070f600000|  0%| F|  |TAMS 0x000000070f400000| PB 0x000000070f400000| Untracked |  0
|  92|0x000000070f600000, 0x000000070f600000, 0x000000070f800000|  0%| F|  |TAMS 0x000000070f600000| PB 0x000000070f600000| Untracked |  0
|  93|0x000000070f800000, 0x000000070f800000, 0x000000070fa00000|  0%| F|  |TAMS 0x000000070f800000| PB 0x000000070f800000| Untracked |  0
|  94|0x000000070fa00000, 0x000000070fa00000, 0x000000070fc00000|  0%| F|  |TAMS 0x000000070fa00000| PB 0x000000070fa00000| Untracked |  0
|  95|0x000000070fc00000, 0x000000070fc00000, 0x000000070fe00000|  0%| F|  |TAMS 0x000000070fc00000| PB 0x000000070fc00000| Untracked |  0
|  96|0x000000070fe00000, 0x000000070fe00000, 0x0000000710000000|  0%| F|  |TAMS 0x000000070fe00000| PB 0x000000070fe00000| Untracked |  0
|  97|0x0000000710000000, 0x0000000710000000, 0x0000000710200000|  0%| F|  |TAMS 0x0000000710000000| PB 0x0000000710000000| Untracked |  0
|  98|0x0000000710200000, 0x0000000710200000, 0x0000000710400000|  0%| F|  |TAMS 0x0000000710200000| PB 0x0000000710200000| Untracked |  0
|  99|0x0000000710400000, 0x0000000710400000, 0x0000000710600000|  0%| F|  |TAMS 0x0000000710400000| PB 0x0000000710400000| Untracked |  0
| 100|0x0000000710600000, 0x0000000710600000, 0x0000000710800000|  0%| F|  |TAMS 0x0000000710600000| PB 0x0000000710600000| Untracked |  0
| 101|0x0000000710800000, 0x0000000710800000, 0x0000000710a00000|  0%| F|  |TAMS 0x0000000710800000| PB 0x0000000710800000| Untracked |  0
| 102|0x0000000710a00000, 0x0000000710a00000, 0x0000000710c00000|  0%| F|  |TAMS 0x0000000710a00000| PB 0x0000000710a00000| Untracked |  0
| 103|0x0000000710c00000, 0x0000000710c00000, 0x0000000710e00000|  0%| F|  |TAMS 0x0000000710c00000| PB 0x0000000710c00000| Untracked |  0
| 104|0x0000000710e00000, 0x0000000710e00000, 0x0000000711000000|  0%| F|  |TAMS 0x0000000710e00000| PB 0x0000000710e00000| Untracked |  0
| 105|0x0000000711000000, 0x0000000711000000, 0x0000000711200000|  0%| F|  |TAMS 0x0000000711000000| PB 0x0000000711000000| Untracked |  0
| 106|0x0000000711200000, 0x0000000711200000, 0x0000000711400000|  0%| F|  |TAMS 0x0000000711200000| PB 0x0000000711200000| Untracked |  0
| 107|0x0000000711400000, 0x0000000711400000, 0x0000000711600000|  0%| F|  |TAMS 0x0000000711400000| PB 0x0000000711400000| Untracked |  0
| 108|0x0000000711600000, 0x0000000711600000, 0x0000000711800000|  0%| F|  |TAMS 0x0000000711600000| PB 0x0000000711600000| Untracked |  0
| 109|0x0000000711800000, 0x0000000711800000, 0x0000000711a00000|  0%| F|  |TAMS 0x0000000711800000| PB 0x0000000711800000| Untracked |  0
| 110|0x0000000711a00000, 0x0000000711a00000, 0x0000000711c00000|  0%| F|  |TAMS 0x0000000711a00000| PB 0x0000000711a00000| Untracked |  0
| 111|0x0000000711c00000, 0x0000000711c00000, 0x0000000711e00000|  0%| F|  |TAMS 0x0000000711c00000| PB 0x0000000711c00000| Untracked |  0
| 112|0x0000000711e00000, 0x0000000711e00000, 0x0000000712000000|  0%| F|  |TAMS 0x0000000711e00000| PB 0x0000000711e00000| Untracked |  0
| 113|0x0000000712000000, 0x0000000712000000, 0x0000000712200000|  0%| F|  |TAMS 0x0000000712000000| PB 0x0000000712000000| Untracked |  0
| 114|0x0000000712200000, 0x0000000712200000, 0x0000000712400000|  0%| F|  |TAMS 0x0000000712200000| PB 0x0000000712200000| Untracked |  0
| 115|0x0000000712400000, 0x0000000712400000, 0x0000000712600000|  0%| F|  |TAMS 0x0000000712400000| PB 0x0000000712400000| Untracked |  0
| 116|0x0000000712600000, 0x0000000712600000, 0x0000000712800000|  0%| F|  |TAMS 0x0000000712600000| PB 0x0000000712600000| Untracked |  0
| 117|0x0000000712800000, 0x0000000712800000, 0x0000000712a00000|  0%| F|  |TAMS 0x0000000712800000| PB 0x0000000712800000| Untracked |  0
| 118|0x0000000712a00000, 0x0000000712a00000, 0x0000000712c00000|  0%| F|  |TAMS 0x0000000712a00000| PB 0x0000000712a00000| Untracked |  0
| 119|0x0000000712c00000, 0x0000000712c00000, 0x0000000712e00000|  0%| F|  |TAMS 0x0000000712c00000| PB 0x0000000712c00000| Untracked |  0
| 120|0x0000000712e00000, 0x0000000712e00000, 0x0000000713000000|  0%| F|  |TAMS 0x0000000712e00000| PB 0x0000000712e00000| Untracked |  0
| 121|0x0000000713000000, 0x0000000713000000, 0x0000000713200000|  0%| F|  |TAMS 0x0000000713000000| PB 0x0000000713000000| Untracked |  0
| 122|0x0000000713200000, 0x0000000713200000, 0x0000000713400000|  0%| F|  |TAMS 0x0000000713200000| PB 0x0000000713200000| Untracked |  0
| 123|0x0000000713400000, 0x0000000713400000, 0x0000000713600000|  0%| F|  |TAMS 0x0000000713400000| PB 0x0000000713400000| Untracked |  0
| 124|0x0000000713600000, 0x0000000713600000, 0x0000000713800000|  0%| F|  |TAMS 0x0000000713600000| PB 0x0000000713600000| Untracked |  0
| 125|0x0000000713800000, 0x0000000713800000, 0x0000000713a00000|  0%| F|  |TAMS 0x0000000713800000| PB 0x0000000713800000| Untracked |  0
| 126|0x0000000713a00000, 0x0000000713a00000, 0x0000000713c00000|  0%| F|  |TAMS 0x0000000713a00000| PB 0x0000000713a00000| Untracked |  0
| 127|0x0000000713c00000, 0x0000000713c00000, 0x0000000713e00000|  0%| F|  |TAMS 0x0000000713c00000| PB 0x0000000713c00000| Untracked |  0
| 128|0x0000000713e00000, 0x0000000714000000, 0x0000000714000000|100%|HS|  |TAMS 0x0000000714000000| PB 0x0000000713e00000| Complete |  0
| 129|0x0000000714000000, 0x0000000714200000, 0x0000000714200000|100%|HC|  |TAMS 0x0000000714200000| PB 0x0000000714000000| Complete |  0
| 130|0x0000000714200000, 0x0000000714400000, 0x0000000714400000|100%|HC|  |TAMS 0x0000000714400000| PB 0x0000000714200000| Complete |  0
| 131|0x0000000714400000, 0x0000000714600000, 0x0000000714600000|100%|HC|  |TAMS 0x0000000714600000| PB 0x0000000714400000| Complete |  0
| 132|0x0000000714600000, 0x0000000714800000, 0x0000000714800000|100%|HC|  |TAMS 0x0000000714800000| PB 0x0000000714600000| Complete |  0
| 133|0x0000000714800000, 0x0000000714a00000, 0x0000000714a00000|100%|HC|  |TAMS 0x0000000714a00000| PB 0x0000000714800000| Complete |  0
| 134|0x0000000714a00000, 0x0000000714c00000, 0x0000000714c00000|100%|HC|  |TAMS 0x0000000714c00000| PB 0x0000000714a00000| Complete |  0
| 135|0x0000000714c00000, 0x0000000714e00000, 0x0000000714e00000|100%|HC|  |TAMS 0x0000000714e00000| PB 0x0000000714c00000| Complete |  0
| 136|0x0000000714e00000, 0x0000000715000000, 0x0000000715000000|100%|HC|  |TAMS 0x0000000715000000| PB 0x0000000714e00000| Complete |  0
| 137|0x0000000715000000, 0x0000000715200000, 0x0000000715200000|100%|HC|  |TAMS 0x0000000715200000| PB 0x0000000715000000| Complete |  0
| 138|0x0000000715200000, 0x0000000715400000, 0x0000000715400000|100%|HC|  |TAMS 0x0000000715400000| PB 0x0000000715200000| Complete |  0
| 139|0x0000000715400000, 0x0000000715600000, 0x0000000715600000|100%|HC|  |TAMS 0x0000000715600000| PB 0x0000000715400000| Complete |  0
| 140|0x0000000715600000, 0x0000000715800000, 0x0000000715800000|100%|HC|  |TAMS 0x0000000715800000| PB 0x0000000715600000| Complete |  0
| 141|0x0000000715800000, 0x0000000715a00000, 0x0000000715a00000|100%|HC|  |TAMS 0x0000000715a00000| PB 0x0000000715800000| Complete |  0
| 142|0x0000000715a00000, 0x0000000715c00000, 0x0000000715c00000|100%|HC|  |TAMS 0x0000000715c00000| PB 0x0000000715a00000| Complete |  0
| 143|0x0000000715c00000, 0x0000000715e00000, 0x0000000715e00000|100%|HC|  |TAMS 0x0000000715e00000| PB 0x0000000715c00000| Complete |  0
| 144|0x0000000715e00000, 0x0000000716000000, 0x0000000716000000|100%|HC|  |TAMS 0x0000000716000000| PB 0x0000000715e00000| Complete |  0
| 145|0x0000000716000000, 0x0000000716200000, 0x0000000716200000|100%|HC|  |TAMS 0x0000000716200000| PB 0x0000000716000000| Complete |  0
| 146|0x0000000716200000, 0x0000000716400000, 0x0000000716400000|100%|HC|  |TAMS 0x0000000716400000| PB 0x0000000716200000| Complete |  0
| 147|0x0000000716400000, 0x0000000716600000, 0x0000000716600000|100%|HC|  |TAMS 0x0000000716600000| PB 0x0000000716400000| Complete |  0
| 148|0x0000000716600000, 0x0000000716800000, 0x0000000716800000|100%|HC|  |TAMS 0x0000000716800000| PB 0x0000000716600000| Complete |  0
| 149|0x0000000716800000, 0x0000000716a00000, 0x0000000716a00000|100%|HC|  |TAMS 0x0000000716a00000| PB 0x0000000716800000| Complete |  0
| 150|0x0000000716a00000, 0x0000000716c00000, 0x0000000716c00000|100%|HC|  |TAMS 0x0000000716c00000| PB 0x0000000716a00000| Complete |  0
| 151|0x0000000716c00000, 0x0000000716e00000, 0x0000000716e00000|100%|HC|  |TAMS 0x0000000716e00000| PB 0x0000000716c00000| Complete |  0
| 152|0x0000000716e00000, 0x0000000717000000, 0x0000000717000000|100%|HC|  |TAMS 0x0000000717000000| PB 0x0000000716e00000| Complete |  0
| 153|0x0000000717000000, 0x0000000717200000, 0x0000000717200000|100%|HC|  |TAMS 0x0000000717200000| PB 0x0000000717000000| Complete |  0
| 154|0x0000000717200000, 0x0000000717400000, 0x0000000717400000|100%|HC|  |TAMS 0x0000000717400000| PB 0x0000000717200000| Complete |  0
| 155|0x0000000717400000, 0x0000000717600000, 0x0000000717600000|100%|HC|  |TAMS 0x0000000717600000| PB 0x0000000717400000| Complete |  0
| 156|0x0000000717600000, 0x0000000717800000, 0x0000000717800000|100%|HC|  |TAMS 0x0000000717800000| PB 0x0000000717600000| Complete |  0
| 157|0x0000000717800000, 0x0000000717a00000, 0x0000000717a00000|100%|HC|  |TAMS 0x0000000717a00000| PB 0x0000000717800000| Complete |  0
| 158|0x0000000717a00000, 0x0000000717c00000, 0x0000000717c00000|100%|HC|  |TAMS 0x0000000717c00000| PB 0x0000000717a00000| Complete |  0
| 159|0x0000000717c00000, 0x0000000717e00000, 0x0000000717e00000|100%|HC|  |TAMS 0x0000000717e00000| PB 0x0000000717c00000| Complete |  0
| 160|0x0000000717e00000, 0x0000000718000000, 0x0000000718000000|100%|HC|  |TAMS 0x0000000718000000| PB 0x0000000717e00000| Complete |  0
| 161|0x0000000718000000, 0x0000000718200000, 0x0000000718200000|100%|HC|  |TAMS 0x0000000718200000| PB 0x0000000718000000| Complete |  0
| 162|0x0000000718200000, 0x0000000718400000, 0x0000000718400000|100%|HC|  |TAMS 0x0000000718400000| PB 0x0000000718200000| Complete |  0
| 163|0x0000000718400000, 0x0000000718600000, 0x0000000718600000|100%|HC|  |TAMS 0x0000000718600000| PB 0x0000000718400000| Complete |  0
| 164|0x0000000718600000, 0x0000000718800000, 0x0000000718800000|100%|HC|  |TAMS 0x0000000718800000| PB 0x0000000718600000| Complete |  0
| 165|0x0000000718800000, 0x0000000718a00000, 0x0000000718a00000|100%|HC|  |TAMS 0x0000000718a00000| PB 0x0000000718800000| Complete |  0
| 166|0x0000000718a00000, 0x0000000718c00000, 0x0000000718c00000|100%|HC|  |TAMS 0x0000000718c00000| PB 0x0000000718a00000| Complete |  0
| 167|0x0000000718c00000, 0x0000000718e00000, 0x0000000718e00000|100%|HC|  |TAMS 0x0000000718e00000| PB 0x0000000718c00000| Complete |  0
| 168|0x0000000718e00000, 0x0000000719000000, 0x0000000719000000|100%|HC|  |TAMS 0x0000000719000000| PB 0x0000000718e00000| Complete |  0
| 169|0x0000000719000000, 0x0000000719200000, 0x0000000719200000|100%|HC|  |TAMS 0x0000000719200000| PB 0x0000000719000000| Complete |  0
| 170|0x0000000719200000, 0x0000000719400000, 0x0000000719400000|100%|HC|  |TAMS 0x0000000719400000| PB 0x0000000719200000| Complete |  0
| 171|0x0000000719400000, 0x0000000719600000, 0x0000000719600000|100%|HC|  |TAMS 0x0000000719600000| PB 0x0000000719400000| Complete |  0
| 172|0x0000000719600000, 0x0000000719800000, 0x0000000719800000|100%|HC|  |TAMS 0x0000000719800000| PB 0x0000000719600000| Complete |  0
| 173|0x0000000719800000, 0x0000000719a00000, 0x0000000719a00000|100%|HC|  |TAMS 0x0000000719a00000| PB 0x0000000719800000| Complete |  0
| 174|0x0000000719a00000, 0x0000000719c00000, 0x0000000719c00000|100%|HC|  |TAMS 0x0000000719c00000| PB 0x0000000719a00000| Complete |  0
| 175|0x0000000719c00000, 0x0000000719e00000, 0x0000000719e00000|100%|HC|  |TAMS 0x0000000719e00000| PB 0x0000000719c00000| Complete |  0
| 176|0x0000000719e00000, 0x000000071a000000, 0x000000071a000000|100%|HC|  |TAMS 0x000000071a000000| PB 0x0000000719e00000| Complete |  0
| 177|0x000000071a000000, 0x000000071a200000, 0x000000071a200000|100%|HC|  |TAMS 0x000000071a200000| PB 0x000000071a000000| Complete |  0
| 178|0x000000071a200000, 0x000000071a400000, 0x000000071a400000|100%|HC|  |TAMS 0x000000071a400000| PB 0x000000071a200000| Complete |  0
| 179|0x000000071a400000, 0x000000071a600000, 0x000000071a600000|100%|HC|  |TAMS 0x000000071a600000| PB 0x000000071a400000| Complete |  0
| 180|0x000000071a600000, 0x000000071a800000, 0x000000071a800000|100%|HC|  |TAMS 0x000000071a800000| PB 0x000000071a600000| Complete |  0
| 181|0x000000071a800000, 0x000000071aa00000, 0x000000071aa00000|100%|HC|  |TAMS 0x000000071aa00000| PB 0x000000071a800000| Complete |  0
| 182|0x000000071aa00000, 0x000000071ac00000, 0x000000071ac00000|100%|HC|  |TAMS 0x000000071ac00000| PB 0x000000071aa00000| Complete |  0
| 183|0x000000071ac00000, 0x000000071ae00000, 0x000000071ae00000|100%|HC|  |TAMS 0x000000071ae00000| PB 0x000000071ac00000| Complete |  0
| 184|0x000000071ae00000, 0x000000071b000000, 0x000000071b000000|100%|HC|  |TAMS 0x000000071b000000| PB 0x000000071ae00000| Complete |  0
| 185|0x000000071b000000, 0x000000071b200000, 0x000000071b200000|100%|HC|  |TAMS 0x000000071b200000| PB 0x000000071b000000| Complete |  0
| 186|0x000000071b200000, 0x000000071b400000, 0x000000071b400000|100%|HC|  |TAMS 0x000000071b400000| PB 0x000000071b200000| Complete |  0
| 187|0x000000071b400000, 0x000000071b600000, 0x000000071b600000|100%|HC|  |TAMS 0x000000071b600000| PB 0x000000071b400000| Complete |  0
| 188|0x000000071b600000, 0x000000071b800000, 0x000000071b800000|100%|HC|  |TAMS 0x000000071b800000| PB 0x000000071b600000| Complete |  0
| 189|0x000000071b800000, 0x000000071ba00000, 0x000000071ba00000|100%|HC|  |TAMS 0x000000071ba00000| PB 0x000000071b800000| Complete |  0
| 190|0x000000071ba00000, 0x000000071bc00000, 0x000000071bc00000|100%|HC|  |TAMS 0x000000071bc00000| PB 0x000000071ba00000| Complete |  0
| 191|0x000000071bc00000, 0x000000071be00000, 0x000000071be00000|100%|HC|  |TAMS 0x000000071be00000| PB 0x000000071bc00000| Complete |  0
| 192|0x000000071be00000, 0x000000071c000000, 0x000000071c000000|100%|HC|  |TAMS 0x000000071c000000| PB 0x000000071be00000| Complete |  0
| 193|0x000000071c000000, 0x000000071c200000, 0x000000071c200000|100%|HC|  |TAMS 0x000000071c200000| PB 0x000000071c000000| Complete |  0
| 194|0x000000071c200000, 0x000000071c400000, 0x000000071c400000|100%|HC|  |TAMS 0x000000071c400000| PB 0x000000071c200000| Complete |  0
| 195|0x000000071c400000, 0x000000071c600000, 0x000000071c600000|100%|HC|  |TAMS 0x000000071c600000| PB 0x000000071c400000| Complete |  0
| 196|0x000000071c600000, 0x000000071c800000, 0x000000071c800000|100%|HC|  |TAMS 0x000000071c800000| PB 0x000000071c600000| Complete |  0
| 197|0x000000071c800000, 0x000000071ca00000, 0x000000071ca00000|100%|HC|  |TAMS 0x000000071ca00000| PB 0x000000071c800000| Complete |  0
| 198|0x000000071ca00000, 0x000000071ca00000, 0x000000071cc00000|  0%| F|  |TAMS 0x000000071ca00000| PB 0x000000071ca00000| Untracked |  0
| 199|0x000000071cc00000, 0x000000071cc00000, 0x000000071ce00000|  0%| F|  |TAMS 0x000000071cc00000| PB 0x000000071cc00000| Untracked |  0
| 200|0x000000071ce00000, 0x000000071ce00000, 0x000000071d000000|  0%| F|  |TAMS 0x000000071ce00000| PB 0x000000071ce00000| Untracked |  0
| 201|0x000000071d000000, 0x000000071d000000, 0x000000071d200000|  0%| F|  |TAMS 0x000000071d000000| PB 0x000000071d000000| Untracked |  0
| 202|0x000000071d200000, 0x000000071d200000, 0x000000071d400000|  0%| F|  |TAMS 0x000000071d200000| PB 0x000000071d200000| Untracked |  0
| 203|0x000000071d400000, 0x000000071d400000, 0x000000071d600000|  0%| F|  |TAMS 0x000000071d400000| PB 0x000000071d400000| Untracked |  0
| 204|0x000000071d600000, 0x000000071d600000, 0x000000071d800000|  0%| F|  |TAMS 0x000000071d600000| PB 0x000000071d600000| Untracked |  0
| 205|0x000000071d800000, 0x000000071d800000, 0x000000071da00000|  0%| F|  |TAMS 0x000000071d800000| PB 0x000000071d800000| Untracked |  0
| 206|0x000000071da00000, 0x000000071da00000, 0x000000071dc00000|  0%| F|  |TAMS 0x000000071da00000| PB 0x000000071da00000| Untracked |  0
| 207|0x000000071dc00000, 0x000000071dc00000, 0x000000071de00000|  0%| F|  |TAMS 0x000000071dc00000| PB 0x000000071dc00000| Untracked |  0
| 208|0x000000071de00000, 0x000000071de00000, 0x000000071e000000|  0%| F|  |TAMS 0x000000071de00000| PB 0x000000071de00000| Untracked |  0
| 209|0x000000071e000000, 0x000000071e000000, 0x000000071e200000|  0%| F|  |TAMS 0x000000071e000000| PB 0x000000071e000000| Untracked |  0
| 210|0x000000071e200000, 0x000000071e200000, 0x000000071e400000|  0%| F|  |TAMS 0x000000071e200000| PB 0x000000071e200000| Untracked |  0
| 211|0x000000071e400000, 0x000000071e400000, 0x000000071e600000|  0%| F|  |TAMS 0x000000071e400000| PB 0x000000071e400000| Untracked |  0
| 212|0x000000071e600000, 0x000000071e600000, 0x000000071e800000|  0%| F|  |TAMS 0x000000071e600000| PB 0x000000071e600000| Untracked |  0
| 213|0x000000071e800000, 0x000000071e800000, 0x000000071ea00000|  0%| F|  |TAMS 0x000000071e800000| PB 0x000000071e800000| Untracked |  0
| 214|0x000000071ea00000, 0x000000071ea00000, 0x000000071ec00000|  0%| F|  |TAMS 0x000000071ea00000| PB 0x000000071ea00000| Untracked |  0
| 215|0x000000071ec00000, 0x000000071ec00000, 0x000000071ee00000|  0%| F|  |TAMS 0x000000071ec00000| PB 0x000000071ec00000| Untracked |  0
| 216|0x000000071ee00000, 0x000000071ee00000, 0x000000071f000000|  0%| F|  |TAMS 0x000000071ee00000| PB 0x000000071ee00000| Untracked |  0
| 217|0x000000071f000000, 0x000000071f000000, 0x000000071f200000|  0%| F|  |TAMS 0x000000071f000000| PB 0x000000071f000000| Untracked |  0
| 218|0x000000071f200000, 0x000000071f200000, 0x000000071f400000|  0%| F|  |TAMS 0x000000071f200000| PB 0x000000071f200000| Untracked |  0
| 219|0x000000071f400000, 0x000000071f400000, 0x000000071f600000|  0%| F|  |TAMS 0x000000071f400000| PB 0x000000071f400000| Untracked |  0
| 220|0x000000071f600000, 0x000000071f600000, 0x000000071f800000|  0%| F|  |TAMS 0x000000071f600000| PB 0x000000071f600000| Untracked |  0
| 221|0x000000071f800000, 0x000000071f86a5a8, 0x000000071fa00000| 20%| E|  |TAMS 0x000000071f800000| PB 0x000000071f800000| Complete |  0
| 222|0x000000071fa00000, 0x000000071fb78ca0, 0x000000071fc00000| 73%| S|CS|TAMS 0x000000071fa00000| PB 0x000000071fa00000| Complete |  0
| 223|0x000000071fc00000, 0x000000071fe00000, 0x000000071fe00000|100%| S|CS|TAMS 0x000000071fc00000| PB 0x000000071fc00000| Complete |  0
| 224|0x000000071fe00000, 0x0000000720000000, 0x0000000720000000|100%| S|CS|TAMS 0x000000071fe00000| PB 0x000000071fe00000| Complete |  0
| 225|0x0000000720000000, 0x0000000720200000, 0x0000000720200000|100%| S|CS|TAMS 0x0000000720000000| PB 0x0000000720000000| Complete |  0
| 226|0x0000000720200000, 0x0000000720400000, 0x0000000720400000|100%|HS|  |TAMS 0x0000000720200000| PB 0x0000000720200000| Complete |  0
| 227|0x0000000720400000, 0x0000000720600000, 0x0000000720600000|100%|HC|  |TAMS 0x0000000720400000| PB 0x0000000720400000| Complete |  0
| 228|0x0000000720600000, 0x0000000720800000, 0x0000000720800000|100%|HC|  |TAMS 0x0000000720600000| PB 0x0000000720600000| Complete |  0
| 229|0x0000000720800000, 0x0000000720a00000, 0x0000000720a00000|100%|HC|  |TAMS 0x0000000720800000| PB 0x0000000720800000| Complete |  0
| 230|0x0000000720a00000, 0x0000000720c00000, 0x0000000720c00000|100%|HC|  |TAMS 0x0000000720a00000| PB 0x0000000720a00000| Complete |  0
| 231|0x0000000720c00000, 0x0000000720e00000, 0x0000000720e00000|100%|HC|  |TAMS 0x0000000720c00000| PB 0x0000000720c00000| Complete |  0
| 232|0x0000000720e00000, 0x0000000721000000, 0x0000000721000000|100%|HC|  |TAMS 0x0000000720e00000| PB 0x0000000720e00000| Complete |  0
| 233|0x0000000721000000, 0x0000000721200000, 0x0000000721200000|100%|HC|  |TAMS 0x0000000721000000| PB 0x0000000721000000| Complete |  0
| 234|0x0000000721200000, 0x0000000721400000, 0x0000000721400000|100%|HC|  |TAMS 0x0000000721200000| PB 0x0000000721200000| Complete |  0
| 235|0x0000000721400000, 0x0000000721600000, 0x0000000721600000|100%|HC|  |TAMS 0x0000000721400000| PB 0x0000000721400000| Complete |  0
| 236|0x0000000721600000, 0x0000000721800000, 0x0000000721800000|100%|HC|  |TAMS 0x0000000721600000| PB 0x0000000721600000| Complete |  0
| 237|0x0000000721800000, 0x0000000721a00000, 0x0000000721a00000|100%|HC|  |TAMS 0x0000000721800000| PB 0x0000000721800000| Complete |  0
| 238|0x0000000721a00000, 0x0000000721c00000, 0x0000000721c00000|100%|HC|  |TAMS 0x0000000721a00000| PB 0x0000000721a00000| Complete |  0
| 239|0x0000000721c00000, 0x0000000721e00000, 0x0000000721e00000|100%|HC|  |TAMS 0x0000000721c00000| PB 0x0000000721c00000| Complete |  0
| 240|0x0000000721e00000, 0x0000000722000000, 0x0000000722000000|100%|HC|  |TAMS 0x0000000721e00000| PB 0x0000000721e00000| Complete |  0
| 241|0x0000000722000000, 0x0000000722200000, 0x0000000722200000|100%|HC|  |TAMS 0x0000000722000000| PB 0x0000000722000000| Complete |  0
| 242|0x0000000722200000, 0x0000000722400000, 0x0000000722400000|100%|HC|  |TAMS 0x0000000722200000| PB 0x0000000722200000| Complete |  0
| 243|0x0000000722400000, 0x0000000722600000, 0x0000000722600000|100%|HC|  |TAMS 0x0000000722400000| PB 0x0000000722400000| Complete |  0
| 244|0x0000000722600000, 0x0000000722800000, 0x0000000722800000|100%|HC|  |TAMS 0x0000000722600000| PB 0x0000000722600000| Complete |  0
| 245|0x0000000722800000, 0x0000000722a00000, 0x0000000722a00000|100%|HC|  |TAMS 0x0000000722800000| PB 0x0000000722800000| Complete |  0
| 246|0x0000000722a00000, 0x0000000722c00000, 0x0000000722c00000|100%|HC|  |TAMS 0x0000000722a00000| PB 0x0000000722a00000| Complete |  0
| 247|0x0000000722c00000, 0x0000000722e00000, 0x0000000722e00000|100%|HC|  |TAMS 0x0000000722c00000| PB 0x0000000722c00000| Complete |  0
| 248|0x0000000722e00000, 0x0000000723000000, 0x0000000723000000|100%|HC|  |TAMS 0x0000000722e00000| PB 0x0000000722e00000| Complete |  0
| 249|0x0000000723000000, 0x0000000723200000, 0x0000000723200000|100%|HC|  |TAMS 0x0000000723000000| PB 0x0000000723000000| Complete |  0
| 250|0x0000000723200000, 0x0000000723400000, 0x0000000723400000|100%|HC|  |TAMS 0x0000000723200000| PB 0x0000000723200000| Complete |  0
| 251|0x0000000723400000, 0x0000000723600000, 0x0000000723600000|100%|HC|  |TAMS 0x0000000723400000| PB 0x0000000723400000| Complete |  0
| 252|0x0000000723600000, 0x0000000723800000, 0x0000000723800000|100%|HC|  |TAMS 0x0000000723600000| PB 0x0000000723600000| Complete |  0
| 253|0x0000000723800000, 0x0000000723a00000, 0x0000000723a00000|100%|HC|  |TAMS 0x0000000723800000| PB 0x0000000723800000| Complete |  0
| 254|0x0000000723a00000, 0x0000000723c00000, 0x0000000723c00000|100%|HC|  |TAMS 0x0000000723a00000| PB 0x0000000723a00000| Complete |  0
| 255|0x0000000723c00000, 0x0000000723e00000, 0x0000000723e00000|100%|HC|  |TAMS 0x0000000723c00000| PB 0x0000000723c00000| Complete |  0
| 256|0x0000000723e00000, 0x0000000724000000, 0x0000000724000000|100%|HC|  |TAMS 0x0000000723e00000| PB 0x0000000723e00000| Complete |  0
| 257|0x0000000724000000, 0x0000000724200000, 0x0000000724200000|100%|HC|  |TAMS 0x0000000724000000| PB 0x0000000724000000| Complete |  0
| 258|0x0000000724200000, 0x0000000724400000, 0x0000000724400000|100%|HC|  |TAMS 0x0000000724200000| PB 0x0000000724200000| Complete |  0
| 259|0x0000000724400000, 0x0000000724600000, 0x0000000724600000|100%|HC|  |TAMS 0x0000000724400000| PB 0x0000000724400000| Complete |  0
| 260|0x0000000724600000, 0x0000000724800000, 0x0000000724800000|100%|HC|  |TAMS 0x0000000724600000| PB 0x0000000724600000| Complete |  0
| 261|0x0000000724800000, 0x0000000724a00000, 0x0000000724a00000|100%|HC|  |TAMS 0x0000000724800000| PB 0x0000000724800000| Complete |  0
| 262|0x0000000724a00000, 0x0000000724c00000, 0x0000000724c00000|100%|HC|  |TAMS 0x0000000724a00000| PB 0x0000000724a00000| Complete |  0
| 263|0x0000000724c00000, 0x0000000724e00000, 0x0000000724e00000|100%|HC|  |TAMS 0x0000000724c00000| PB 0x0000000724c00000| Complete |  0
| 264|0x0000000724e00000, 0x0000000725000000, 0x0000000725000000|100%|HC|  |TAMS 0x0000000724e00000| PB 0x0000000724e00000| Complete |  0
| 265|0x0000000725000000, 0x0000000725200000, 0x0000000725200000|100%|HC|  |TAMS 0x0000000725000000| PB 0x0000000725000000| Complete |  0
| 266|0x0000000725200000, 0x0000000725400000, 0x0000000725400000|100%|HC|  |TAMS 0x0000000725200000| PB 0x0000000725200000| Complete |  0
| 267|0x0000000725400000, 0x0000000725600000, 0x0000000725600000|100%|HC|  |TAMS 0x0000000725400000| PB 0x0000000725400000| Complete |  0
| 268|0x0000000725600000, 0x0000000725800000, 0x0000000725800000|100%|HC|  |TAMS 0x0000000725600000| PB 0x0000000725600000| Complete |  0
| 269|0x0000000725800000, 0x0000000725a00000, 0x0000000725a00000|100%|HC|  |TAMS 0x0000000725800000| PB 0x0000000725800000| Complete |  0
| 270|0x0000000725a00000, 0x0000000725c00000, 0x0000000725c00000|100%|HC|  |TAMS 0x0000000725a00000| PB 0x0000000725a00000| Complete |  0
| 271|0x0000000725c00000, 0x0000000725e00000, 0x0000000725e00000|100%|HC|  |TAMS 0x0000000725c00000| PB 0x0000000725c00000| Complete |  0
| 272|0x0000000725e00000, 0x0000000726000000, 0x0000000726000000|100%|HC|  |TAMS 0x0000000725e00000| PB 0x0000000725e00000| Complete |  0
| 273|0x0000000726000000, 0x0000000726200000, 0x0000000726200000|100%|HC|  |TAMS 0x0000000726000000| PB 0x0000000726000000| Complete |  0
| 274|0x0000000726200000, 0x0000000726400000, 0x0000000726400000|100%|HC|  |TAMS 0x0000000726200000| PB 0x0000000726200000| Complete |  0
| 275|0x0000000726400000, 0x0000000726600000, 0x0000000726600000|100%|HC|  |TAMS 0x0000000726400000| PB 0x0000000726400000| Complete |  0
| 276|0x0000000726600000, 0x0000000726800000, 0x0000000726800000|100%|HC|  |TAMS 0x0000000726600000| PB 0x0000000726600000| Complete |  0
| 277|0x0000000726800000, 0x0000000726a00000, 0x0000000726a00000|100%|HC|  |TAMS 0x0000000726800000| PB 0x0000000726800000| Complete |  0
| 278|0x0000000726a00000, 0x0000000726c00000, 0x0000000726c00000|100%|HC|  |TAMS 0x0000000726a00000| PB 0x0000000726a00000| Complete |  0
| 279|0x0000000726c00000, 0x0000000726e00000, 0x0000000726e00000|100%|HC|  |TAMS 0x0000000726c00000| PB 0x0000000726c00000| Complete |  0
| 280|0x0000000726e00000, 0x0000000727000000, 0x0000000727000000|100%|HC|  |TAMS 0x0000000726e00000| PB 0x0000000726e00000| Complete |  0
| 281|0x0000000727000000, 0x0000000727200000, 0x0000000727200000|100%|HC|  |TAMS 0x0000000727000000| PB 0x0000000727000000| Complete |  0
| 282|0x0000000727200000, 0x0000000727400000, 0x0000000727400000|100%|HC|  |TAMS 0x0000000727200000| PB 0x0000000727200000| Complete |  0
| 283|0x0000000727400000, 0x0000000727600000, 0x0000000727600000|100%|HC|  |TAMS 0x0000000727400000| PB 0x0000000727400000| Complete |  0
| 284|0x0000000727600000, 0x0000000727800000, 0x0000000727800000|100%|HC|  |TAMS 0x0000000727600000| PB 0x0000000727600000| Complete |  0
| 285|0x0000000727800000, 0x0000000727a00000, 0x0000000727a00000|100%|HC|  |TAMS 0x0000000727800000| PB 0x0000000727800000| Complete |  0
| 286|0x0000000727a00000, 0x0000000727c00000, 0x0000000727c00000|100%|HC|  |TAMS 0x0000000727a00000| PB 0x0000000727a00000| Complete |  0
| 287|0x0000000727c00000, 0x0000000727e00000, 0x0000000727e00000|100%|HC|  |TAMS 0x0000000727c00000| PB 0x0000000727c00000| Complete |  0
| 288|0x0000000727e00000, 0x0000000728000000, 0x0000000728000000|100%|HC|  |TAMS 0x0000000727e00000| PB 0x0000000727e00000| Complete |  0
| 289|0x0000000728000000, 0x0000000728200000, 0x0000000728200000|100%|HC|  |TAMS 0x0000000728000000| PB 0x0000000728000000| Complete |  0
| 290|0x0000000728200000, 0x0000000728400000, 0x0000000728400000|100%|HC|  |TAMS 0x0000000728200000| PB 0x0000000728200000| Complete |  0
| 291|0x0000000728400000, 0x0000000728600000, 0x0000000728600000|100%|HC|  |TAMS 0x0000000728400000| PB 0x0000000728400000| Complete |  0
| 292|0x0000000728600000, 0x0000000728800000, 0x0000000728800000|100%|HC|  |TAMS 0x0000000728600000| PB 0x0000000728600000| Complete |  0
| 293|0x0000000728800000, 0x0000000728a00000, 0x0000000728a00000|100%|HC|  |TAMS 0x0000000728800000| PB 0x0000000728800000| Complete |  0
| 294|0x0000000728a00000, 0x0000000728c00000, 0x0000000728c00000|100%|HC|  |TAMS 0x0000000728a00000| PB 0x0000000728a00000| Complete |  0
| 295|0x0000000728c00000, 0x0000000728e00000, 0x0000000728e00000|100%|HC|  |TAMS 0x0000000728c00000| PB 0x0000000728c00000| Complete |  0

Card table byte_map: [0x0000024dbea10000,0x0000024dbf200000] _byte_map_base: 0x0000024dbb1f1000

Marking Bits: (CMBitMap*) 0x0000024da6828350
 Bits: [0x0000024dbf200000, 0x0000024dc3108000)

Polling page: 0x0000024da4600000

Metaspace:

Usage:
  Non-class:     19.47 MB used.
      Class:      3.27 MB used.
       Both:     22.74 MB used.

Virtual space:
  Non-class space:       64.00 MB reserved,      19.69 MB ( 31%) committed,  1 nodes.
      Class space:        1.00 GB reserved,       3.44 MB ( <1%) committed,  1 nodes.
             Both:        1.06 GB reserved,      23.12 MB (  2%) committed. 

Chunk freelists:
   Non-Class:  12.23 MB
       Class:  12.47 MB
        Both:  24.70 MB

MaxMetaspaceSize: unlimited
CompressedClassSpaceSize: 1.00 GB
Initial GC threshold: 21.00 MB
Current GC threshold: 26.56 MB
CDS: on
 - commit_granule_bytes: 65536.
 - commit_granule_words: 8192.
 - virtual_space_node_default_size: 8388608.
 - enlarge_chunks_in_place: 1.
 - use_allocation_guard: 0.


Internal statistics:

num_allocs_failed_limit: 0.
num_arena_births: 326.
num_arena_deaths: 0.
num_vsnodes_births: 2.
num_vsnodes_deaths: 0.
num_space_committed: 370.
num_space_uncommitted: 0.
num_chunks_returned_to_freelist: 0.
num_chunks_taken_from_freelist: 1059.
num_chunk_merges: 0.
num_chunk_splits: 763.
num_chunks_enlarged: 595.
num_inconsistent_stats: 0.

CodeHeap 'non-profiled nmethods': size=120064Kb used=2155Kb max_used=2215Kb free=117908Kb
 bounds [0x0000024db69b0000, 0x0000024db6c20000, 0x0000024dbdef0000]
CodeHeap 'profiled nmethods': size=120000Kb used=7654Kb max_used=7872Kb free=112345Kb
 bounds [0x0000024daeef0000, 0x0000024daf6a0000, 0x0000024db6420000]
CodeHeap 'non-nmethods': size=5696Kb used=2076Kb max_used=2143Kb free=3619Kb
 bounds [0x0000024db6420000, 0x0000024db6690000, 0x0000024db69b0000]
CodeCache: size=245760Kb, used=11885Kb, max_used=12230Kb, free=233872Kb
 total_blobs=5840, nmethods=4948, adapters=796, full_count=0
Compilation: enabled, stopped_count=0, restarted_count=0

Compilation events (20 events):
Event: 32.355 Thread 0x0000024dc5b7a820 nmethod 5298 0x0000024daf697688 code [0x0000024daf6977c0, 0x0000024daf697a68]
Event: 32.356 Thread 0x0000024dc5b7a820 5299       3       com.sun.org.apache.xerces.internal.util.XMLAttributesImpl::getName (14 bytes)
Event: 32.356 Thread 0x0000024dc5b7a820 nmethod 5299 0x0000024daf697b08 code [0x0000024daf697c40, 0x0000024daf697fb8]
Event: 32.357 Thread 0x0000024dc5b7a820 5300       3       com.sun.org.apache.xerces.internal.impl.XMLStreamReaderImpl::hasNext (25 bytes)
Event: 32.357 Thread 0x0000024dc5b7a820 nmethod 5300 0x0000024daf698008 code [0x0000024daf698120, 0x0000024daf6982d8]
Event: 32.357 Thread 0x0000024dc5b7a820 5301       3       com.sun.org.apache.xerces.internal.impl.XMLNSDocumentScannerImpl::scanAttribute (841 bytes)
Event: 32.364 Thread 0x0000024dc5b745a0 5307       4       java.util.concurrent.locks.ReentrantLock$NonfairSync::initialTryLock (58 bytes)
Event: 32.366 Thread 0x0000024dc5b745a0 nmethod 5307 0x0000024db6bd9c88 code [0x0000024db6bd9d80, 0x0000024db6bd9f40]
Event: 32.367 Thread 0x0000024dc5b7a820 nmethod 5301 0x0000024daf698308 code [0x0000024daf698860, 0x0000024daf69d128]
Event: 32.367 Thread 0x0000024dc5b7a820 5308       3       java.util.concurrent.atomic.AtomicLong::addAndGet (14 bytes)
Event: 32.367 Thread 0x0000024dc5b7a820 nmethod 5308 0x0000024daf69d288 code [0x0000024daf69d3a0, 0x0000024daf69d4c0]
Event: 32.367 Thread 0x0000024dc5b7a820 5306       3       jdk.internal.misc.Unsafe::checkPointer (19 bytes)
Event: 32.367 Thread 0x0000024dc5b7a820 nmethod 5306 0x0000024daf69d588 code [0x0000024daf69d6e0, 0x0000024daf69da58]
Event: 32.367 Thread 0x0000024dc5b7a820 5304       3       jdk.xml.internal.XMLLimitAnalyzer::addValue (260 bytes)
Event: 32.368 Thread 0x0000024dc5b7a820 nmethod 5304 0x0000024daf69da88 code [0x0000024daf69dd20, 0x0000024daf69f110]
Event: 32.368 Thread 0x0000024dc5b7a820 5305       3       jdk.xml.internal.XMLLimitAnalyzer::addValue (11 bytes)
Event: 32.368 Thread 0x0000024dc5b7a820 nmethod 5305 0x0000024daf69f188 code [0x0000024daf69f2a0, 0x0000024daf69f3f8]
Event: 32.368 Thread 0x0000024dc5b7a820 5302       3       com.sun.org.apache.xerces.internal.impl.XMLDocumentFragmentScannerImpl::getString (76 bytes)
Event: 32.368 Thread 0x0000024dc5b7a820 nmethod 5302 0x0000024daf69f488 code [0x0000024daf69f640, 0x0000024daf69ff48]
Event: 32.368 Thread 0x0000024dc5b7a820 5303       3       com.sun.org.apache.xerces.internal.impl.XMLScanner::scanAttributeValue (943 bytes)

GC Heap History (10 events):
Event: 0.382 GC heap before
{Heap before GC invocations=0 (full 0):
 garbage-first heap   total reserved 4130816K, committed 260096K, used 22528K [0x0000000703e00000, 0x0000000800000000)
  region size 2048K, 12 young (24576K), 0 survivors (0K)
 Metaspace       used 4413K, committed 4608K, reserved 1114112K
  class space    used 528K, committed 640K, reserved 1048576K
}
Event: 0.385 GC heap after
{Heap after GC invocations=1 (full 0):
 garbage-first heap   total reserved 4130816K, committed 260096K, used 2815K [0x0000000703e00000, 0x0000000800000000)
  region size 2048K, 2 young (4096K), 2 survivors (4096K)
 Metaspace       used 4413K, committed 4608K, reserved 1114112K
  class space    used 528K, committed 640K, reserved 1048576K
}
Event: 0.592 GC heap before
{Heap before GC invocations=1 (full 0):
 garbage-first heap   total reserved 4130816K, committed 260096K, used 19199K [0x0000000703e00000, 0x0000000800000000)
  region size 2048K, 12 young (24576K), 2 survivors (4096K)
 Metaspace       used 7813K, committed 8064K, reserved 1114112K
  class space    used 969K, committed 1088K, reserved 1048576K
}
Event: 0.595 GC heap after
{Heap after GC invocations=2 (full 0):
 garbage-first heap   total reserved 4130816K, committed 260096K, used 5578K [0x0000000703e00000, 0x0000000800000000)
  region size 2048K, 2 young (4096K), 2 survivors (4096K)
 Metaspace       used 7813K, committed 8064K, reserved 1114112K
  class space    used 969K, committed 1088K, reserved 1048576K
}
Event: 1.422 GC heap before
{Heap before GC invocations=2 (full 0):
 garbage-first heap   total reserved 4130816K, committed 260096K, used 187850K [0x0000000703e00000, 0x0000000800000000)
  region size 2048K, 22 young (45056K), 2 survivors (4096K)
 Metaspace       used 15660K, committed 16000K, reserved 1114112K
  class space    used 2456K, committed 2624K, reserved 1048576K
}
Event: 1.425 GC heap after
{Heap after GC invocations=3 (full 0):
 garbage-first heap   total reserved 4130816K, committed 260096K, used 152361K [0x0000000703e00000, 0x0000000800000000)
  region size 2048K, 4 young (8192K), 4 survivors (8192K)
 Metaspace       used 15660K, committed 16000K, reserved 1114112K
  class space    used 2456K, committed 2624K, reserved 1048576K
}
Event: 3.413 GC heap before
{Heap before GC invocations=4 (full 0):
 garbage-first heap   total reserved 4130816K, committed 264192K, used 156457K [0x0000000703e00000, 0x0000000800000000)
  region size 2048K, 6 young (12288K), 4 survivors (8192K)
 Metaspace       used 16021K, committed 16320K, reserved 1114112K
  class space    used 2503K, committed 2624K, reserved 1048576K
}
Event: 3.417 GC heap after
{Heap after GC invocations=5 (full 0):
 garbage-first heap   total reserved 4130816K, committed 264192K, used 154683K [0x0000000703e00000, 0x0000000800000000)
  region size 2048K, 2 young (4096K), 2 survivors (4096K)
 Metaspace       used 16021K, committed 16320K, reserved 1114112K
  class space    used 2503K, committed 2624K, reserved 1048576K
}
Event: 32.358 GC heap before
{Heap before GC invocations=6 (full 0):
 garbage-first heap   total reserved 4130816K, committed 499712K, used 334907K [0x0000000703e00000, 0x0000000800000000)
  region size 2048K, 21 young (43008K), 2 survivors (4096K)
 Metaspace       used 23259K, committed 23616K, reserved 1114112K
  class space    used 3350K, committed 3520K, reserved 1048576K
}
Event: 32.362 GC heap after
{Heap after GC invocations=7 (full 0):
 garbage-first heap   total reserved 4130816K, committed 499712K, used 301902K [0x0000000703e00000, 0x0000000800000000)
  region size 2048K, 4 young (8192K), 4 survivors (8192K)
 Metaspace       used 23259K, committed 23616K, reserved 1114112K
  class space    used 3350K, committed 3520K, reserved 1048576K
}

Dll operation events (20 events):
Event: 0.215 Loaded shared library C:\Users\malek\.openjfx\cache\23.0.1+4\amd64\api-ms-win-crt-math-l1-1-0.dll
Event: 0.217 Loaded shared library C:\Users\malek\.openjfx\cache\23.0.1+4\amd64\api-ms-win-crt-multibyte-l1-1-0.dll
Event: 0.219 Loaded shared library C:\Users\malek\.openjfx\cache\23.0.1+4\amd64\api-ms-win-crt-private-l1-1-0.dll
Event: 0.221 Loaded shared library C:\Users\malek\.openjfx\cache\23.0.1+4\amd64\api-ms-win-crt-process-l1-1-0.dll
Event: 0.222 Loaded shared library C:\Users\malek\.openjfx\cache\23.0.1+4\amd64\api-ms-win-crt-runtime-l1-1-0.dll
Event: 0.224 Loaded shared library C:\Users\malek\.openjfx\cache\23.0.1+4\amd64\api-ms-win-crt-stdio-l1-1-0.dll
Event: 0.226 Loaded shared library C:\Users\malek\.openjfx\cache\23.0.1+4\amd64\api-ms-win-crt-string-l1-1-0.dll
Event: 0.227 Loaded shared library C:\Users\malek\.openjfx\cache\23.0.1+4\amd64\api-ms-win-crt-time-l1-1-0.dll
Event: 0.229 Loaded shared library C:\Users\malek\.openjfx\cache\23.0.1+4\amd64\api-ms-win-crt-utility-l1-1-0.dll
Event: 0.238 Loaded shared library C:\Users\malek\.openjfx\cache\23.0.1+4\amd64\ucrtbase.dll
Event: 0.241 Loaded shared library C:\Users\malek\.openjfx\cache\23.0.1+4\amd64\vcruntime140.dll
Event: 0.243 Loaded shared library C:\Users\malek\.openjfx\cache\23.0.1+4\amd64\vcruntime140_1.dll
Event: 0.249 Loaded shared library C:\Users\malek\.openjfx\cache\23.0.1+4\amd64\msvcp140.dll
Event: 0.252 Loaded shared library C:\Users\malek\.openjfx\cache\23.0.1+4\amd64\msvcp140_1.dll
Event: 0.255 Loaded shared library C:\Users\malek\.openjfx\cache\23.0.1+4\amd64\msvcp140_2.dll
Event: 0.279 Loaded shared library C:\Users\malek\.openjfx\cache\23.0.1+4\amd64\prism_d3d.dll
Event: 0.306 Loaded shared library C:\Users\malek\.openjfx\cache\23.0.1+4\amd64\glass.dll
Event: 0.370 Loaded shared library C:\Program Files\Java\jdk-23\bin\jimage.dll
Event: 0.989 Loaded shared library C:\Users\malek\.openjfx\cache\23.0.1+4\amd64\javafx_font.dll
Event: 3.921 Loaded shared library C:\Program Files\Java\jdk-23\bin\extnet.dll

Deoptimization events (20 events):
Event: 26.568 Thread 0x0000024dc5b64230 Uncommon trap: trap_request=0xffffffd6 fr.pc=0x0000024db6bc6c24 relative=0x0000000000000644
Event: 26.568 Thread 0x0000024dc5b64230 Uncommon trap: reason=array_check action=maybe_recompile pc=0x0000024db6bc6c24 method=com.sun.javafx.event.EventDispatchChainImpl.prepend(Ljavafx/event/EventDispatcher;)Ljavafx/event/EventDispatchChain; @ 33 c2
Event: 26.568 Thread 0x0000024dc5b64230 DEOPT PACKING pc=0x0000024db6bc6c24 sp=0x000000aa85dfdac0
Event: 26.568 Thread 0x0000024dc5b64230 DEOPT UNPACKING pc=0x0000024db6477982 sp=0x000000aa85dfda80 mode 2
Event: 26.568 Thread 0x0000024dc5b64230 Uncommon trap: trap_request=0xffffffd6 fr.pc=0x0000024db6bc6c24 relative=0x0000000000000644
Event: 26.568 Thread 0x0000024dc5b64230 Uncommon trap: reason=array_check action=maybe_recompile pc=0x0000024db6bc6c24 method=com.sun.javafx.event.EventDispatchChainImpl.prepend(Ljavafx/event/EventDispatcher;)Ljavafx/event/EventDispatchChain; @ 33 c2
Event: 26.568 Thread 0x0000024dc5b64230 DEOPT PACKING pc=0x0000024db6bc6c24 sp=0x000000aa85dfdac0
Event: 26.568 Thread 0x0000024dc5b64230 DEOPT UNPACKING pc=0x0000024db6477982 sp=0x000000aa85dfda80 mode 2
Event: 26.577 Thread 0x0000024dc5b64230 Uncommon trap: trap_request=0xffffffd6 fr.pc=0x0000024db6bc6c24 relative=0x0000000000000644
Event: 26.577 Thread 0x0000024dc5b64230 Uncommon trap: reason=array_check action=maybe_recompile pc=0x0000024db6bc6c24 method=com.sun.javafx.event.EventDispatchChainImpl.prepend(Ljavafx/event/EventDispatcher;)Ljavafx/event/EventDispatchChain; @ 33 c2
Event: 26.577 Thread 0x0000024dc5b64230 DEOPT PACKING pc=0x0000024db6bc6c24 sp=0x000000aa85dfdac0
Event: 26.577 Thread 0x0000024dc5b64230 DEOPT UNPACKING pc=0x0000024db6477982 sp=0x000000aa85dfda80 mode 2
Event: 26.577 Thread 0x0000024dc5b64230 Uncommon trap: trap_request=0xffffffd6 fr.pc=0x0000024db6bc6c24 relative=0x0000000000000644
Event: 26.577 Thread 0x0000024dc5b64230 Uncommon trap: reason=array_check action=maybe_recompile pc=0x0000024db6bc6c24 method=com.sun.javafx.event.EventDispatchChainImpl.prepend(Ljavafx/event/EventDispatcher;)Ljavafx/event/EventDispatchChain; @ 33 c2
Event: 26.577 Thread 0x0000024dc5b64230 DEOPT PACKING pc=0x0000024db6bc6c24 sp=0x000000aa85dfdac0
Event: 26.577 Thread 0x0000024dc5b64230 DEOPT UNPACKING pc=0x0000024db6477982 sp=0x000000aa85dfda80 mode 2
Event: 30.624 Thread 0x0000024dc5b64230 Uncommon trap: trap_request=0xffffffc6 fr.pc=0x0000024db6af2840 relative=0x00000000000009c0
Event: 30.624 Thread 0x0000024dc5b64230 Uncommon trap: reason=bimorphic_or_optimized_type_check action=maybe_recompile pc=0x0000024db6af2840 method=javafx.css.SimpleSelector.matchesStyleClasses(Ljava/util/List;)Z @ 10 c2
Event: 30.624 Thread 0x0000024dc5b64230 DEOPT PACKING pc=0x0000024db6af2840 sp=0x000000aa85dfbc60
Event: 30.624 Thread 0x0000024dc5b64230 DEOPT UNPACKING pc=0x0000024db6477982 sp=0x000000aa85dfbb40 mode 2

Classes loaded (20 events):
Event: 10.608 Loading class java/time/ZonedDateTime
Event: 10.608 Loading class java/time/chrono/ChronoZonedDateTime
Event: 10.608 Loading class java/time/chrono/ChronoZonedDateTime done
Event: 10.608 Loading class java/time/ZonedDateTime done
Event: 10.626 Loading class java/lang/StringIndexOutOfBoundsException
Event: 10.626 Loading class java/lang/StringIndexOutOfBoundsException done
Event: 10.627 Loading class java/util/concurrent/atomic/AtomicReferenceFieldUpdater
Event: 10.627 Loading class java/util/concurrent/atomic/AtomicReferenceFieldUpdater done
Event: 10.627 Loading class java/util/concurrent/atomic/AtomicReferenceFieldUpdater$AtomicReferenceFieldUpdaterImpl
Event: 10.627 Loading class java/util/concurrent/atomic/AtomicReferenceFieldUpdater$AtomicReferenceFieldUpdaterImpl done
Event: 10.627 Loading class java/util/concurrent/atomic/AtomicReferenceFieldUpdater$AtomicReferenceFieldUpdaterImpl$1
Event: 10.627 Loading class java/util/concurrent/atomic/AtomicReferenceFieldUpdater$AtomicReferenceFieldUpdaterImpl$1 done
Event: 10.627 Loading class sun/reflect/misc/ReflectUtil
Event: 10.627 Loading class sun/reflect/misc/ReflectUtil done
Event: 10.627 Loading class java/lang/Throwable$WrappedPrintStream
Event: 10.627 Loading class java/lang/Throwable$PrintStreamOrWriter
Event: 10.627 Loading class java/lang/Throwable$PrintStreamOrWriter done
Event: 10.627 Loading class java/lang/Throwable$WrappedPrintStream done
Event: 10.629 Loading class java/util/RegularEnumSet$EnumSetIterator
Event: 10.629 Loading class java/util/RegularEnumSet$EnumSetIterator done

Classes unloaded (0 events):
No events

Classes redefined (0 events):
No events

Internal exceptions (20 events):
Event: 1.106 Thread 0x0000024dc5b64230 Implicit null exception at 0x0000024db6a5070d to 0x0000024db6a50960
Event: 1.106 Thread 0x0000024dc5b64230 Implicit null exception at 0x0000024db69cab9d to 0x0000024db69cac1d
Event: 1.171 Thread 0x0000024dc5b64230 Exception <a 'java/lang/NoSuchMethodError'{0x000000071216db80}: 'java.lang.Object java.lang.invoke.DirectMethodHandle$Holder.invokeInterface(java.lang.Object, java.lang.Object, java.lang.Object)'> (0x000000071216db80) 
thrown [s\open\src\hotspot\share\interpreter\linkResolver.cpp, line 796]
Event: 1.171 Thread 0x0000024dc5b64230 Exception <a 'java/lang/IncompatibleClassChangeError'{0x0000000712171250}: Found class java.lang.Object, but interface was expected> (0x0000000712171250) 
thrown [s\open\src\hotspot\share\interpreter\linkResolver.cpp, line 863]
Event: 1.189 Thread 0x0000024dc5b64230 Exception <a 'java/lang/ClassNotFoundException'{0x0000000711c091f8}: com/sun/javafx/scene/control/skin/resources/controls> (0x0000000711c091f8) 
thrown [s\open\src\hotspot\share\prims\jni.cpp, line 539]
Event: 1.190 Thread 0x0000024dc5b64230 Exception <a 'java/lang/ClassNotFoundException'{0x0000000711c173d8}: com/sun/javafx/scene/control/skin/resources/controls_fr> (0x0000000711c173d8) 
thrown [s\open\src\hotspot\share\prims\jni.cpp, line 539]
Event: 1.190 Thread 0x0000024dc5b64230 Exception <a 'java/lang/ClassNotFoundException'{0x0000000711c24eb8}: com/sun/javafx/scene/control/skin/resources/controls_fr_FR> (0x0000000711c24eb8) 
thrown [s\open\src\hotspot\share\prims\jni.cpp, line 539]
Event: 1.210 Thread 0x0000024dc5b64230 Exception <a 'java/lang/NoSuchMethodError'{0x0000000711a0e458}: 'void java.lang.invoke.DirectMethodHandle$Holder.invokeSpecial(java.lang.Object, java.lang.Object, java.lang.Object, java.lang.Object, java.lang.Object, java.lang.Object)'> (0x0000000711a0e458) 
thrown [s\open\src\hotspot\share\interpreter\linkResolver.cpp, line 796]
Event: 1.249 Thread 0x0000024dc5b64230 Exception <a 'java/lang/NoSuchMethodError'{0x00000007116cc6e8}: 'int java.lang.invoke.DirectMethodHandle$Holder.invokeSpecial(java.lang.Object, java.lang.Object, int)'> (0x00000007116cc6e8) 
thrown [s\open\src\hotspot\share\interpreter\linkResolver.cpp, line 796]
Event: 1.259 Thread 0x0000024dc5b64230 Exception <a 'java/lang/NoSuchMethodError'{0x0000000711739888}: 'java.lang.Object java.lang.invoke.DirectMethodHandle$Holder.newInvokeSpecial(java.lang.Object, java.lang.Object, int)'> (0x0000000711739888) 
thrown [s\open\src\hotspot\share\interpreter\linkResolver.cpp, line 796]
Event: 1.289 Thread 0x0000024dc5b62e80 Exception <a 'java/lang/NoSuchMethodError'{0x0000000711420850}: 'int java.lang.invoke.DirectMethodHandle$Holder.invokeStaticInit(java.lang.Object, java.lang.Object)'> (0x0000000711420850) 
thrown [s\open\src\hotspot\share\interpreter\linkResolver.cpp, line 796]
Event: 1.296 Thread 0x0000024dc5b64230 Exception <a 'java/lang/NoSuchMethodError'{0x00000007115023c8}: 'long java.lang.invoke.DirectMethodHandle$Holder.invokeStatic(java.lang.Object, java.lang.Object, java.lang.Object)'> (0x00000007115023c8) 
thrown [s\open\src\hotspot\share\interpreter\linkResolver.cpp, line 796]
Event: 1.296 Thread 0x0000024dc5b64230 Exception <a 'java/lang/NoSuchMethodError'{0x00000007115057e0}: 'long java.lang.invoke.DirectMethodHandle$Holder.invokeStaticInit(java.lang.Object, java.lang.Object, java.lang.Object)'> (0x00000007115057e0) 
thrown [s\open\src\hotspot\share\interpreter\linkResolver.cpp, line 796]
Event: 1.297 Thread 0x0000024dc5b64230 Exception <a 'java/lang/NoSuchMethodError'{0x000000071151a508}: 'java.lang.Object java.lang.invoke.DirectMethodHandle$Holder.newInvokeSpecial(java.lang.Object, java.lang.Object, long)'> (0x000000071151a508) 
thrown [s\open\src\hotspot\share\interpreter\linkResolver.cpp, line 796]
Event: 1.297 Thread 0x0000024dc5b64230 Exception <a 'java/lang/NoSuchMethodError'{0x000000071151de58}: 'java.lang.Object java.lang.invoke.Invokers$Holder.linkToTargetMethod(java.lang.Object, long, java.lang.Object)'> (0x000000071151de58) 
thrown [s\open\src\hotspot\share\interpreter\linkResolver.cpp, line 796]
Event: 1.298 Thread 0x0000024dc5b62e80 Exception <a 'java/lang/NoSuchMethodError'{0x00000007114de920}: 'java.lang.Object java.lang.invoke.Invokers$Holder.invokeExact_MT(java.lang.Object, java.lang.Object, java.lang.Object, java.lang.Object, java.lang.Object)'> (0x00000007114de920) 
thrown [s\open\src\hotspot\share\interpreter\linkResolver.cpp, line 796]
Event: 3.852 Thread 0x0000024dc5b64230 Exception <a 'java/lang/NoSuchMethodError'{0x0000000713b04860}: 'void java.lang.invoke.DirectMethodHandle$Holder.invokeVirtual(java.lang.Object, java.lang.Object)'> (0x0000000713b04860) 
thrown [s\open\src\hotspot\share\interpreter\linkResolver.cpp, line 796]
Event: 3.878 Thread 0x0000024dc5b64230 Exception <a 'java/lang/NoSuchMethodError'{0x00000007224a7c28}: 'java.lang.Object java.lang.invoke.DirectMethodHandle$Holder.invokeVirtual(java.lang.Object, java.lang.Object, java.lang.Object)'> (0x00000007224a7c28) 
thrown [s\open\src\hotspot\share\interpreter\linkResolver.cpp, line 796]
Event: 5.398 Thread 0x0000024dc5b62e80 Exception <a 'java/lang/NoSuchMethodError'{0x0000000721d201f0}: 'java.lang.Object java.lang.invoke.DirectMethodHandle$Holder.invokeStaticInit(java.lang.Object, int)'> (0x0000000721d201f0) 
thrown [s\open\src\hotspot\share\interpreter\linkResolver.cpp, line 796]
Event: 14.184 Thread 0x0000024dc5b64230 Implicit null exception at 0x0000024db6b4d23b to 0x0000024db6b4daa8

VM Operations (20 events):
Event: 1.425 Executing VM operation: G1TryInitiateConcMark (G1 Humongous Allocation) done
Event: 1.430 Executing VM operation: G1PauseRemark
Event: 1.431 Executing VM operation: G1PauseRemark done
Event: 1.432 Executing VM operation: G1PauseCleanup
Event: 1.432 Executing VM operation: G1PauseCleanup done
Event: 3.413 Executing VM operation: G1TryInitiateConcMark (G1 Humongous Allocation)
Event: 3.417 Executing VM operation: G1TryInitiateConcMark (G1 Humongous Allocation) done
Event: 3.420 Executing VM operation: G1PauseRemark
Event: 3.459 Executing VM operation: G1PauseRemark done
Event: 3.460 Executing VM operation: G1PauseCleanup
Event: 3.460 Executing VM operation: G1PauseCleanup done
Event: 3.876 Executing VM operation: HandshakeAllThreads (Deoptimize)
Event: 3.877 Executing VM operation: HandshakeAllThreads (Deoptimize) done
Event: 3.970 Executing VM operation: HandshakeAllThreads (Deoptimize)
Event: 3.970 Executing VM operation: HandshakeAllThreads (Deoptimize) done
Event: 10.649 Executing VM operation: HandshakeAllThreads (Deoptimize)
Event: 10.650 Executing VM operation: HandshakeAllThreads (Deoptimize) done
Event: 32.358 Executing VM operation: G1TryInitiateConcMark (G1 Humongous Allocation)
Event: 32.362 Executing VM operation: G1TryInitiateConcMark (G1 Humongous Allocation) done
Event: 32.370 Executing VM operation: G1PauseRemark

Memory protections (0 events):
No events

Nmethod flushes (20 events):
Event: 32.400 Thread 0x0000024dc5b3d880 flushing osr nmethod 0x0000024daf0f1188
Event: 32.400 Thread 0x0000024dc5b3d880 flushing  nmethod 0x0000024daf0f1808
Event: 32.400 Thread 0x0000024dc5b3d880 flushing osr nmethod 0x0000024daf0f3208
Event: 32.400 Thread 0x0000024dc5b3d880 flushing osr nmethod 0x0000024daf0f4108
Event: 32.400 Thread 0x0000024dc5b3d880 flushing  nmethod 0x0000024daf11db88
Event: 32.400 Thread 0x0000024dc5b3d880 flushing  nmethod 0x0000024daf11fa88
Event: 32.400 Thread 0x0000024dc5b3d880 flushing  nmethod 0x0000024daf142108
Event: 32.400 Thread 0x0000024dc5b3d880 flushing  nmethod 0x0000024daf181788
Event: 32.400 Thread 0x0000024dc5b3d880 flushing  nmethod 0x0000024daf182288
Event: 32.400 Thread 0x0000024dc5b3d880 flushing  nmethod 0x0000024daf183688
Event: 32.400 Thread 0x0000024dc5b3d880 flushing  nmethod 0x0000024daeefe408
Event: 32.400 Thread 0x0000024dc5b3d880 flushing  nmethod 0x0000024daef00708
Event: 32.400 Thread 0x0000024dc5b3d880 flushing  nmethod 0x0000024daef02108
Event: 32.400 Thread 0x0000024dc5b3d880 flushing  nmethod 0x0000024daef38388
Event: 32.400 Thread 0x0000024dc5b3d880 flushing  nmethod 0x0000024daef3d008
Event: 32.400 Thread 0x0000024dc5b3d880 flushing  nmethod 0x0000024daef58908
Event: 32.400 Thread 0x0000024dc5b3d880 flushing  nmethod 0x0000024daef59708
Event: 32.400 Thread 0x0000024dc5b3d880 flushing osr nmethod 0x0000024daef82108
Event: 32.400 Thread 0x0000024dc5b3d880 flushing  nmethod 0x0000024daefa5788
Event: 32.400 Thread 0x0000024dc5b3d880 flushing  nmethod 0x0000024daf19ec08

Events (20 events):
Event: 3.937 Thread 0x0000024dc5b7a820 Thread added: 0x0000024dc5cdffe0
Event: 3.972 Thread 0x0000024dc5b7a820 Thread added: 0x0000024dc5f37e20
Event: 4.318 Thread 0x0000024dc5cdffe0 Thread exited: 0x0000024dc5cdffe0
Event: 4.318 Thread 0x0000024dc5f37e20 Thread exited: 0x0000024dc5f37e20
Event: 5.347 Thread 0x0000024dc5b7a820 Thread added: 0x0000024e11cbaa00
Event: 5.352 Thread 0x0000024dc5b7a820 Thread added: 0x0000024e2bc8bbc0
Event: 5.697 Thread 0x0000024e2bc8bbc0 Thread exited: 0x0000024e2bc8bbc0
Event: 5.697 Thread 0x0000024e11cbaa00 Thread exited: 0x0000024e11cbaa00
Event: 7.555 Thread 0x0000024dc5b7a820 Thread added: 0x0000024e2b6d1580
Event: 7.742 Thread 0x0000024e2b6d1580 Thread exited: 0x0000024e2b6d1580
Event: 14.186 Thread 0x0000024dc5b7a820 Thread added: 0x0000024e2b8a5c20
Event: 14.191 Thread 0x0000024dc5b7a820 Thread added: 0x0000024e2c892c20
Event: 14.335 Thread 0x0000024e2c892c20 Thread exited: 0x0000024e2c892c20
Event: 14.366 Thread 0x0000024e2b8a5c20 Thread exited: 0x0000024e2b8a5c20
Event: 17.098 Thread 0x0000024dc5b7a820 Thread added: 0x0000024e11d5efc0
Event: 17.375 Thread 0x0000024e11d5efc0 Thread exited: 0x0000024e11d5efc0
Event: 17.432 Thread 0x0000024dc5b7a820 Thread added: 0x0000024e0b20f330
Event: 17.742 Thread 0x0000024e0b20f330 Thread exited: 0x0000024e0b20f330
Event: 23.126 Thread 0x0000024dc5b7a820 Thread added: 0x0000024e0b1aae10
Event: 24.038 Thread 0x0000024e0b1aae10 Thread exited: 0x0000024e0b1aae10


Dynamic libraries:
0x00007ff748e30000 - 0x00007ff748e40000 	C:\Program Files\Java\jdk-23\bin\java.exe
0x00007ff85cbb0000 - 0x00007ff85cdc7000 	C:\WINDOWS\SYSTEM32\ntdll.dll
0x00007ff85c620000 - 0x00007ff85c6e4000 	C:\WINDOWS\System32\KERNEL32.DLL
0x00007ff859e60000 - 0x00007ff85a230000 	C:\WINDOWS\System32\KERNELBASE.dll
0x00007ff85a2f0000 - 0x00007ff85a401000 	C:\WINDOWS\System32\ucrtbase.dll
0x00007fffe9430000 - 0x00007fffe9447000 	C:\Program Files\Java\jdk-23\bin\jli.dll
0x00007fffe9450000 - 0x00007fffe946b000 	C:\Program Files\Java\jdk-23\bin\VCRUNTIME140.dll
0x00007ff85a920000 - 0x00007ff85aace000 	C:\WINDOWS\System32\USER32.dll
0x00007ff83c660000 - 0x00007ff83c8f2000 	C:\WINDOWS\WinSxS\amd64_microsoft.windows.common-controls_6595b64144ccf1df_6.0.22621.4830_none_270fe7d773858e80\COMCTL32.dll
0x00007ff85a7f0000 - 0x00007ff85a816000 	C:\WINDOWS\System32\win32u.dll
0x00007ff85b230000 - 0x00007ff85b2d7000 	C:\WINDOWS\System32\msvcrt.dll
0x00007ff85c5f0000 - 0x00007ff85c619000 	C:\WINDOWS\System32\GDI32.dll
0x00007ff85a5b0000 - 0x00007ff85a6cb000 	C:\WINDOWS\System32\gdi32full.dll
0x00007ff85a750000 - 0x00007ff85a7ea000 	C:\WINDOWS\System32\msvcp_win.dll
0x00007ff85aae0000 - 0x00007ff85ab11000 	C:\WINDOWS\System32\IMM32.DLL
0x00007fffffe50000 - 0x00007fffffe5c000 	C:\Program Files\Java\jdk-23\bin\vcruntime140_1.dll
0x00007fffa9080000 - 0x00007fffa910e000 	C:\Program Files\Java\jdk-23\bin\msvcp140.dll
0x00007fff93210000 - 0x00007fff93f5f000 	C:\Program Files\Java\jdk-23\bin\server\jvm.dll
0x00007ff85b4c0000 - 0x00007ff85b571000 	C:\WINDOWS\System32\ADVAPI32.dll
0x00007ff85c380000 - 0x00007ff85c427000 	C:\WINDOWS\System32\sechost.dll
0x00007ff85a410000 - 0x00007ff85a438000 	C:\WINDOWS\System32\bcrypt.dll
0x00007ff85ae70000 - 0x00007ff85af84000 	C:\WINDOWS\System32\RPCRT4.dll
0x00007ff85b2e0000 - 0x00007ff85b351000 	C:\WINDOWS\System32\WS2_32.dll
0x00007ff858d00000 - 0x00007ff858d4d000 	C:\WINDOWS\SYSTEM32\POWRPROF.dll
0x00007ff8554f0000 - 0x00007ff855524000 	C:\WINDOWS\SYSTEM32\WINMM.dll
0x00007ff855390000 - 0x00007ff85539a000 	C:\WINDOWS\SYSTEM32\VERSION.dll
0x00007ff858ce0000 - 0x00007ff858cf3000 	C:\WINDOWS\SYSTEM32\UMPDC.dll
0x00007ff858f90000 - 0x00007ff858fa8000 	C:\WINDOWS\SYSTEM32\kernel.appcore.dll
0x00007fffe99f0000 - 0x00007fffe99fa000 	C:\Program Files\Java\jdk-23\bin\jimage.dll
0x00007ff8576b0000 - 0x00007ff8578e2000 	C:\WINDOWS\SYSTEM32\DBGHELP.DLL
0x00007ff85b630000 - 0x00007ff85b9c0000 	C:\WINDOWS\System32\combase.dll
0x00007ff85b150000 - 0x00007ff85b227000 	C:\WINDOWS\System32\OLEAUT32.dll
0x00007ff8363f0000 - 0x00007ff836422000 	C:\WINDOWS\SYSTEM32\dbgcore.DLL
0x00007ff85a820000 - 0x00007ff85a89b000 	C:\WINDOWS\System32\bcryptPrimitives.dll
0x00007fffc9bf0000 - 0x00007fffc9c0e000 	C:\Program Files\Java\jdk-23\bin\java.dll
0x00007ff85ab20000 - 0x00007ff85acc1000 	C:\WINDOWS\System32\ole32.dll
0x00007ff85ba50000 - 0x00007ff85c2c8000 	C:\WINDOWS\System32\SHELL32.dll
0x00007ff857dc0000 - 0x00007ff8586d0000 	C:\WINDOWS\SYSTEM32\windows.storage.dll
0x00007ff857c80000 - 0x00007ff857dbf000 	C:\WINDOWS\SYSTEM32\wintypes.dll
0x00007ff85c430000 - 0x00007ff85c53a000 	C:\WINDOWS\System32\SHCORE.dll
0x00007ff85c540000 - 0x00007ff85c59e000 	C:\WINDOWS\System32\shlwapi.dll
0x00007ff859d90000 - 0x00007ff859dbb000 	C:\WINDOWS\SYSTEM32\profapi.dll
0x00007fffa8fa0000 - 0x00007fffa9077000 	C:\Program Files\Java\jdk-23\bin\jsvml.dll
0x00007fffe95f0000 - 0x00007fffe9600000 	C:\Program Files\Java\jdk-23\bin\net.dll
0x00007ff859410000 - 0x00007ff85947a000 	C:\WINDOWS\system32\mswsock.dll
0x00007fffb3de0000 - 0x00007fffb3df6000 	C:\Program Files\Java\jdk-23\bin\nio.dll
0x00007fffb3dc0000 - 0x00007fffb3dd7000 	C:\Program Files\Java\jdk-23\bin\zip.dll
0x0000024da4640000 - 0x0000024da4643000 	C:\Users\malek\.openjfx\cache\23.0.1+4\amd64\api-ms-win-core-console-l1-1-0.dll
0x0000024da4650000 - 0x0000024da4653000 	C:\Users\malek\.openjfx\cache\23.0.1+4\amd64\api-ms-win-core-console-l1-2-0.dll
0x0000024da4660000 - 0x0000024da4663000 	C:\Users\malek\.openjfx\cache\23.0.1+4\amd64\api-ms-win-core-datetime-l1-1-0.dll
0x0000024da4670000 - 0x0000024da4673000 	C:\Users\malek\.openjfx\cache\23.0.1+4\amd64\api-ms-win-core-debug-l1-1-0.dll
0x0000024da4680000 - 0x0000024da4683000 	C:\Users\malek\.openjfx\cache\23.0.1+4\amd64\api-ms-win-core-errorhandling-l1-1-0.dll
0x0000024da6740000 - 0x0000024da6744000 	C:\Users\malek\.openjfx\cache\23.0.1+4\amd64\api-ms-win-core-file-l1-1-0.dll
0x0000024da6750000 - 0x0000024da6753000 	C:\Users\malek\.openjfx\cache\23.0.1+4\amd64\api-ms-win-core-file-l1-2-0.dll
0x0000024da6760000 - 0x0000024da6763000 	C:\Users\malek\.openjfx\cache\23.0.1+4\amd64\api-ms-win-core-file-l2-1-0.dll
0x0000024da6770000 - 0x0000024da6773000 	C:\Users\malek\.openjfx\cache\23.0.1+4\amd64\api-ms-win-core-handle-l1-1-0.dll
0x0000024dc5fa0000 - 0x0000024dc5fa3000 	C:\Users\malek\.openjfx\cache\23.0.1+4\amd64\api-ms-win-core-heap-l1-1-0.dll
0x0000024dc5fb0000 - 0x0000024dc5fb3000 	C:\Users\malek\.openjfx\cache\23.0.1+4\amd64\api-ms-win-core-interlocked-l1-1-0.dll
0x0000024dc5fc0000 - 0x0000024dc5fc3000 	C:\Users\malek\.openjfx\cache\23.0.1+4\amd64\api-ms-win-core-libraryloader-l1-1-0.dll
0x0000024dc5fd0000 - 0x0000024dc5fd3000 	C:\Users\malek\.openjfx\cache\23.0.1+4\amd64\api-ms-win-core-localization-l1-2-0.dll
0x0000024dc5fe0000 - 0x0000024dc5fe3000 	C:\Users\malek\.openjfx\cache\23.0.1+4\amd64\api-ms-win-core-memory-l1-1-0.dll
0x0000024dc5ff0000 - 0x0000024dc5ff3000 	C:\Users\malek\.openjfx\cache\23.0.1+4\amd64\api-ms-win-core-namedpipe-l1-1-0.dll
0x0000024e0b980000 - 0x0000024e0b983000 	C:\Users\malek\.openjfx\cache\23.0.1+4\amd64\api-ms-win-core-processenvironment-l1-1-0.dll
0x0000024e0b990000 - 0x0000024e0b993000 	C:\Users\malek\.openjfx\cache\23.0.1+4\amd64\api-ms-win-core-processthreads-l1-1-0.dll
0x0000024e0b9a0000 - 0x0000024e0b9a3000 	C:\Users\malek\.openjfx\cache\23.0.1+4\amd64\api-ms-win-core-processthreads-l1-1-1.dll
0x0000024e0b9b0000 - 0x0000024e0b9b3000 	C:\Users\malek\.openjfx\cache\23.0.1+4\amd64\api-ms-win-core-profile-l1-1-0.dll
0x0000024e0b9c0000 - 0x0000024e0b9c3000 	C:\Users\malek\.openjfx\cache\23.0.1+4\amd64\api-ms-win-core-rtlsupport-l1-1-0.dll
0x0000024e0b9d0000 - 0x0000024e0b9d3000 	C:\Users\malek\.openjfx\cache\23.0.1+4\amd64\api-ms-win-core-string-l1-1-0.dll
0x0000024e0b9e0000 - 0x0000024e0b9e3000 	C:\Users\malek\.openjfx\cache\23.0.1+4\amd64\api-ms-win-core-synch-l1-1-0.dll
0x0000024e0b9f0000 - 0x0000024e0b9f3000 	C:\Users\malek\.openjfx\cache\23.0.1+4\amd64\api-ms-win-core-synch-l1-2-0.dll
0x0000024e0ba00000 - 0x0000024e0ba03000 	C:\Users\malek\.openjfx\cache\23.0.1+4\amd64\api-ms-win-core-sysinfo-l1-1-0.dll
0x0000024e0ba10000 - 0x0000024e0ba13000 	C:\Users\malek\.openjfx\cache\23.0.1+4\amd64\api-ms-win-core-timezone-l1-1-0.dll
0x0000024e0ba20000 - 0x0000024e0ba23000 	C:\Users\malek\.openjfx\cache\23.0.1+4\amd64\api-ms-win-core-util-l1-1-0.dll
0x0000024e0ba30000 - 0x0000024e0ba33000 	C:\Users\malek\.openjfx\cache\23.0.1+4\amd64\api-ms-win-crt-conio-l1-1-0.dll
0x0000024e0ba40000 - 0x0000024e0ba44000 	C:\Users\malek\.openjfx\cache\23.0.1+4\amd64\api-ms-win-crt-convert-l1-1-0.dll
0x0000024e0ba50000 - 0x0000024e0ba53000 	C:\Users\malek\.openjfx\cache\23.0.1+4\amd64\api-ms-win-crt-environment-l1-1-0.dll
0x0000024e0ba60000 - 0x0000024e0ba63000 	C:\Users\malek\.openjfx\cache\23.0.1+4\amd64\api-ms-win-crt-filesystem-l1-1-0.dll
0x0000024e0ba70000 - 0x0000024e0ba73000 	C:\Users\malek\.openjfx\cache\23.0.1+4\amd64\api-ms-win-crt-heap-l1-1-0.dll
0x0000024e0ba80000 - 0x0000024e0ba83000 	C:\Users\malek\.openjfx\cache\23.0.1+4\amd64\api-ms-win-crt-locale-l1-1-0.dll
0x0000024e0ba90000 - 0x0000024e0ba95000 	C:\Users\malek\.openjfx\cache\23.0.1+4\amd64\api-ms-win-crt-math-l1-1-0.dll
0x0000024e0baa0000 - 0x0000024e0baa5000 	C:\Users\malek\.openjfx\cache\23.0.1+4\amd64\api-ms-win-crt-multibyte-l1-1-0.dll
0x0000024e0bab0000 - 0x0000024e0bac0000 	C:\Users\malek\.openjfx\cache\23.0.1+4\amd64\api-ms-win-crt-private-l1-1-0.dll
0x0000024e0bac0000 - 0x0000024e0bac3000 	C:\Users\malek\.openjfx\cache\23.0.1+4\amd64\api-ms-win-crt-process-l1-1-0.dll
0x0000024e0bad0000 - 0x0000024e0bad4000 	C:\Users\malek\.openjfx\cache\23.0.1+4\amd64\api-ms-win-crt-runtime-l1-1-0.dll
0x0000024e0bae0000 - 0x0000024e0bae4000 	C:\Users\malek\.openjfx\cache\23.0.1+4\amd64\api-ms-win-crt-stdio-l1-1-0.dll
0x0000024e0baf0000 - 0x0000024e0baf4000 	C:\Users\malek\.openjfx\cache\23.0.1+4\amd64\api-ms-win-crt-string-l1-1-0.dll
0x0000024e0bb00000 - 0x0000024e0bb03000 	C:\Users\malek\.openjfx\cache\23.0.1+4\amd64\api-ms-win-crt-time-l1-1-0.dll
0x0000024e0bb10000 - 0x0000024e0bb13000 	C:\Users\malek\.openjfx\cache\23.0.1+4\amd64\api-ms-win-crt-utility-l1-1-0.dll
0x00007fffa8ea0000 - 0x00007fffa8f9c000 	C:\Users\malek\.openjfx\cache\23.0.1+4\amd64\ucrtbase.dll
0x00007fffb3da0000 - 0x00007fffb3dbb000 	C:\Users\malek\.openjfx\cache\23.0.1+4\amd64\vcruntime140.dll
0x00007fffb3d90000 - 0x00007fffb3d9c000 	C:\Users\malek\.openjfx\cache\23.0.1+4\amd64\vcruntime140_1.dll
0x00007fffa8e10000 - 0x00007fffa8e9e000 	C:\Users\malek\.openjfx\cache\23.0.1+4\amd64\msvcp140.dll
0x00007fffb0250000 - 0x00007fffb0259000 	C:\Users\malek\.openjfx\cache\23.0.1+4\amd64\msvcp140_1.dll
0x00007fffaf000000 - 0x00007fffaf041000 	C:\Users\malek\.openjfx\cache\23.0.1+4\amd64\msvcp140_2.dll
0x00007fffa9d20000 - 0x00007fffa9d50000 	C:\Users\malek\.openjfx\cache\23.0.1+4\amd64\prism_d3d.dll
0x00007ff8041e0000 - 0x00007ff804388000 	C:\WINDOWS\system32\d3d9.dll
0x00007ff857140000 - 0x00007ff85716b000 	C:\WINDOWS\SYSTEM32\dwmapi.dll
0x00007ff856fd0000 - 0x00007ff857007000 	C:\WINDOWS\SYSTEM32\dxcore.dll
0x00007ff856ed0000 - 0x00007ff856f81000 	C:\WINDOWS\system32\uxtheme.dll
0x00007ff804030000 - 0x00007ff8041dc000 	C:\WINDOWS\System32\DriverStore\FileRepository\iigd_dch.inf_amd64_237b1b6e9066be9c\igdumdim64.dll
0x00007fffd0540000 - 0x00007fffd4d9b000 	C:\WINDOWS\System32\DriverStore\FileRepository\iigd_dch.inf_amd64_237b1b6e9066be9c\igd9dxva64.dll
0x00007ff85c6f0000 - 0x00007ff85cb64000 	C:\WINDOWS\System32\SETUPAPI.dll
0x00007ff859b50000 - 0x00007ff859b9e000 	C:\WINDOWS\SYSTEM32\cfgmgr32.dll
0x00007ff846dd0000 - 0x00007ff8471da000 	C:\WINDOWS\System32\DriverStore\FileRepository\iigd_dch.inf_amd64_237b1b6e9066be9c\igdgmm64.dll
0x00007ff850f50000 - 0x00007ff850f99000 	C:\WINDOWS\SYSTEM32\directxdatabasehelper.dll
0x00007fffa8dc0000 - 0x00007fffa8e05000 	C:\Users\malek\.openjfx\cache\23.0.1+4\amd64\glass.dll
0x00007ff85acd0000 - 0x00007ff85add2000 	C:\WINDOWS\System32\COMDLG32.dll
0x00007ff85b360000 - 0x00007ff85b4bf000 	C:\WINDOWS\System32\MSCTF.dll
0x00007fffe4570000 - 0x00007fffe4597000 	C:\WINDOWS\System32\DriverStore\FileRepository\iigd_dch.inf_amd64_237b1b6e9066be9c\igdinfo64.dll
0x00007ff83f890000 - 0x00007ff843f00000 	C:\WINDOWS\System32\DriverStore\FileRepository\iigd_dch.inf_amd64_237b1b6e9066be9c\igc64.dll
0x00007ff85c2d0000 - 0x00007ff85c380000 	C:\WINDOWS\System32\clbcatq.dll
0x00007ff83bce0000 - 0x00007ff83be5d000 	C:\Windows\System32\Windows.UI.dll
0x00007ff827ae0000 - 0x00007ff827c55000 	C:\Windows\System32\Windows.UI.Immersive.dll
0x00007fffaefe0000 - 0x00007fffaeff5000 	C:\Users\malek\.openjfx\cache\23.0.1+4\amd64\javafx_font.dll
0x00007ff853110000 - 0x00007ff853383000 	C:\WINDOWS\SYSTEM32\dwrite.dll
0x00007ff856c60000 - 0x00007ff856e10000 	C:\WINDOWS\SYSTEM32\WindowsCodecs.dll
0x00007ff8244c0000 - 0x00007ff82451e000 	C:\WINDOWS\system32\dataexchange.dll
0x00007ff84c350000 - 0x00007ff84c5f5000 	C:\WINDOWS\system32\twinapi.appcore.dll
0x00007fffe9a00000 - 0x00007fffe9a32000 	C:\Program Files\Common Files\Microsoft Shared\Ink\rtscom.dll
0x00007ff83b3e0000 - 0x00007ff83b526000 	C:\WINDOWS\SYSTEM32\textinputframework.dll
0x00007ff854140000 - 0x00007ff854275000 	C:\WINDOWS\SYSTEM32\CoreMessaging.dll
0x00007ff84f140000 - 0x00007ff84f4ac000 	C:\WINDOWS\SYSTEM32\CoreUIComponents.dll
0x00007ff859660000 - 0x00007ff85966c000 	C:\WINDOWS\SYSTEM32\CRYPTBASE.DLL
0x00007ff8589d0000 - 0x00007ff858ad2000 	C:\WINDOWS\SYSTEM32\DNSAPI.dll
0x00007ff8589a0000 - 0x00007ff8589cd000 	C:\WINDOWS\SYSTEM32\IPHLPAPI.DLL
0x00007ff85b580000 - 0x00007ff85b589000 	C:\WINDOWS\System32\NSI.dll
0x00007ff855040000 - 0x00007ff85504a000 	C:\Windows\System32\rasadhlp.dll
0x00007ff855230000 - 0x00007ff8552b3000 	C:\WINDOWS\System32\fwpuclnt.dll

dbghelp: loaded successfully - version: 4.0.5 - missing functions: none
symbol engine: initialized successfully - sym options: 0x614 - pdb path: .;C:\Program Files\Java\jdk-23\bin;C:\WINDOWS\SYSTEM32;C:\WINDOWS\WinSxS\amd64_microsoft.windows.common-controls_6595b64144ccf1df_6.0.22621.4830_none_270fe7d773858e80;C:\Program Files\Java\jdk-23\bin\server;C:\Users\malek\.openjfx\cache\23.0.1+4\amd64;C:\WINDOWS\System32\DriverStore\FileRepository\iigd_dch.inf_amd64_237b1b6e9066be9c;C:\Program Files\Common Files\Microsoft Shared\Ink

VM Arguments:
jvm_args: --module-path=C:\Users\malek\.m2\repository\org\openjfx\javafx-base\23.0.1\javafx-base-23.0.1-win.jar;C:\Users\malek\.m2\repository\org\openjfx\javafx-base\23.0.1\javafx-base-23.0.1.jar;C:\Users\malek\.m2\repository\org\openjfx\javafx-controls\23.0.1\javafx-controls-23.0.1-win.jar;C:\Users\malek\.m2\repository\org\openjfx\javafx-controls\23.0.1\javafx-controls-23.0.1.jar;C:\Users\malek\.m2\repository\org\openjfx\javafx-fxml\23.0.1\javafx-fxml-23.0.1-win.jar;C:\Users\malek\.m2\repository\org\openjfx\javafx-fxml\23.0.1\javafx-fxml-23.0.1.jar;C:\Users\malek\.m2\repository\org\openjfx\javafx-graphics\23.0.1\javafx-graphics-23.0.1-win.jar;C:\Users\malek\.m2\repository\org\openjfx\javafx-graphics\23.0.1\javafx-graphics-23.0.1.jar --add-modules=javafx.base,javafx.controls,javafx.fxml,javafx.graphics 
java_command: edu.pidev3a32.tests.MainFx
java_class_path (initial): C:\gestion_planning\target\classes;C:\Users\malek\.m2\repository\com\google\protobuf\protobuf-java\3.11.4\protobuf-java-3.11.4.jar;C:\Users\malek\.m2\repository\mysql\mysql-connector-java\8.0.28\mysql-connector-java-8.0.28.jar
Launcher Type: SUN_STANDARD

[Global flags]
     intx CICompilerCount                          = 4                                         {product} {ergonomic}
     uint ConcGCThreads                            = 2                                         {product} {ergonomic}
     uint G1ConcRefinementThreads                  = 8                                         {product} {ergonomic}
   size_t G1HeapRegionSize                         = 2097152                                   {product} {ergonomic}
   size_t InitialHeapSize                          = 266338304                                 {product} {ergonomic}
   size_t MarkStackSize                            = 4194304                                   {product} {ergonomic}
   size_t MarkStackSizeMax                         = 536870912                                 {product} {ergonomic}
   size_t MaxHeapSize                              = 4229955584                                {product} {ergonomic}
   size_t MaxNewSize                               = 2537553920                                {product} {ergonomic}
   size_t MinHeapDeltaBytes                        = 2097152                                   {product} {ergonomic}
   size_t MinHeapSize                              = 8388608                                   {product} {ergonomic}
    uintx NonNMethodCodeHeapSize                   = 5832704                                {pd product} {ergonomic}
    uintx NonProfiledCodeHeapSize                  = 122945536                              {pd product} {ergonomic}
    uintx ProfiledCodeHeapSize                     = 122880000                              {pd product} {ergonomic}
    uintx ReservedCodeCacheSize                    = 251658240                              {pd product} {ergonomic}
     bool SegmentedCodeCache                       = true                                      {product} {ergonomic}
   size_t SoftMaxHeapSize                          = 4229955584                             {manageable} {ergonomic}
     bool UseCompressedOops                        = true                           {product lp64_product} {ergonomic}
     bool UseG1GC                                  = true                                      {product} {ergonomic}
     bool UseLargePagesIndividualAllocation        = false                                  {pd product} {ergonomic}

Logging:
Log output configuration:
 #0: stdout all=warning uptime,level,tags foldmultilines=false
 #1: stderr all=off uptime,level,tags foldmultilines=false

Environment Variables:
PATH=C:\Program Files\Common Files\Oracle\Java\javapath;C:\Program Files (x86)\VMware\VMware Workstation\bin\;C:\oraclexe\app\oracle\product\11.2.0\server\bin;C:\Program Files (x86)\Common Files\Intel\Shared Libraries\redist\intel64\compiler;C:\windows\system32;C:\windows;C:\windows\System32\Wbem;C:\windows\System32\WindowsPowerShell\v1.0\;C:\windows\System32\OpenSSH\;C:\Program Files (x86)\NVIDIA Corporation\PhysX\Common;C:\Program Files\NVIDIA Corporation\NVIDIA NvDLISR;C:\WINDOWS\system32;C:\WINDOWS;C:\WINDOWS\System32\Wbem;C:\WINDOWS\System32\WindowsPowerShell\v1.0\;C:\WINDOWS\System32\OpenSSH\;C:\Program Files (x86)\HI-TECH Software\PICC\LITE\9.60\bin;C:\Program Files\Git\cmd;C:\xampp\php;C:\ProgramData\ComposerSetup\bin;C:\oraclexe\app\oracle\product\11.2.0\server\bin;C:\instanstclient-2;C:\oraclexe\app\oracle\admin\XE;C:\oraclexe;C:\Program Files (x86)\OpenSSL-Win64\bin;;C:\Program Files\HP\HP One Agent;C:\Users\malek\AppData\Local\Programs\Python\Python313\Scripts\;C:\Users\malek\AppData\Local\Programs\Python\Python313\;C:\Users\malek\scoop\shims;C:\Users\malek\AppData\Local\Microsoft\WindowsApps;C:\Users\malek\AppData\Local\Programs\Microsoft VS Code\bin;C:\Users\malek\AppData\Roaming\Composer\vendor\bin;C:\Program Files (x86)\OpenSSL-Win32\lib\MinGW\x86;C:\xampp\php;;C:\Program Files\JetBrains\IntelliJ IDEA 2024.2.1\bin;
USERNAME=malek
OS=Windows_NT
PROCESSOR_IDENTIFIER=Intel64 Family 6 Model 140 Stepping 1, GenuineIntel
TMP=C:\Users\malek\AppData\Local\Temp
TEMP=C:\Users\malek\AppData\Local\Temp




Periodic native trim disabled

---------------  S Y S T E M  ---------------

OS:
 Windows 11 , 64 bit Build 22621 (10.0.22621.4830)
OS uptime: 0 days 4:13 hours

CPU: total 8 (initial active 8) (4 cores per cpu, 2 threads per core) family 6 model 140 stepping 1 microcode 0xa4, cx8, cmov, fxsr, ht, mmx, 3dnowpref, sse, sse2, sse3, ssse3, sse4.1, sse4.2, popcnt, lzcnt, tsc, tscinvbit, avx, avx2, aes, erms, clmul, bmi1, bmi2, adx, avx512f, avx512dq, avx512cd, avx512bw, avx512vl, sha, fma, vzeroupper, avx512_vpopcntdq, avx512_vpclmulqdq, avx512_vaes, avx512_vnni, clflush, clflushopt, clwb, avx512_vbmi2, avx512_vbmi, rdtscp, rdpid, fsrm, gfni, avx512_bitalg, f16c, pku, cet_ibt, cet_ss, avx512_ifma
Processor Information for the first 8 processors :
  Max Mhz: 3302, Current Mhz: 3302, Mhz Limit: 3302

Memory: 4k page, system-wide physical 16129M (2589M free)
TotalPageFile size 31984M (AvailPageFile size 29M)
current process WorkingSet (physical memory assigned to process): 1126M, peak: 1126M
current process commit charge ("private bytes"): 1273M, peak: 1407M

vm_info: Java HotSpot(TM) 64-Bit Server VM (23+37-2369) for windows-amd64 JRE (23+37-2369), built on 2024-08-20T16:01:23Z with MS VC++ 17.6 (VS2022)

END.
