#
# There is insufficient memory for the Java Runtime Environment to continue.
# Native memory allocation (mmap) failed to map 132120576 bytes. Error detail: G1 virtual space
# Possible reasons:
#   The system is out of physical RAM or swap space
#   This process is running with CompressedOops enabled, and the Java Heap may be blocking the growth of the native heap
# Possible solutions:
#   Reduce memory load on the system
#   Increase physical memory or swap space
#   Check if swap backing store is full
#   Decrease Java heap size (-Xmx/-Xms)
#   Decrease number of Java threads
#   Decrease Java thread stack sizes (-Xss)
#   Set larger code cache with -XX:ReservedCodeCacheSize=
#   JVM is running with Zero Based Compressed Oops mode in which the Java heap is
#     placed in the first 32GB address space. The Java Heap base address is the
#     maximum limit for the native heap growth. Please use -XX:HeapBaseMinAddress
#     to set the Java Heap base and to place the Java Heap above 32GB virtual address.
# This output file may be truncated or incomplete.
#
#  Out of Memory Error (os_windows.cpp:3703), pid=21752, tid=9436
#
# JRE version: Java(TM) SE Runtime Environment (23.0+37) (build 23+37-2369)
# Java VM: Java HotSpot(TM) 64-Bit Server VM (23+37-2369, mixed mode, sharing, tiered, compressed oops, compressed class ptrs, g1 gc, windows-amd64)
# No core dump will be written. Minidumps are not enabled by default on client versions of Windows
#

---------------  S U M M A R Y ------------

Command Line: --module-path=C:\Users\malek\.m2\repository\org\openjfx\javafx-base\23.0.1\javafx-base-23.0.1-win.jar;C:\Users\malek\.m2\repository\org\openjfx\javafx-base\23.0.1\javafx-base-23.0.1.jar;C:\Users\malek\.m2\repository\org\openjfx\javafx-controls\23.0.1\javafx-controls-23.0.1-win.jar;C:\Users\malek\.m2\repository\org\openjfx\javafx-controls\23.0.1\javafx-controls-23.0.1.jar;C:\Users\malek\.m2\repository\org\openjfx\javafx-fxml\23.0.1\javafx-fxml-23.0.1-win.jar;C:\Users\malek\.m2\repository\org\openjfx\javafx-fxml\23.0.1\javafx-fxml-23.0.1.jar;C:\Users\malek\.m2\repository\org\openjfx\javafx-graphics\23.0.1\javafx-graphics-23.0.1-win.jar;C:\Users\malek\.m2\repository\org\openjfx\javafx-graphics\23.0.1\javafx-graphics-23.0.1.jar --add-modules=javafx.base,javafx.controls,javafx.fxml,javafx.graphics edu.pidev3a32.tests.MainFx

Host: 11th Gen Intel(R) Core(TM) i7-11370H @ 3.30GHz, 8 cores, 15G,  Windows 11 , 64 bit Build 22621 (10.0.22621.4830)
Time: Tue Feb 18 23:37:23 2025 Paris, Madrid elapsed time: 13.770948 seconds (0d 0h 0m 13s)

---------------  T H R E A D  ---------------

Current thread (0x000001923c4aee00):  VMThread "VM Thread"          [id=9436, stack(0x0000002a2d400000,0x0000002a2d500000) (1024K)]

Stack: [0x0000002a2d400000,0x0000002a2d500000]
Native frames: (J=compiled Java code, j=interpreted, Vv=VM code, C=native code)
V  [jvm.dll+0x6e08a9]  (no source info available)
V  [jvm.dll+0x87da63]  (no source info available)
V  [jvm.dll+0x87feee]  (no source info available)
V  [jvm.dll+0x8805c3]  (no source info available)
V  [jvm.dll+0x27aee6]  (no source info available)
V  [jvm.dll+0x6dd1b5]  (no source info available)
V  [jvm.dll+0x6d103a]  (no source info available)
V  [jvm.dll+0x35b3ea]  (no source info available)
V  [jvm.dll+0x3637f6]  (no source info available)
V  [jvm.dll+0x34fd5e]  (no source info available)
V  [jvm.dll+0x34fff8]  (no source info available)
V  [jvm.dll+0x3289cc]  (no source info available)
V  [jvm.dll+0x32b3b9]  (no source info available)
V  [jvm.dll+0x335f74]  (no source info available)
V  [jvm.dll+0x372d55]  (no source info available)
V  [jvm.dll+0x886500]  (no source info available)
V  [jvm.dll+0x887827]  (no source info available)
V  [jvm.dll+0x887d58]  (no source info available)
V  [jvm.dll+0x887ff3]  (no source info available)
V  [jvm.dll+0x824f1b]  (no source info available)
V  [jvm.dll+0x6df055]  (no source info available)
C  [ucrtbase.dll+0x29333]  (no source info available)
C  [KERNEL32.DLL+0x1259d]  (no source info available)
C  [ntdll.dll+0x5af38]  (no source info available)

VM_Operation (0x0000002a2cfff500): G1PauseRemark, mode: safepoint, requested by thread 0x000001921b2b9730


---------------  P R O C E S S  ---------------

Threads class SMR info:
_java_thread_list=0x000001927e790d00, length=19, elements={
0x000001921b23f650, 0x000001923c4ca910, 0x000001923c4cb920, 0x000001923c4d1960,
0x000001923c4d25e0, 0x000001923c4db3a0, 0x000001923c4dd7e0, 0x000001923c4de660,
0x000001923c7379b0, 0x000001923c8285d0, 0x000001923c8278b0, 0x000001923c829980,
0x000001923c828c60, 0x000001923c82a010, 0x000001923c82a6a0, 0x000001923c827220,
0x00000192087c1e60, 0x00000192087c6000, 0x00000192087c24f0
}

Java Threads: ( => current thread )
  0x000001921b23f650 JavaThread "main"                              [_thread_blocked, id=7660, stack(0x0000002a2cd00000,0x0000002a2ce00000) (1024K)]
  0x000001923c4ca910 JavaThread "Reference Handler"          daemon [_thread_blocked, id=8336, stack(0x0000002a2d500000,0x0000002a2d600000) (1024K)]
  0x000001923c4cb920 JavaThread "Finalizer"                  daemon [_thread_blocked, id=1508, stack(0x0000002a2d600000,0x0000002a2d700000) (1024K)]
  0x000001923c4d1960 JavaThread "Signal Dispatcher"          daemon [_thread_blocked, id=11276, stack(0x0000002a2d700000,0x0000002a2d800000) (1024K)]
  0x000001923c4d25e0 JavaThread "Attach Listener"            daemon [_thread_blocked, id=21060, stack(0x0000002a2d800000,0x0000002a2d900000) (1024K)]
  0x000001923c4db3a0 JavaThread "Service Thread"             daemon [_thread_blocked, id=1728, stack(0x0000002a2d900000,0x0000002a2da00000) (1024K)]
  0x000001923c4dd7e0 JavaThread "Monitor Deflation Thread"   daemon [_thread_blocked, id=17004, stack(0x0000002a2da00000,0x0000002a2db00000) (1024K)]
  0x000001923c4de660 JavaThread "C2 CompilerThread0"         daemon [_thread_blocked, id=6828, stack(0x0000002a2db00000,0x0000002a2dc00000) (1024K)]
  0x000001923c7379b0 JavaThread "C1 CompilerThread0"         daemon [_thread_blocked, id=10176, stack(0x0000002a2dc00000,0x0000002a2dd00000) (1024K)]
  0x000001923c8285d0 JavaThread "Common-Cleaner"             daemon [_thread_blocked, id=5348, stack(0x0000002a2dd00000,0x0000002a2de00000) (1024K)]
  0x000001923c8278b0 JavaThread "Notification Thread"        daemon [_thread_blocked, id=21564, stack(0x0000002a2e000000,0x0000002a2e100000) (1024K)]
  0x000001923c829980 JavaThread "QuantumRenderer-0"          daemon [_thread_blocked, id=21680, stack(0x0000002a2e100000,0x0000002a2e200000) (1024K)]
  0x000001923c828c60 JavaThread "InvokeLaterDispatcher"      daemon [_thread_blocked, id=17692, stack(0x0000002a2e200000,0x0000002a2e300000) (1024K)]
  0x000001923c82a010 JavaThread "JavaFX Application Thread"         [_thread_blocked, id=7020, stack(0x0000002a2e300000,0x0000002a2e400000) (1024K)]
  0x000001923c82a6a0 JavaThread "JavaFX-Launcher"                   [_thread_blocked, id=13012, stack(0x0000002a2e800000,0x0000002a2e900000) (1024K)]
  0x000001923c827220 JavaThread "Thread-2"                   daemon [_thread_blocked, id=18396, stack(0x0000002a2e700000,0x0000002a2e800000) (1024K)]
  0x00000192087c1e60 JavaThread "Prism Font Disposer"        daemon [_thread_blocked, id=10964, stack(0x0000002a2f300000,0x0000002a2f400000) (1024K)]
  0x00000192087c6000 JavaThread "Cleaner-0"                  daemon [_thread_blocked, id=20688, stack(0x0000002a2df00000,0x0000002a2e000000) (1024K)]
  0x00000192087c24f0 JavaThread "mysql-cj-abandoned-connection-cleanup" daemon [_thread_blocked, id=9440, stack(0x0000002a2de00000,0x0000002a2df00000) (1024K)]
Total: 19

Other Threads:
=>0x000001923c4aee00 VMThread "VM Thread"                           [id=9436, stack(0x0000002a2d400000,0x0000002a2d500000) (1024K)]
  0x000001923c49ca60 WatcherThread "VM Periodic Task Thread"        [id=14360, stack(0x0000002a2d300000,0x0000002a2d400000) (1024K)]
  0x000001921b2a4a20 WorkerThread "GC Thread#0"                     [id=6204, stack(0x0000002a2ce00000,0x0000002a2cf00000) (1024K)]
  0x00000192081c6760 WorkerThread "GC Thread#1"                     [id=17952, stack(0x0000002a2e900000,0x0000002a2ea00000) (1024K)]
  0x00000192081be220 WorkerThread "GC Thread#2"                     [id=20364, stack(0x0000002a2ea00000,0x0000002a2eb00000) (1024K)]
  0x000001927e5f3d50 WorkerThread "GC Thread#3"                     [id=14836, stack(0x0000002a2eb00000,0x0000002a2ec00000) (1024K)]
  0x000001927e5f4100 WorkerThread "GC Thread#4"                     [id=3832, stack(0x0000002a2ec00000,0x0000002a2ed00000) (1024K)]
  0x00000192081dba40 WorkerThread "GC Thread#5"                     [id=20952, stack(0x0000002a2ed00000,0x0000002a2ee00000) (1024K)]
  0x00000192081bda70 WorkerThread "GC Thread#6"                     [id=10732, stack(0x0000002a2ee00000,0x0000002a2ef00000) (1024K)]
  0x000001920830b220 WorkerThread "GC Thread#7"                     [id=17156, stack(0x0000002a2ef00000,0x0000002a2f000000) (1024K)]
  0x000001921b2b9730 ConcurrentGCThread "G1 Main Marker"            [id=21544, stack(0x0000002a2cf00000,0x0000002a2d000000) (1024K)]
  0x000001921b2ba240 WorkerThread "G1 Conc#0"                       [id=18048, stack(0x0000002a2d000000,0x0000002a2d100000) (1024K)]
  0x000001920830b5d0 WorkerThread "G1 Conc#1"                       [id=15884, stack(0x0000002a2f400000,0x0000002a2f500000) (1024K)]
  0x000001923c36f460 ConcurrentGCThread "G1 Refine#0"               [id=16180, stack(0x0000002a2d100000,0x0000002a2d200000) (1024K)]
  0x000001923c36ffe0 ConcurrentGCThread "G1 Service"                [id=22384, stack(0x0000002a2d200000,0x0000002a2d300000) (1024K)]
Total: 15

Threads with active compile tasks:
Total: 0

VM state: at safepoint (normal execution)

VM Mutex/Monitor currently owned by a thread:  ([mutex/lock_event])
[0x00007fff93e83910] Threads_lock - owner thread: 0x000001923c4aee00
[0x00007fff93e83a10] Heap_lock - owner thread: 0x000001921b2b9730

Heap address: 0x0000000703e00000, size: 4034 MB, Compressed Oops mode: Zero based, Oop shift amount: 3

CDS archive(s) mapped at: [0x000001923d000000-0x000001923dd70000-0x000001923dd70000), size 14090240, SharedBaseAddress: 0x000001923d000000, ArchiveRelocationMode: 1.
Compressed class space mapped at: 0x000001923e000000-0x000001927e000000, reserved size: 1073741824
Narrow klass base: 0x000001923d000000, Narrow klass shift: 0, Narrow klass range: 0x41000000

GC Precious Log:
 CardTable entry size: 512
 Card Set container configuration: InlinePtr #cards 4 size 8 Array Of Cards #cards 16 size 48 Howl #buckets 8 coarsen threshold 3686 Howl Bitmap #cards 512 size 80 coarsen threshold 460 Card regions per heap region 1 cards per card region 4096
 CPUs: 8 total, 8 available
 Memory: 16129M
 Large Page Support: Disabled
 NUMA Support: Disabled
 Compressed Oops: Enabled (Zero based)
 Heap Region Size: 2M
 Heap Min Capacity: 8M
 Heap Initial Capacity: 254M
 Heap Max Capacity: 4034M
 Pre-touch: Disabled
 Parallel Workers: 8
 Concurrent Workers: 2
 Concurrent Refinement Workers: 8
 Periodic GC: Disabled

Heap:
 garbage-first heap   total reserved 4130816K, committed 616448K, used 444664K [0x0000000703e00000, 0x0000000800000000)
  region size 2048K, 5 young (10240K), 4 survivors (8192K)
 Metaspace       used 22753K, committed 23104K, reserved 1114112K
  class space    used 3334K, committed 3520K, reserved 1048576K

Heap Regions: E=young(eden), S=young(survivor), O=old, HS=humongous(starts), HC=humongous(continues), CS=collection set, F=free, TAMS=top-at-mark-start, PB=parsable bottom
|   0|0x0000000703e00000, 0x0000000704000000, 0x0000000704000000|100%| O|  |TAMS 0x0000000704000000| PB 0x0000000704000000| Untracked |  0
|   1|0x0000000704000000, 0x0000000704200000, 0x0000000704200000|100%| O|  |TAMS 0x0000000704200000| PB 0x0000000704200000| Untracked |  0
|   2|0x0000000704200000, 0x0000000704400000, 0x0000000704400000|100%|HS|  |TAMS 0x0000000704400000| PB 0x0000000704200000| Complete |  0
|   3|0x0000000704400000, 0x0000000704600000, 0x0000000704600000|100%|HC|  |TAMS 0x0000000704600000| PB 0x0000000704400000| Complete |  0
|   4|0x0000000704600000, 0x0000000704800000, 0x0000000704800000|100%|HC|  |TAMS 0x0000000704800000| PB 0x0000000704600000| Complete |  0
|   5|0x0000000704800000, 0x0000000704a00000, 0x0000000704a00000|100%|HC|  |TAMS 0x0000000704a00000| PB 0x0000000704800000| Complete |  0
|   6|0x0000000704a00000, 0x0000000704c00000, 0x0000000704c00000|100%|HC|  |TAMS 0x0000000704c00000| PB 0x0000000704a00000| Complete |  0
|   7|0x0000000704c00000, 0x0000000704e00000, 0x0000000704e00000|100%|HC|  |TAMS 0x0000000704e00000| PB 0x0000000704c00000| Complete |  0
|   8|0x0000000704e00000, 0x0000000705000000, 0x0000000705000000|100%|HC|  |TAMS 0x0000000705000000| PB 0x0000000704e00000| Complete |  0
|   9|0x0000000705000000, 0x0000000705200000, 0x0000000705200000|100%|HC|  |TAMS 0x0000000705200000| PB 0x0000000705000000| Complete |  0
|  10|0x0000000705200000, 0x0000000705400000, 0x0000000705400000|100%|HC|  |TAMS 0x0000000705400000| PB 0x0000000705200000| Complete |  0
|  11|0x0000000705400000, 0x0000000705600000, 0x0000000705600000|100%|HC|  |TAMS 0x0000000705600000| PB 0x0000000705400000| Complete |  0
|  12|0x0000000705600000, 0x0000000705800000, 0x0000000705800000|100%|HC|  |TAMS 0x0000000705800000| PB 0x0000000705600000| Complete |  0
|  13|0x0000000705800000, 0x0000000705a00000, 0x0000000705a00000|100%|HC|  |TAMS 0x0000000705a00000| PB 0x0000000705800000| Complete |  0
|  14|0x0000000705a00000, 0x0000000705c00000, 0x0000000705c00000|100%|HC|  |TAMS 0x0000000705c00000| PB 0x0000000705a00000| Complete |  0
|  15|0x0000000705c00000, 0x0000000705e00000, 0x0000000705e00000|100%|HC|  |TAMS 0x0000000705e00000| PB 0x0000000705c00000| Complete |  0
|  16|0x0000000705e00000, 0x0000000706000000, 0x0000000706000000|100%|HC|  |TAMS 0x0000000706000000| PB 0x0000000705e00000| Complete |  0
|  17|0x0000000706000000, 0x0000000706200000, 0x0000000706200000|100%|HC|  |TAMS 0x0000000706200000| PB 0x0000000706000000| Complete |  0
|  18|0x0000000706200000, 0x0000000706400000, 0x0000000706400000|100%|HC|  |TAMS 0x0000000706400000| PB 0x0000000706200000| Complete |  0
|  19|0x0000000706400000, 0x0000000706600000, 0x0000000706600000|100%|HC|  |TAMS 0x0000000706600000| PB 0x0000000706400000| Complete |  0
|  20|0x0000000706600000, 0x0000000706800000, 0x0000000706800000|100%|HC|  |TAMS 0x0000000706800000| PB 0x0000000706600000| Complete |  0
|  21|0x0000000706800000, 0x0000000706a00000, 0x0000000706a00000|100%|HC|  |TAMS 0x0000000706a00000| PB 0x0000000706800000| Complete |  0
|  22|0x0000000706a00000, 0x0000000706c00000, 0x0000000706c00000|100%|HC|  |TAMS 0x0000000706c00000| PB 0x0000000706a00000| Complete |  0
|  23|0x0000000706c00000, 0x0000000706e00000, 0x0000000706e00000|100%|HC|  |TAMS 0x0000000706e00000| PB 0x0000000706c00000| Complete |  0
|  24|0x0000000706e00000, 0x0000000707000000, 0x0000000707000000|100%|HC|  |TAMS 0x0000000707000000| PB 0x0000000706e00000| Complete |  0
|  25|0x0000000707000000, 0x0000000707200000, 0x0000000707200000|100%|HC|  |TAMS 0x0000000707200000| PB 0x0000000707000000| Complete |  0
|  26|0x0000000707200000, 0x0000000707400000, 0x0000000707400000|100%|HC|  |TAMS 0x0000000707400000| PB 0x0000000707200000| Complete |  0
|  27|0x0000000707400000, 0x0000000707600000, 0x0000000707600000|100%|HC|  |TAMS 0x0000000707600000| PB 0x0000000707400000| Complete |  0
|  28|0x0000000707600000, 0x0000000707800000, 0x0000000707800000|100%|HC|  |TAMS 0x0000000707800000| PB 0x0000000707600000| Complete |  0
|  29|0x0000000707800000, 0x0000000707a00000, 0x0000000707a00000|100%|HC|  |TAMS 0x0000000707a00000| PB 0x0000000707800000| Complete |  0
|  30|0x0000000707a00000, 0x0000000707c00000, 0x0000000707c00000|100%|HC|  |TAMS 0x0000000707c00000| PB 0x0000000707a00000| Complete |  0
|  31|0x0000000707c00000, 0x0000000707e00000, 0x0000000707e00000|100%|HC|  |TAMS 0x0000000707e00000| PB 0x0000000707c00000| Complete |  0
|  32|0x0000000707e00000, 0x0000000708000000, 0x0000000708000000|100%|HC|  |TAMS 0x0000000708000000| PB 0x0000000707e00000| Complete |  0
|  33|0x0000000708000000, 0x0000000708200000, 0x0000000708200000|100%|HC|  |TAMS 0x0000000708200000| PB 0x0000000708000000| Complete |  0
|  34|0x0000000708200000, 0x0000000708400000, 0x0000000708400000|100%|HC|  |TAMS 0x0000000708400000| PB 0x0000000708200000| Complete |  0
|  35|0x0000000708400000, 0x0000000708600000, 0x0000000708600000|100%|HC|  |TAMS 0x0000000708600000| PB 0x0000000708400000| Complete |  0
|  36|0x0000000708600000, 0x0000000708800000, 0x0000000708800000|100%|HC|  |TAMS 0x0000000708800000| PB 0x0000000708600000| Complete |  0
|  37|0x0000000708800000, 0x0000000708a00000, 0x0000000708a00000|100%|HC|  |TAMS 0x0000000708a00000| PB 0x0000000708800000| Complete |  0
|  38|0x0000000708a00000, 0x0000000708c00000, 0x0000000708c00000|100%|HC|  |TAMS 0x0000000708c00000| PB 0x0000000708a00000| Complete |  0
|  39|0x0000000708c00000, 0x0000000708e00000, 0x0000000708e00000|100%|HC|  |TAMS 0x0000000708e00000| PB 0x0000000708c00000| Complete |  0
|  40|0x0000000708e00000, 0x0000000709000000, 0x0000000709000000|100%|HC|  |TAMS 0x0000000709000000| PB 0x0000000708e00000| Complete |  0
|  41|0x0000000709000000, 0x0000000709200000, 0x0000000709200000|100%|HC|  |TAMS 0x0000000709200000| PB 0x0000000709000000| Complete |  0
|  42|0x0000000709200000, 0x0000000709400000, 0x0000000709400000|100%|HC|  |TAMS 0x0000000709400000| PB 0x0000000709200000| Complete |  0
|  43|0x0000000709400000, 0x0000000709600000, 0x0000000709600000|100%|HC|  |TAMS 0x0000000709600000| PB 0x0000000709400000| Complete |  0
|  44|0x0000000709600000, 0x0000000709800000, 0x0000000709800000|100%|HC|  |TAMS 0x0000000709800000| PB 0x0000000709600000| Complete |  0
|  45|0x0000000709800000, 0x0000000709a00000, 0x0000000709a00000|100%|HC|  |TAMS 0x0000000709a00000| PB 0x0000000709800000| Complete |  0
|  46|0x0000000709a00000, 0x0000000709c00000, 0x0000000709c00000|100%|HC|  |TAMS 0x0000000709c00000| PB 0x0000000709a00000| Complete |  0
|  47|0x0000000709c00000, 0x0000000709e00000, 0x0000000709e00000|100%|HC|  |TAMS 0x0000000709e00000| PB 0x0000000709c00000| Complete |  0
|  48|0x0000000709e00000, 0x000000070a000000, 0x000000070a000000|100%|HC|  |TAMS 0x000000070a000000| PB 0x0000000709e00000| Complete |  0
|  49|0x000000070a000000, 0x000000070a200000, 0x000000070a200000|100%|HC|  |TAMS 0x000000070a200000| PB 0x000000070a000000| Complete |  0
|  50|0x000000070a200000, 0x000000070a400000, 0x000000070a400000|100%|HC|  |TAMS 0x000000070a400000| PB 0x000000070a200000| Complete |  0
|  51|0x000000070a400000, 0x000000070a600000, 0x000000070a600000|100%|HC|  |TAMS 0x000000070a600000| PB 0x000000070a400000| Complete |  0
|  52|0x000000070a600000, 0x000000070a800000, 0x000000070a800000|100%|HC|  |TAMS 0x000000070a800000| PB 0x000000070a600000| Complete |  0
|  53|0x000000070a800000, 0x000000070aa00000, 0x000000070aa00000|100%|HC|  |TAMS 0x000000070aa00000| PB 0x000000070a800000| Complete |  0
|  54|0x000000070aa00000, 0x000000070ac00000, 0x000000070ac00000|100%|HC|  |TAMS 0x000000070ac00000| PB 0x000000070aa00000| Complete |  0
|  55|0x000000070ac00000, 0x000000070ae00000, 0x000000070ae00000|100%|HC|  |TAMS 0x000000070ae00000| PB 0x000000070ac00000| Complete |  0
|  56|0x000000070ae00000, 0x000000070b000000, 0x000000070b000000|100%|HC|  |TAMS 0x000000070b000000| PB 0x000000070ae00000| Complete |  0
|  57|0x000000070b000000, 0x000000070b200000, 0x000000070b200000|100%|HC|  |TAMS 0x000000070b200000| PB 0x000000070b000000| Complete |  0
|  58|0x000000070b200000, 0x000000070b400000, 0x000000070b400000|100%|HC|  |TAMS 0x000000070b400000| PB 0x000000070b200000| Complete |  0
|  59|0x000000070b400000, 0x000000070b600000, 0x000000070b600000|100%|HC|  |TAMS 0x000000070b600000| PB 0x000000070b400000| Complete |  0
|  60|0x000000070b600000, 0x000000070b800000, 0x000000070b800000|100%|HC|  |TAMS 0x000000070b800000| PB 0x000000070b600000| Complete |  0
|  61|0x000000070b800000, 0x000000070ba00000, 0x000000070ba00000|100%|HC|  |TAMS 0x000000070ba00000| PB 0x000000070b800000| Complete |  0
|  62|0x000000070ba00000, 0x000000070bc00000, 0x000000070bc00000|100%|HC|  |TAMS 0x000000070bc00000| PB 0x000000070ba00000| Complete |  0
|  63|0x000000070bc00000, 0x000000070be00000, 0x000000070be00000|100%|HC|  |TAMS 0x000000070be00000| PB 0x000000070bc00000| Complete |  0
|  64|0x000000070be00000, 0x000000070c000000, 0x000000070c000000|100%|HC|  |TAMS 0x000000070c000000| PB 0x000000070be00000| Complete |  0
|  65|0x000000070c000000, 0x000000070c200000, 0x000000070c200000|100%|HC|  |TAMS 0x000000070c200000| PB 0x000000070c000000| Complete |  0
|  66|0x000000070c200000, 0x000000070c400000, 0x000000070c400000|100%|HC|  |TAMS 0x000000070c400000| PB 0x000000070c200000| Complete |  0
|  67|0x000000070c400000, 0x000000070c600000, 0x000000070c600000|100%|HC|  |TAMS 0x000000070c600000| PB 0x000000070c400000| Complete |  0
|  68|0x000000070c600000, 0x000000070c800000, 0x000000070c800000|100%|HC|  |TAMS 0x000000070c800000| PB 0x000000070c600000| Complete |  0
|  69|0x000000070c800000, 0x000000070ca00000, 0x000000070ca00000|100%|HC|  |TAMS 0x000000070ca00000| PB 0x000000070c800000| Complete |  0
|  70|0x000000070ca00000, 0x000000070cc00000, 0x000000070cc00000|100%|HC|  |TAMS 0x000000070cc00000| PB 0x000000070ca00000| Complete |  0
|  71|0x000000070cc00000, 0x000000070ce00000, 0x000000070ce00000|100%|HC|  |TAMS 0x000000070ce00000| PB 0x000000070cc00000| Complete |  0
|  72|0x000000070ce00000, 0x000000070d000000, 0x000000070d000000|100%|HS|  |TAMS 0x000000070d000000| PB 0x000000070ce00000| Complete |  0
|  73|0x000000070d000000, 0x000000070d164b30, 0x000000070d200000| 69%| O|  |TAMS 0x000000070d164b30| PB 0x000000070d164b30| Untracked |  0
|  74|0x000000070d200000, 0x000000070d200000, 0x000000070d400000|  0%| F|  |TAMS 0x000000070d200000| PB 0x000000070d200000| Untracked |  0
|  75|0x000000070d400000, 0x000000070d400000, 0x000000070d600000|  0%| F|  |TAMS 0x000000070d400000| PB 0x000000070d400000| Untracked |  0
|  76|0x000000070d600000, 0x000000070d600000, 0x000000070d800000|  0%| F|  |TAMS 0x000000070d600000| PB 0x000000070d600000| Untracked |  0
|  77|0x000000070d800000, 0x000000070d800000, 0x000000070da00000|  0%| F|  |TAMS 0x000000070d800000| PB 0x000000070d800000| Untracked |  0
|  78|0x000000070da00000, 0x000000070da00000, 0x000000070dc00000|  0%| F|  |TAMS 0x000000070da00000| PB 0x000000070da00000| Untracked |  0
|  79|0x000000070dc00000, 0x000000070dc00000, 0x000000070de00000|  0%| F|  |TAMS 0x000000070dc00000| PB 0x000000070dc00000| Untracked |  0
|  80|0x000000070de00000, 0x000000070de00000, 0x000000070e000000|  0%| F|  |TAMS 0x000000070de00000| PB 0x000000070de00000| Untracked |  0
|  81|0x000000070e000000, 0x000000070e000000, 0x000000070e200000|  0%| F|  |TAMS 0x000000070e000000| PB 0x000000070e000000| Untracked |  0
|  82|0x000000070e200000, 0x000000070e200000, 0x000000070e400000|  0%| F|  |TAMS 0x000000070e200000| PB 0x000000070e200000| Untracked |  0
|  83|0x000000070e400000, 0x000000070e400000, 0x000000070e600000|  0%| F|  |TAMS 0x000000070e400000| PB 0x000000070e400000| Untracked |  0
|  84|0x000000070e600000, 0x000000070e600000, 0x000000070e800000|  0%| F|  |TAMS 0x000000070e600000| PB 0x000000070e600000| Untracked |  0
|  85|0x000000070e800000, 0x000000070e800000, 0x000000070ea00000|  0%| F|  |TAMS 0x000000070e800000| PB 0x000000070e800000| Untracked |  0
|  86|0x000000070ea00000, 0x000000070ea00000, 0x000000070ec00000|  0%| F|  |TAMS 0x000000070ea00000| PB 0x000000070ea00000| Untracked |  0
|  87|0x000000070ec00000, 0x000000070ec00000, 0x000000070ee00000|  0%| F|  |TAMS 0x000000070ec00000| PB 0x000000070ec00000| Untracked |  0
|  88|0x000000070ee00000, 0x000000070ee00000, 0x000000070f000000|  0%| F|  |TAMS 0x000000070ee00000| PB 0x000000070ee00000| Untracked |  0
|  89|0x000000070f000000, 0x000000070f000000, 0x000000070f200000|  0%| F|  |TAMS 0x000000070f000000| PB 0x000000070f000000| Untracked |  0
|  90|0x000000070f200000, 0x000000070f200000, 0x000000070f400000|  0%| F|  |TAMS 0x000000070f200000| PB 0x000000070f200000| Untracked |  0
|  91|0x000000070f400000, 0x000000070f400000, 0x000000070f600000|  0%| F|  |TAMS 0x000000070f400000| PB 0x000000070f400000| Untracked |  0
|  92|0x000000070f600000, 0x000000070f600000, 0x000000070f800000|  0%| F|  |TAMS 0x000000070f600000| PB 0x000000070f600000| Untracked |  0
|  93|0x000000070f800000, 0x000000070f800000, 0x000000070fa00000|  0%| F|  |TAMS 0x000000070f800000| PB 0x000000070f800000| Untracked |  0
|  94|0x000000070fa00000, 0x000000070fa00000, 0x000000070fc00000|  0%| F|  |TAMS 0x000000070fa00000| PB 0x000000070fa00000| Untracked |  0
|  95|0x000000070fc00000, 0x000000070fc00000, 0x000000070fe00000|  0%| F|  |TAMS 0x000000070fc00000| PB 0x000000070fc00000| Untracked |  0
|  96|0x000000070fe00000, 0x000000070fe00000, 0x0000000710000000|  0%| F|  |TAMS 0x000000070fe00000| PB 0x000000070fe00000| Untracked |  0
|  97|0x0000000710000000, 0x0000000710000000, 0x0000000710200000|  0%| F|  |TAMS 0x0000000710000000| PB 0x0000000710000000| Untracked |  0
|  98|0x0000000710200000, 0x0000000710200000, 0x0000000710400000|  0%| F|  |TAMS 0x0000000710200000| PB 0x0000000710200000| Untracked |  0
|  99|0x0000000710400000, 0x0000000710400000, 0x0000000710600000|  0%| F|  |TAMS 0x0000000710400000| PB 0x0000000710400000| Untracked |  0
| 100|0x0000000710600000, 0x0000000710600000, 0x0000000710800000|  0%| F|  |TAMS 0x0000000710600000| PB 0x0000000710600000| Untracked |  0
| 101|0x0000000710800000, 0x0000000710800000, 0x0000000710a00000|  0%| F|  |TAMS 0x0000000710800000| PB 0x0000000710800000| Untracked |  0
| 102|0x0000000710a00000, 0x0000000710a00000, 0x0000000710c00000|  0%| F|  |TAMS 0x0000000710a00000| PB 0x0000000710a00000| Untracked |  0
| 103|0x0000000710c00000, 0x0000000710c00000, 0x0000000710e00000|  0%| F|  |TAMS 0x0000000710c00000| PB 0x0000000710c00000| Untracked |  0
| 104|0x0000000710e00000, 0x0000000710e00000, 0x0000000711000000|  0%| F|  |TAMS 0x0000000710e00000| PB 0x0000000710e00000| Untracked |  0
| 105|0x0000000711000000, 0x0000000711000000, 0x0000000711200000|  0%| F|  |TAMS 0x0000000711000000| PB 0x0000000711000000| Untracked |  0
| 106|0x0000000711200000, 0x0000000711200000, 0x0000000711400000|  0%| F|  |TAMS 0x0000000711200000| PB 0x0000000711200000| Untracked |  0
| 107|0x0000000711400000, 0x0000000711400000, 0x0000000711600000|  0%| F|  |TAMS 0x0000000711400000| PB 0x0000000711400000| Untracked |  0
| 108|0x0000000711600000, 0x0000000711600000, 0x0000000711800000|  0%| F|  |TAMS 0x0000000711600000| PB 0x0000000711600000| Untracked |  0
| 109|0x0000000711800000, 0x0000000711800000, 0x0000000711a00000|  0%| F|  |TAMS 0x0000000711800000| PB 0x0000000711800000| Untracked |  0
| 110|0x0000000711a00000, 0x0000000711a00000, 0x0000000711c00000|  0%| F|  |TAMS 0x0000000711a00000| PB 0x0000000711a00000| Untracked |  0
| 111|0x0000000711c00000, 0x0000000711c00000, 0x0000000711e00000|  0%| F|  |TAMS 0x0000000711c00000| PB 0x0000000711c00000| Untracked |  0
| 112|0x0000000711e00000, 0x0000000711e00000, 0x0000000712000000|  0%| F|  |TAMS 0x0000000711e00000| PB 0x0000000711e00000| Untracked |  0
| 113|0x0000000712000000, 0x0000000712000000, 0x0000000712200000|  0%| F|  |TAMS 0x0000000712000000| PB 0x0000000712000000| Untracked |  0
| 114|0x0000000712200000, 0x0000000712200000, 0x0000000712400000|  0%| F|  |TAMS 0x0000000712200000| PB 0x0000000712200000| Untracked |  0
| 115|0x0000000712400000, 0x0000000712400000, 0x0000000712600000|  0%| F|  |TAMS 0x0000000712400000| PB 0x0000000712400000| Untracked |  0
| 116|0x0000000712600000, 0x0000000712600000, 0x0000000712800000|  0%| F|  |TAMS 0x0000000712600000| PB 0x0000000712600000| Untracked |  0
| 117|0x0000000712800000, 0x0000000712800000, 0x0000000712a00000|  0%| F|  |TAMS 0x0000000712800000| PB 0x0000000712800000| Untracked |  0
| 118|0x0000000712a00000, 0x0000000712a00000, 0x0000000712c00000|  0%| F|  |TAMS 0x0000000712a00000| PB 0x0000000712a00000| Untracked |  0
| 119|0x0000000712c00000, 0x0000000712c00000, 0x0000000712e00000|  0%| F|  |TAMS 0x0000000712c00000| PB 0x0000000712c00000| Untracked |  0
| 120|0x0000000712e00000, 0x0000000712e00000, 0x0000000713000000|  0%| F|  |TAMS 0x0000000712e00000| PB 0x0000000712e00000| Untracked |  0
| 121|0x0000000713000000, 0x0000000713000000, 0x0000000713200000|  0%| F|  |TAMS 0x0000000713000000| PB 0x0000000713000000| Untracked |  0
| 122|0x0000000713200000, 0x0000000713200000, 0x0000000713400000|  0%| F|  |TAMS 0x0000000713200000| PB 0x0000000713200000| Untracked |  0
| 123|0x0000000713400000, 0x0000000713400000, 0x0000000713600000|  0%| F|  |TAMS 0x0000000713400000| PB 0x0000000713400000| Untracked |  0
| 124|0x0000000713600000, 0x0000000713600000, 0x0000000713800000|  0%| F|  |TAMS 0x0000000713600000| PB 0x0000000713600000| Untracked |  0
| 125|0x0000000713800000, 0x0000000713800000, 0x0000000713a00000|  0%| F|  |TAMS 0x0000000713800000| PB 0x0000000713800000| Untracked |  0
| 126|0x0000000713a00000, 0x0000000713a00000, 0x0000000713c00000|  0%| F|  |TAMS 0x0000000713a00000| PB 0x0000000713a00000| Untracked |  0
| 127|0x0000000713c00000, 0x0000000713c00000, 0x0000000713e00000|  0%| F|  |TAMS 0x0000000713c00000| PB 0x0000000713c00000| Untracked |  0
| 128|0x0000000713e00000, 0x0000000714000000, 0x0000000714000000|100%|HS|  |TAMS 0x0000000714000000| PB 0x0000000713e00000| Complete |  0
| 129|0x0000000714000000, 0x0000000714200000, 0x0000000714200000|100%|HC|  |TAMS 0x0000000714200000| PB 0x0000000714000000| Complete |  0
| 130|0x0000000714200000, 0x0000000714400000, 0x0000000714400000|100%|HC|  |TAMS 0x0000000714400000| PB 0x0000000714200000| Complete |  0
| 131|0x0000000714400000, 0x0000000714600000, 0x0000000714600000|100%|HC|  |TAMS 0x0000000714600000| PB 0x0000000714400000| Complete |  0
| 132|0x0000000714600000, 0x0000000714800000, 0x0000000714800000|100%|HC|  |TAMS 0x0000000714800000| PB 0x0000000714600000| Complete |  0
| 133|0x0000000714800000, 0x0000000714a00000, 0x0000000714a00000|100%|HC|  |TAMS 0x0000000714a00000| PB 0x0000000714800000| Complete |  0
| 134|0x0000000714a00000, 0x0000000714c00000, 0x0000000714c00000|100%|HC|  |TAMS 0x0000000714c00000| PB 0x0000000714a00000| Complete |  0
| 135|0x0000000714c00000, 0x0000000714e00000, 0x0000000714e00000|100%|HC|  |TAMS 0x0000000714e00000| PB 0x0000000714c00000| Complete |  0
| 136|0x0000000714e00000, 0x0000000715000000, 0x0000000715000000|100%|HC|  |TAMS 0x0000000715000000| PB 0x0000000714e00000| Complete |  0
| 137|0x0000000715000000, 0x0000000715200000, 0x0000000715200000|100%|HC|  |TAMS 0x0000000715200000| PB 0x0000000715000000| Complete |  0
| 138|0x0000000715200000, 0x0000000715400000, 0x0000000715400000|100%|HC|  |TAMS 0x0000000715400000| PB 0x0000000715200000| Complete |  0
| 139|0x0000000715400000, 0x0000000715600000, 0x0000000715600000|100%|HC|  |TAMS 0x0000000715600000| PB 0x0000000715400000| Complete |  0
| 140|0x0000000715600000, 0x0000000715800000, 0x0000000715800000|100%|HC|  |TAMS 0x0000000715800000| PB 0x0000000715600000| Complete |  0
| 141|0x0000000715800000, 0x0000000715a00000, 0x0000000715a00000|100%|HC|  |TAMS 0x0000000715a00000| PB 0x0000000715800000| Complete |  0
| 142|0x0000000715a00000, 0x0000000715c00000, 0x0000000715c00000|100%|HC|  |TAMS 0x0000000715c00000| PB 0x0000000715a00000| Complete |  0
| 143|0x0000000715c00000, 0x0000000715e00000, 0x0000000715e00000|100%|HC|  |TAMS 0x0000000715e00000| PB 0x0000000715c00000| Complete |  0
| 144|0x0000000715e00000, 0x0000000716000000, 0x0000000716000000|100%|HC|  |TAMS 0x0000000716000000| PB 0x0000000715e00000| Complete |  0
| 145|0x0000000716000000, 0x0000000716200000, 0x0000000716200000|100%|HC|  |TAMS 0x0000000716200000| PB 0x0000000716000000| Complete |  0
| 146|0x0000000716200000, 0x0000000716400000, 0x0000000716400000|100%|HC|  |TAMS 0x0000000716400000| PB 0x0000000716200000| Complete |  0
| 147|0x0000000716400000, 0x0000000716600000, 0x0000000716600000|100%|HC|  |TAMS 0x0000000716600000| PB 0x0000000716400000| Complete |  0
| 148|0x0000000716600000, 0x0000000716800000, 0x0000000716800000|100%|HC|  |TAMS 0x0000000716800000| PB 0x0000000716600000| Complete |  0
| 149|0x0000000716800000, 0x0000000716a00000, 0x0000000716a00000|100%|HC|  |TAMS 0x0000000716a00000| PB 0x0000000716800000| Complete |  0
| 150|0x0000000716a00000, 0x0000000716c00000, 0x0000000716c00000|100%|HC|  |TAMS 0x0000000716c00000| PB 0x0000000716a00000| Complete |  0
| 151|0x0000000716c00000, 0x0000000716e00000, 0x0000000716e00000|100%|HC|  |TAMS 0x0000000716e00000| PB 0x0000000716c00000| Complete |  0
| 152|0x0000000716e00000, 0x0000000717000000, 0x0000000717000000|100%|HC|  |TAMS 0x0000000717000000| PB 0x0000000716e00000| Complete |  0
| 153|0x0000000717000000, 0x0000000717200000, 0x0000000717200000|100%|HC|  |TAMS 0x0000000717200000| PB 0x0000000717000000| Complete |  0
| 154|0x0000000717200000, 0x0000000717400000, 0x0000000717400000|100%|HC|  |TAMS 0x0000000717400000| PB 0x0000000717200000| Complete |  0
| 155|0x0000000717400000, 0x0000000717600000, 0x0000000717600000|100%|HC|  |TAMS 0x0000000717600000| PB 0x0000000717400000| Complete |  0
| 156|0x0000000717600000, 0x0000000717800000, 0x0000000717800000|100%|HC|  |TAMS 0x0000000717800000| PB 0x0000000717600000| Complete |  0
| 157|0x0000000717800000, 0x0000000717a00000, 0x0000000717a00000|100%|HC|  |TAMS 0x0000000717a00000| PB 0x0000000717800000| Complete |  0
| 158|0x0000000717a00000, 0x0000000717c00000, 0x0000000717c00000|100%|HC|  |TAMS 0x0000000717c00000| PB 0x0000000717a00000| Complete |  0
| 159|0x0000000717c00000, 0x0000000717e00000, 0x0000000717e00000|100%|HC|  |TAMS 0x0000000717e00000| PB 0x0000000717c00000| Complete |  0
| 160|0x0000000717e00000, 0x0000000718000000, 0x0000000718000000|100%|HC|  |TAMS 0x0000000718000000| PB 0x0000000717e00000| Complete |  0
| 161|0x0000000718000000, 0x0000000718200000, 0x0000000718200000|100%|HC|  |TAMS 0x0000000718200000| PB 0x0000000718000000| Complete |  0
| 162|0x0000000718200000, 0x0000000718400000, 0x0000000718400000|100%|HC|  |TAMS 0x0000000718400000| PB 0x0000000718200000| Complete |  0
| 163|0x0000000718400000, 0x0000000718600000, 0x0000000718600000|100%|HC|  |TAMS 0x0000000718600000| PB 0x0000000718400000| Complete |  0
| 164|0x0000000718600000, 0x0000000718800000, 0x0000000718800000|100%|HC|  |TAMS 0x0000000718800000| PB 0x0000000718600000| Complete |  0
| 165|0x0000000718800000, 0x0000000718a00000, 0x0000000718a00000|100%|HC|  |TAMS 0x0000000718a00000| PB 0x0000000718800000| Complete |  0
| 166|0x0000000718a00000, 0x0000000718c00000, 0x0000000718c00000|100%|HC|  |TAMS 0x0000000718c00000| PB 0x0000000718a00000| Complete |  0
| 167|0x0000000718c00000, 0x0000000718e00000, 0x0000000718e00000|100%|HC|  |TAMS 0x0000000718e00000| PB 0x0000000718c00000| Complete |  0
| 168|0x0000000718e00000, 0x0000000719000000, 0x0000000719000000|100%|HC|  |TAMS 0x0000000719000000| PB 0x0000000718e00000| Complete |  0
| 169|0x0000000719000000, 0x0000000719200000, 0x0000000719200000|100%|HC|  |TAMS 0x0000000719200000| PB 0x0000000719000000| Complete |  0
| 170|0x0000000719200000, 0x0000000719400000, 0x0000000719400000|100%|HC|  |TAMS 0x0000000719400000| PB 0x0000000719200000| Complete |  0
| 171|0x0000000719400000, 0x0000000719600000, 0x0000000719600000|100%|HC|  |TAMS 0x0000000719600000| PB 0x0000000719400000| Complete |  0
| 172|0x0000000719600000, 0x0000000719800000, 0x0000000719800000|100%|HC|  |TAMS 0x0000000719800000| PB 0x0000000719600000| Complete |  0
| 173|0x0000000719800000, 0x0000000719a00000, 0x0000000719a00000|100%|HC|  |TAMS 0x0000000719a00000| PB 0x0000000719800000| Complete |  0
| 174|0x0000000719a00000, 0x0000000719c00000, 0x0000000719c00000|100%|HC|  |TAMS 0x0000000719c00000| PB 0x0000000719a00000| Complete |  0
| 175|0x0000000719c00000, 0x0000000719e00000, 0x0000000719e00000|100%|HC|  |TAMS 0x0000000719e00000| PB 0x0000000719c00000| Complete |  0
| 176|0x0000000719e00000, 0x000000071a000000, 0x000000071a000000|100%|HC|  |TAMS 0x000000071a000000| PB 0x0000000719e00000| Complete |  0
| 177|0x000000071a000000, 0x000000071a200000, 0x000000071a200000|100%|HC|  |TAMS 0x000000071a200000| PB 0x000000071a000000| Complete |  0
| 178|0x000000071a200000, 0x000000071a400000, 0x000000071a400000|100%|HC|  |TAMS 0x000000071a400000| PB 0x000000071a200000| Complete |  0
| 179|0x000000071a400000, 0x000000071a600000, 0x000000071a600000|100%|HC|  |TAMS 0x000000071a600000| PB 0x000000071a400000| Complete |  0
| 180|0x000000071a600000, 0x000000071a800000, 0x000000071a800000|100%|HC|  |TAMS 0x000000071a800000| PB 0x000000071a600000| Complete |  0
| 181|0x000000071a800000, 0x000000071aa00000, 0x000000071aa00000|100%|HC|  |TAMS 0x000000071aa00000| PB 0x000000071a800000| Complete |  0
| 182|0x000000071aa00000, 0x000000071ac00000, 0x000000071ac00000|100%|HC|  |TAMS 0x000000071ac00000| PB 0x000000071aa00000| Complete |  0
| 183|0x000000071ac00000, 0x000000071ae00000, 0x000000071ae00000|100%|HC|  |TAMS 0x000000071ae00000| PB 0x000000071ac00000| Complete |  0
| 184|0x000000071ae00000, 0x000000071b000000, 0x000000071b000000|100%|HC|  |TAMS 0x000000071b000000| PB 0x000000071ae00000| Complete |  0
| 185|0x000000071b000000, 0x000000071b200000, 0x000000071b200000|100%|HC|  |TAMS 0x000000071b200000| PB 0x000000071b000000| Complete |  0
| 186|0x000000071b200000, 0x000000071b400000, 0x000000071b400000|100%|HC|  |TAMS 0x000000071b400000| PB 0x000000071b200000| Complete |  0
| 187|0x000000071b400000, 0x000000071b600000, 0x000000071b600000|100%|HC|  |TAMS 0x000000071b600000| PB 0x000000071b400000| Complete |  0
| 188|0x000000071b600000, 0x000000071b800000, 0x000000071b800000|100%|HC|  |TAMS 0x000000071b800000| PB 0x000000071b600000| Complete |  0
| 189|0x000000071b800000, 0x000000071ba00000, 0x000000071ba00000|100%|HC|  |TAMS 0x000000071ba00000| PB 0x000000071b800000| Complete |  0
| 190|0x000000071ba00000, 0x000000071bc00000, 0x000000071bc00000|100%|HC|  |TAMS 0x000000071bc00000| PB 0x000000071ba00000| Complete |  0
| 191|0x000000071bc00000, 0x000000071be00000, 0x000000071be00000|100%|HC|  |TAMS 0x000000071be00000| PB 0x000000071bc00000| Complete |  0
| 192|0x000000071be00000, 0x000000071c000000, 0x000000071c000000|100%|HC|  |TAMS 0x000000071c000000| PB 0x000000071be00000| Complete |  0
| 193|0x000000071c000000, 0x000000071c200000, 0x000000071c200000|100%|HC|  |TAMS 0x000000071c200000| PB 0x000000071c000000| Complete |  0
| 194|0x000000071c200000, 0x000000071c400000, 0x000000071c400000|100%|HC|  |TAMS 0x000000071c400000| PB 0x000000071c200000| Complete |  0
| 195|0x000000071c400000, 0x000000071c600000, 0x000000071c600000|100%|HC|  |TAMS 0x000000071c600000| PB 0x000000071c400000| Complete |  0
| 196|0x000000071c600000, 0x000000071c800000, 0x000000071c800000|100%|HC|  |TAMS 0x000000071c800000| PB 0x000000071c600000| Complete |  0
| 197|0x000000071c800000, 0x000000071ca00000, 0x000000071ca00000|100%|HC|  |TAMS 0x000000071ca00000| PB 0x000000071c800000| Complete |  0
| 198|0x000000071ca00000, 0x000000071ca00000, 0x000000071cc00000|  0%| F|  |TAMS 0x000000071ca00000| PB 0x000000071ca00000| Untracked |  0
| 199|0x000000071cc00000, 0x000000071cc00000, 0x000000071ce00000|  0%| F|  |TAMS 0x000000071cc00000| PB 0x000000071cc00000| Untracked |  0
| 200|0x000000071ce00000, 0x000000071ce00000, 0x000000071d000000|  0%| F|  |TAMS 0x000000071ce00000| PB 0x000000071ce00000| Untracked |  0
| 201|0x000000071d000000, 0x000000071d000000, 0x000000071d200000|  0%| F|  |TAMS 0x000000071d000000| PB 0x000000071d000000| Untracked |  0
| 202|0x000000071d200000, 0x000000071d200000, 0x000000071d400000|  0%| F|  |TAMS 0x000000071d200000| PB 0x000000071d200000| Untracked |  0
| 203|0x000000071d400000, 0x000000071d400000, 0x000000071d600000|  0%| F|  |TAMS 0x000000071d400000| PB 0x000000071d400000| Untracked |  0
| 204|0x000000071d600000, 0x000000071d600000, 0x000000071d800000|  0%| F|  |TAMS 0x000000071d600000| PB 0x000000071d600000| Untracked |  0
| 205|0x000000071d800000, 0x000000071d800000, 0x000000071da00000|  0%| F|  |TAMS 0x000000071d800000| PB 0x000000071d800000| Untracked |  0
| 206|0x000000071da00000, 0x000000071da00000, 0x000000071dc00000|  0%| F|  |TAMS 0x000000071da00000| PB 0x000000071da00000| Untracked |  0
| 207|0x000000071dc00000, 0x000000071dc00000, 0x000000071de00000|  0%| F|  |TAMS 0x000000071dc00000| PB 0x000000071dc00000| Untracked |  0
| 208|0x000000071de00000, 0x000000071de00000, 0x000000071e000000|  0%| F|  |TAMS 0x000000071de00000| PB 0x000000071de00000| Untracked |  0
| 209|0x000000071e000000, 0x000000071e000000, 0x000000071e200000|  0%| F|  |TAMS 0x000000071e000000| PB 0x000000071e000000| Untracked |  0
| 210|0x000000071e200000, 0x000000071e200000, 0x000000071e400000|  0%| F|  |TAMS 0x000000071e200000| PB 0x000000071e200000| Untracked |  0
| 211|0x000000071e400000, 0x000000071e400000, 0x000000071e600000|  0%| F|  |TAMS 0x000000071e400000| PB 0x000000071e400000| Untracked |  0
| 212|0x000000071e600000, 0x000000071e600000, 0x000000071e800000|  0%| F|  |TAMS 0x000000071e600000| PB 0x000000071e600000| Untracked |  0
| 213|0x000000071e800000, 0x000000071e800000, 0x000000071ea00000|  0%| F|  |TAMS 0x000000071e800000| PB 0x000000071e800000| Untracked |  0
| 214|0x000000071ea00000, 0x000000071ea00000, 0x000000071ec00000|  0%| F|  |TAMS 0x000000071ea00000| PB 0x000000071ea00000| Untracked |  0
| 215|0x000000071ec00000, 0x000000071ec00000, 0x000000071ee00000|  0%| F|  |TAMS 0x000000071ec00000| PB 0x000000071ec00000| Untracked |  0
| 216|0x000000071ee00000, 0x000000071ee00000, 0x000000071f000000|  0%| F|  |TAMS 0x000000071ee00000| PB 0x000000071ee00000| Untracked |  0
| 217|0x000000071f000000, 0x000000071f000000, 0x000000071f200000|  0%| F|  |TAMS 0x000000071f000000| PB 0x000000071f000000| Untracked |  0
| 218|0x000000071f200000, 0x000000071f200000, 0x000000071f400000|  0%| F|  |TAMS 0x000000071f200000| PB 0x000000071f200000| Untracked |  0
| 219|0x000000071f400000, 0x000000071f400000, 0x000000071f600000|  0%| F|  |TAMS 0x000000071f400000| PB 0x000000071f400000| Untracked |  0
| 220|0x000000071f600000, 0x000000071f600000, 0x000000071f800000|  0%| F|  |TAMS 0x000000071f600000| PB 0x000000071f600000| Untracked |  0
| 221|0x000000071f800000, 0x000000071f800000, 0x000000071fa00000|  0%| F|  |TAMS 0x000000071f800000| PB 0x000000071f800000| Untracked |  0
| 222|0x000000071fa00000, 0x000000071fa00000, 0x000000071fc00000|  0%| F|  |TAMS 0x000000071fa00000| PB 0x000000071fa00000| Untracked |  0
| 223|0x000000071fc00000, 0x000000071fc00000, 0x000000071fe00000|  0%| F|  |TAMS 0x000000071fc00000| PB 0x000000071fc00000| Untracked |  0
| 224|0x000000071fe00000, 0x000000071fe00000, 0x0000000720000000|  0%| F|  |TAMS 0x000000071fe00000| PB 0x000000071fe00000| Untracked |  0
| 225|0x0000000720000000, 0x0000000720000000, 0x0000000720200000|  0%| F|  |TAMS 0x0000000720000000| PB 0x0000000720000000| Untracked |  0
| 226|0x0000000720200000, 0x000000072026cd00, 0x0000000720400000| 21%| E|  |TAMS 0x0000000720200000| PB 0x0000000720200000| Complete |  0
| 227|0x0000000720400000, 0x00000007204d94e0, 0x0000000720600000| 42%| S|CS|TAMS 0x0000000720400000| PB 0x0000000720400000| Complete |  0
| 228|0x0000000720600000, 0x0000000720800000, 0x0000000720800000|100%| S|CS|TAMS 0x0000000720600000| PB 0x0000000720600000| Complete |  0
| 229|0x0000000720800000, 0x0000000720a00000, 0x0000000720a00000|100%| S|CS|TAMS 0x0000000720800000| PB 0x0000000720800000| Complete |  0
| 230|0x0000000720a00000, 0x0000000720c00000, 0x0000000720c00000|100%| S|CS|TAMS 0x0000000720a00000| PB 0x0000000720a00000| Complete |  0
| 231|0x0000000720c00000, 0x0000000720e00000, 0x0000000720e00000|100%|HS|  |TAMS 0x0000000720c00000| PB 0x0000000720c00000| Complete |  0
| 232|0x0000000720e00000, 0x0000000721000000, 0x0000000721000000|100%|HC|  |TAMS 0x0000000720e00000| PB 0x0000000720e00000| Complete |  0
| 233|0x0000000721000000, 0x0000000721200000, 0x0000000721200000|100%|HC|  |TAMS 0x0000000721000000| PB 0x0000000721000000| Complete |  0
| 234|0x0000000721200000, 0x0000000721400000, 0x0000000721400000|100%|HC|  |TAMS 0x0000000721200000| PB 0x0000000721200000| Complete |  0
| 235|0x0000000721400000, 0x0000000721600000, 0x0000000721600000|100%|HC|  |TAMS 0x0000000721400000| PB 0x0000000721400000| Complete |  0
| 236|0x0000000721600000, 0x0000000721800000, 0x0000000721800000|100%|HC|  |TAMS 0x0000000721600000| PB 0x0000000721600000| Complete |  0
| 237|0x0000000721800000, 0x0000000721a00000, 0x0000000721a00000|100%|HC|  |TAMS 0x0000000721800000| PB 0x0000000721800000| Complete |  0
| 238|0x0000000721a00000, 0x0000000721c00000, 0x0000000721c00000|100%|HC|  |TAMS 0x0000000721a00000| PB 0x0000000721a00000| Complete |  0
| 239|0x0000000721c00000, 0x0000000721e00000, 0x0000000721e00000|100%|HC|  |TAMS 0x0000000721c00000| PB 0x0000000721c00000| Complete |  0
| 240|0x0000000721e00000, 0x0000000722000000, 0x0000000722000000|100%|HC|  |TAMS 0x0000000721e00000| PB 0x0000000721e00000| Complete |  0
| 241|0x0000000722000000, 0x0000000722200000, 0x0000000722200000|100%|HC|  |TAMS 0x0000000722000000| PB 0x0000000722000000| Complete |  0
| 242|0x0000000722200000, 0x0000000722400000, 0x0000000722400000|100%|HC|  |TAMS 0x0000000722200000| PB 0x0000000722200000| Complete |  0
| 243|0x0000000722400000, 0x0000000722600000, 0x0000000722600000|100%|HC|  |TAMS 0x0000000722400000| PB 0x0000000722400000| Complete |  0
| 244|0x0000000722600000, 0x0000000722800000, 0x0000000722800000|100%|HC|  |TAMS 0x0000000722600000| PB 0x0000000722600000| Complete |  0
| 245|0x0000000722800000, 0x0000000722a00000, 0x0000000722a00000|100%|HC|  |TAMS 0x0000000722800000| PB 0x0000000722800000| Complete |  0
| 246|0x0000000722a00000, 0x0000000722c00000, 0x0000000722c00000|100%|HC|  |TAMS 0x0000000722a00000| PB 0x0000000722a00000| Complete |  0
| 247|0x0000000722c00000, 0x0000000722e00000, 0x0000000722e00000|100%|HC|  |TAMS 0x0000000722c00000| PB 0x0000000722c00000| Complete |  0
| 248|0x0000000722e00000, 0x0000000723000000, 0x0000000723000000|100%|HC|  |TAMS 0x0000000722e00000| PB 0x0000000722e00000| Complete |  0
| 249|0x0000000723000000, 0x0000000723200000, 0x0000000723200000|100%|HC|  |TAMS 0x0000000723000000| PB 0x0000000723000000| Complete |  0
| 250|0x0000000723200000, 0x0000000723400000, 0x0000000723400000|100%|HC|  |TAMS 0x0000000723200000| PB 0x0000000723200000| Complete |  0
| 251|0x0000000723400000, 0x0000000723600000, 0x0000000723600000|100%|HC|  |TAMS 0x0000000723400000| PB 0x0000000723400000| Complete |  0
| 252|0x0000000723600000, 0x0000000723800000, 0x0000000723800000|100%|HC|  |TAMS 0x0000000723600000| PB 0x0000000723600000| Complete |  0
| 253|0x0000000723800000, 0x0000000723a00000, 0x0000000723a00000|100%|HC|  |TAMS 0x0000000723800000| PB 0x0000000723800000| Complete |  0
| 254|0x0000000723a00000, 0x0000000723c00000, 0x0000000723c00000|100%|HC|  |TAMS 0x0000000723a00000| PB 0x0000000723a00000| Complete |  0
| 255|0x0000000723c00000, 0x0000000723e00000, 0x0000000723e00000|100%|HC|  |TAMS 0x0000000723c00000| PB 0x0000000723c00000| Complete |  0
| 256|0x0000000723e00000, 0x0000000724000000, 0x0000000724000000|100%|HC|  |TAMS 0x0000000723e00000| PB 0x0000000723e00000| Complete |  0
| 257|0x0000000724000000, 0x0000000724200000, 0x0000000724200000|100%|HC|  |TAMS 0x0000000724000000| PB 0x0000000724000000| Complete |  0
| 258|0x0000000724200000, 0x0000000724400000, 0x0000000724400000|100%|HC|  |TAMS 0x0000000724200000| PB 0x0000000724200000| Complete |  0
| 259|0x0000000724400000, 0x0000000724600000, 0x0000000724600000|100%|HC|  |TAMS 0x0000000724400000| PB 0x0000000724400000| Complete |  0
| 260|0x0000000724600000, 0x0000000724800000, 0x0000000724800000|100%|HC|  |TAMS 0x0000000724600000| PB 0x0000000724600000| Complete |  0
| 261|0x0000000724800000, 0x0000000724a00000, 0x0000000724a00000|100%|HC|  |TAMS 0x0000000724800000| PB 0x0000000724800000| Complete |  0
| 262|0x0000000724a00000, 0x0000000724c00000, 0x0000000724c00000|100%|HC|  |TAMS 0x0000000724a00000| PB 0x0000000724a00000| Complete |  0
| 263|0x0000000724c00000, 0x0000000724e00000, 0x0000000724e00000|100%|HC|  |TAMS 0x0000000724c00000| PB 0x0000000724c00000| Complete |  0
| 264|0x0000000724e00000, 0x0000000725000000, 0x0000000725000000|100%|HC|  |TAMS 0x0000000724e00000| PB 0x0000000724e00000| Complete |  0
| 265|0x0000000725000000, 0x0000000725200000, 0x0000000725200000|100%|HC|  |TAMS 0x0000000725000000| PB 0x0000000725000000| Complete |  0
| 266|0x0000000725200000, 0x0000000725400000, 0x0000000725400000|100%|HC|  |TAMS 0x0000000725200000| PB 0x0000000725200000| Complete |  0
| 267|0x0000000725400000, 0x0000000725600000, 0x0000000725600000|100%|HC|  |TAMS 0x0000000725400000| PB 0x0000000725400000| Complete |  0
| 268|0x0000000725600000, 0x0000000725800000, 0x0000000725800000|100%|HC|  |TAMS 0x0000000725600000| PB 0x0000000725600000| Complete |  0
| 269|0x0000000725800000, 0x0000000725a00000, 0x0000000725a00000|100%|HC|  |TAMS 0x0000000725800000| PB 0x0000000725800000| Complete |  0
| 270|0x0000000725a00000, 0x0000000725c00000, 0x0000000725c00000|100%|HC|  |TAMS 0x0000000725a00000| PB 0x0000000725a00000| Complete |  0
| 271|0x0000000725c00000, 0x0000000725e00000, 0x0000000725e00000|100%|HC|  |TAMS 0x0000000725c00000| PB 0x0000000725c00000| Complete |  0
| 272|0x0000000725e00000, 0x0000000726000000, 0x0000000726000000|100%|HC|  |TAMS 0x0000000725e00000| PB 0x0000000725e00000| Complete |  0
| 273|0x0000000726000000, 0x0000000726200000, 0x0000000726200000|100%|HC|  |TAMS 0x0000000726000000| PB 0x0000000726000000| Complete |  0
| 274|0x0000000726200000, 0x0000000726400000, 0x0000000726400000|100%|HC|  |TAMS 0x0000000726200000| PB 0x0000000726200000| Complete |  0
| 275|0x0000000726400000, 0x0000000726600000, 0x0000000726600000|100%|HC|  |TAMS 0x0000000726400000| PB 0x0000000726400000| Complete |  0
| 276|0x0000000726600000, 0x0000000726800000, 0x0000000726800000|100%|HC|  |TAMS 0x0000000726600000| PB 0x0000000726600000| Complete |  0
| 277|0x0000000726800000, 0x0000000726a00000, 0x0000000726a00000|100%|HC|  |TAMS 0x0000000726800000| PB 0x0000000726800000| Complete |  0
| 278|0x0000000726a00000, 0x0000000726c00000, 0x0000000726c00000|100%|HC|  |TAMS 0x0000000726a00000| PB 0x0000000726a00000| Complete |  0
| 279|0x0000000726c00000, 0x0000000726e00000, 0x0000000726e00000|100%|HC|  |TAMS 0x0000000726c00000| PB 0x0000000726c00000| Complete |  0
| 280|0x0000000726e00000, 0x0000000727000000, 0x0000000727000000|100%|HC|  |TAMS 0x0000000726e00000| PB 0x0000000726e00000| Complete |  0
| 281|0x0000000727000000, 0x0000000727200000, 0x0000000727200000|100%|HC|  |TAMS 0x0000000727000000| PB 0x0000000727000000| Complete |  0
| 282|0x0000000727200000, 0x0000000727400000, 0x0000000727400000|100%|HC|  |TAMS 0x0000000727200000| PB 0x0000000727200000| Complete |  0
| 283|0x0000000727400000, 0x0000000727600000, 0x0000000727600000|100%|HC|  |TAMS 0x0000000727400000| PB 0x0000000727400000| Complete |  0
| 284|0x0000000727600000, 0x0000000727800000, 0x0000000727800000|100%|HC|  |TAMS 0x0000000727600000| PB 0x0000000727600000| Complete |  0
| 285|0x0000000727800000, 0x0000000727a00000, 0x0000000727a00000|100%|HC|  |TAMS 0x0000000727800000| PB 0x0000000727800000| Complete |  0
| 286|0x0000000727a00000, 0x0000000727c00000, 0x0000000727c00000|100%|HC|  |TAMS 0x0000000727a00000| PB 0x0000000727a00000| Complete |  0
| 287|0x0000000727c00000, 0x0000000727e00000, 0x0000000727e00000|100%|HC|  |TAMS 0x0000000727c00000| PB 0x0000000727c00000| Complete |  0
| 288|0x0000000727e00000, 0x0000000728000000, 0x0000000728000000|100%|HC|  |TAMS 0x0000000727e00000| PB 0x0000000727e00000| Complete |  0
| 289|0x0000000728000000, 0x0000000728200000, 0x0000000728200000|100%|HC|  |TAMS 0x0000000728000000| PB 0x0000000728000000| Complete |  0
| 290|0x0000000728200000, 0x0000000728400000, 0x0000000728400000|100%|HC|  |TAMS 0x0000000728200000| PB 0x0000000728200000| Complete |  0
| 291|0x0000000728400000, 0x0000000728600000, 0x0000000728600000|100%|HC|  |TAMS 0x0000000728400000| PB 0x0000000728400000| Complete |  0
| 292|0x0000000728600000, 0x0000000728800000, 0x0000000728800000|100%|HC|  |TAMS 0x0000000728600000| PB 0x0000000728600000| Complete |  0
| 293|0x0000000728800000, 0x0000000728a00000, 0x0000000728a00000|100%|HC|  |TAMS 0x0000000728800000| PB 0x0000000728800000| Complete |  0
| 294|0x0000000728a00000, 0x0000000728c00000, 0x0000000728c00000|100%|HC|  |TAMS 0x0000000728a00000| PB 0x0000000728a00000| Complete |  0
| 295|0x0000000728c00000, 0x0000000728e00000, 0x0000000728e00000|100%|HC|  |TAMS 0x0000000728c00000| PB 0x0000000728c00000| Complete |  0
| 296|0x0000000728e00000, 0x0000000729000000, 0x0000000729000000|100%|HC|  |TAMS 0x0000000728e00000| PB 0x0000000728e00000| Complete |  0
| 297|0x0000000729000000, 0x0000000729200000, 0x0000000729200000|100%|HC|  |TAMS 0x0000000729000000| PB 0x0000000729000000| Complete |  0
| 298|0x0000000729200000, 0x0000000729400000, 0x0000000729400000|100%|HC|  |TAMS 0x0000000729200000| PB 0x0000000729200000| Complete |  0
| 299|0x0000000729400000, 0x0000000729600000, 0x0000000729600000|100%|HC|  |TAMS 0x0000000729400000| PB 0x0000000729400000| Complete |  0
| 300|0x0000000729600000, 0x0000000729800000, 0x0000000729800000|100%|HC|  |TAMS 0x0000000729600000| PB 0x0000000729600000| Complete |  0

Card table byte_map: [0x00000192354e0000,0x0000019235cd0000] _byte_map_base: 0x0000019231cc1000

Marking Bits: (CMBitMap*) 0x000001921b2a5130
 Bits: [0x0000019235cd0000, 0x0000019239bd8000)

Polling page: 0x000001921b300000

Metaspace:

Usage:
  Non-class:     18.96 MB used.
      Class:      3.26 MB used.
       Both:     22.22 MB used.

Virtual space:
  Non-class space:       64.00 MB reserved,      19.12 MB ( 30%) committed,  1 nodes.
      Class space:        1.00 GB reserved,       3.44 MB ( <1%) committed,  1 nodes.
             Both:        1.06 GB reserved,      22.56 MB (  2%) committed. 

Chunk freelists:
   Non-Class:  12.62 MB
       Class:  12.48 MB
        Both:  25.11 MB

MaxMetaspaceSize: unlimited
CompressedClassSpaceSize: 1.00 GB
Initial GC threshold: 21.00 MB
Current GC threshold: 26.69 MB
CDS: on
 - commit_granule_bytes: 65536.
 - commit_granule_words: 8192.
 - virtual_space_node_default_size: 8388608.
 - enlarge_chunks_in_place: 1.
 - use_allocation_guard: 0.


Internal statistics:

num_allocs_failed_limit: 0.
num_arena_births: 334.
num_arena_deaths: 0.
num_vsnodes_births: 2.
num_vsnodes_deaths: 0.
num_space_committed: 361.
num_space_uncommitted: 0.
num_chunks_returned_to_freelist: 0.
num_chunks_taken_from_freelist: 1056.
num_chunk_merges: 0.
num_chunk_splits: 750.
num_chunks_enlarged: 582.
num_inconsistent_stats: 0.

CodeHeap 'non-profiled nmethods': size=120064Kb used=1803Kb max_used=1858Kb free=118260Kb
 bounds [0x000001922cd40000, 0x000001922cfb0000, 0x0000019234280000]
CodeHeap 'profiled nmethods': size=120000Kb used=6398Kb max_used=6629Kb free=113601Kb
 bounds [0x0000019225280000, 0x0000019225900000, 0x000001922c7b0000]
CodeHeap 'non-nmethods': size=5696Kb used=2077Kb max_used=2125Kb free=3618Kb
 bounds [0x000001922c7b0000, 0x000001922ca20000, 0x000001922cd40000]
CodeCache: size=245760Kb, used=10278Kb, max_used=10612Kb, free=235479Kb
 total_blobs=5108, nmethods=4217, adapters=796, full_count=0
Compilation: enabled, stopped_count=0, restarted_count=0

Compilation events (20 events):
Event: 13.198 Thread 0x000001923c7379b0 4574       3       com.sun.javafx.geom.transform.AffineBase::updateState2D (210 bytes)
Event: 13.200 Thread 0x000001923c7379b0 nmethod 4574 0x00000192258f0e08 code [0x00000192258f1020, 0x00000192258f1778]
Event: 13.712 Thread 0x000001923c7379b0 4577       3       java.util.stream.Sink$ChainedReference::<init> (16 bytes)
Event: 13.713 Thread 0x000001923c7379b0 nmethod 4577 0x00000192258f1808 code [0x00000192258f1960, 0x00000192258f1d70]
Event: 13.713 Thread 0x000001923c7379b0 4578       1       com.sun.javafx.scene.control.behavior.BehaviorBase::getNode (5 bytes)
Event: 13.713 Thread 0x000001923c7379b0 nmethod 4578 0x000001922cf10588 code [0x000001922cf106a0, 0x000001922cf10770]
Event: 13.721 Thread 0x000001923c7379b0 4579       3       javafx.scene.Node::invalidatedScenes (217 bytes)
Event: 13.725 Thread 0x000001923c7379b0 nmethod 4579 0x00000192258f1e08 code [0x00000192258f2500, 0x00000192258f7c08]
Event: 13.725 Thread 0x000001923c7379b0 4580       3       jdk.internal.reflect.ReflectionFactory::copyConstructor (11 bytes)
Event: 13.726 Thread 0x000001923c7379b0 nmethod 4580 0x00000192258f7e88 code [0x00000192258f7fc0, 0x00000192258f81b8]
Event: 13.726 Thread 0x000001923c7379b0 4581       3       java.lang.reflect.ReflectAccess::copyConstructor (5 bytes)
Event: 13.726 Thread 0x000001923c7379b0 nmethod 4581 0x00000192258f8208 code [0x00000192258f8320, 0x00000192258f8460]
Event: 13.726 Thread 0x000001923c7379b0 4582       3       java.util.LinkedList::<init> (10 bytes)
Event: 13.726 Thread 0x000001923c7379b0 nmethod 4582 0x00000192258f8508 code [0x00000192258f8640, 0x00000192258f88d0]
Event: 13.726 Thread 0x000001923c7379b0 4583       3       java.util.AbstractSequentialList::<init> (5 bytes)
Event: 13.726 Thread 0x000001923c7379b0 nmethod 4583 0x00000192258f8908 code [0x00000192258f8a40, 0x00000192258f8c70]
Event: 13.726 Thread 0x000001923c7379b0 4584       3       java.io.File::<init> (47 bytes)
Event: 13.730 Thread 0x000001923c7379b0 nmethod 4584 0x00000192258f8d08 code [0x00000192258f8e60, 0x00000192258f91f0]
Event: 13.731 Thread 0x000001923c7379b0 4585       3       java.util.concurrent.atomic.AtomicLong::addAndGet (14 bytes)
Event: 13.731 Thread 0x000001923c7379b0 nmethod 4585 0x00000192258f9288 code [0x00000192258f93a0, 0x00000192258f94c0]

GC Heap History (10 events):
Event: 0.360 GC heap before
{Heap before GC invocations=0 (full 0):
 garbage-first heap   total reserved 4130816K, committed 260096K, used 22528K [0x0000000703e00000, 0x0000000800000000)
  region size 2048K, 12 young (24576K), 0 survivors (0K)
 Metaspace       used 4413K, committed 4608K, reserved 1114112K
  class space    used 529K, committed 640K, reserved 1048576K
}
Event: 0.362 GC heap after
{Heap after GC invocations=1 (full 0):
 garbage-first heap   total reserved 4130816K, committed 260096K, used 2858K [0x0000000703e00000, 0x0000000800000000)
  region size 2048K, 2 young (4096K), 2 survivors (4096K)
 Metaspace       used 4413K, committed 4608K, reserved 1114112K
  class space    used 529K, committed 640K, reserved 1048576K
}
Event: 0.580 GC heap before
{Heap before GC invocations=1 (full 0):
 garbage-first heap   total reserved 4130816K, committed 260096K, used 19242K [0x0000000703e00000, 0x0000000800000000)
  region size 2048K, 12 young (24576K), 2 survivors (4096K)
 Metaspace       used 7818K, committed 8064K, reserved 1114112K
  class space    used 971K, committed 1088K, reserved 1048576K
}
Event: 0.583 GC heap after
{Heap after GC invocations=2 (full 0):
 garbage-first heap   total reserved 4130816K, committed 260096K, used 5616K [0x0000000703e00000, 0x0000000800000000)
  region size 2048K, 2 young (4096K), 2 survivors (4096K)
 Metaspace       used 7818K, committed 8064K, reserved 1114112K
  class space    used 971K, committed 1088K, reserved 1048576K
}
Event: 1.423 GC heap before
{Heap before GC invocations=2 (full 0):
 garbage-first heap   total reserved 4130816K, committed 260096K, used 185840K [0x0000000703e00000, 0x0000000800000000)
  region size 2048K, 22 young (45056K), 2 survivors (4096K)
 Metaspace       used 15690K, committed 16000K, reserved 1114112K
  class space    used 2459K, committed 2624K, reserved 1048576K
}
Event: 1.428 GC heap after
{Heap after GC invocations=3 (full 0):
 garbage-first heap   total reserved 4130816K, committed 260096K, used 152483K [0x0000000703e00000, 0x0000000800000000)
  region size 2048K, 4 young (8192K), 4 survivors (8192K)
 Metaspace       used 15690K, committed 16000K, reserved 1114112K
  class space    used 2459K, committed 2624K, reserved 1048576K
}
Event: 3.474 GC heap before
{Heap before GC invocations=4 (full 0):
 garbage-first heap   total reserved 4130816K, committed 264192K, used 156579K [0x0000000703e00000, 0x0000000800000000)
  region size 2048K, 6 young (12288K), 4 survivors (8192K)
 Metaspace       used 16055K, committed 16384K, reserved 1114112K
  class space    used 2506K, committed 2624K, reserved 1048576K
}
Event: 3.478 GC heap after
{Heap after GC invocations=5 (full 0):
 garbage-first heap   total reserved 4130816K, committed 264192K, used 154802K [0x0000000703e00000, 0x0000000800000000)
  region size 2048K, 2 young (4096K), 2 survivors (4096K)
 Metaspace       used 16055K, committed 16384K, reserved 1114112K
  class space    used 2506K, committed 2624K, reserved 1048576K
}
Event: 13.726 GC heap before
{Heap before GC invocations=6 (full 0):
 garbage-first heap   total reserved 4130816K, committed 499712K, used 324786K [0x0000000703e00000, 0x0000000800000000)
  region size 2048K, 16 young (32768K), 2 survivors (4096K)
 Metaspace       used 22752K, committed 23104K, reserved 1114112K
  class space    used 3334K, committed 3520K, reserved 1048576K
}
Event: 13.730 GC heap after
{Heap after GC invocations=7 (full 0):
 garbage-first heap   total reserved 4130816K, committed 499712K, used 301304K [0x0000000703e00000, 0x0000000800000000)
  region size 2048K, 4 young (8192K), 4 survivors (8192K)
 Metaspace       used 22752K, committed 23104K, reserved 1114112K
  class space    used 3334K, committed 3520K, reserved 1048576K
}

Dll operation events (20 events):
Event: 0.211 Loaded shared library C:\Users\malek\.openjfx\cache\23.0.1+4\amd64\api-ms-win-crt-math-l1-1-0.dll
Event: 0.213 Loaded shared library C:\Users\malek\.openjfx\cache\23.0.1+4\amd64\api-ms-win-crt-multibyte-l1-1-0.dll
Event: 0.214 Loaded shared library C:\Users\malek\.openjfx\cache\23.0.1+4\amd64\api-ms-win-crt-private-l1-1-0.dll
Event: 0.216 Loaded shared library C:\Users\malek\.openjfx\cache\23.0.1+4\amd64\api-ms-win-crt-process-l1-1-0.dll
Event: 0.217 Loaded shared library C:\Users\malek\.openjfx\cache\23.0.1+4\amd64\api-ms-win-crt-runtime-l1-1-0.dll
Event: 0.219 Loaded shared library C:\Users\malek\.openjfx\cache\23.0.1+4\amd64\api-ms-win-crt-stdio-l1-1-0.dll
Event: 0.220 Loaded shared library C:\Users\malek\.openjfx\cache\23.0.1+4\amd64\api-ms-win-crt-string-l1-1-0.dll
Event: 0.221 Loaded shared library C:\Users\malek\.openjfx\cache\23.0.1+4\amd64\api-ms-win-crt-time-l1-1-0.dll
Event: 0.223 Loaded shared library C:\Users\malek\.openjfx\cache\23.0.1+4\amd64\api-ms-win-crt-utility-l1-1-0.dll
Event: 0.231 Loaded shared library C:\Users\malek\.openjfx\cache\23.0.1+4\amd64\ucrtbase.dll
Event: 0.234 Loaded shared library C:\Users\malek\.openjfx\cache\23.0.1+4\amd64\vcruntime140.dll
Event: 0.235 Loaded shared library C:\Users\malek\.openjfx\cache\23.0.1+4\amd64\vcruntime140_1.dll
Event: 0.240 Loaded shared library C:\Users\malek\.openjfx\cache\23.0.1+4\amd64\msvcp140.dll
Event: 0.242 Loaded shared library C:\Users\malek\.openjfx\cache\23.0.1+4\amd64\msvcp140_1.dll
Event: 0.244 Loaded shared library C:\Users\malek\.openjfx\cache\23.0.1+4\amd64\msvcp140_2.dll
Event: 0.266 Loaded shared library C:\Users\malek\.openjfx\cache\23.0.1+4\amd64\prism_d3d.dll
Event: 0.292 Loaded shared library C:\Users\malek\.openjfx\cache\23.0.1+4\amd64\glass.dll
Event: 0.351 Loaded shared library C:\Program Files\Java\jdk-23\bin\jimage.dll
Event: 0.987 Loaded shared library C:\Users\malek\.openjfx\cache\23.0.1+4\amd64\javafx_font.dll
Event: 3.965 Loaded shared library C:\Program Files\Java\jdk-23\bin\extnet.dll

Deoptimization events (20 events):
Event: 11.900 Thread 0x000001923c82a010 Uncommon trap: trap_request=0xffffff6e fr.pc=0x000001922cd54858 relative=0x0000000000000538
Event: 11.900 Thread 0x000001923c82a010 Uncommon trap: reason=loop_limit_check action=maybe_recompile pc=0x000001922cd54858 method=com.sun.javafx.image.impl.ByteBgra$ToByteBgraPreConv.doConvert([BII[BIIII)V @ 21 c2
Event: 11.900 Thread 0x000001923c82a010 DEOPT PACKING pc=0x000001922cd54858 sp=0x0000002a2e3fb4f0
Event: 11.900 Thread 0x000001923c82a010 DEOPT UNPACKING pc=0x000001922c807982 sp=0x0000002a2e3fb430 mode 2
Event: 11.905 Thread 0x000001923c82a010 Uncommon trap: trap_request=0xffffff45 fr.pc=0x000001922ce86b94 relative=0x0000000000002194
Event: 11.905 Thread 0x000001923c82a010 Uncommon trap: reason=unstable_if action=reinterpret pc=0x000001922ce86b94 method=java.util.HashMap.removeNode(ILjava/lang/Object;Ljava/lang/Object;ZZ)Ljava/util/HashMap$Node; @ 234 c2
Event: 11.905 Thread 0x000001923c82a010 DEOPT PACKING pc=0x000001922ce86b94 sp=0x0000002a2e3fb550
Event: 11.905 Thread 0x000001923c82a010 DEOPT UNPACKING pc=0x000001922c807982 sp=0x0000002a2e3fb370 mode 2
Event: 11.907 Thread 0x000001923c82a010 Uncommon trap: trap_request=0xffffff45 fr.pc=0x000001922cd9b16c relative=0x000000000000006c
Event: 11.907 Thread 0x000001923c82a010 Uncommon trap: reason=unstable_if action=reinterpret pc=0x000001922cd9b16c method=java.util.Objects.equals(Ljava/lang/Object;Ljava/lang/Object;)Z @ 6 c2
Event: 11.907 Thread 0x000001923c82a010 DEOPT PACKING pc=0x000001922cd9b16c sp=0x0000002a2e3fb4a0
Event: 11.907 Thread 0x000001923c82a010 DEOPT UNPACKING pc=0x000001922c807982 sp=0x0000002a2e3fb440 mode 2
Event: 12.830 Thread 0x000001923c829980 Uncommon trap: trap_request=0xffffff45 fr.pc=0x000001922cef447c relative=0x000000000000051c
Event: 12.830 Thread 0x000001923c829980 Uncommon trap: reason=unstable_if action=reinterpret pc=0x000001922cef447c method=com.sun.javafx.geom.transform.AffineBase.updateState2D()V @ 51 c2
Event: 12.830 Thread 0x000001923c829980 DEOPT PACKING pc=0x000001922cef447c sp=0x0000002a2e1fe4c0
Event: 12.830 Thread 0x000001923c829980 DEOPT UNPACKING pc=0x000001922c807982 sp=0x0000002a2e1fe398 mode 2
Event: 12.830 Thread 0x000001923c829980 Uncommon trap: trap_request=0xffffff45 fr.pc=0x000001922cedf5e4 relative=0x00000000000001a4
Event: 12.830 Thread 0x000001923c829980 Uncommon trap: reason=unstable_if action=reinterpret pc=0x000001922cedf5e4 method=com.sun.javafx.geom.transform.AffineBase.updateState2D()V @ 51 c2
Event: 12.830 Thread 0x000001923c829980 DEOPT PACKING pc=0x000001922cedf5e4 sp=0x0000002a2e1fe6a0
Event: 12.830 Thread 0x000001923c829980 DEOPT UNPACKING pc=0x000001922c807982 sp=0x0000002a2e1fe638 mode 2

Classes loaded (20 events):
Event: 4.056 Loading class java/util/stream/IntPipeline done
Event: 4.056 Loading class java/util/stream/IntPipeline$Head done
Event: 4.057 Loading class java/util/stream/IntPipeline$1
Event: 4.057 Loading class java/util/stream/IntPipeline$1 done
Event: 4.057 Loading class java/util/stream/IntPipeline$1$1
Event: 4.057 Loading class java/util/stream/Sink$ChainedInt
Event: 4.057 Loading class java/util/stream/Sink$OfInt
Event: 4.057 Loading class java/util/stream/Sink$OfInt done
Event: 4.057 Loading class java/util/stream/Sink$ChainedInt done
Event: 4.057 Loading class java/util/stream/IntPipeline$1$1 done
Event: 11.877 Loading class java/time/OffsetTime
Event: 11.877 Loading class java/time/OffsetTime done
Event: 11.877 Loading class java/time/OffsetDateTime
Event: 11.877 Loading class java/time/OffsetDateTime done
Event: 11.877 Loading class java/time/ZonedDateTime
Event: 11.878 Loading class java/time/chrono/ChronoZonedDateTime
Event: 11.878 Loading class java/time/chrono/ChronoZonedDateTime done
Event: 11.878 Loading class java/time/ZonedDateTime done
Event: 11.879 Loading class java/util/RegularEnumSet$EnumSetIterator
Event: 11.879 Loading class java/util/RegularEnumSet$EnumSetIterator done

Classes unloaded (0 events):
No events

Classes redefined (0 events):
No events

Internal exceptions (20 events):
Event: 1.096 Thread 0x000001923c82a010 Implicit null exception at 0x000001922cde758d to 0x000001922cde77e8
Event: 1.100 Thread 0x000001923c82a010 Implicit null exception at 0x000001922cde548d to 0x000001922cde56e0
Event: 1.100 Thread 0x000001923c82a010 Implicit null exception at 0x000001922cd5b39d to 0x000001922cd5b41d
Event: 1.174 Thread 0x000001923c82a010 Exception <a 'java/lang/NoSuchMethodError'{0x000000071217a738}: 'java.lang.Object java.lang.invoke.DirectMethodHandle$Holder.invokeInterface(java.lang.Object, java.lang.Object, java.lang.Object)'> (0x000000071217a738) 
thrown [s\open\src\hotspot\share\interpreter\linkResolver.cpp, line 796]
Event: 1.174 Thread 0x000001923c82a010 Exception <a 'java/lang/IncompatibleClassChangeError'{0x000000071217de08}: Found class java.lang.Object, but interface was expected> (0x000000071217de08) 
thrown [s\open\src\hotspot\share\interpreter\linkResolver.cpp, line 863]
Event: 1.195 Thread 0x000001923c82a010 Exception <a 'java/lang/ClassNotFoundException'{0x0000000711c16c28}: com/sun/javafx/scene/control/skin/resources/controls> (0x0000000711c16c28) 
thrown [s\open\src\hotspot\share\prims\jni.cpp, line 539]
Event: 1.196 Thread 0x000001923c82a010 Exception <a 'java/lang/ClassNotFoundException'{0x0000000711c24e08}: com/sun/javafx/scene/control/skin/resources/controls_fr> (0x0000000711c24e08) 
thrown [s\open\src\hotspot\share\prims\jni.cpp, line 539]
Event: 1.196 Thread 0x000001923c82a010 Exception <a 'java/lang/ClassNotFoundException'{0x0000000711c328e8}: com/sun/javafx/scene/control/skin/resources/controls_fr_FR> (0x0000000711c328e8) 
thrown [s\open\src\hotspot\share\prims\jni.cpp, line 539]
Event: 1.215 Thread 0x000001923c82a010 Exception <a 'java/lang/NoSuchMethodError'{0x0000000711a1ad78}: 'void java.lang.invoke.DirectMethodHandle$Holder.invokeSpecial(java.lang.Object, java.lang.Object, java.lang.Object, java.lang.Object, java.lang.Object, java.lang.Object)'> (0x0000000711a1ad78) 
thrown [s\open\src\hotspot\share\interpreter\linkResolver.cpp, line 796]
Event: 1.258 Thread 0x000001923c82a010 Exception <a 'java/lang/NoSuchMethodError'{0x00000007116d8868}: 'int java.lang.invoke.DirectMethodHandle$Holder.invokeSpecial(java.lang.Object, java.lang.Object, int)'> (0x00000007116d8868) 
thrown [s\open\src\hotspot\share\interpreter\linkResolver.cpp, line 796]
Event: 1.267 Thread 0x000001923c82a010 Exception <a 'java/lang/NoSuchMethodError'{0x0000000711745890}: 'java.lang.Object java.lang.invoke.DirectMethodHandle$Holder.newInvokeSpecial(java.lang.Object, java.lang.Object, int)'> (0x0000000711745890) 
thrown [s\open\src\hotspot\share\interpreter\linkResolver.cpp, line 796]
Event: 1.296 Thread 0x000001923c829980 Exception <a 'java/lang/NoSuchMethodError'{0x00000007114787c8}: 'int java.lang.invoke.DirectMethodHandle$Holder.invokeStaticInit(java.lang.Object, java.lang.Object)'> (0x00000007114787c8) 
thrown [s\open\src\hotspot\share\interpreter\linkResolver.cpp, line 796]
Event: 1.305 Thread 0x000001923c829980 Exception <a 'java/lang/NoSuchMethodError'{0x000000071152dd10}: 'java.lang.Object java.lang.invoke.Invokers$Holder.invokeExact_MT(java.lang.Object, java.lang.Object, java.lang.Object, java.lang.Object, java.lang.Object)'> (0x000000071152dd10) 
thrown [s\open\src\hotspot\share\interpreter\linkResolver.cpp, line 796]
Event: 1.311 Thread 0x000001923c82a010 Exception <a 'java/lang/NoSuchMethodError'{0x0000000711431298}: 'long java.lang.invoke.DirectMethodHandle$Holder.invokeStatic(java.lang.Object, java.lang.Object, java.lang.Object)'> (0x0000000711431298) 
thrown [s\open\src\hotspot\share\interpreter\linkResolver.cpp, line 796]
Event: 1.311 Thread 0x000001923c82a010 Exception <a 'java/lang/NoSuchMethodError'{0x00000007114346b0}: 'long java.lang.invoke.DirectMethodHandle$Holder.invokeStaticInit(java.lang.Object, java.lang.Object, java.lang.Object)'> (0x00000007114346b0) 
thrown [s\open\src\hotspot\share\interpreter\linkResolver.cpp, line 796]
Event: 1.312 Thread 0x000001923c82a010 Exception <a 'java/lang/NoSuchMethodError'{0x00000007114493d8}: 'java.lang.Object java.lang.invoke.DirectMethodHandle$Holder.newInvokeSpecial(java.lang.Object, java.lang.Object, long)'> (0x00000007114493d8) 
thrown [s\open\src\hotspot\share\interpreter\linkResolver.cpp, line 796]
Event: 1.313 Thread 0x000001923c82a010 Exception <a 'java/lang/NoSuchMethodError'{0x000000071144cd28}: 'java.lang.Object java.lang.invoke.Invokers$Holder.linkToTargetMethod(java.lang.Object, long, java.lang.Object)'> (0x000000071144cd28) 
thrown [s\open\src\hotspot\share\interpreter\linkResolver.cpp, line 796]
Event: 3.900 Thread 0x000001923c82a010 Exception <a 'java/lang/NoSuchMethodError'{0x0000000713b04860}: 'void java.lang.invoke.DirectMethodHandle$Holder.invokeVirtual(java.lang.Object, java.lang.Object)'> (0x0000000713b04860) 
thrown [s\open\src\hotspot\share\interpreter\linkResolver.cpp, line 796]
Event: 3.924 Thread 0x000001923c82a010 Exception <a 'java/lang/NoSuchMethodError'{0x00000007224ae780}: 'java.lang.Object java.lang.invoke.DirectMethodHandle$Holder.invokeVirtual(java.lang.Object, java.lang.Object, java.lang.Object)'> (0x00000007224ae780) 
thrown [s\open\src\hotspot\share\interpreter\linkResolver.cpp, line 796]
Event: 5.349 Thread 0x000001923c829980 Exception <a 'java/lang/NoSuchMethodError'{0x0000000721d1e9f8}: 'java.lang.Object java.lang.invoke.DirectMethodHandle$Holder.invokeStaticInit(java.lang.Object, int)'> (0x0000000721d1e9f8) 
thrown [s\open\src\hotspot\share\interpreter\linkResolver.cpp, line 796]

VM Operations (20 events):
Event: 1.428 Executing VM operation: G1TryInitiateConcMark (G1 Humongous Allocation) done
Event: 1.433 Executing VM operation: G1PauseRemark
Event: 1.435 Executing VM operation: G1PauseRemark done
Event: 1.436 Executing VM operation: G1PauseCleanup
Event: 1.436 Executing VM operation: G1PauseCleanup done
Event: 3.474 Executing VM operation: G1TryInitiateConcMark (G1 Humongous Allocation)
Event: 3.478 Executing VM operation: G1TryInitiateConcMark (G1 Humongous Allocation) done
Event: 3.481 Executing VM operation: G1PauseRemark
Event: 3.521 Executing VM operation: G1PauseRemark done
Event: 3.522 Executing VM operation: G1PauseCleanup
Event: 3.522 Executing VM operation: G1PauseCleanup done
Event: 3.922 Executing VM operation: HandshakeAllThreads (Deoptimize)
Event: 3.922 Executing VM operation: HandshakeAllThreads (Deoptimize) done
Event: 4.014 Executing VM operation: HandshakeAllThreads (Deoptimize)
Event: 4.014 Executing VM operation: HandshakeAllThreads (Deoptimize) done
Event: 11.900 Executing VM operation: HandshakeAllThreads (Deoptimize)
Event: 11.900 Executing VM operation: HandshakeAllThreads (Deoptimize) done
Event: 13.726 Executing VM operation: G1TryInitiateConcMark (G1 Humongous Allocation)
Event: 13.730 Executing VM operation: G1TryInitiateConcMark (G1 Humongous Allocation) done
Event: 13.737 Executing VM operation: G1PauseRemark

Memory protections (0 events):
No events

Nmethod flushes (20 events):
Event: 13.766 Thread 0x000001923c4aee00 flushing  nmethod 0x00000192252fd408
Event: 13.766 Thread 0x000001923c4aee00 flushing  nmethod 0x000001922533a488
Event: 13.766 Thread 0x000001923c4aee00 flushing  nmethod 0x0000019225483e88
Event: 13.766 Thread 0x000001923c4aee00 flushing osr nmethod 0x0000019225485608
Event: 13.766 Thread 0x000001923c4aee00 flushing  nmethod 0x0000019225485c88
Event: 13.766 Thread 0x000001923c4aee00 flushing osr nmethod 0x0000019225486688
Event: 13.766 Thread 0x000001923c4aee00 flushing osr nmethod 0x0000019225487588
Event: 13.766 Thread 0x000001923c4aee00 flushing  nmethod 0x00000192254cfa08
Event: 13.766 Thread 0x000001923c4aee00 flushing  nmethod 0x000001922559ed88
Event: 13.766 Thread 0x000001923c4aee00 flushing  nmethod 0x000001922cdb7488
Event: 13.766 Thread 0x000001923c4aee00 flushing  nmethod 0x00000192252dbe08
Event: 13.766 Thread 0x000001923c4aee00 flushing  nmethod 0x00000192252dc588
Event: 13.766 Thread 0x000001923c4aee00 flushing  nmethod 0x00000192252dc988
Event: 13.766 Thread 0x000001923c4aee00 flushing  nmethod 0x00000192252e0588
Event: 13.766 Thread 0x000001923c4aee00 flushing  nmethod 0x00000192253dc388
Event: 13.766 Thread 0x000001923c4aee00 flushing  nmethod 0x00000192253dce88
Event: 13.766 Thread 0x000001923c4aee00 flushing  nmethod 0x00000192253dde08
Event: 13.766 Thread 0x000001923c4aee00 flushing  nmethod 0x00000192253e0b88
Event: 13.766 Thread 0x000001923c4aee00 flushing  nmethod 0x00000192254e8408
Event: 13.766 Thread 0x000001923c4aee00 flushing  nmethod 0x00000192255b6988

Events (20 events):
Event: 1.662 Thread 0x000001920876dfd0 Thread exited: 0x000001920876dfd0
Event: 3.906 Thread 0x000001923c82a010 Thread added: 0x00000192087c24f0
Event: 3.981 Thread 0x000001923c7379b0 Thread added: 0x000001927e0549c0
Event: 4.016 Thread 0x000001923c7379b0 Thread added: 0x00000192089d2930
Event: 4.430 Thread 0x00000192089d2930 Thread exited: 0x00000192089d2930
Event: 4.430 Thread 0x000001927e0549c0 Thread exited: 0x000001927e0549c0
Event: 5.307 Thread 0x000001923c7379b0 Thread added: 0x0000019208599c00
Event: 5.314 Thread 0x000001923c7379b0 Thread added: 0x00000192085980c0
Event: 5.789 Thread 0x00000192085980c0 Thread exited: 0x00000192085980c0
Event: 5.789 Thread 0x0000019208599c00 Thread exited: 0x0000019208599c00
Event: 5.857 Thread 0x000001923c7379b0 Thread added: 0x00000192085980c0
Event: 6.656 Thread 0x00000192085980c0 Thread exited: 0x00000192085980c0
Event: 7.186 Thread 0x000001923c7379b0 Thread added: 0x0000019208599c00
Event: 7.579 Thread 0x0000019208599c00 Thread exited: 0x0000019208599c00
Event: 7.821 Thread 0x000001923c7379b0 Thread added: 0x0000019208599c00
Event: 7.846 Thread 0x000001923c7379b0 Thread added: 0x000001920859b070
Event: 7.965 Thread 0x000001920859b070 Thread exited: 0x000001920859b070
Event: 9.086 Thread 0x0000019208599c00 Thread exited: 0x0000019208599c00
Event: 9.438 Thread 0x000001923c7379b0 Thread added: 0x000001920859b070
Event: 9.791 Thread 0x000001920859b070 Thread exited: 0x000001920859b070


Dynamic libraries:
0x00007ff748e30000 - 0x00007ff748e40000 	C:\Program Files\Java\jdk-23\bin\java.exe
0x00007ff85cbb0000 - 0x00007ff85cdc7000 	C:\WINDOWS\SYSTEM32\ntdll.dll
0x00007ff85c620000 - 0x00007ff85c6e4000 	C:\WINDOWS\System32\KERNEL32.DLL
0x00007ff859e60000 - 0x00007ff85a230000 	C:\WINDOWS\System32\KERNELBASE.dll
0x00007ff85a2f0000 - 0x00007ff85a401000 	C:\WINDOWS\System32\ucrtbase.dll
0x00007fffe9450000 - 0x00007fffe946b000 	C:\Program Files\Java\jdk-23\bin\VCRUNTIME140.dll
0x00007fffe9430000 - 0x00007fffe9447000 	C:\Program Files\Java\jdk-23\bin\jli.dll
0x00007ff85a920000 - 0x00007ff85aace000 	C:\WINDOWS\System32\USER32.dll
0x00007ff85a7f0000 - 0x00007ff85a816000 	C:\WINDOWS\System32\win32u.dll
0x00007ff83c660000 - 0x00007ff83c8f2000 	C:\WINDOWS\WinSxS\amd64_microsoft.windows.common-controls_6595b64144ccf1df_6.0.22621.4830_none_270fe7d773858e80\COMCTL32.dll
0x00007ff85c5f0000 - 0x00007ff85c619000 	C:\WINDOWS\System32\GDI32.dll
0x00007ff85b230000 - 0x00007ff85b2d7000 	C:\WINDOWS\System32\msvcrt.dll
0x00007ff85a5b0000 - 0x00007ff85a6cb000 	C:\WINDOWS\System32\gdi32full.dll
0x00007ff85a750000 - 0x00007ff85a7ea000 	C:\WINDOWS\System32\msvcp_win.dll
0x00007ff85aae0000 - 0x00007ff85ab11000 	C:\WINDOWS\System32\IMM32.DLL
0x00007fffffe50000 - 0x00007fffffe5c000 	C:\Program Files\Java\jdk-23\bin\vcruntime140_1.dll
0x00007fffa9080000 - 0x00007fffa910e000 	C:\Program Files\Java\jdk-23\bin\msvcp140.dll
0x00007fff93210000 - 0x00007fff93f5f000 	C:\Program Files\Java\jdk-23\bin\server\jvm.dll
0x00007ff85b4c0000 - 0x00007ff85b571000 	C:\WINDOWS\System32\ADVAPI32.dll
0x00007ff85c380000 - 0x00007ff85c427000 	C:\WINDOWS\System32\sechost.dll
0x00007ff85a410000 - 0x00007ff85a438000 	C:\WINDOWS\System32\bcrypt.dll
0x00007ff85ae70000 - 0x00007ff85af84000 	C:\WINDOWS\System32\RPCRT4.dll
0x00007ff85b2e0000 - 0x00007ff85b351000 	C:\WINDOWS\System32\WS2_32.dll
0x00007ff858d00000 - 0x00007ff858d4d000 	C:\WINDOWS\SYSTEM32\POWRPROF.dll
0x00007ff8554f0000 - 0x00007ff855524000 	C:\WINDOWS\SYSTEM32\WINMM.dll
0x00007ff855390000 - 0x00007ff85539a000 	C:\WINDOWS\SYSTEM32\VERSION.dll
0x00007ff858ce0000 - 0x00007ff858cf3000 	C:\WINDOWS\SYSTEM32\UMPDC.dll
0x00007ff858f90000 - 0x00007ff858fa8000 	C:\WINDOWS\SYSTEM32\kernel.appcore.dll
0x00007fffe99f0000 - 0x00007fffe99fa000 	C:\Program Files\Java\jdk-23\bin\jimage.dll
0x00007ff8576b0000 - 0x00007ff8578e2000 	C:\WINDOWS\SYSTEM32\DBGHELP.DLL
0x00007ff85b630000 - 0x00007ff85b9c0000 	C:\WINDOWS\System32\combase.dll
0x00007ff85b150000 - 0x00007ff85b227000 	C:\WINDOWS\System32\OLEAUT32.dll
0x00007ff8363f0000 - 0x00007ff836422000 	C:\WINDOWS\SYSTEM32\dbgcore.DLL
0x00007ff85a820000 - 0x00007ff85a89b000 	C:\WINDOWS\System32\bcryptPrimitives.dll
0x00007fffc9bf0000 - 0x00007fffc9c0e000 	C:\Program Files\Java\jdk-23\bin\java.dll
0x00007ff85ab20000 - 0x00007ff85acc1000 	C:\WINDOWS\System32\ole32.dll
0x00007ff85ba50000 - 0x00007ff85c2c8000 	C:\WINDOWS\System32\SHELL32.dll
0x00007ff857dc0000 - 0x00007ff8586d0000 	C:\WINDOWS\SYSTEM32\windows.storage.dll
0x00007ff857c80000 - 0x00007ff857dbf000 	C:\WINDOWS\SYSTEM32\wintypes.dll
0x00007ff85c430000 - 0x00007ff85c53a000 	C:\WINDOWS\System32\SHCORE.dll
0x00007ff85c540000 - 0x00007ff85c59e000 	C:\WINDOWS\System32\shlwapi.dll
0x00007ff859d90000 - 0x00007ff859dbb000 	C:\WINDOWS\SYSTEM32\profapi.dll
0x00007fffa8fa0000 - 0x00007fffa9077000 	C:\Program Files\Java\jdk-23\bin\jsvml.dll
0x00007fffe95f0000 - 0x00007fffe9600000 	C:\Program Files\Java\jdk-23\bin\net.dll
0x00007ff859410000 - 0x00007ff85947a000 	C:\WINDOWS\system32\mswsock.dll
0x00007fffb3de0000 - 0x00007fffb3df6000 	C:\Program Files\Java\jdk-23\bin\nio.dll
0x00007fffb3dc0000 - 0x00007fffb3dd7000 	C:\Program Files\Java\jdk-23\bin\zip.dll
0x000001923cc90000 - 0x000001923cc93000 	C:\Users\malek\.openjfx\cache\23.0.1+4\amd64\api-ms-win-core-console-l1-1-0.dll
0x000001923cca0000 - 0x000001923cca3000 	C:\Users\malek\.openjfx\cache\23.0.1+4\amd64\api-ms-win-core-console-l1-2-0.dll
0x000001923ccb0000 - 0x000001923ccb3000 	C:\Users\malek\.openjfx\cache\23.0.1+4\amd64\api-ms-win-core-datetime-l1-1-0.dll
0x000001923ccc0000 - 0x000001923ccc3000 	C:\Users\malek\.openjfx\cache\23.0.1+4\amd64\api-ms-win-core-debug-l1-1-0.dll
0x000001923ccd0000 - 0x000001923ccd3000 	C:\Users\malek\.openjfx\cache\23.0.1+4\amd64\api-ms-win-core-errorhandling-l1-1-0.dll
0x000001923cce0000 - 0x000001923cce4000 	C:\Users\malek\.openjfx\cache\23.0.1+4\amd64\api-ms-win-core-file-l1-1-0.dll
0x000001923ccf0000 - 0x000001923ccf3000 	C:\Users\malek\.openjfx\cache\23.0.1+4\amd64\api-ms-win-core-file-l1-2-0.dll
0x000001923cd00000 - 0x000001923cd03000 	C:\Users\malek\.openjfx\cache\23.0.1+4\amd64\api-ms-win-core-file-l2-1-0.dll
0x000001923cd10000 - 0x000001923cd13000 	C:\Users\malek\.openjfx\cache\23.0.1+4\amd64\api-ms-win-core-handle-l1-1-0.dll
0x000001923cd20000 - 0x000001923cd23000 	C:\Users\malek\.openjfx\cache\23.0.1+4\amd64\api-ms-win-core-heap-l1-1-0.dll
0x000001923cd30000 - 0x000001923cd33000 	C:\Users\malek\.openjfx\cache\23.0.1+4\amd64\api-ms-win-core-interlocked-l1-1-0.dll
0x000001923cd40000 - 0x000001923cd43000 	C:\Users\malek\.openjfx\cache\23.0.1+4\amd64\api-ms-win-core-libraryloader-l1-1-0.dll
0x000001923cd50000 - 0x000001923cd53000 	C:\Users\malek\.openjfx\cache\23.0.1+4\amd64\api-ms-win-core-localization-l1-2-0.dll
0x000001923cd60000 - 0x000001923cd63000 	C:\Users\malek\.openjfx\cache\23.0.1+4\amd64\api-ms-win-core-memory-l1-1-0.dll
0x000001923cd70000 - 0x000001923cd73000 	C:\Users\malek\.openjfx\cache\23.0.1+4\amd64\api-ms-win-core-namedpipe-l1-1-0.dll
0x000001923cd80000 - 0x000001923cd83000 	C:\Users\malek\.openjfx\cache\23.0.1+4\amd64\api-ms-win-core-processenvironment-l1-1-0.dll
0x000001923cd90000 - 0x000001923cd93000 	C:\Users\malek\.openjfx\cache\23.0.1+4\amd64\api-ms-win-core-processthreads-l1-1-0.dll
0x000001923cda0000 - 0x000001923cda3000 	C:\Users\malek\.openjfx\cache\23.0.1+4\amd64\api-ms-win-core-processthreads-l1-1-1.dll
0x000001923cdb0000 - 0x000001923cdb3000 	C:\Users\malek\.openjfx\cache\23.0.1+4\amd64\api-ms-win-core-profile-l1-1-0.dll
0x000001923cdc0000 - 0x000001923cdc3000 	C:\Users\malek\.openjfx\cache\23.0.1+4\amd64\api-ms-win-core-rtlsupport-l1-1-0.dll
0x000001923cdd0000 - 0x000001923cdd3000 	C:\Users\malek\.openjfx\cache\23.0.1+4\amd64\api-ms-win-core-string-l1-1-0.dll
0x000001923cde0000 - 0x000001923cde3000 	C:\Users\malek\.openjfx\cache\23.0.1+4\amd64\api-ms-win-core-synch-l1-1-0.dll
0x000001923cdf0000 - 0x000001923cdf3000 	C:\Users\malek\.openjfx\cache\23.0.1+4\amd64\api-ms-win-core-synch-l1-2-0.dll
0x000001923ce00000 - 0x000001923ce03000 	C:\Users\malek\.openjfx\cache\23.0.1+4\amd64\api-ms-win-core-sysinfo-l1-1-0.dll
0x000001923ce10000 - 0x000001923ce13000 	C:\Users\malek\.openjfx\cache\23.0.1+4\amd64\api-ms-win-core-timezone-l1-1-0.dll
0x000001923ce20000 - 0x000001923ce23000 	C:\Users\malek\.openjfx\cache\23.0.1+4\amd64\api-ms-win-core-util-l1-1-0.dll
0x000001923ce30000 - 0x000001923ce33000 	C:\Users\malek\.openjfx\cache\23.0.1+4\amd64\api-ms-win-crt-conio-l1-1-0.dll
0x000001923ce40000 - 0x000001923ce44000 	C:\Users\malek\.openjfx\cache\23.0.1+4\amd64\api-ms-win-crt-convert-l1-1-0.dll
0x000001923ce50000 - 0x000001923ce53000 	C:\Users\malek\.openjfx\cache\23.0.1+4\amd64\api-ms-win-crt-environment-l1-1-0.dll
0x000001923ce60000 - 0x000001923ce63000 	C:\Users\malek\.openjfx\cache\23.0.1+4\amd64\api-ms-win-crt-filesystem-l1-1-0.dll
0x000001923ce70000 - 0x000001923ce73000 	C:\Users\malek\.openjfx\cache\23.0.1+4\amd64\api-ms-win-crt-heap-l1-1-0.dll
0x000001923ce80000 - 0x000001923ce83000 	C:\Users\malek\.openjfx\cache\23.0.1+4\amd64\api-ms-win-crt-locale-l1-1-0.dll
0x000001923ce90000 - 0x000001923ce95000 	C:\Users\malek\.openjfx\cache\23.0.1+4\amd64\api-ms-win-crt-math-l1-1-0.dll
0x000001923cea0000 - 0x000001923cea5000 	C:\Users\malek\.openjfx\cache\23.0.1+4\amd64\api-ms-win-crt-multibyte-l1-1-0.dll
0x000001923ceb0000 - 0x000001923cec0000 	C:\Users\malek\.openjfx\cache\23.0.1+4\amd64\api-ms-win-crt-private-l1-1-0.dll
0x000001923cec0000 - 0x000001923cec3000 	C:\Users\malek\.openjfx\cache\23.0.1+4\amd64\api-ms-win-crt-process-l1-1-0.dll
0x000001923ced0000 - 0x000001923ced4000 	C:\Users\malek\.openjfx\cache\23.0.1+4\amd64\api-ms-win-crt-runtime-l1-1-0.dll
0x000001923cee0000 - 0x000001923cee4000 	C:\Users\malek\.openjfx\cache\23.0.1+4\amd64\api-ms-win-crt-stdio-l1-1-0.dll
0x000001923cef0000 - 0x000001923cef4000 	C:\Users\malek\.openjfx\cache\23.0.1+4\amd64\api-ms-win-crt-string-l1-1-0.dll
0x000001923cf00000 - 0x000001923cf03000 	C:\Users\malek\.openjfx\cache\23.0.1+4\amd64\api-ms-win-crt-time-l1-1-0.dll
0x000001923cf10000 - 0x000001923cf13000 	C:\Users\malek\.openjfx\cache\23.0.1+4\amd64\api-ms-win-crt-utility-l1-1-0.dll
0x00007fffa8ea0000 - 0x00007fffa8f9c000 	C:\Users\malek\.openjfx\cache\23.0.1+4\amd64\ucrtbase.dll
0x00007fffb3da0000 - 0x00007fffb3dbb000 	C:\Users\malek\.openjfx\cache\23.0.1+4\amd64\vcruntime140.dll
0x00007fffb3d90000 - 0x00007fffb3d9c000 	C:\Users\malek\.openjfx\cache\23.0.1+4\amd64\vcruntime140_1.dll
0x00007fffa8e10000 - 0x00007fffa8e9e000 	C:\Users\malek\.openjfx\cache\23.0.1+4\amd64\msvcp140.dll
0x00007fffb0250000 - 0x00007fffb0259000 	C:\Users\malek\.openjfx\cache\23.0.1+4\amd64\msvcp140_1.dll
0x00007fffaf000000 - 0x00007fffaf041000 	C:\Users\malek\.openjfx\cache\23.0.1+4\amd64\msvcp140_2.dll
0x00007fffa9d20000 - 0x00007fffa9d50000 	C:\Users\malek\.openjfx\cache\23.0.1+4\amd64\prism_d3d.dll
0x00007ff8041e0000 - 0x00007ff804388000 	C:\WINDOWS\system32\d3d9.dll
0x00007ff857140000 - 0x00007ff85716b000 	C:\WINDOWS\SYSTEM32\dwmapi.dll
0x00007ff856fd0000 - 0x00007ff857007000 	C:\WINDOWS\SYSTEM32\dxcore.dll
0x00007ff856ed0000 - 0x00007ff856f81000 	C:\WINDOWS\system32\uxtheme.dll
0x00007ff804030000 - 0x00007ff8041dc000 	C:\WINDOWS\System32\DriverStore\FileRepository\iigd_dch.inf_amd64_237b1b6e9066be9c\igdumdim64.dll
0x00007fffd0540000 - 0x00007fffd4d9b000 	C:\WINDOWS\System32\DriverStore\FileRepository\iigd_dch.inf_amd64_237b1b6e9066be9c\igd9dxva64.dll
0x00007ff85c6f0000 - 0x00007ff85cb64000 	C:\WINDOWS\System32\SETUPAPI.dll
0x00007ff859b50000 - 0x00007ff859b9e000 	C:\WINDOWS\SYSTEM32\cfgmgr32.dll
0x00007ff846dd0000 - 0x00007ff8471da000 	C:\WINDOWS\System32\DriverStore\FileRepository\iigd_dch.inf_amd64_237b1b6e9066be9c\igdgmm64.dll
0x00007ff850f50000 - 0x00007ff850f99000 	C:\WINDOWS\SYSTEM32\directxdatabasehelper.dll
0x00007fffa8dc0000 - 0x00007fffa8e05000 	C:\Users\malek\.openjfx\cache\23.0.1+4\amd64\glass.dll
0x00007ff85acd0000 - 0x00007ff85add2000 	C:\WINDOWS\System32\COMDLG32.dll
0x00007ff85b360000 - 0x00007ff85b4bf000 	C:\WINDOWS\System32\MSCTF.dll
0x00007fffe4570000 - 0x00007fffe4597000 	C:\WINDOWS\System32\DriverStore\FileRepository\iigd_dch.inf_amd64_237b1b6e9066be9c\igdinfo64.dll
0x00007ff83f890000 - 0x00007ff843f00000 	C:\WINDOWS\System32\DriverStore\FileRepository\iigd_dch.inf_amd64_237b1b6e9066be9c\igc64.dll
0x00007ff85c2d0000 - 0x00007ff85c380000 	C:\WINDOWS\System32\clbcatq.dll
0x00007ff83bce0000 - 0x00007ff83be5d000 	C:\Windows\System32\Windows.UI.dll
0x00007ff827ae0000 - 0x00007ff827c55000 	C:\Windows\System32\Windows.UI.Immersive.dll
0x00007fffaefe0000 - 0x00007fffaeff5000 	C:\Users\malek\.openjfx\cache\23.0.1+4\amd64\javafx_font.dll
0x00007ff853110000 - 0x00007ff853383000 	C:\WINDOWS\SYSTEM32\dwrite.dll
0x00007ff856c60000 - 0x00007ff856e10000 	C:\WINDOWS\SYSTEM32\WindowsCodecs.dll
0x00007ff8244c0000 - 0x00007ff82451e000 	C:\WINDOWS\system32\dataexchange.dll
0x00007ff84c350000 - 0x00007ff84c5f5000 	C:\WINDOWS\system32\twinapi.appcore.dll
0x00007fffe9a00000 - 0x00007fffe9a32000 	C:\Program Files\Common Files\Microsoft Shared\Ink\rtscom.dll
0x00007ff83b3e0000 - 0x00007ff83b526000 	C:\WINDOWS\SYSTEM32\textinputframework.dll
0x00007ff854140000 - 0x00007ff854275000 	C:\WINDOWS\SYSTEM32\CoreMessaging.dll
0x00007ff84f140000 - 0x00007ff84f4ac000 	C:\WINDOWS\SYSTEM32\CoreUIComponents.dll
0x00007ff859660000 - 0x00007ff85966c000 	C:\WINDOWS\SYSTEM32\CRYPTBASE.DLL
0x00007ff8589d0000 - 0x00007ff858ad2000 	C:\WINDOWS\SYSTEM32\DNSAPI.dll
0x00007ff8589a0000 - 0x00007ff8589cd000 	C:\WINDOWS\SYSTEM32\IPHLPAPI.DLL
0x00007ff85b580000 - 0x00007ff85b589000 	C:\WINDOWS\System32\NSI.dll
0x00007ff855040000 - 0x00007ff85504a000 	C:\Windows\System32\rasadhlp.dll
0x00007ff855230000 - 0x00007ff8552b3000 	C:\WINDOWS\System32\fwpuclnt.dll

dbghelp: loaded successfully - version: 4.0.5 - missing functions: none
symbol engine: initialized successfully - sym options: 0x614 - pdb path: .;C:\Program Files\Java\jdk-23\bin;C:\WINDOWS\SYSTEM32;C:\WINDOWS\WinSxS\amd64_microsoft.windows.common-controls_6595b64144ccf1df_6.0.22621.4830_none_270fe7d773858e80;C:\Program Files\Java\jdk-23\bin\server;C:\Users\malek\.openjfx\cache\23.0.1+4\amd64;C:\WINDOWS\System32\DriverStore\FileRepository\iigd_dch.inf_amd64_237b1b6e9066be9c;C:\Program Files\Common Files\Microsoft Shared\Ink

VM Arguments:
jvm_args: --module-path=C:\Users\malek\.m2\repository\org\openjfx\javafx-base\23.0.1\javafx-base-23.0.1-win.jar;C:\Users\malek\.m2\repository\org\openjfx\javafx-base\23.0.1\javafx-base-23.0.1.jar;C:\Users\malek\.m2\repository\org\openjfx\javafx-controls\23.0.1\javafx-controls-23.0.1-win.jar;C:\Users\malek\.m2\repository\org\openjfx\javafx-controls\23.0.1\javafx-controls-23.0.1.jar;C:\Users\malek\.m2\repository\org\openjfx\javafx-fxml\23.0.1\javafx-fxml-23.0.1-win.jar;C:\Users\malek\.m2\repository\org\openjfx\javafx-fxml\23.0.1\javafx-fxml-23.0.1.jar;C:\Users\malek\.m2\repository\org\openjfx\javafx-graphics\23.0.1\javafx-graphics-23.0.1-win.jar;C:\Users\malek\.m2\repository\org\openjfx\javafx-graphics\23.0.1\javafx-graphics-23.0.1.jar --add-modules=javafx.base,javafx.controls,javafx.fxml,javafx.graphics 
java_command: edu.pidev3a32.tests.MainFx
java_class_path (initial): C:\gestion_planning\target\classes;C:\Users\malek\.m2\repository\com\google\protobuf\protobuf-java\3.11.4\protobuf-java-3.11.4.jar;C:\Users\malek\.m2\repository\mysql\mysql-connector-java\8.0.28\mysql-connector-java-8.0.28.jar
Launcher Type: SUN_STANDARD

[Global flags]
     intx CICompilerCount                          = 4                                         {product} {ergonomic}
     uint ConcGCThreads                            = 2                                         {product} {ergonomic}
     uint G1ConcRefinementThreads                  = 8                                         {product} {ergonomic}
   size_t G1HeapRegionSize                         = 2097152                                   {product} {ergonomic}
   size_t InitialHeapSize                          = 266338304                                 {product} {ergonomic}
   size_t MarkStackSize                            = 4194304                                   {product} {ergonomic}
   size_t MarkStackSizeMax                         = 536870912                                 {product} {ergonomic}
   size_t MaxHeapSize                              = 4229955584                                {product} {ergonomic}
   size_t MaxNewSize                               = 2537553920                                {product} {ergonomic}
   size_t MinHeapDeltaBytes                        = 2097152                                   {product} {ergonomic}
   size_t MinHeapSize                              = 8388608                                   {product} {ergonomic}
    uintx NonNMethodCodeHeapSize                   = 5832704                                {pd product} {ergonomic}
    uintx NonProfiledCodeHeapSize                  = 122945536                              {pd product} {ergonomic}
    uintx ProfiledCodeHeapSize                     = 122880000                              {pd product} {ergonomic}
    uintx ReservedCodeCacheSize                    = 251658240                              {pd product} {ergonomic}
     bool SegmentedCodeCache                       = true                                      {product} {ergonomic}
   size_t SoftMaxHeapSize                          = 4229955584                             {manageable} {ergonomic}
     bool UseCompressedOops                        = true                           {product lp64_product} {ergonomic}
     bool UseG1GC                                  = true                                      {product} {ergonomic}
     bool UseLargePagesIndividualAllocation        = false                                  {pd product} {ergonomic}

Logging:
Log output configuration:
 #0: stdout all=warning uptime,level,tags foldmultilines=false
 #1: stderr all=off uptime,level,tags foldmultilines=false

Environment Variables:
PATH=C:\Program Files\Common Files\Oracle\Java\javapath;C:\Program Files (x86)\VMware\VMware Workstation\bin\;C:\oraclexe\app\oracle\product\11.2.0\server\bin;C:\Program Files (x86)\Common Files\Intel\Shared Libraries\redist\intel64\compiler;C:\windows\system32;C:\windows;C:\windows\System32\Wbem;C:\windows\System32\WindowsPowerShell\v1.0\;C:\windows\System32\OpenSSH\;C:\Program Files (x86)\NVIDIA Corporation\PhysX\Common;C:\Program Files\NVIDIA Corporation\NVIDIA NvDLISR;C:\WINDOWS\system32;C:\WINDOWS;C:\WINDOWS\System32\Wbem;C:\WINDOWS\System32\WindowsPowerShell\v1.0\;C:\WINDOWS\System32\OpenSSH\;C:\Program Files (x86)\HI-TECH Software\PICC\LITE\9.60\bin;C:\Program Files\Git\cmd;C:\xampp\php;C:\ProgramData\ComposerSetup\bin;C:\oraclexe\app\oracle\product\11.2.0\server\bin;C:\instanstclient-2;C:\oraclexe\app\oracle\admin\XE;C:\oraclexe;C:\Program Files (x86)\OpenSSL-Win64\bin;;C:\Program Files\HP\HP One Agent;C:\Users\malek\AppData\Local\Programs\Python\Python313\Scripts\;C:\Users\malek\AppData\Local\Programs\Python\Python313\;C:\Users\malek\scoop\shims;C:\Users\malek\AppData\Local\Microsoft\WindowsApps;C:\Users\malek\AppData\Local\Programs\Microsoft VS Code\bin;C:\Users\malek\AppData\Roaming\Composer\vendor\bin;C:\Program Files (x86)\OpenSSL-Win32\lib\MinGW\x86;C:\xampp\php;;C:\Program Files\JetBrains\IntelliJ IDEA 2024.2.1\bin;
USERNAME=malek
OS=Windows_NT
PROCESSOR_IDENTIFIER=Intel64 Family 6 Model 140 Stepping 1, GenuineIntel
TMP=C:\Users\malek\AppData\Local\Temp
TEMP=C:\Users\malek\AppData\Local\Temp




Periodic native trim disabled

---------------  S Y S T E M  ---------------

OS:
 Windows 11 , 64 bit Build 22621 (10.0.22621.4830)
OS uptime: 0 days 4:03 hours

CPU: total 8 (initial active 8) (4 cores per cpu, 2 threads per core) family 6 model 140 stepping 1 microcode 0xa4, cx8, cmov, fxsr, ht, mmx, 3dnowpref, sse, sse2, sse3, ssse3, sse4.1, sse4.2, popcnt, lzcnt, tsc, tscinvbit, avx, avx2, aes, erms, clmul, bmi1, bmi2, adx, avx512f, avx512dq, avx512cd, avx512bw, avx512vl, sha, fma, vzeroupper, avx512_vpopcntdq, avx512_vpclmulqdq, avx512_vaes, avx512_vnni, clflush, clflushopt, clwb, avx512_vbmi2, avx512_vbmi, rdtscp, rdpid, fsrm, gfni, avx512_bitalg, f16c, pku, cet_ibt, cet_ss, avx512_ifma
Processor Information for the first 8 processors :
  Max Mhz: 3302, Current Mhz: 3302, Mhz Limit: 3302

Memory: 4k page, system-wide physical 16129M (2681M free)
TotalPageFile size 31984M (AvailPageFile size 14M)
current process WorkingSet (physical memory assigned to process): 1143M, peak: 1143M
current process commit charge ("private bytes"): 1300M, peak: 1424M

vm_info: Java HotSpot(TM) 64-Bit Server VM (23+37-2369) for windows-amd64 JRE (23+37-2369), built on 2024-08-20T16:01:23Z with MS VC++ 17.6 (VS2022)

END.
