#
# There is insufficient memory for the Java Runtime Environment to continue.
# Native memory allocation (malloc) failed to allocate 2160944 bytes. Error detail: Chunk::new
# Possible reasons:
#   The system is out of physical RAM or swap space
#   This process is running with CompressedOops enabled, and the Java Heap may be blocking the growth of the native heap
# Possible solutions:
#   Reduce memory load on the system
#   Increase physical memory or swap space
#   Check if swap backing store is full
#   Decrease Java heap size (-Xmx/-Xms)
#   Decrease number of Java threads
#   Decrease Java thread stack sizes (-Xss)
#   Set larger code cache with -XX:ReservedCodeCacheSize=
#   JVM is running with Zero Based Compressed Oops mode in which the Java heap is
#     placed in the first 32GB address space. The Java Heap base address is the
#     maximum limit for the native heap growth. Please use -XX:HeapBaseMinAddress
#     to set the Java Heap base and to place the Java Heap above 32GB virtual address.
# This output file may be truncated or incomplete.
#
#  Out of Memory Error (arena.cpp:149), pid=21552, tid=20652
#
# JRE version: Java(TM) SE Runtime Environment (23.0+37) (build 23+37-2369)
# Java VM: Java HotSpot(TM) 64-Bit Server VM (23+37-2369, mixed mode, sharing, tiered, compressed oops, compressed class ptrs, g1 gc, windows-amd64)
# No core dump will be written. Minidumps are not enabled by default on client versions of Windows
#

---------------  S U M M A R Y ------------

Command Line: --module-path=C:\Users\malek\.m2\repository\org\openjfx\javafx-base\23.0.1\javafx-base-23.0.1-win.jar;C:\Users\malek\.m2\repository\org\openjfx\javafx-base\23.0.1\javafx-base-23.0.1.jar;C:\Users\malek\.m2\repository\org\openjfx\javafx-controls\23.0.1\javafx-controls-23.0.1-win.jar;C:\Users\malek\.m2\repository\org\openjfx\javafx-controls\23.0.1\javafx-controls-23.0.1.jar;C:\Users\malek\.m2\repository\org\openjfx\javafx-fxml\23.0.1\javafx-fxml-23.0.1-win.jar;C:\Users\malek\.m2\repository\org\openjfx\javafx-fxml\23.0.1\javafx-fxml-23.0.1.jar;C:\Users\malek\.m2\repository\org\openjfx\javafx-graphics\23.0.1\javafx-graphics-23.0.1-win.jar;C:\Users\malek\.m2\repository\org\openjfx\javafx-graphics\23.0.1\javafx-graphics-23.0.1.jar --add-modules=javafx.base,javafx.controls,javafx.fxml,javafx.graphics edu.pidev3a32.tests.MainFx

Host: 11th Gen Intel(R) Core(TM) i7-11370H @ 3.30GHz, 8 cores, 15G,  Windows 11 , 64 bit Build 22621 (10.0.22621.4830)
Time: Tue Feb 18 22:54:37 2025 Paris, Madrid elapsed time: 2.585894 seconds (0d 0h 0m 2s)

---------------  T H R E A D  ---------------

Current thread (0x0000021391637590):  JavaThread "C2 CompilerThread0" daemon [_thread_in_native, id=20652, stack(0x0000002ae0100000,0x0000002ae0200000) (1024K)]


Current CompileTask:
C2:2585 2410       4       java.lang.invoke.MethodType::makeImpl (109 bytes)

Stack: [0x0000002ae0100000,0x0000002ae0200000]
Native frames: (J=compiled Java code, j=interpreted, Vv=VM code, C=native code)
V  [jvm.dll+0x6e08a9]  (no source info available)
V  [jvm.dll+0x87da63]  (no source info available)
V  [jvm.dll+0x87feee]  (no source info available)
V  [jvm.dll+0x8805c3]  (no source info available)
V  [jvm.dll+0x27aee6]  (no source info available)
V  [jvm.dll+0xbc06f]  (no source info available)
V  [jvm.dll+0xbc2cb]  (no source info available)
V  [jvm.dll+0x3b3a9c]  (no source info available)
V  [jvm.dll+0x38a42b]  (no source info available)
V  [jvm.dll+0x38989a]  (no source info available)
V  [jvm.dll+0x244aa1]  (no source info available)
V  [jvm.dll+0x243dff]  (no source info available)
V  [jvm.dll+0x1c33a0]  (no source info available)
V  [jvm.dll+0x253cf1]  (no source info available)
V  [jvm.dll+0x251faa]  (no source info available)
V  [jvm.dll+0x3ee036]  (no source info available)
V  [jvm.dll+0x824f1b]  (no source info available)
V  [jvm.dll+0x6df055]  (no source info available)
C  [ucrtbase.dll+0x29333]  (no source info available)
C  [KERNEL32.DLL+0x1259d]  (no source info available)
C  [ntdll.dll+0x5af38]  (no source info available)

Lock stack of current Java thread (top to bottom):


---------------  P R O C E S S  ---------------

Threads class SMR info:
_java_thread_list=0x00000213dd9e3b60, length=18, elements={
0x00000213f01c2160, 0x0000021391624310, 0x0000021391625230, 0x0000021391629780,
0x000002139162a1e0, 0x000002139162ac40, 0x000002139162c7e0, 0x0000021391637590,
0x000002139163dbb0, 0x0000021391bab270, 0x00000213d74b7520, 0x00000213d760e550,
0x00000213d77a2e30, 0x00000213d7682af0, 0x00000213dcf88320, 0x00000213dcf76320,
0x00000213dd6860a0, 0x00000213dd5a9d00
}

Java Threads: ( => current thread )
  0x00000213f01c2160 JavaThread "main"                              [_thread_blocked, id=11836, stack(0x0000002adf300000,0x0000002adf400000) (1024K)]
  0x0000021391624310 JavaThread "Reference Handler"          daemon [_thread_blocked, id=6120, stack(0x0000002adfb00000,0x0000002adfc00000) (1024K)]
  0x0000021391625230 JavaThread "Finalizer"                  daemon [_thread_blocked, id=13780, stack(0x0000002adfc00000,0x0000002adfd00000) (1024K)]
  0x0000021391629780 JavaThread "Signal Dispatcher"          daemon [_thread_blocked, id=8496, stack(0x0000002adfd00000,0x0000002adfe00000) (1024K)]
  0x000002139162a1e0 JavaThread "Attach Listener"            daemon [_thread_blocked, id=9444, stack(0x0000002adfe00000,0x0000002adff00000) (1024K)]
  0x000002139162ac40 JavaThread "Service Thread"             daemon [_thread_blocked, id=20876, stack(0x0000002adff00000,0x0000002ae0000000) (1024K)]
  0x000002139162c7e0 JavaThread "Monitor Deflation Thread"   daemon [_thread_blocked, id=6412, stack(0x0000002ae0000000,0x0000002ae0100000) (1024K)]
=>0x0000021391637590 JavaThread "C2 CompilerThread0"         daemon [_thread_in_native, id=20652, stack(0x0000002ae0100000,0x0000002ae0200000) (1024K)]
  0x000002139163dbb0 JavaThread "C1 CompilerThread0"         daemon [_thread_blocked, id=8512, stack(0x0000002ae0200000,0x0000002ae0300000) (1024K)]
  0x0000021391bab270 JavaThread "Common-Cleaner"             daemon [_thread_blocked, id=21200, stack(0x0000002ae0300000,0x0000002ae0400000) (1024K)]
  0x00000213d74b7520 JavaThread "Notification Thread"        daemon [_thread_blocked, id=9568, stack(0x0000002ae0600000,0x0000002ae0700000) (1024K)]
  0x00000213d760e550 JavaThread "QuantumRenderer-0"          daemon [_thread_blocked, id=20004, stack(0x0000002ae0700000,0x0000002ae0800000) (1024K)]
  0x00000213d77a2e30 JavaThread "InvokeLaterDispatcher"      daemon [_thread_blocked, id=2436, stack(0x0000002ae0800000,0x0000002ae0900000) (1024K)]
  0x00000213d7682af0 JavaThread "JavaFX Application Thread"         [_thread_in_native, id=2980, stack(0x0000002ae0900000,0x0000002ae0a00000) (1024K)]
  0x00000213dcf88320 JavaThread "JavaFX-Launcher"                   [_thread_blocked, id=22388, stack(0x0000002ae0e00000,0x0000002ae0f00000) (1024K)]
  0x00000213dcf76320 JavaThread "Thread-2"                   daemon [_thread_in_native, id=22048, stack(0x0000002ae0d00000,0x0000002ae0e00000) (1024K)]
  0x00000213dd6860a0 JavaThread "Prism Font Disposer"        daemon [_thread_blocked, id=9716, stack(0x0000002ae1800000,0x0000002ae1900000) (1024K)]
  0x00000213dd5a9d00 JavaThread "Cleaner-0"                  daemon [_thread_blocked, id=8180, stack(0x0000002ae0400000,0x0000002ae0500000) (1024K)]
Total: 18

Other Threads:
  0x0000021391606e70 VMThread "VM Thread"                           [id=2652, stack(0x0000002adfa00000,0x0000002adfb00000) (1024K)]
  0x00000213915f5b80 WatcherThread "VM Periodic Task Thread"        [id=21856, stack(0x0000002adf900000,0x0000002adfa00000) (1024K)]
  0x00000213f2674530 WorkerThread "GC Thread#0"                     [id=8912, stack(0x0000002adf400000,0x0000002adf500000) (1024K)]
  0x0000021391608840 WorkerThread "GC Thread#1"                     [id=3560, stack(0x0000002ae0f00000,0x0000002ae1000000) (1024K)]
  0x0000021391607980 WorkerThread "GC Thread#2"                     [id=13688, stack(0x0000002ae1000000,0x0000002ae1100000) (1024K)]
  0x00000213dcf21f30 WorkerThread "GC Thread#3"                     [id=2108, stack(0x0000002ae1100000,0x0000002ae1200000) (1024K)]
  0x00000213dcf24410 WorkerThread "GC Thread#4"                     [id=18068, stack(0x0000002ae1200000,0x0000002ae1300000) (1024K)]
  0x00000213dcf23900 WorkerThread "GC Thread#5"                     [id=2812, stack(0x0000002ae1300000,0x0000002ae1400000) (1024K)]
  0x00000213dcf24060 WorkerThread "GC Thread#6"                     [id=2624, stack(0x0000002ae1400000,0x0000002ae1500000) (1024K)]
  0x00000213dcf20cc0 WorkerThread "GC Thread#7"                     [id=17984, stack(0x0000002ae1500000,0x0000002ae1600000) (1024K)]
  0x00000213f2689150 ConcurrentGCThread "G1 Main Marker"            [id=14492, stack(0x0000002adf500000,0x0000002adf600000) (1024K)]
  0x00000213f268ab80 WorkerThread "G1 Conc#0"                       [id=20596, stack(0x0000002adf600000,0x0000002adf700000) (1024K)]
  0x00000213dcf217d0 WorkerThread "G1 Conc#1"                       [id=17352, stack(0x0000002ae1a00000,0x0000002ae1b00000) (1024K)]
  0x00000213f26ce640 ConcurrentGCThread "G1 Refine#0"               [id=20144, stack(0x0000002adf700000,0x0000002adf800000) (1024K)]
  0x00000213914c9040 ConcurrentGCThread "G1 Service"                [id=8876, stack(0x0000002adf800000,0x0000002adf900000) (1024K)]
Total: 15

Threads with active compile tasks:
C2 CompilerThread0  4640 2410       4       java.lang.invoke.MethodType::makeImpl (109 bytes)
Total: 1

VM state: not at safepoint (normal execution)

VM Mutex/Monitor currently owned by a thread: None

Heap address: 0x0000000703e00000, size: 4034 MB, Compressed Oops mode: Zero based, Oop shift amount: 3

CDS archive(s) mapped at: [0x0000021392000000-0x0000021392d70000-0x0000021392d70000), size 14090240, SharedBaseAddress: 0x0000021392000000, ArchiveRelocationMode: 1.
Compressed class space mapped at: 0x0000021393000000-0x00000213d3000000, reserved size: 1073741824
Narrow klass base: 0x0000021392000000, Narrow klass shift: 0, Narrow klass range: 0x41000000

GC Precious Log:
 CardTable entry size: 512
 Card Set container configuration: InlinePtr #cards 4 size 8 Array Of Cards #cards 16 size 48 Howl #buckets 8 coarsen threshold 3686 Howl Bitmap #cards 512 size 80 coarsen threshold 460 Card regions per heap region 1 cards per card region 4096
 CPUs: 8 total, 8 available
 Memory: 16129M
 Large Page Support: Disabled
 NUMA Support: Disabled
 Compressed Oops: Enabled (Zero based)
 Heap Region Size: 2M
 Heap Min Capacity: 8M
 Heap Initial Capacity: 254M
 Heap Max Capacity: 4034M
 Pre-touch: Disabled
 Parallel Workers: 8
 Concurrent Workers: 2
 Concurrent Refinement Workers: 8
 Periodic GC: Disabled

Heap:
 garbage-first heap   total reserved 4130816K, committed 264192K, used 156527K [0x0000000703e00000, 0x0000000800000000)
  region size 2048K, 6 young (12288K), 4 survivors (8192K)
 Metaspace       used 15966K, committed 16320K, reserved 1114112K
  class space    used 2487K, committed 2624K, reserved 1048576K

Heap Regions: E=young(eden), S=young(survivor), O=old, HS=humongous(starts), HC=humongous(continues), CS=collection set, F=free, TAMS=top-at-mark-start, PB=parsable bottom
|   0|0x0000000703e00000, 0x0000000704000000, 0x0000000704000000|100%| O|  |TAMS 0x0000000703e00000| PB 0x0000000703e00000| Untracked |  0
|   1|0x0000000704000000, 0x000000070406edc0, 0x0000000704200000| 21%| O|  |TAMS 0x0000000704000000| PB 0x0000000704000000| Untracked |  0
|   2|0x0000000704200000, 0x0000000704400000, 0x0000000704400000|100%|HS|  |TAMS 0x0000000704200000| PB 0x0000000704200000| Complete |  0
|   3|0x0000000704400000, 0x0000000704600000, 0x0000000704600000|100%|HC|  |TAMS 0x0000000704400000| PB 0x0000000704400000| Complete |  0
|   4|0x0000000704600000, 0x0000000704800000, 0x0000000704800000|100%|HC|  |TAMS 0x0000000704600000| PB 0x0000000704600000| Complete |  0
|   5|0x0000000704800000, 0x0000000704a00000, 0x0000000704a00000|100%|HC|  |TAMS 0x0000000704800000| PB 0x0000000704800000| Complete |  0
|   6|0x0000000704a00000, 0x0000000704c00000, 0x0000000704c00000|100%|HC|  |TAMS 0x0000000704a00000| PB 0x0000000704a00000| Complete |  0
|   7|0x0000000704c00000, 0x0000000704e00000, 0x0000000704e00000|100%|HC|  |TAMS 0x0000000704c00000| PB 0x0000000704c00000| Complete |  0
|   8|0x0000000704e00000, 0x0000000705000000, 0x0000000705000000|100%|HC|  |TAMS 0x0000000704e00000| PB 0x0000000704e00000| Complete |  0
|   9|0x0000000705000000, 0x0000000705200000, 0x0000000705200000|100%|HC|  |TAMS 0x0000000705000000| PB 0x0000000705000000| Complete |  0
|  10|0x0000000705200000, 0x0000000705400000, 0x0000000705400000|100%|HC|  |TAMS 0x0000000705200000| PB 0x0000000705200000| Complete |  0
|  11|0x0000000705400000, 0x0000000705600000, 0x0000000705600000|100%|HC|  |TAMS 0x0000000705400000| PB 0x0000000705400000| Complete |  0
|  12|0x0000000705600000, 0x0000000705800000, 0x0000000705800000|100%|HC|  |TAMS 0x0000000705600000| PB 0x0000000705600000| Complete |  0
|  13|0x0000000705800000, 0x0000000705a00000, 0x0000000705a00000|100%|HC|  |TAMS 0x0000000705800000| PB 0x0000000705800000| Complete |  0
|  14|0x0000000705a00000, 0x0000000705c00000, 0x0000000705c00000|100%|HC|  |TAMS 0x0000000705a00000| PB 0x0000000705a00000| Complete |  0
|  15|0x0000000705c00000, 0x0000000705e00000, 0x0000000705e00000|100%|HC|  |TAMS 0x0000000705c00000| PB 0x0000000705c00000| Complete |  0
|  16|0x0000000705e00000, 0x0000000706000000, 0x0000000706000000|100%|HC|  |TAMS 0x0000000705e00000| PB 0x0000000705e00000| Complete |  0
|  17|0x0000000706000000, 0x0000000706200000, 0x0000000706200000|100%|HC|  |TAMS 0x0000000706000000| PB 0x0000000706000000| Complete |  0
|  18|0x0000000706200000, 0x0000000706400000, 0x0000000706400000|100%|HC|  |TAMS 0x0000000706200000| PB 0x0000000706200000| Complete |  0
|  19|0x0000000706400000, 0x0000000706600000, 0x0000000706600000|100%|HC|  |TAMS 0x0000000706400000| PB 0x0000000706400000| Complete |  0
|  20|0x0000000706600000, 0x0000000706800000, 0x0000000706800000|100%|HC|  |TAMS 0x0000000706600000| PB 0x0000000706600000| Complete |  0
|  21|0x0000000706800000, 0x0000000706a00000, 0x0000000706a00000|100%|HC|  |TAMS 0x0000000706800000| PB 0x0000000706800000| Complete |  0
|  22|0x0000000706a00000, 0x0000000706c00000, 0x0000000706c00000|100%|HC|  |TAMS 0x0000000706a00000| PB 0x0000000706a00000| Complete |  0
|  23|0x0000000706c00000, 0x0000000706e00000, 0x0000000706e00000|100%|HC|  |TAMS 0x0000000706c00000| PB 0x0000000706c00000| Complete |  0
|  24|0x0000000706e00000, 0x0000000707000000, 0x0000000707000000|100%|HC|  |TAMS 0x0000000706e00000| PB 0x0000000706e00000| Complete |  0
|  25|0x0000000707000000, 0x0000000707200000, 0x0000000707200000|100%|HC|  |TAMS 0x0000000707000000| PB 0x0000000707000000| Complete |  0
|  26|0x0000000707200000, 0x0000000707400000, 0x0000000707400000|100%|HC|  |TAMS 0x0000000707200000| PB 0x0000000707200000| Complete |  0
|  27|0x0000000707400000, 0x0000000707600000, 0x0000000707600000|100%|HC|  |TAMS 0x0000000707400000| PB 0x0000000707400000| Complete |  0
|  28|0x0000000707600000, 0x0000000707800000, 0x0000000707800000|100%|HC|  |TAMS 0x0000000707600000| PB 0x0000000707600000| Complete |  0
|  29|0x0000000707800000, 0x0000000707a00000, 0x0000000707a00000|100%|HC|  |TAMS 0x0000000707800000| PB 0x0000000707800000| Complete |  0
|  30|0x0000000707a00000, 0x0000000707c00000, 0x0000000707c00000|100%|HC|  |TAMS 0x0000000707a00000| PB 0x0000000707a00000| Complete |  0
|  31|0x0000000707c00000, 0x0000000707e00000, 0x0000000707e00000|100%|HC|  |TAMS 0x0000000707c00000| PB 0x0000000707c00000| Complete |  0
|  32|0x0000000707e00000, 0x0000000708000000, 0x0000000708000000|100%|HC|  |TAMS 0x0000000707e00000| PB 0x0000000707e00000| Complete |  0
|  33|0x0000000708000000, 0x0000000708200000, 0x0000000708200000|100%|HC|  |TAMS 0x0000000708000000| PB 0x0000000708000000| Complete |  0
|  34|0x0000000708200000, 0x0000000708400000, 0x0000000708400000|100%|HC|  |TAMS 0x0000000708200000| PB 0x0000000708200000| Complete |  0
|  35|0x0000000708400000, 0x0000000708600000, 0x0000000708600000|100%|HC|  |TAMS 0x0000000708400000| PB 0x0000000708400000| Complete |  0
|  36|0x0000000708600000, 0x0000000708800000, 0x0000000708800000|100%|HC|  |TAMS 0x0000000708600000| PB 0x0000000708600000| Complete |  0
|  37|0x0000000708800000, 0x0000000708a00000, 0x0000000708a00000|100%|HC|  |TAMS 0x0000000708800000| PB 0x0000000708800000| Complete |  0
|  38|0x0000000708a00000, 0x0000000708c00000, 0x0000000708c00000|100%|HC|  |TAMS 0x0000000708a00000| PB 0x0000000708a00000| Complete |  0
|  39|0x0000000708c00000, 0x0000000708e00000, 0x0000000708e00000|100%|HC|  |TAMS 0x0000000708c00000| PB 0x0000000708c00000| Complete |  0
|  40|0x0000000708e00000, 0x0000000709000000, 0x0000000709000000|100%|HC|  |TAMS 0x0000000708e00000| PB 0x0000000708e00000| Complete |  0
|  41|0x0000000709000000, 0x0000000709200000, 0x0000000709200000|100%|HC|  |TAMS 0x0000000709000000| PB 0x0000000709000000| Complete |  0
|  42|0x0000000709200000, 0x0000000709400000, 0x0000000709400000|100%|HC|  |TAMS 0x0000000709200000| PB 0x0000000709200000| Complete |  0
|  43|0x0000000709400000, 0x0000000709600000, 0x0000000709600000|100%|HC|  |TAMS 0x0000000709400000| PB 0x0000000709400000| Complete |  0
|  44|0x0000000709600000, 0x0000000709800000, 0x0000000709800000|100%|HC|  |TAMS 0x0000000709600000| PB 0x0000000709600000| Complete |  0
|  45|0x0000000709800000, 0x0000000709a00000, 0x0000000709a00000|100%|HC|  |TAMS 0x0000000709800000| PB 0x0000000709800000| Complete |  0
|  46|0x0000000709a00000, 0x0000000709c00000, 0x0000000709c00000|100%|HC|  |TAMS 0x0000000709a00000| PB 0x0000000709a00000| Complete |  0
|  47|0x0000000709c00000, 0x0000000709e00000, 0x0000000709e00000|100%|HC|  |TAMS 0x0000000709c00000| PB 0x0000000709c00000| Complete |  0
|  48|0x0000000709e00000, 0x000000070a000000, 0x000000070a000000|100%|HC|  |TAMS 0x0000000709e00000| PB 0x0000000709e00000| Complete |  0
|  49|0x000000070a000000, 0x000000070a200000, 0x000000070a200000|100%|HC|  |TAMS 0x000000070a000000| PB 0x000000070a000000| Complete |  0
|  50|0x000000070a200000, 0x000000070a400000, 0x000000070a400000|100%|HC|  |TAMS 0x000000070a200000| PB 0x000000070a200000| Complete |  0
|  51|0x000000070a400000, 0x000000070a600000, 0x000000070a600000|100%|HC|  |TAMS 0x000000070a400000| PB 0x000000070a400000| Complete |  0
|  52|0x000000070a600000, 0x000000070a800000, 0x000000070a800000|100%|HC|  |TAMS 0x000000070a600000| PB 0x000000070a600000| Complete |  0
|  53|0x000000070a800000, 0x000000070aa00000, 0x000000070aa00000|100%|HC|  |TAMS 0x000000070a800000| PB 0x000000070a800000| Complete |  0
|  54|0x000000070aa00000, 0x000000070ac00000, 0x000000070ac00000|100%|HC|  |TAMS 0x000000070aa00000| PB 0x000000070aa00000| Complete |  0
|  55|0x000000070ac00000, 0x000000070ae00000, 0x000000070ae00000|100%|HC|  |TAMS 0x000000070ac00000| PB 0x000000070ac00000| Complete |  0
|  56|0x000000070ae00000, 0x000000070b000000, 0x000000070b000000|100%|HC|  |TAMS 0x000000070ae00000| PB 0x000000070ae00000| Complete |  0
|  57|0x000000070b000000, 0x000000070b200000, 0x000000070b200000|100%|HC|  |TAMS 0x000000070b000000| PB 0x000000070b000000| Complete |  0
|  58|0x000000070b200000, 0x000000070b400000, 0x000000070b400000|100%|HC|  |TAMS 0x000000070b200000| PB 0x000000070b200000| Complete |  0
|  59|0x000000070b400000, 0x000000070b600000, 0x000000070b600000|100%|HC|  |TAMS 0x000000070b400000| PB 0x000000070b400000| Complete |  0
|  60|0x000000070b600000, 0x000000070b800000, 0x000000070b800000|100%|HC|  |TAMS 0x000000070b600000| PB 0x000000070b600000| Complete |  0
|  61|0x000000070b800000, 0x000000070ba00000, 0x000000070ba00000|100%|HC|  |TAMS 0x000000070b800000| PB 0x000000070b800000| Complete |  0
|  62|0x000000070ba00000, 0x000000070bc00000, 0x000000070bc00000|100%|HC|  |TAMS 0x000000070ba00000| PB 0x000000070ba00000| Complete |  0
|  63|0x000000070bc00000, 0x000000070be00000, 0x000000070be00000|100%|HC|  |TAMS 0x000000070bc00000| PB 0x000000070bc00000| Complete |  0
|  64|0x000000070be00000, 0x000000070c000000, 0x000000070c000000|100%|HC|  |TAMS 0x000000070be00000| PB 0x000000070be00000| Complete |  0
|  65|0x000000070c000000, 0x000000070c200000, 0x000000070c200000|100%|HC|  |TAMS 0x000000070c000000| PB 0x000000070c000000| Complete |  0
|  66|0x000000070c200000, 0x000000070c400000, 0x000000070c400000|100%|HC|  |TAMS 0x000000070c200000| PB 0x000000070c200000| Complete |  0
|  67|0x000000070c400000, 0x000000070c600000, 0x000000070c600000|100%|HC|  |TAMS 0x000000070c400000| PB 0x000000070c400000| Complete |  0
|  68|0x000000070c600000, 0x000000070c800000, 0x000000070c800000|100%|HC|  |TAMS 0x000000070c600000| PB 0x000000070c600000| Complete |  0
|  69|0x000000070c800000, 0x000000070ca00000, 0x000000070ca00000|100%|HC|  |TAMS 0x000000070c800000| PB 0x000000070c800000| Complete |  0
|  70|0x000000070ca00000, 0x000000070cc00000, 0x000000070cc00000|100%|HC|  |TAMS 0x000000070ca00000| PB 0x000000070ca00000| Complete |  0
|  71|0x000000070cc00000, 0x000000070ce00000, 0x000000070ce00000|100%|HC|  |TAMS 0x000000070cc00000| PB 0x000000070cc00000| Complete |  0
|  72|0x000000070ce00000, 0x000000070d000000, 0x000000070d000000|100%|HS|  |TAMS 0x000000070ce00000| PB 0x000000070ce00000| Complete |  0
|  73|0x000000070d000000, 0x000000070d000000, 0x000000070d200000|  0%| F|  |TAMS 0x000000070d000000| PB 0x000000070d000000| Untracked |  0
|  74|0x000000070d200000, 0x000000070d200000, 0x000000070d400000|  0%| F|  |TAMS 0x000000070d200000| PB 0x000000070d200000| Untracked |  0
|  75|0x000000070d400000, 0x000000070d400000, 0x000000070d600000|  0%| F|  |TAMS 0x000000070d400000| PB 0x000000070d400000| Untracked |  0
|  76|0x000000070d600000, 0x000000070d600000, 0x000000070d800000|  0%| F|  |TAMS 0x000000070d600000| PB 0x000000070d600000| Untracked |  0
|  77|0x000000070d800000, 0x000000070d800000, 0x000000070da00000|  0%| F|  |TAMS 0x000000070d800000| PB 0x000000070d800000| Untracked |  0
|  78|0x000000070da00000, 0x000000070da00000, 0x000000070dc00000|  0%| F|  |TAMS 0x000000070da00000| PB 0x000000070da00000| Untracked |  0
|  79|0x000000070dc00000, 0x000000070dc00000, 0x000000070de00000|  0%| F|  |TAMS 0x000000070dc00000| PB 0x000000070dc00000| Untracked |  0
|  80|0x000000070de00000, 0x000000070de00000, 0x000000070e000000|  0%| F|  |TAMS 0x000000070de00000| PB 0x000000070de00000| Untracked |  0
|  81|0x000000070e000000, 0x000000070e000000, 0x000000070e200000|  0%| F|  |TAMS 0x000000070e000000| PB 0x000000070e000000| Untracked |  0
|  82|0x000000070e200000, 0x000000070e200000, 0x000000070e400000|  0%| F|  |TAMS 0x000000070e200000| PB 0x000000070e200000| Untracked |  0
|  83|0x000000070e400000, 0x000000070e400000, 0x000000070e600000|  0%| F|  |TAMS 0x000000070e400000| PB 0x000000070e400000| Untracked |  0
|  84|0x000000070e600000, 0x000000070e600000, 0x000000070e800000|  0%| F|  |TAMS 0x000000070e600000| PB 0x000000070e600000| Untracked |  0
|  85|0x000000070e800000, 0x000000070e800000, 0x000000070ea00000|  0%| F|  |TAMS 0x000000070e800000| PB 0x000000070e800000| Untracked |  0
|  86|0x000000070ea00000, 0x000000070ea00000, 0x000000070ec00000|  0%| F|  |TAMS 0x000000070ea00000| PB 0x000000070ea00000| Untracked |  0
|  87|0x000000070ec00000, 0x000000070ec00000, 0x000000070ee00000|  0%| F|  |TAMS 0x000000070ec00000| PB 0x000000070ec00000| Untracked |  0
|  88|0x000000070ee00000, 0x000000070ee00000, 0x000000070f000000|  0%| F|  |TAMS 0x000000070ee00000| PB 0x000000070ee00000| Untracked |  0
|  89|0x000000070f000000, 0x000000070f000000, 0x000000070f200000|  0%| F|  |TAMS 0x000000070f000000| PB 0x000000070f000000| Untracked |  0
|  90|0x000000070f200000, 0x000000070f200000, 0x000000070f400000|  0%| F|  |TAMS 0x000000070f200000| PB 0x000000070f200000| Untracked |  0
|  91|0x000000070f400000, 0x000000070f400000, 0x000000070f600000|  0%| F|  |TAMS 0x000000070f400000| PB 0x000000070f400000| Untracked |  0
|  92|0x000000070f600000, 0x000000070f600000, 0x000000070f800000|  0%| F|  |TAMS 0x000000070f600000| PB 0x000000070f600000| Untracked |  0
|  93|0x000000070f800000, 0x000000070f800000, 0x000000070fa00000|  0%| F|  |TAMS 0x000000070f800000| PB 0x000000070f800000| Untracked |  0
|  94|0x000000070fa00000, 0x000000070fa00000, 0x000000070fc00000|  0%| F|  |TAMS 0x000000070fa00000| PB 0x000000070fa00000| Untracked |  0
|  95|0x000000070fc00000, 0x000000070fc00000, 0x000000070fe00000|  0%| F|  |TAMS 0x000000070fc00000| PB 0x000000070fc00000| Untracked |  0
|  96|0x000000070fe00000, 0x000000070fe00000, 0x0000000710000000|  0%| F|  |TAMS 0x000000070fe00000| PB 0x000000070fe00000| Untracked |  0
|  97|0x0000000710000000, 0x0000000710000000, 0x0000000710200000|  0%| F|  |TAMS 0x0000000710000000| PB 0x0000000710000000| Untracked |  0
|  98|0x0000000710200000, 0x0000000710200000, 0x0000000710400000|  0%| F|  |TAMS 0x0000000710200000| PB 0x0000000710200000| Untracked |  0
|  99|0x0000000710400000, 0x0000000710400000, 0x0000000710600000|  0%| F|  |TAMS 0x0000000710400000| PB 0x0000000710400000| Untracked |  0
| 100|0x0000000710600000, 0x0000000710600000, 0x0000000710800000|  0%| F|  |TAMS 0x0000000710600000| PB 0x0000000710600000| Untracked |  0
| 101|0x0000000710800000, 0x000000071086d230, 0x0000000710a00000| 21%| S|CS|TAMS 0x0000000710800000| PB 0x0000000710800000| Complete |  0
| 102|0x0000000710a00000, 0x0000000710c00000, 0x0000000710c00000|100%| S|CS|TAMS 0x0000000710a00000| PB 0x0000000710a00000| Complete |  0
| 103|0x0000000710c00000, 0x0000000710e00000, 0x0000000710e00000|100%| S|CS|TAMS 0x0000000710c00000| PB 0x0000000710c00000| Complete |  0
| 104|0x0000000710e00000, 0x0000000711000000, 0x0000000711000000|100%| S|CS|TAMS 0x0000000710e00000| PB 0x0000000710e00000| Complete |  0
| 105|0x0000000711000000, 0x0000000711000000, 0x0000000711200000|  0%| F|  |TAMS 0x0000000711000000| PB 0x0000000711000000| Untracked |  0
| 106|0x0000000711200000, 0x0000000711200000, 0x0000000711400000|  0%| F|  |TAMS 0x0000000711200000| PB 0x0000000711200000| Untracked |  0
| 107|0x0000000711400000, 0x0000000711400000, 0x0000000711600000|  0%| F|  |TAMS 0x0000000711400000| PB 0x0000000711400000| Untracked |  0
| 108|0x0000000711600000, 0x0000000711600000, 0x0000000711800000|  0%| F|  |TAMS 0x0000000711600000| PB 0x0000000711600000| Untracked |  0
| 109|0x0000000711800000, 0x0000000711800000, 0x0000000711a00000|  0%| F|  |TAMS 0x0000000711800000| PB 0x0000000711800000| Untracked |  0
| 110|0x0000000711a00000, 0x0000000711a00000, 0x0000000711c00000|  0%| F|  |TAMS 0x0000000711a00000| PB 0x0000000711a00000| Untracked |  0
| 111|0x0000000711c00000, 0x0000000711c00000, 0x0000000711e00000|  0%| F|  |TAMS 0x0000000711c00000| PB 0x0000000711c00000| Untracked |  0
| 112|0x0000000711e00000, 0x0000000711e00000, 0x0000000712000000|  0%| F|  |TAMS 0x0000000711e00000| PB 0x0000000711e00000| Untracked |  0
| 113|0x0000000712000000, 0x0000000712000000, 0x0000000712200000|  0%| F|  |TAMS 0x0000000712000000| PB 0x0000000712000000| Untracked |  0
| 114|0x0000000712200000, 0x0000000712200000, 0x0000000712400000|  0%| F|  |TAMS 0x0000000712200000| PB 0x0000000712200000| Untracked |  0
| 115|0x0000000712400000, 0x0000000712400000, 0x0000000712600000|  0%| F|  |TAMS 0x0000000712400000| PB 0x0000000712400000| Untracked |  0
| 116|0x0000000712600000, 0x0000000712600000, 0x0000000712800000|  0%| F|  |TAMS 0x0000000712600000| PB 0x0000000712600000| Untracked |  0
| 117|0x0000000712800000, 0x0000000712800000, 0x0000000712a00000|  0%| F|  |TAMS 0x0000000712800000| PB 0x0000000712800000| Untracked |  0
| 118|0x0000000712a00000, 0x0000000712a00000, 0x0000000712c00000|  0%| F|  |TAMS 0x0000000712a00000| PB 0x0000000712a00000| Untracked |  0
| 119|0x0000000712c00000, 0x0000000712c00000, 0x0000000712e00000|  0%| F|  |TAMS 0x0000000712c00000| PB 0x0000000712c00000| Untracked |  0
| 120|0x0000000712e00000, 0x0000000712e00000, 0x0000000713000000|  0%| F|  |TAMS 0x0000000712e00000| PB 0x0000000712e00000| Untracked |  0
| 121|0x0000000713000000, 0x0000000713000000, 0x0000000713200000|  0%| F|  |TAMS 0x0000000713000000| PB 0x0000000713000000| Untracked |  0
| 122|0x0000000713200000, 0x0000000713200000, 0x0000000713400000|  0%| F|  |TAMS 0x0000000713200000| PB 0x0000000713200000| Untracked |  0
| 123|0x0000000713400000, 0x0000000713400000, 0x0000000713600000|  0%| F|  |TAMS 0x0000000713400000| PB 0x0000000713400000| Untracked |  0
| 124|0x0000000713600000, 0x0000000713600000, 0x0000000713800000|  0%| F|  |TAMS 0x0000000713600000| PB 0x0000000713600000| Untracked |  0
| 125|0x0000000713800000, 0x0000000713800000, 0x0000000713a00000|  0%| F|  |TAMS 0x0000000713800000| PB 0x0000000713800000| Untracked |  0
| 126|0x0000000713a00000, 0x0000000713c00000, 0x0000000713c00000|100%| E|CS|TAMS 0x0000000713a00000| PB 0x0000000713a00000| Complete |  0
| 127|0x0000000713c00000, 0x0000000713c00000, 0x0000000713e00000|  0%| F|  |TAMS 0x0000000713c00000| PB 0x0000000713c00000| Untracked |  0
| 128|0x0000000713e00000, 0x0000000713e99248, 0x0000000714000000| 29%| E|  |TAMS 0x0000000713e00000| PB 0x0000000713e00000| Complete |  0

Card table byte_map: [0x00000213fb860000,0x00000213fc050000] _byte_map_base: 0x00000213f8041000

Marking Bits: (CMBitMap*) 0x00000213f2674b50
 Bits: [0x00000213fc050000, 0x00000213fff58000)

Polling page: 0x00000213f0400000

Metaspace:

Usage:
  Non-class:     13.16 MB used.
      Class:      2.43 MB used.
       Both:     15.59 MB used.

Virtual space:
  Non-class space:       64.00 MB reserved,      13.38 MB ( 21%) committed,  1 nodes.
      Class space:        1.00 GB reserved,       2.56 MB ( <1%) committed,  1 nodes.
             Both:        1.06 GB reserved,      15.94 MB (  1%) committed. 

Chunk freelists:
   Non-Class:  2.05 MB
       Class:  13.47 MB
        Both:  15.52 MB

MaxMetaspaceSize: unlimited
CompressedClassSpaceSize: 1.00 GB
Initial GC threshold: 21.00 MB
Current GC threshold: 26.38 MB
CDS: on
 - commit_granule_bytes: 65536.
 - commit_granule_words: 8192.
 - virtual_space_node_default_size: 8388608.
 - enlarge_chunks_in_place: 1.
 - use_allocation_guard: 0.


Internal statistics:

num_allocs_failed_limit: 0.
num_arena_births: 308.
num_arena_deaths: 0.
num_vsnodes_births: 2.
num_vsnodes_deaths: 0.
num_space_committed: 255.
num_space_uncommitted: 0.
num_chunks_returned_to_freelist: 0.
num_chunks_taken_from_freelist: 780.
num_chunk_merges: 0.
num_chunk_splits: 552.
num_chunks_enlarged: 420.
num_inconsistent_stats: 0.

CodeHeap 'non-profiled nmethods': size=120064Kb used=904Kb max_used=904Kb free=119159Kb
 bounds [0x0000021387ac0000, 0x0000021387d30000, 0x000002138f000000]
CodeHeap 'profiled nmethods': size=120000Kb used=3548Kb max_used=3548Kb free=116451Kb
 bounds [0x0000021380000000, 0x0000021380380000, 0x0000021387530000]
CodeHeap 'non-nmethods': size=5696Kb used=1946Kb max_used=1951Kb free=3749Kb
 bounds [0x0000021387530000, 0x00000213877a0000, 0x0000021387ac0000]
CodeCache: size=245760Kb, used=6398Kb, max_used=6403Kb, free=239359Kb
 total_blobs=3369, nmethods=2564, adapters=710, full_count=0
Compilation: enabled, stopped_count=0, restarted_count=0

Compilation events (20 events):
Event: 2.563 Thread 0x000002139163dbb0 2483       3       com.sun.prism.impl.VertexBuffer::putColor (53 bytes)
Event: 2.563 Thread 0x000002139163dbb0 nmethod 2483 0x0000021380365788 code [0x00000213803658a0, 0x0000021380365a60]
Event: 2.563 Thread 0x000002139163dbb0 2484       3       com.sun.prism.PixelFormat::getBytesPerPixelUnit (13 bytes)
Event: 2.563 Thread 0x000002139163dbb0 nmethod 2484 0x0000021380365a88 code [0x0000021380365ba0, 0x0000021380365cd8]
Event: 2.563 Thread 0x000002139163dbb0 2485       3       com.sun.prism.d3d.D3DContext::validate (45 bytes)
Event: 2.563 Thread 0x000002139163dbb0 nmethod 2485 0x0000021380365d88 code [0x0000021380365ea0, 0x0000021380365f98]
Event: 2.563 Thread 0x000002139163dbb0 2486       1       com.sun.prism.impl.BaseTexture::getContentX (5 bytes)
Event: 2.563 Thread 0x000002139163dbb0 nmethod 2486 0x0000021387b9a288 code [0x0000021387b9a3a0, 0x0000021387b9a468]
Event: 2.563 Thread 0x000002139163dbb0 2487       1       com.sun.prism.impl.BaseTexture::getContentY (5 bytes)
Event: 2.563 Thread 0x000002139163dbb0 nmethod 2487 0x0000021387b9a588 code [0x0000021387b9a6a0, 0x0000021387b9a768]
Event: 2.564 Thread 0x000002139163dbb0 2489       1       com.sun.javafx.geom.transform.AffineBase::getMxx (5 bytes)
Event: 2.564 Thread 0x000002139163dbb0 nmethod 2489 0x0000021387b9ac88 code [0x0000021387b9ada0, 0x0000021387b9ae68]
Event: 2.564 Thread 0x000002139163dbb0 2490       1       com.sun.javafx.geom.transform.AffineBase::getMxy (5 bytes)
Event: 2.564 Thread 0x000002139163dbb0 nmethod 2490 0x0000021387b9af88 code [0x0000021387b9b0a0, 0x0000021387b9b168]
Event: 2.564 Thread 0x000002139163dbb0 2491       1       com.sun.javafx.font.PrismFontStrike::getSize (5 bytes)
Event: 2.564 Thread 0x000002139163dbb0 nmethod 2491 0x0000021387b9b288 code [0x0000021387b9b3a0, 0x0000021387b9b468]
Event: 2.564 Thread 0x000002139163dbb0 2492       3       java.util.Collections$UnmodifiableCollection$1::hasNext (10 bytes)
Event: 2.564 Thread 0x000002139163dbb0 nmethod 2492 0x0000021380366088 code [0x00000213803661a0, 0x0000021380366380]
Event: 2.564 Thread 0x000002139163dbb0 2493       1       com.sun.javafx.sg.prism.NGNode::getClipNode (5 bytes)
Event: 2.564 Thread 0x000002139163dbb0 nmethod 2493 0x0000021387b9b588 code [0x0000021387b9b6a0, 0x0000021387b9b770]

GC Heap History (6 events):
Event: 0.409 GC heap before
{Heap before GC invocations=0 (full 0):
 garbage-first heap   total reserved 4130816K, committed 260096K, used 22528K [0x0000000703e00000, 0x0000000800000000)
  region size 2048K, 12 young (24576K), 0 survivors (0K)
 Metaspace       used 4335K, committed 4480K, reserved 1114112K
  class space    used 515K, committed 576K, reserved 1048576K
}
Event: 0.412 GC heap after
{Heap after GC invocations=1 (full 0):
 garbage-first heap   total reserved 4130816K, committed 260096K, used 2602K [0x0000000703e00000, 0x0000000800000000)
  region size 2048K, 2 young (4096K), 2 survivors (4096K)
 Metaspace       used 4335K, committed 4480K, reserved 1114112K
  class space    used 515K, committed 576K, reserved 1048576K
}
Event: 0.644 GC heap before
{Heap before GC invocations=1 (full 0):
 garbage-first heap   total reserved 4130816K, committed 260096K, used 23082K [0x0000000703e00000, 0x0000000800000000)
  region size 2048K, 13 young (26624K), 2 survivors (4096K)
 Metaspace       used 7814K, committed 8064K, reserved 1114112K
  class space    used 968K, committed 1088K, reserved 1048576K
}
Event: 0.646 GC heap after
{Heap after GC invocations=2 (full 0):
 garbage-first heap   total reserved 4130816K, committed 260096K, used 5558K [0x0000000703e00000, 0x0000000800000000)
  region size 2048K, 2 young (4096K), 2 survivors (4096K)
 Metaspace       used 7814K, committed 8064K, reserved 1114112K
  class space    used 968K, committed 1088K, reserved 1048576K
}
Event: 2.517 GC heap before
{Heap before GC invocations=2 (full 0):
 garbage-first heap   total reserved 4130816K, committed 260096K, used 187830K [0x0000000703e00000, 0x0000000800000000)
  region size 2048K, 22 young (45056K), 2 survivors (4096K)
 Metaspace       used 15852K, committed 16192K, reserved 1114112K
  class space    used 2469K, committed 2624K, reserved 1048576K
}
Event: 2.522 GC heap after
{Heap after GC invocations=3 (full 0):
 garbage-first heap   total reserved 4130816K, committed 260096K, used 152431K [0x0000000703e00000, 0x0000000800000000)
  region size 2048K, 4 young (8192K), 4 survivors (8192K)
 Metaspace       used 15852K, committed 16192K, reserved 1114112K
  class space    used 2469K, committed 2624K, reserved 1048576K
}

Dll operation events (20 events):
Event: 0.248 Loaded shared library C:\Users\malek\.openjfx\cache\23.0.1+4\amd64\api-ms-win-crt-locale-l1-1-0.dll
Event: 0.250 Loaded shared library C:\Users\malek\.openjfx\cache\23.0.1+4\amd64\api-ms-win-crt-math-l1-1-0.dll
Event: 0.251 Loaded shared library C:\Users\malek\.openjfx\cache\23.0.1+4\amd64\api-ms-win-crt-multibyte-l1-1-0.dll
Event: 0.253 Loaded shared library C:\Users\malek\.openjfx\cache\23.0.1+4\amd64\api-ms-win-crt-private-l1-1-0.dll
Event: 0.255 Loaded shared library C:\Users\malek\.openjfx\cache\23.0.1+4\amd64\api-ms-win-crt-process-l1-1-0.dll
Event: 0.257 Loaded shared library C:\Users\malek\.openjfx\cache\23.0.1+4\amd64\api-ms-win-crt-runtime-l1-1-0.dll
Event: 0.258 Loaded shared library C:\Users\malek\.openjfx\cache\23.0.1+4\amd64\api-ms-win-crt-stdio-l1-1-0.dll
Event: 0.260 Loaded shared library C:\Users\malek\.openjfx\cache\23.0.1+4\amd64\api-ms-win-crt-string-l1-1-0.dll
Event: 0.261 Loaded shared library C:\Users\malek\.openjfx\cache\23.0.1+4\amd64\api-ms-win-crt-time-l1-1-0.dll
Event: 0.263 Loaded shared library C:\Users\malek\.openjfx\cache\23.0.1+4\amd64\api-ms-win-crt-utility-l1-1-0.dll
Event: 0.273 Loaded shared library C:\Users\malek\.openjfx\cache\23.0.1+4\amd64\ucrtbase.dll
Event: 0.276 Loaded shared library C:\Users\malek\.openjfx\cache\23.0.1+4\amd64\vcruntime140.dll
Event: 0.277 Loaded shared library C:\Users\malek\.openjfx\cache\23.0.1+4\amd64\vcruntime140_1.dll
Event: 0.282 Loaded shared library C:\Users\malek\.openjfx\cache\23.0.1+4\amd64\msvcp140.dll
Event: 0.284 Loaded shared library C:\Users\malek\.openjfx\cache\23.0.1+4\amd64\msvcp140_1.dll
Event: 0.288 Loaded shared library C:\Users\malek\.openjfx\cache\23.0.1+4\amd64\msvcp140_2.dll
Event: 0.311 Loaded shared library C:\Users\malek\.openjfx\cache\23.0.1+4\amd64\prism_d3d.dll
Event: 0.340 Loaded shared library C:\Users\malek\.openjfx\cache\23.0.1+4\amd64\glass.dll
Event: 0.406 Loaded shared library C:\Program Files\Java\jdk-23\bin\jimage.dll
Event: 1.094 Loaded shared library C:\Users\malek\.openjfx\cache\23.0.1+4\amd64\javafx_font.dll

Deoptimization events (20 events):
Event: 1.472 Thread 0x00000213d760e550 Uncommon trap: trap_request=0xffffff45 fr.pc=0x0000021387b57c4c relative=0x0000000000000fcc
Event: 1.472 Thread 0x00000213d760e550 Uncommon trap: reason=unstable_if action=reinterpret pc=0x0000021387b57c4c method=java.io.BufferedInputStream.read1([BII)I @ 73 c2
Event: 1.472 Thread 0x00000213d760e550 DEOPT PACKING pc=0x0000021387b57c4c sp=0x0000002ae07fdd40
Event: 1.472 Thread 0x00000213d760e550 DEOPT UNPACKING pc=0x0000021387587982 sp=0x0000002ae07fdc90 mode 2
Event: 1.524 Thread 0x00000213d760e550 Uncommon trap: trap_request=0xffffffde fr.pc=0x0000021387b4d3e4 relative=0x0000000000000224
Event: 1.524 Thread 0x00000213d760e550 Uncommon trap: reason=class_check action=maybe_recompile pc=0x0000021387b4d3e4 method=java.io.BufferedInputStream.read1([BII)I @ 52 c2
Event: 1.524 Thread 0x00000213d760e550 DEOPT PACKING pc=0x0000021387b4d3e4 sp=0x0000002ae07fde20
Event: 1.524 Thread 0x00000213d760e550 DEOPT UNPACKING pc=0x0000021387587982 sp=0x0000002ae07fddc8 mode 2
Event: 1.524 Thread 0x00000213d760e550 Uncommon trap: trap_request=0xffffff45 fr.pc=0x0000021387b4d38c relative=0x00000000000001cc
Event: 1.524 Thread 0x00000213d760e550 Uncommon trap: reason=unstable_if action=reinterpret pc=0x0000021387b4d38c method=java.io.BufferedInputStream.read1([BII)I @ 73 c2
Event: 1.524 Thread 0x00000213d760e550 DEOPT PACKING pc=0x0000021387b4d38c sp=0x0000002ae07fde20
Event: 1.524 Thread 0x00000213d760e550 DEOPT UNPACKING pc=0x0000021387587982 sp=0x0000002ae07fdde0 mode 2
Event: 1.855 Thread 0x00000213d7682af0 Uncommon trap: trap_request=0xffffff45 fr.pc=0x0000021387b3985c relative=0x000000000000047c
Event: 1.855 Thread 0x00000213d7682af0 Uncommon trap: reason=unstable_if action=reinterpret pc=0x0000021387b3985c method=sun.util.locale.BaseLocale.equals(Ljava/lang/Object;)Z @ 44 c2
Event: 1.855 Thread 0x00000213d7682af0 DEOPT PACKING pc=0x0000021387b3985c sp=0x0000002ae09fd8e0
Event: 1.855 Thread 0x00000213d7682af0 DEOPT UNPACKING pc=0x0000021387587982 sp=0x0000002ae09fd848 mode 2
Event: 1.857 Thread 0x00000213d7682af0 Uncommon trap: trap_request=0xffffff45 fr.pc=0x0000021387ad64c4 relative=0x0000000000000124
Event: 1.857 Thread 0x00000213d7682af0 Uncommon trap: reason=unstable_if action=reinterpret pc=0x0000021387ad64c4 method=java.lang.StringLatin1.lastIndexOf([BI[BII)I @ 86 c2
Event: 1.857 Thread 0x00000213d7682af0 DEOPT PACKING pc=0x0000021387ad64c4 sp=0x0000002ae09fcea0
Event: 1.857 Thread 0x00000213d7682af0 DEOPT UNPACKING pc=0x0000021387587982 sp=0x0000002ae09fcdf8 mode 2

Classes loaded (20 events):
Event: 1.859 Loading class java/text/BreakIterator$BreakIteratorCache
Event: 1.859 Loading class java/text/BreakIterator$BreakIteratorCache done
Event: 1.859 Loading class java/text/StringCharacterIterator
Event: 1.859 Loading class java/text/StringCharacterIterator done
Event: 2.473 Loading class java/nio/ShortBuffer
Event: 2.473 Loading class java/nio/ShortBuffer done
Event: 2.473 Loading class java/nio/DoubleBuffer
Event: 2.473 Loading class java/nio/DoubleBuffer done
Event: 2.474 Loading class java/nio/DirectFloatBufferU
Event: 2.474 Loading class java/nio/DirectFloatBufferU done
Event: 2.501 Loading class jdk/internal/ref/CleanerImpl$InnocuousThreadFactory
Event: 2.502 Loading class jdk/internal/ref/CleanerImpl$InnocuousThreadFactory done
Event: 2.505 Loading class sun/misc/Unsafe
Event: 2.506 Loading class sun/misc/Unsafe done
Event: 2.507 Loading class sun/misc/Unsafe$MemoryAccessOption
Event: 2.507 Loading class sun/misc/Unsafe$MemoryAccessOption done
Event: 2.507 Loading class java/lang/invoke/DirectMethodHandle$StaticAccessor
Event: 2.507 Loading class java/lang/invoke/DirectMethodHandle$StaticAccessor done
Event: 2.534 Loading class java/lang/FdLibm$Atan2
Event: 2.534 Loading class java/lang/FdLibm$Atan2 done

Classes unloaded (0 events):
No events

Classes redefined (0 events):
No events

Internal exceptions (20 events):
Event: 1.214 Thread 0x00000213d7682af0 Exception <a 'java/lang/NoSuchMethodError'{0x00000007131cef68}: 'void java.lang.invoke.DelegatingMethodHandle$Holder.reinvoke_L(java.lang.Object, java.lang.Object, int)'> (0x00000007131cef68) 
thrown [s\open\src\hotspot\share\interpreter\linkResolver.cpp, line 796]
Event: 1.215 Thread 0x00000213d7682af0 Exception <a 'java/lang/NoSuchMethodError'{0x00000007131d2a48}: 'int java.lang.invoke.DirectMethodHandle$Holder.invokeSpecial(java.lang.Object, java.lang.Object, java.lang.Object)'> (0x00000007131d2a48) 
thrown [s\open\src\hotspot\share\interpreter\linkResolver.cpp, line 796]
Event: 1.235 Thread 0x00000213d7682af0 Implicit null exception at 0x0000021387b0ba7d to 0x0000021387b0c4dc
Event: 1.238 Thread 0x00000213d7682af0 Implicit null exception at 0x0000021387b6508d to 0x0000021387b652e8
Event: 1.244 Thread 0x00000213d7682af0 Implicit null exception at 0x0000021387b64b8d to 0x0000021387b64de0
Event: 1.244 Thread 0x00000213d7682af0 Implicit null exception at 0x0000021387addf1d to 0x0000021387addf9d
Event: 1.325 Thread 0x00000213d7682af0 Exception <a 'java/lang/NoSuchMethodError'{0x00000007123828e0}: 'java.lang.Object java.lang.invoke.DirectMethodHandle$Holder.invokeInterface(java.lang.Object, java.lang.Object, java.lang.Object)'> (0x00000007123828e0) 
thrown [s\open\src\hotspot\share\interpreter\linkResolver.cpp, line 796]
Event: 1.325 Thread 0x00000213d7682af0 Exception <a 'java/lang/IncompatibleClassChangeError'{0x0000000712385fb0}: Found class java.lang.Object, but interface was expected> (0x0000000712385fb0) 
thrown [s\open\src\hotspot\share\interpreter\linkResolver.cpp, line 863]
Event: 1.352 Thread 0x00000213d7682af0 Exception <a 'java/lang/ClassNotFoundException'{0x0000000711c1de48}: com/sun/javafx/scene/control/skin/resources/controls> (0x0000000711c1de48) 
thrown [s\open\src\hotspot\share\prims\jni.cpp, line 539]
Event: 1.352 Thread 0x00000213d7682af0 Exception <a 'java/lang/ClassNotFoundException'{0x0000000711c2c028}: com/sun/javafx/scene/control/skin/resources/controls_fr> (0x0000000711c2c028) 
thrown [s\open\src\hotspot\share\prims\jni.cpp, line 539]
Event: 1.352 Thread 0x00000213d7682af0 Exception <a 'java/lang/ClassNotFoundException'{0x0000000711c39b08}: com/sun/javafx/scene/control/skin/resources/controls_fr_FR> (0x0000000711c39b08) 
thrown [s\open\src\hotspot\share\prims\jni.cpp, line 539]
Event: 1.372 Thread 0x00000213d7682af0 Exception <a 'java/lang/NoSuchMethodError'{0x0000000711a22d98}: 'void java.lang.invoke.DirectMethodHandle$Holder.invokeSpecial(java.lang.Object, java.lang.Object, java.lang.Object, java.lang.Object, java.lang.Object, java.lang.Object)'> (0x0000000711a22d98) 
thrown [s\open\src\hotspot\share\interpreter\linkResolver.cpp, line 796]
Event: 1.416 Thread 0x00000213d7682af0 Exception <a 'java/lang/NoSuchMethodError'{0x00000007116e02c0}: 'int java.lang.invoke.DirectMethodHandle$Holder.invokeSpecial(java.lang.Object, java.lang.Object, int)'> (0x00000007116e02c0) 
thrown [s\open\src\hotspot\share\interpreter\linkResolver.cpp, line 796]
Event: 1.427 Thread 0x00000213d7682af0 Exception <a 'java/lang/NoSuchMethodError'{0x000000071174d198}: 'java.lang.Object java.lang.invoke.DirectMethodHandle$Holder.newInvokeSpecial(java.lang.Object, java.lang.Object, int)'> (0x000000071174d198) 
thrown [s\open\src\hotspot\share\interpreter\linkResolver.cpp, line 796]
Event: 1.461 Thread 0x00000213d760e550 Exception <a 'java/lang/NoSuchMethodError'{0x0000000711479238}: 'int java.lang.invoke.DirectMethodHandle$Holder.invokeStaticInit(java.lang.Object, java.lang.Object)'> (0x0000000711479238) 
thrown [s\open\src\hotspot\share\interpreter\linkResolver.cpp, line 796]
Event: 1.471 Thread 0x00000213d760e550 Exception <a 'java/lang/NoSuchMethodError'{0x000000071152ecd0}: 'java.lang.Object java.lang.invoke.Invokers$Holder.invokeExact_MT(java.lang.Object, java.lang.Object, java.lang.Object, java.lang.Object, java.lang.Object)'> (0x000000071152ecd0) 
thrown [s\open\src\hotspot\share\interpreter\linkResolver.cpp, line 796]
Event: 1.477 Thread 0x00000213d7682af0 Exception <a 'java/lang/NoSuchMethodError'{0x0000000711443838}: 'long java.lang.invoke.DirectMethodHandle$Holder.invokeStatic(java.lang.Object, java.lang.Object, java.lang.Object)'> (0x0000000711443838) 
thrown [s\open\src\hotspot\share\interpreter\linkResolver.cpp, line 796]
Event: 1.477 Thread 0x00000213d7682af0 Exception <a 'java/lang/NoSuchMethodError'{0x0000000711446c50}: 'long java.lang.invoke.DirectMethodHandle$Holder.invokeStaticInit(java.lang.Object, java.lang.Object, java.lang.Object)'> (0x0000000711446c50) 
thrown [s\open\src\hotspot\share\interpreter\linkResolver.cpp, line 796]
Event: 1.479 Thread 0x00000213d7682af0 Exception <a 'java/lang/NoSuchMethodError'{0x000000071157a730}: 'java.lang.Object java.lang.invoke.DirectMethodHandle$Holder.newInvokeSpecial(java.lang.Object, java.lang.Object, long)'> (0x000000071157a730) 
thrown [s\open\src\hotspot\share\interpreter\linkResolver.cpp, line 796]
Event: 1.479 Thread 0x00000213d7682af0 Exception <a 'java/lang/NoSuchMethodError'{0x000000071157e080}: 'java.lang.Object java.lang.invoke.Invokers$Holder.linkToTargetMethod(java.lang.Object, long, java.lang.Object)'> (0x000000071157e080) 
thrown [s\open\src\hotspot\share\interpreter\linkResolver.cpp, line 796]

VM Operations (20 events):
Event: 0.409 Executing VM operation: G1CollectForAllocation (G1 Evacuation Pause)
Event: 0.412 Executing VM operation: G1CollectForAllocation (G1 Evacuation Pause) done
Event: 0.417 Executing VM operation: HandshakeAllThreads (Deoptimize)
Event: 0.417 Executing VM operation: HandshakeAllThreads (Deoptimize) done
Event: 0.597 Executing VM operation: HandshakeAllThreads (Deoptimize)
Event: 0.598 Executing VM operation: HandshakeAllThreads (Deoptimize) done
Event: 0.644 Executing VM operation: G1TryInitiateConcMark (G1 Humongous Allocation)
Event: 0.646 Executing VM operation: G1TryInitiateConcMark (G1 Humongous Allocation) done
Event: 1.097 Executing VM operation: HandshakeAllThreads (Deoptimize)
Event: 1.097 Executing VM operation: HandshakeAllThreads (Deoptimize) done
Event: 1.304 Executing VM operation: HandshakeAllThreads (Deoptimize)
Event: 1.304 Executing VM operation: HandshakeAllThreads (Deoptimize) done
Event: 1.856 Executing VM operation: HandshakeAllThreads (Deoptimize)
Event: 1.856 Executing VM operation: HandshakeAllThreads (Deoptimize) done
Event: 2.517 Executing VM operation: G1TryInitiateConcMark (G1 Humongous Allocation)
Event: 2.522 Executing VM operation: G1TryInitiateConcMark (G1 Humongous Allocation) done
Event: 2.527 Executing VM operation: G1PauseRemark
Event: 2.529 Executing VM operation: G1PauseRemark done
Event: 2.529 Executing VM operation: G1PauseCleanup
Event: 2.529 Executing VM operation: G1PauseCleanup done

Memory protections (0 events):
No events

Nmethod flushes (0 events):
No events

Events (20 events):
Event: 0.032 Thread 0x00000213f01c2160 Thread added: 0x000002139162ac40
Event: 0.032 Thread 0x00000213f01c2160 Thread added: 0x000002139162c7e0
Event: 0.032 Thread 0x00000213f01c2160 Thread added: 0x0000021391637590
Event: 0.032 Thread 0x00000213f01c2160 Thread added: 0x000002139163dbb0
Event: 0.059 Thread 0x00000213f01c2160 Thread added: 0x0000021391bab270
Event: 0.096 Thread 0x000002139163dbb0 Thread added: 0x0000021391cac620
Event: 0.098 Thread 0x000002139163dbb0 Thread added: 0x0000021391c9f5a0
Event: 0.126 Thread 0x00000213f01c2160 Thread added: 0x00000213d74b7520
Event: 0.305 Thread 0x00000213f01c2160 Thread added: 0x00000213d760e550
Event: 0.342 Thread 0x00000213f01c2160 Thread added: 0x00000213d77a2e30
Event: 0.343 Thread 0x00000213f01c2160 Thread added: 0x00000213d7682af0
Event: 0.391 Thread 0x00000213f01c2160 Thread added: 0x00000213dcf88320
Event: 0.402 Thread 0x00000213dcf76320 Thread added: 0x00000213dcf76320
Event: 0.945 Thread 0x0000021391c9f5a0 Thread exited: 0x0000021391c9f5a0
Event: 0.946 Thread 0x0000021391cac620 Thread exited: 0x0000021391cac620
Event: 1.107 Thread 0x0000021391637590 Thread added: 0x00000213dd317d10
Event: 1.322 Thread 0x00000213d7682af0 Thread added: 0x00000213dd6860a0
Event: 1.763 Thread 0x00000213dd317d10 Thread exited: 0x00000213dd317d10
Event: 2.502 Thread 0x00000213d760e550 Thread added: 0x00000213dd5a9d00
Event: 2.549 Thread 0x000002139163dbb0 Thread added: 0x00000213dd764ae0


Dynamic libraries:
0x00007ff748e30000 - 0x00007ff748e40000 	C:\Program Files\Java\jdk-23\bin\java.exe
0x00007ff85cbb0000 - 0x00007ff85cdc7000 	C:\WINDOWS\SYSTEM32\ntdll.dll
0x00007ff85c620000 - 0x00007ff85c6e4000 	C:\WINDOWS\System32\KERNEL32.DLL
0x00007ff859e60000 - 0x00007ff85a230000 	C:\WINDOWS\System32\KERNELBASE.dll
0x00007ff85a2f0000 - 0x00007ff85a401000 	C:\WINDOWS\System32\ucrtbase.dll
0x00007fffe9450000 - 0x00007fffe946b000 	C:\Program Files\Java\jdk-23\bin\VCRUNTIME140.dll
0x00007fffe9430000 - 0x00007fffe9447000 	C:\Program Files\Java\jdk-23\bin\jli.dll
0x00007ff85a920000 - 0x00007ff85aace000 	C:\WINDOWS\System32\USER32.dll
0x00007ff83c660000 - 0x00007ff83c8f2000 	C:\WINDOWS\WinSxS\amd64_microsoft.windows.common-controls_6595b64144ccf1df_6.0.22621.4830_none_270fe7d773858e80\COMCTL32.dll
0x00007ff85a7f0000 - 0x00007ff85a816000 	C:\WINDOWS\System32\win32u.dll
0x00007ff85b230000 - 0x00007ff85b2d7000 	C:\WINDOWS\System32\msvcrt.dll
0x00007ff85c5f0000 - 0x00007ff85c619000 	C:\WINDOWS\System32\GDI32.dll
0x00007ff85a5b0000 - 0x00007ff85a6cb000 	C:\WINDOWS\System32\gdi32full.dll
0x00007ff85a750000 - 0x00007ff85a7ea000 	C:\WINDOWS\System32\msvcp_win.dll
0x00007ff85aae0000 - 0x00007ff85ab11000 	C:\WINDOWS\System32\IMM32.DLL
0x00007fffffe50000 - 0x00007fffffe5c000 	C:\Program Files\Java\jdk-23\bin\vcruntime140_1.dll
0x00007fffa9080000 - 0x00007fffa910e000 	C:\Program Files\Java\jdk-23\bin\msvcp140.dll
0x00007fff93210000 - 0x00007fff93f5f000 	C:\Program Files\Java\jdk-23\bin\server\jvm.dll
0x00007ff85b4c0000 - 0x00007ff85b571000 	C:\WINDOWS\System32\ADVAPI32.dll
0x00007ff85c380000 - 0x00007ff85c427000 	C:\WINDOWS\System32\sechost.dll
0x00007ff85a410000 - 0x00007ff85a438000 	C:\WINDOWS\System32\bcrypt.dll
0x00007ff85ae70000 - 0x00007ff85af84000 	C:\WINDOWS\System32\RPCRT4.dll
0x00007ff85b2e0000 - 0x00007ff85b351000 	C:\WINDOWS\System32\WS2_32.dll
0x00007ff858d00000 - 0x00007ff858d4d000 	C:\WINDOWS\SYSTEM32\POWRPROF.dll
0x00007ff8554f0000 - 0x00007ff855524000 	C:\WINDOWS\SYSTEM32\WINMM.dll
0x00007ff855390000 - 0x00007ff85539a000 	C:\WINDOWS\SYSTEM32\VERSION.dll
0x00007ff858ce0000 - 0x00007ff858cf3000 	C:\WINDOWS\SYSTEM32\UMPDC.dll
0x00007ff858f90000 - 0x00007ff858fa8000 	C:\WINDOWS\SYSTEM32\kernel.appcore.dll
0x00007fffe99f0000 - 0x00007fffe99fa000 	C:\Program Files\Java\jdk-23\bin\jimage.dll
0x00007ff8576b0000 - 0x00007ff8578e2000 	C:\WINDOWS\SYSTEM32\DBGHELP.DLL
0x00007ff85b630000 - 0x00007ff85b9c0000 	C:\WINDOWS\System32\combase.dll
0x00007ff85b150000 - 0x00007ff85b227000 	C:\WINDOWS\System32\OLEAUT32.dll
0x00007ff8363f0000 - 0x00007ff836422000 	C:\WINDOWS\SYSTEM32\dbgcore.DLL
0x00007ff85a820000 - 0x00007ff85a89b000 	C:\WINDOWS\System32\bcryptPrimitives.dll
0x00007fffc9bf0000 - 0x00007fffc9c0e000 	C:\Program Files\Java\jdk-23\bin\java.dll
0x00007ff85ab20000 - 0x00007ff85acc1000 	C:\WINDOWS\System32\ole32.dll
0x00007ff85ba50000 - 0x00007ff85c2c8000 	C:\WINDOWS\System32\SHELL32.dll
0x00007ff857dc0000 - 0x00007ff8586d0000 	C:\WINDOWS\SYSTEM32\windows.storage.dll
0x00007ff857c80000 - 0x00007ff857dbf000 	C:\WINDOWS\SYSTEM32\wintypes.dll
0x00007ff85c430000 - 0x00007ff85c53a000 	C:\WINDOWS\System32\SHCORE.dll
0x00007ff85c540000 - 0x00007ff85c59e000 	C:\WINDOWS\System32\shlwapi.dll
0x00007ff859d90000 - 0x00007ff859dbb000 	C:\WINDOWS\SYSTEM32\profapi.dll
0x00007fffa8fa0000 - 0x00007fffa9077000 	C:\Program Files\Java\jdk-23\bin\jsvml.dll
0x00007fffe95f0000 - 0x00007fffe9600000 	C:\Program Files\Java\jdk-23\bin\net.dll
0x00007ff859410000 - 0x00007ff85947a000 	C:\WINDOWS\system32\mswsock.dll
0x00007fffb3de0000 - 0x00007fffb3df6000 	C:\Program Files\Java\jdk-23\bin\nio.dll
0x00007fffb3dc0000 - 0x00007fffb3dd7000 	C:\Program Files\Java\jdk-23\bin\zip.dll
0x0000021391e90000 - 0x0000021391e93000 	C:\Users\malek\.openjfx\cache\23.0.1+4\amd64\api-ms-win-core-console-l1-1-0.dll
0x0000021391ea0000 - 0x0000021391ea3000 	C:\Users\malek\.openjfx\cache\23.0.1+4\amd64\api-ms-win-core-console-l1-2-0.dll
0x0000021391eb0000 - 0x0000021391eb3000 	C:\Users\malek\.openjfx\cache\23.0.1+4\amd64\api-ms-win-core-datetime-l1-1-0.dll
0x0000021391ec0000 - 0x0000021391ec3000 	C:\Users\malek\.openjfx\cache\23.0.1+4\amd64\api-ms-win-core-debug-l1-1-0.dll
0x0000021391ed0000 - 0x0000021391ed3000 	C:\Users\malek\.openjfx\cache\23.0.1+4\amd64\api-ms-win-core-errorhandling-l1-1-0.dll
0x0000021391ee0000 - 0x0000021391ee4000 	C:\Users\malek\.openjfx\cache\23.0.1+4\amd64\api-ms-win-core-file-l1-1-0.dll
0x0000021391ef0000 - 0x0000021391ef3000 	C:\Users\malek\.openjfx\cache\23.0.1+4\amd64\api-ms-win-core-file-l1-2-0.dll
0x0000021391f00000 - 0x0000021391f03000 	C:\Users\malek\.openjfx\cache\23.0.1+4\amd64\api-ms-win-core-file-l2-1-0.dll
0x0000021391f10000 - 0x0000021391f13000 	C:\Users\malek\.openjfx\cache\23.0.1+4\amd64\api-ms-win-core-handle-l1-1-0.dll
0x0000021391f20000 - 0x0000021391f23000 	C:\Users\malek\.openjfx\cache\23.0.1+4\amd64\api-ms-win-core-heap-l1-1-0.dll
0x0000021391f30000 - 0x0000021391f33000 	C:\Users\malek\.openjfx\cache\23.0.1+4\amd64\api-ms-win-core-interlocked-l1-1-0.dll
0x0000021391f40000 - 0x0000021391f43000 	C:\Users\malek\.openjfx\cache\23.0.1+4\amd64\api-ms-win-core-libraryloader-l1-1-0.dll
0x0000021391f50000 - 0x0000021391f53000 	C:\Users\malek\.openjfx\cache\23.0.1+4\amd64\api-ms-win-core-localization-l1-2-0.dll
0x0000021391f60000 - 0x0000021391f63000 	C:\Users\malek\.openjfx\cache\23.0.1+4\amd64\api-ms-win-core-memory-l1-1-0.dll
0x0000021391f70000 - 0x0000021391f73000 	C:\Users\malek\.openjfx\cache\23.0.1+4\amd64\api-ms-win-core-namedpipe-l1-1-0.dll
0x0000021391f80000 - 0x0000021391f83000 	C:\Users\malek\.openjfx\cache\23.0.1+4\amd64\api-ms-win-core-processenvironment-l1-1-0.dll
0x0000021391f90000 - 0x0000021391f93000 	C:\Users\malek\.openjfx\cache\23.0.1+4\amd64\api-ms-win-core-processthreads-l1-1-0.dll
0x0000021391fa0000 - 0x0000021391fa3000 	C:\Users\malek\.openjfx\cache\23.0.1+4\amd64\api-ms-win-core-processthreads-l1-1-1.dll
0x0000021391fb0000 - 0x0000021391fb3000 	C:\Users\malek\.openjfx\cache\23.0.1+4\amd64\api-ms-win-core-profile-l1-1-0.dll
0x0000021391fc0000 - 0x0000021391fc3000 	C:\Users\malek\.openjfx\cache\23.0.1+4\amd64\api-ms-win-core-rtlsupport-l1-1-0.dll
0x0000021391fd0000 - 0x0000021391fd3000 	C:\Users\malek\.openjfx\cache\23.0.1+4\amd64\api-ms-win-core-string-l1-1-0.dll
0x0000021391fe0000 - 0x0000021391fe3000 	C:\Users\malek\.openjfx\cache\23.0.1+4\amd64\api-ms-win-core-synch-l1-1-0.dll
0x0000021391ff0000 - 0x0000021391ff3000 	C:\Users\malek\.openjfx\cache\23.0.1+4\amd64\api-ms-win-core-synch-l1-2-0.dll
0x00000213d7980000 - 0x00000213d7983000 	C:\Users\malek\.openjfx\cache\23.0.1+4\amd64\api-ms-win-core-sysinfo-l1-1-0.dll
0x00000213d7990000 - 0x00000213d7993000 	C:\Users\malek\.openjfx\cache\23.0.1+4\amd64\api-ms-win-core-timezone-l1-1-0.dll
0x00000213d79a0000 - 0x00000213d79a3000 	C:\Users\malek\.openjfx\cache\23.0.1+4\amd64\api-ms-win-core-util-l1-1-0.dll
0x00000213d79b0000 - 0x00000213d79b3000 	C:\Users\malek\.openjfx\cache\23.0.1+4\amd64\api-ms-win-crt-conio-l1-1-0.dll
0x00000213d79c0000 - 0x00000213d79c4000 	C:\Users\malek\.openjfx\cache\23.0.1+4\amd64\api-ms-win-crt-convert-l1-1-0.dll
0x00000213d79d0000 - 0x00000213d79d3000 	C:\Users\malek\.openjfx\cache\23.0.1+4\amd64\api-ms-win-crt-environment-l1-1-0.dll
0x00000213d79e0000 - 0x00000213d79e3000 	C:\Users\malek\.openjfx\cache\23.0.1+4\amd64\api-ms-win-crt-filesystem-l1-1-0.dll
0x00000213d79f0000 - 0x00000213d79f3000 	C:\Users\malek\.openjfx\cache\23.0.1+4\amd64\api-ms-win-crt-heap-l1-1-0.dll
0x00000213d7a00000 - 0x00000213d7a03000 	C:\Users\malek\.openjfx\cache\23.0.1+4\amd64\api-ms-win-crt-locale-l1-1-0.dll
0x00000213d7a10000 - 0x00000213d7a15000 	C:\Users\malek\.openjfx\cache\23.0.1+4\amd64\api-ms-win-crt-math-l1-1-0.dll
0x00000213d7a20000 - 0x00000213d7a25000 	C:\Users\malek\.openjfx\cache\23.0.1+4\amd64\api-ms-win-crt-multibyte-l1-1-0.dll
0x00000213d7a30000 - 0x00000213d7a40000 	C:\Users\malek\.openjfx\cache\23.0.1+4\amd64\api-ms-win-crt-private-l1-1-0.dll
0x00000213d7a40000 - 0x00000213d7a43000 	C:\Users\malek\.openjfx\cache\23.0.1+4\amd64\api-ms-win-crt-process-l1-1-0.dll
0x00000213d7a50000 - 0x00000213d7a54000 	C:\Users\malek\.openjfx\cache\23.0.1+4\amd64\api-ms-win-crt-runtime-l1-1-0.dll
0x00000213d7a60000 - 0x00000213d7a64000 	C:\Users\malek\.openjfx\cache\23.0.1+4\amd64\api-ms-win-crt-stdio-l1-1-0.dll
0x00000213d7a70000 - 0x00000213d7a74000 	C:\Users\malek\.openjfx\cache\23.0.1+4\amd64\api-ms-win-crt-string-l1-1-0.dll
0x00000213d7a80000 - 0x00000213d7a83000 	C:\Users\malek\.openjfx\cache\23.0.1+4\amd64\api-ms-win-crt-time-l1-1-0.dll
0x00000213d7a90000 - 0x00000213d7a93000 	C:\Users\malek\.openjfx\cache\23.0.1+4\amd64\api-ms-win-crt-utility-l1-1-0.dll
0x00007fffa8ea0000 - 0x00007fffa8f9c000 	C:\Users\malek\.openjfx\cache\23.0.1+4\amd64\ucrtbase.dll
0x00007fffb3da0000 - 0x00007fffb3dbb000 	C:\Users\malek\.openjfx\cache\23.0.1+4\amd64\vcruntime140.dll
0x00007fffb3d90000 - 0x00007fffb3d9c000 	C:\Users\malek\.openjfx\cache\23.0.1+4\amd64\vcruntime140_1.dll
0x00007fffa8e10000 - 0x00007fffa8e9e000 	C:\Users\malek\.openjfx\cache\23.0.1+4\amd64\msvcp140.dll
0x00007fffb0250000 - 0x00007fffb0259000 	C:\Users\malek\.openjfx\cache\23.0.1+4\amd64\msvcp140_1.dll
0x00007fffaf000000 - 0x00007fffaf041000 	C:\Users\malek\.openjfx\cache\23.0.1+4\amd64\msvcp140_2.dll
0x00007fffa9d20000 - 0x00007fffa9d50000 	C:\Users\malek\.openjfx\cache\23.0.1+4\amd64\prism_d3d.dll
0x00007ff8041e0000 - 0x00007ff804388000 	C:\WINDOWS\system32\d3d9.dll
0x00007ff857140000 - 0x00007ff85716b000 	C:\WINDOWS\SYSTEM32\dwmapi.dll
0x00007ff856fd0000 - 0x00007ff857007000 	C:\WINDOWS\SYSTEM32\dxcore.dll
0x00007ff856ed0000 - 0x00007ff856f81000 	C:\WINDOWS\system32\uxtheme.dll
0x00007ff804030000 - 0x00007ff8041dc000 	C:\WINDOWS\System32\DriverStore\FileRepository\iigd_dch.inf_amd64_237b1b6e9066be9c\igdumdim64.dll
0x00007fffd0540000 - 0x00007fffd4d9b000 	C:\WINDOWS\System32\DriverStore\FileRepository\iigd_dch.inf_amd64_237b1b6e9066be9c\igd9dxva64.dll
0x00007ff85c6f0000 - 0x00007ff85cb64000 	C:\WINDOWS\System32\SETUPAPI.dll
0x00007ff859b50000 - 0x00007ff859b9e000 	C:\WINDOWS\SYSTEM32\cfgmgr32.dll
0x00007ff846dd0000 - 0x00007ff8471da000 	C:\WINDOWS\System32\DriverStore\FileRepository\iigd_dch.inf_amd64_237b1b6e9066be9c\igdgmm64.dll
0x00007ff850f50000 - 0x00007ff850f99000 	C:\WINDOWS\SYSTEM32\directxdatabasehelper.dll
0x00007fffa8dc0000 - 0x00007fffa8e05000 	C:\Users\malek\.openjfx\cache\23.0.1+4\amd64\glass.dll
0x00007ff85acd0000 - 0x00007ff85add2000 	C:\WINDOWS\System32\COMDLG32.dll
0x00007ff85b360000 - 0x00007ff85b4bf000 	C:\WINDOWS\System32\MSCTF.dll
0x00007fffe4570000 - 0x00007fffe4597000 	C:\WINDOWS\System32\DriverStore\FileRepository\iigd_dch.inf_amd64_237b1b6e9066be9c\igdinfo64.dll
0x00007ff83f890000 - 0x00007ff843f00000 	C:\WINDOWS\System32\DriverStore\FileRepository\iigd_dch.inf_amd64_237b1b6e9066be9c\igc64.dll
0x00007ff85c2d0000 - 0x00007ff85c380000 	C:\WINDOWS\System32\clbcatq.dll
0x00007ff83bce0000 - 0x00007ff83be5d000 	C:\Windows\System32\Windows.UI.dll
0x00007ff827ae0000 - 0x00007ff827c55000 	C:\Windows\System32\Windows.UI.Immersive.dll
0x00007fffaefe0000 - 0x00007fffaeff5000 	C:\Users\malek\.openjfx\cache\23.0.1+4\amd64\javafx_font.dll
0x00007ff853110000 - 0x00007ff853383000 	C:\WINDOWS\SYSTEM32\dwrite.dll
0x00007ff856c60000 - 0x00007ff856e10000 	C:\WINDOWS\SYSTEM32\WindowsCodecs.dll
0x00007ff8244c0000 - 0x00007ff82451e000 	C:\WINDOWS\system32\dataexchange.dll
0x00007ff84c350000 - 0x00007ff84c5f5000 	C:\WINDOWS\system32\twinapi.appcore.dll
0x00007fffe9a00000 - 0x00007fffe9a32000 	C:\Program Files\Common Files\Microsoft Shared\Ink\rtscom.dll
0x00007ff83b3e0000 - 0x00007ff83b526000 	C:\WINDOWS\SYSTEM32\textinputframework.dll
0x00007ff854140000 - 0x00007ff854275000 	C:\WINDOWS\SYSTEM32\CoreMessaging.dll
0x00007ff84f140000 - 0x00007ff84f4ac000 	C:\WINDOWS\SYSTEM32\CoreUIComponents.dll
0x00007ff859660000 - 0x00007ff85966c000 	C:\WINDOWS\SYSTEM32\CRYPTBASE.DLL
0x00007ff81e890000 - 0x00007ff81ecd9000 	C:\WINDOWS\SYSTEM32\UIAutomationCore.DLL
0x00007ff831dc0000 - 0x00007ff831e71000 	C:\Windows\System32\OneCoreCommonProxyStub.dll

dbghelp: loaded successfully - version: 4.0.5 - missing functions: none
symbol engine: initialized successfully - sym options: 0x614 - pdb path: .;C:\Program Files\Java\jdk-23\bin;C:\WINDOWS\SYSTEM32;C:\WINDOWS\WinSxS\amd64_microsoft.windows.common-controls_6595b64144ccf1df_6.0.22621.4830_none_270fe7d773858e80;C:\Program Files\Java\jdk-23\bin\server;C:\Users\malek\.openjfx\cache\23.0.1+4\amd64;C:\WINDOWS\System32\DriverStore\FileRepository\iigd_dch.inf_amd64_237b1b6e9066be9c;C:\Program Files\Common Files\Microsoft Shared\Ink

VM Arguments:
jvm_args: --module-path=C:\Users\malek\.m2\repository\org\openjfx\javafx-base\23.0.1\javafx-base-23.0.1-win.jar;C:\Users\malek\.m2\repository\org\openjfx\javafx-base\23.0.1\javafx-base-23.0.1.jar;C:\Users\malek\.m2\repository\org\openjfx\javafx-controls\23.0.1\javafx-controls-23.0.1-win.jar;C:\Users\malek\.m2\repository\org\openjfx\javafx-controls\23.0.1\javafx-controls-23.0.1.jar;C:\Users\malek\.m2\repository\org\openjfx\javafx-fxml\23.0.1\javafx-fxml-23.0.1-win.jar;C:\Users\malek\.m2\repository\org\openjfx\javafx-fxml\23.0.1\javafx-fxml-23.0.1.jar;C:\Users\malek\.m2\repository\org\openjfx\javafx-graphics\23.0.1\javafx-graphics-23.0.1-win.jar;C:\Users\malek\.m2\repository\org\openjfx\javafx-graphics\23.0.1\javafx-graphics-23.0.1.jar --add-modules=javafx.base,javafx.controls,javafx.fxml,javafx.graphics 
java_command: edu.pidev3a32.tests.MainFx
java_class_path (initial): C:\gestion_planning\target\classes;C:\Users\malek\.m2\repository\com\google\protobuf\protobuf-java\3.11.4\protobuf-java-3.11.4.jar;C:\Users\malek\.m2\repository\mysql\mysql-connector-java\8.0.28\mysql-connector-java-8.0.28.jar
Launcher Type: SUN_STANDARD

[Global flags]
     intx CICompilerCount                          = 4                                         {product} {ergonomic}
     uint ConcGCThreads                            = 2                                         {product} {ergonomic}
     uint G1ConcRefinementThreads                  = 8                                         {product} {ergonomic}
   size_t G1HeapRegionSize                         = 2097152                                   {product} {ergonomic}
   size_t InitialHeapSize                          = 266338304                                 {product} {ergonomic}
   size_t MarkStackSize                            = 4194304                                   {product} {ergonomic}
   size_t MarkStackSizeMax                         = 536870912                                 {product} {ergonomic}
   size_t MaxHeapSize                              = 4229955584                                {product} {ergonomic}
   size_t MaxNewSize                               = 2537553920                                {product} {ergonomic}
   size_t MinHeapDeltaBytes                        = 2097152                                   {product} {ergonomic}
   size_t MinHeapSize                              = 8388608                                   {product} {ergonomic}
    uintx NonNMethodCodeHeapSize                   = 5832704                                {pd product} {ergonomic}
    uintx NonProfiledCodeHeapSize                  = 122945536                              {pd product} {ergonomic}
    uintx ProfiledCodeHeapSize                     = 122880000                              {pd product} {ergonomic}
    uintx ReservedCodeCacheSize                    = 251658240                              {pd product} {ergonomic}
     bool SegmentedCodeCache                       = true                                      {product} {ergonomic}
   size_t SoftMaxHeapSize                          = 4229955584                             {manageable} {ergonomic}
     bool UseCompressedOops                        = true                           {product lp64_product} {ergonomic}
     bool UseG1GC                                  = true                                      {product} {ergonomic}
     bool UseLargePagesIndividualAllocation        = false                                  {pd product} {ergonomic}

Logging:
Log output configuration:
 #0: stdout all=warning uptime,level,tags foldmultilines=false
 #1: stderr all=off uptime,level,tags foldmultilines=false

Environment Variables:
PATH=C:\Program Files\Common Files\Oracle\Java\javapath;C:\Program Files (x86)\VMware\VMware Workstation\bin\;C:\oraclexe\app\oracle\product\11.2.0\server\bin;C:\Program Files (x86)\Common Files\Intel\Shared Libraries\redist\intel64\compiler;C:\windows\system32;C:\windows;C:\windows\System32\Wbem;C:\windows\System32\WindowsPowerShell\v1.0\;C:\windows\System32\OpenSSH\;C:\Program Files (x86)\NVIDIA Corporation\PhysX\Common;C:\Program Files\NVIDIA Corporation\NVIDIA NvDLISR;C:\WINDOWS\system32;C:\WINDOWS;C:\WINDOWS\System32\Wbem;C:\WINDOWS\System32\WindowsPowerShell\v1.0\;C:\WINDOWS\System32\OpenSSH\;C:\Program Files (x86)\HI-TECH Software\PICC\LITE\9.60\bin;C:\Program Files\Git\cmd;C:\xampp\php;C:\ProgramData\ComposerSetup\bin;C:\oraclexe\app\oracle\product\11.2.0\server\bin;C:\instanstclient-2;C:\oraclexe\app\oracle\admin\XE;C:\oraclexe;C:\Program Files (x86)\OpenSSL-Win64\bin;;C:\Program Files\HP\HP One Agent;C:\Users\malek\AppData\Local\Programs\Python\Python313\Scripts\;C:\Users\malek\AppData\Local\Programs\Python\Python313\;C:\Users\malek\scoop\shims;C:\Users\malek\AppData\Local\Microsoft\WindowsApps;C:\Users\malek\AppData\Local\Programs\Microsoft VS Code\bin;C:\Users\malek\AppData\Roaming\Composer\vendor\bin;C:\Program Files (x86)\OpenSSL-Win32\lib\MinGW\x86;C:\xampp\php;;C:\Program Files\JetBrains\IntelliJ IDEA 2024.2.1\bin;
USERNAME=malek
OS=Windows_NT
PROCESSOR_IDENTIFIER=Intel64 Family 6 Model 140 Stepping 1, GenuineIntel
TMP=C:\Users\malek\AppData\Local\Temp
TEMP=C:\Users\malek\AppData\Local\Temp




Periodic native trim disabled

---------------  S Y S T E M  ---------------

OS:
 Windows 11 , 64 bit Build 22621 (10.0.22621.4830)
OS uptime: 0 days 3:20 hours

CPU: total 8 (initial active 8) (4 cores per cpu, 2 threads per core) family 6 model 140 stepping 1 microcode 0xa4, cx8, cmov, fxsr, ht, mmx, 3dnowpref, sse, sse2, sse3, ssse3, sse4.1, sse4.2, popcnt, lzcnt, tsc, tscinvbit, avx, avx2, aes, erms, clmul, bmi1, bmi2, adx, avx512f, avx512dq, avx512cd, avx512bw, avx512vl, sha, fma, vzeroupper, avx512_vpopcntdq, avx512_vpclmulqdq, avx512_vaes, avx512_vnni, clflush, clflushopt, clwb, avx512_vbmi2, avx512_vbmi, rdtscp, rdpid, fsrm, gfni, avx512_bitalg, f16c, pku, cet_ibt, cet_ss, avx512_ifma
Processor Information for processor 0
  Max Mhz: 3302, Current Mhz: 3302, Mhz Limit: 3302
Processor Information for processor 1
  Max Mhz: 3302, Current Mhz: 3302, Mhz Limit: 3302
Processor Information for processor 2
  Max Mhz: 3302, Current Mhz: 1200, Mhz Limit: 3302
Processor Information for processor 3
  Max Mhz: 3302, Current Mhz: 3302, Mhz Limit: 3302
Processor Information for processor 4
  Max Mhz: 3302, Current Mhz: 3302, Mhz Limit: 3302
Processor Information for processor 5
  Max Mhz: 3302, Current Mhz: 3302, Mhz Limit: 3302
Processor Information for processor 6
  Max Mhz: 3302, Current Mhz: 3302, Mhz Limit: 3302
Processor Information for processor 7
  Max Mhz: 3302, Current Mhz: 3302, Mhz Limit: 3302

Memory: 4k page, system-wide physical 16129M (983M free)
TotalPageFile size 31695M (AvailPageFile size 2M)
current process WorkingSet (physical memory assigned to process): 654M, peak: 654M
current process commit charge ("private bytes"): 754M, peak: 755M

vm_info: Java HotSpot(TM) 64-Bit Server VM (23+37-2369) for windows-amd64 JRE (23+37-2369), built on 2024-08-20T16:01:23Z with MS VC++ 17.6 (VS2022)

END.
