#
# There is insufficient memory for the Java Runtime Environment to continue.
# Native memory allocation (mmap) failed to map 251658240 bytes. Error detail: G1 virtual space
# Possible reasons:
#   The system is out of physical RAM or swap space
#   This process is running with CompressedOops enabled, and the Java Heap may be blocking the growth of the native heap
# Possible solutions:
#   Reduce memory load on the system
#   Increase physical memory or swap space
#   Check if swap backing store is full
#   Decrease Java heap size (-Xmx/-Xms)
#   Decrease number of Java threads
#   Decrease Java thread stack sizes (-Xss)
#   Set larger code cache with -XX:ReservedCodeCacheSize=
#   JVM is running with Zero Based Compressed Oops mode in which the Java heap is
#     placed in the first 32GB address space. The Java Heap base address is the
#     maximum limit for the native heap growth. Please use -XX:HeapBaseMinAddress
#     to set the Java Heap base and to place the Java Heap above 32GB virtual address.
# This output file may be truncated or incomplete.
#
#  Out of Memory Error (os_windows.cpp:3703), pid=9940, tid=7552
#
# JRE version: Java(TM) SE Runtime Environment (23.0+37) (build 23+37-2369)
# Java VM: Java HotSpot(TM) 64-Bit Server VM (23+37-2369, mixed mode, sharing, tiered, compressed oops, compressed class ptrs, g1 gc, windows-amd64)
# No core dump will be written. Minidumps are not enabled by default on client versions of Windows
#

---------------  S U M M A R Y ------------

Command Line: --module-path=C:\Users\malek\.m2\repository\org\openjfx\javafx-base\23.0.1\javafx-base-23.0.1-win.jar;C:\Users\malek\.m2\repository\org\openjfx\javafx-base\23.0.1\javafx-base-23.0.1.jar;C:\Users\malek\.m2\repository\org\openjfx\javafx-controls\23.0.1\javafx-controls-23.0.1-win.jar;C:\Users\malek\.m2\repository\org\openjfx\javafx-controls\23.0.1\javafx-controls-23.0.1.jar;C:\Users\malek\.m2\repository\org\openjfx\javafx-fxml\23.0.1\javafx-fxml-23.0.1-win.jar;C:\Users\malek\.m2\repository\org\openjfx\javafx-fxml\23.0.1\javafx-fxml-23.0.1.jar;C:\Users\malek\.m2\repository\org\openjfx\javafx-graphics\23.0.1\javafx-graphics-23.0.1-win.jar;C:\Users\malek\.m2\repository\org\openjfx\javafx-graphics\23.0.1\javafx-graphics-23.0.1.jar --add-modules=javafx.base,javafx.controls,javafx.fxml,javafx.graphics edu.pidev3a32.tests.MainFx

Host: 11th Gen Intel(R) Core(TM) i7-11370H @ 3.30GHz, 8 cores, 15G,  Windows 11 , 64 bit Build 22621 (10.0.22621.4830)
Time: Tue Feb 18 12:16:04 2025 Paris, Madrid elapsed time: 25.803883 seconds (0d 0h 0m 25s)

---------------  T H R E A D  ---------------

Current thread (0x000001c1f22799a0):  VMThread "VM Thread"          [id=7552, stack(0x00000031a8600000,0x00000031a8700000) (1024K)]

Stack: [0x00000031a8600000,0x00000031a8700000]
Native frames: (J=compiled Java code, j=interpreted, Vv=VM code, C=native code)
V  [jvm.dll+0x6e08a9]  (no source info available)
V  [jvm.dll+0x87da63]  (no source info available)
V  [jvm.dll+0x87feee]  (no source info available)
V  [jvm.dll+0x8805c3]  (no source info available)
V  [jvm.dll+0x27aee6]  (no source info available)
V  [jvm.dll+0x6dd1b5]  (no source info available)
V  [jvm.dll+0x6d103a]  (no source info available)
V  [jvm.dll+0x35b3ea]  (no source info available)
V  [jvm.dll+0x3637f6]  (no source info available)
V  [jvm.dll+0x34fd5e]  (no source info available)
V  [jvm.dll+0x34fff8]  (no source info available)
V  [jvm.dll+0x3289cc]  (no source info available)
V  [jvm.dll+0x32b3b9]  (no source info available)
V  [jvm.dll+0x335f74]  (no source info available)
V  [jvm.dll+0x372d55]  (no source info available)
V  [jvm.dll+0x886500]  (no source info available)
V  [jvm.dll+0x887827]  (no source info available)
V  [jvm.dll+0x887d58]  (no source info available)
V  [jvm.dll+0x887ff3]  (no source info available)
V  [jvm.dll+0x824f1b]  (no source info available)
V  [jvm.dll+0x6df055]  (no source info available)
C  [ucrtbase.dll+0x29333]  (no source info available)
C  [KERNEL32.DLL+0x1259d]  (no source info available)
C  [ntdll.dll+0x5af38]  (no source info available)

VM_Operation (0x00000031a81ff580): G1PauseRemark, mode: safepoint, requested by thread 0x000001c1d2f89370


---------------  P R O C E S S  ---------------

Threads class SMR info:
_java_thread_list=0x000001c1cb610940, length=19, elements={
0x000001c1d2f0f560, 0x000001c1f22945d0, 0x000001c1f2295790, 0x000001c1f229a360,
0x000001c1f229afe0, 0x000001c1f229cea0, 0x000001c1f229db20, 0x000001c1f22a30a0,
0x000001c1f22a3fe0, 0x000001c1c50e3050, 0x000001c1c57d8e50, 0x000001c1c57d0400,
0x000001c1c5c2b930, 0x000001c1c5c35350, 0x000001c1caca8b40, 0x000001c1cacd2ff0,
0x000001c1cb5c7b90, 0x000001c1cb5c6e70, 0x000001c1cb5c7500
}

Java Threads: ( => current thread )
  0x000001c1d2f0f560 JavaThread "main"                              [_thread_blocked, id=7132, stack(0x00000031a7f00000,0x00000031a8000000) (1024K)]
  0x000001c1f22945d0 JavaThread "Reference Handler"          daemon [_thread_blocked, id=2476, stack(0x00000031a8700000,0x00000031a8800000) (1024K)]
  0x000001c1f2295790 JavaThread "Finalizer"                  daemon [_thread_blocked, id=1112, stack(0x00000031a8800000,0x00000031a8900000) (1024K)]
  0x000001c1f229a360 JavaThread "Signal Dispatcher"          daemon [_thread_blocked, id=19964, stack(0x00000031a8900000,0x00000031a8a00000) (1024K)]
  0x000001c1f229afe0 JavaThread "Attach Listener"            daemon [_thread_blocked, id=13032, stack(0x00000031a8a00000,0x00000031a8b00000) (1024K)]
  0x000001c1f229cea0 JavaThread "Service Thread"             daemon [_thread_blocked, id=13320, stack(0x00000031a8b00000,0x00000031a8c00000) (1024K)]
  0x000001c1f229db20 JavaThread "Monitor Deflation Thread"   daemon [_thread_blocked, id=19800, stack(0x00000031a8c00000,0x00000031a8d00000) (1024K)]
  0x000001c1f22a30a0 JavaThread "C2 CompilerThread0"         daemon [_thread_blocked, id=22584, stack(0x00000031a8d00000,0x00000031a8e00000) (1024K)]
  0x000001c1f22a3fe0 JavaThread "C1 CompilerThread0"         daemon [_thread_blocked, id=7920, stack(0x00000031a8e00000,0x00000031a8f00000) (1024K)]
  0x000001c1c50e3050 JavaThread "Common-Cleaner"             daemon [_thread_blocked, id=4596, stack(0x00000031a8f00000,0x00000031a9000000) (1024K)]
  0x000001c1c57d8e50 JavaThread "Notification Thread"        daemon [_thread_blocked, id=11640, stack(0x00000031a9200000,0x00000031a9300000) (1024K)]
  0x000001c1c57d0400 JavaThread "QuantumRenderer-0"          daemon [_thread_blocked, id=12604, stack(0x00000031a9300000,0x00000031a9400000) (1024K)]
  0x000001c1c5c2b930 JavaThread "InvokeLaterDispatcher"      daemon [_thread_blocked, id=10668, stack(0x00000031a9400000,0x00000031a9500000) (1024K)]
  0x000001c1c5c35350 JavaThread "JavaFX Application Thread"         [_thread_blocked, id=14636, stack(0x00000031a9500000,0x00000031a9600000) (1024K)]
  0x000001c1caca8b40 JavaThread "JavaFX-Launcher"                   [_thread_blocked, id=7560, stack(0x00000031a9a00000,0x00000031a9b00000) (1024K)]
  0x000001c1cacd2ff0 JavaThread "Thread-2"                   daemon [_thread_blocked, id=23152, stack(0x00000031a9900000,0x00000031a9a00000) (1024K)]
  0x000001c1cb5c7b90 JavaThread "Prism Font Disposer"        daemon [_thread_blocked, id=22740, stack(0x00000031aa500000,0x00000031aa600000) (1024K)]
  0x000001c1cb5c6e70 JavaThread "Cleaner-0"                  daemon [_thread_blocked, id=12920, stack(0x00000031aa000000,0x00000031aa100000) (1024K)]
  0x000001c1cb5c7500 JavaThread "mysql-cj-abandoned-connection-cleanup" daemon [_thread_blocked, id=2616, stack(0x00000031aa800000,0x00000031aa900000) (1024K)]
Total: 19

Other Threads:
=>0x000001c1f22799a0 VMThread "VM Thread"                           [id=7552, stack(0x00000031a8600000,0x00000031a8700000) (1024K)]
  0x000001c1f22688b0 WatcherThread "VM Periodic Task Thread"        [id=11784, stack(0x00000031a8500000,0x00000031a8600000) (1024K)]
  0x000001c1d2f73650 WorkerThread "GC Thread#0"                     [id=156, stack(0x00000031a8000000,0x00000031a8100000) (1024K)]
  0x000001c1cac63870 WorkerThread "GC Thread#1"                     [id=2936, stack(0x00000031a9100000,0x00000031a9200000) (1024K)]
  0x000001c1cac64030 WorkerThread "GC Thread#2"                     [id=11164, stack(0x00000031a9b00000,0x00000031a9c00000) (1024K)]
  0x000001c1cac643e0 WorkerThread "GC Thread#3"                     [id=14572, stack(0x00000031a9c00000,0x00000031a9d00000) (1024K)]
  0x000001c1cac64790 WorkerThread "GC Thread#4"                     [id=14728, stack(0x00000031a9d00000,0x00000031a9e00000) (1024K)]
  0x000001c1cac64b40 WorkerThread "GC Thread#5"                     [id=2948, stack(0x00000031a9e00000,0x00000031a9f00000) (1024K)]
  0x000001c1cac96dc0 WorkerThread "GC Thread#6"                     [id=22448, stack(0x00000031a9f00000,0x00000031aa000000) (1024K)]
  0x000001c1cad161a0 WorkerThread "GC Thread#7"                     [id=1588, stack(0x00000031aa100000,0x00000031aa200000) (1024K)]
  0x000001c1d2f89370 ConcurrentGCThread "G1 Main Marker"            [id=2908, stack(0x00000031a8100000,0x00000031a8200000) (1024K)]
  0x000001c1d2f8a690 WorkerThread "G1 Conc#0"                       [id=2428, stack(0x00000031a8200000,0x00000031a8300000) (1024K)]
  0x000001c1cad17410 WorkerThread "G1 Conc#1"                       [id=732, stack(0x00000031aa700000,0x00000031aa800000) (1024K)]
  0x000001c1f21365b0 ConcurrentGCThread "G1 Refine#0"               [id=20760, stack(0x00000031a8300000,0x00000031a8400000) (1024K)]
  0x000001c1f2137040 ConcurrentGCThread "G1 Service"                [id=3636, stack(0x00000031a8400000,0x00000031a8500000) (1024K)]
Total: 15

Threads with active compile tasks:
Total: 0

VM state: at safepoint (normal execution)

VM Mutex/Monitor currently owned by a thread:  ([mutex/lock_event])
[0x00007ff892063910] Threads_lock - owner thread: 0x000001c1f22799a0
[0x00007ff892063a10] Heap_lock - owner thread: 0x000001c1d2f89370

Heap address: 0x0000000703e00000, size: 4034 MB, Compressed Oops mode: Zero based, Oop shift amount: 3

CDS archive(s) mapped at: [0x000001c180000000-0x000001c180d70000-0x000001c180d70000), size 14090240, SharedBaseAddress: 0x000001c180000000, ArchiveRelocationMode: 1.
Compressed class space mapped at: 0x000001c181000000-0x000001c1c1000000, reserved size: 1073741824
Narrow klass base: 0x000001c180000000, Narrow klass shift: 0, Narrow klass range: 0x41000000

GC Precious Log:
 CardTable entry size: 512
 Card Set container configuration: InlinePtr #cards 4 size 8 Array Of Cards #cards 16 size 48 Howl #buckets 8 coarsen threshold 3686 Howl Bitmap #cards 512 size 80 coarsen threshold 460 Card regions per heap region 1 cards per card region 4096
 CPUs: 8 total, 8 available
 Memory: 16129M
 Large Page Support: Disabled
 NUMA Support: Disabled
 Compressed Oops: Enabled (Zero based)
 Heap Region Size: 2M
 Heap Min Capacity: 8M
 Heap Initial Capacity: 254M
 Heap Max Capacity: 4034M
 Pre-touch: Disabled
 Parallel Workers: 8
 Concurrent Workers: 2
 Concurrent Refinement Workers: 8
 Periodic GC: Disabled

Heap:
 garbage-first heap   total reserved 4130816K, committed 499712K, used 444231K [0x0000000703e00000, 0x0000000800000000)
  region size 2048K, 5 young (10240K), 4 survivors (8192K)
 Metaspace       used 21999K, committed 22336K, reserved 1114112K
  class space    used 3310K, committed 3456K, reserved 1048576K

Heap Regions: E=young(eden), S=young(survivor), O=old, HS=humongous(starts), HC=humongous(continues), CS=collection set, F=free, TAMS=top-at-mark-start, PB=parsable bottom
|   0|0x0000000703e00000, 0x0000000704000000, 0x0000000704000000|100%| O|  |TAMS 0x0000000704000000| PB 0x0000000704000000| Untracked |  0
|   1|0x0000000704000000, 0x0000000704200000, 0x0000000704200000|100%| O|  |TAMS 0x0000000704200000| PB 0x0000000704200000| Untracked |  0
|   2|0x0000000704200000, 0x0000000704400000, 0x0000000704400000|100%|HS|  |TAMS 0x0000000704400000| PB 0x0000000704200000| Complete |  0
|   3|0x0000000704400000, 0x0000000704600000, 0x0000000704600000|100%|HC|  |TAMS 0x0000000704600000| PB 0x0000000704400000| Complete |  0
|   4|0x0000000704600000, 0x0000000704800000, 0x0000000704800000|100%|HC|  |TAMS 0x0000000704800000| PB 0x0000000704600000| Complete |  0
|   5|0x0000000704800000, 0x0000000704a00000, 0x0000000704a00000|100%|HC|  |TAMS 0x0000000704a00000| PB 0x0000000704800000| Complete |  0
|   6|0x0000000704a00000, 0x0000000704c00000, 0x0000000704c00000|100%|HC|  |TAMS 0x0000000704c00000| PB 0x0000000704a00000| Complete |  0
|   7|0x0000000704c00000, 0x0000000704e00000, 0x0000000704e00000|100%|HC|  |TAMS 0x0000000704e00000| PB 0x0000000704c00000| Complete |  0
|   8|0x0000000704e00000, 0x0000000705000000, 0x0000000705000000|100%|HC|  |TAMS 0x0000000705000000| PB 0x0000000704e00000| Complete |  0
|   9|0x0000000705000000, 0x0000000705200000, 0x0000000705200000|100%|HC|  |TAMS 0x0000000705200000| PB 0x0000000705000000| Complete |  0
|  10|0x0000000705200000, 0x0000000705400000, 0x0000000705400000|100%|HC|  |TAMS 0x0000000705400000| PB 0x0000000705200000| Complete |  0
|  11|0x0000000705400000, 0x0000000705600000, 0x0000000705600000|100%|HC|  |TAMS 0x0000000705600000| PB 0x0000000705400000| Complete |  0
|  12|0x0000000705600000, 0x0000000705800000, 0x0000000705800000|100%|HC|  |TAMS 0x0000000705800000| PB 0x0000000705600000| Complete |  0
|  13|0x0000000705800000, 0x0000000705a00000, 0x0000000705a00000|100%|HC|  |TAMS 0x0000000705a00000| PB 0x0000000705800000| Complete |  0
|  14|0x0000000705a00000, 0x0000000705c00000, 0x0000000705c00000|100%|HC|  |TAMS 0x0000000705c00000| PB 0x0000000705a00000| Complete |  0
|  15|0x0000000705c00000, 0x0000000705e00000, 0x0000000705e00000|100%|HC|  |TAMS 0x0000000705e00000| PB 0x0000000705c00000| Complete |  0
|  16|0x0000000705e00000, 0x0000000706000000, 0x0000000706000000|100%|HC|  |TAMS 0x0000000706000000| PB 0x0000000705e00000| Complete |  0
|  17|0x0000000706000000, 0x0000000706200000, 0x0000000706200000|100%|HC|  |TAMS 0x0000000706200000| PB 0x0000000706000000| Complete |  0
|  18|0x0000000706200000, 0x0000000706400000, 0x0000000706400000|100%|HC|  |TAMS 0x0000000706400000| PB 0x0000000706200000| Complete |  0
|  19|0x0000000706400000, 0x0000000706600000, 0x0000000706600000|100%|HC|  |TAMS 0x0000000706600000| PB 0x0000000706400000| Complete |  0
|  20|0x0000000706600000, 0x0000000706800000, 0x0000000706800000|100%|HC|  |TAMS 0x0000000706800000| PB 0x0000000706600000| Complete |  0
|  21|0x0000000706800000, 0x0000000706a00000, 0x0000000706a00000|100%|HC|  |TAMS 0x0000000706a00000| PB 0x0000000706800000| Complete |  0
|  22|0x0000000706a00000, 0x0000000706c00000, 0x0000000706c00000|100%|HC|  |TAMS 0x0000000706c00000| PB 0x0000000706a00000| Complete |  0
|  23|0x0000000706c00000, 0x0000000706e00000, 0x0000000706e00000|100%|HC|  |TAMS 0x0000000706e00000| PB 0x0000000706c00000| Complete |  0
|  24|0x0000000706e00000, 0x0000000707000000, 0x0000000707000000|100%|HC|  |TAMS 0x0000000707000000| PB 0x0000000706e00000| Complete |  0
|  25|0x0000000707000000, 0x0000000707200000, 0x0000000707200000|100%|HC|  |TAMS 0x0000000707200000| PB 0x0000000707000000| Complete |  0
|  26|0x0000000707200000, 0x0000000707400000, 0x0000000707400000|100%|HC|  |TAMS 0x0000000707400000| PB 0x0000000707200000| Complete |  0
|  27|0x0000000707400000, 0x0000000707600000, 0x0000000707600000|100%|HC|  |TAMS 0x0000000707600000| PB 0x0000000707400000| Complete |  0
|  28|0x0000000707600000, 0x0000000707800000, 0x0000000707800000|100%|HC|  |TAMS 0x0000000707800000| PB 0x0000000707600000| Complete |  0
|  29|0x0000000707800000, 0x0000000707a00000, 0x0000000707a00000|100%|HC|  |TAMS 0x0000000707a00000| PB 0x0000000707800000| Complete |  0
|  30|0x0000000707a00000, 0x0000000707c00000, 0x0000000707c00000|100%|HC|  |TAMS 0x0000000707c00000| PB 0x0000000707a00000| Complete |  0
|  31|0x0000000707c00000, 0x0000000707e00000, 0x0000000707e00000|100%|HC|  |TAMS 0x0000000707e00000| PB 0x0000000707c00000| Complete |  0
|  32|0x0000000707e00000, 0x0000000708000000, 0x0000000708000000|100%|HC|  |TAMS 0x0000000708000000| PB 0x0000000707e00000| Complete |  0
|  33|0x0000000708000000, 0x0000000708200000, 0x0000000708200000|100%|HC|  |TAMS 0x0000000708200000| PB 0x0000000708000000| Complete |  0
|  34|0x0000000708200000, 0x0000000708400000, 0x0000000708400000|100%|HC|  |TAMS 0x0000000708400000| PB 0x0000000708200000| Complete |  0
|  35|0x0000000708400000, 0x0000000708600000, 0x0000000708600000|100%|HC|  |TAMS 0x0000000708600000| PB 0x0000000708400000| Complete |  0
|  36|0x0000000708600000, 0x0000000708800000, 0x0000000708800000|100%|HC|  |TAMS 0x0000000708800000| PB 0x0000000708600000| Complete |  0
|  37|0x0000000708800000, 0x0000000708a00000, 0x0000000708a00000|100%|HC|  |TAMS 0x0000000708a00000| PB 0x0000000708800000| Complete |  0
|  38|0x0000000708a00000, 0x0000000708c00000, 0x0000000708c00000|100%|HC|  |TAMS 0x0000000708c00000| PB 0x0000000708a00000| Complete |  0
|  39|0x0000000708c00000, 0x0000000708e00000, 0x0000000708e00000|100%|HC|  |TAMS 0x0000000708e00000| PB 0x0000000708c00000| Complete |  0
|  40|0x0000000708e00000, 0x0000000709000000, 0x0000000709000000|100%|HC|  |TAMS 0x0000000709000000| PB 0x0000000708e00000| Complete |  0
|  41|0x0000000709000000, 0x0000000709200000, 0x0000000709200000|100%|HC|  |TAMS 0x0000000709200000| PB 0x0000000709000000| Complete |  0
|  42|0x0000000709200000, 0x0000000709400000, 0x0000000709400000|100%|HC|  |TAMS 0x0000000709400000| PB 0x0000000709200000| Complete |  0
|  43|0x0000000709400000, 0x0000000709600000, 0x0000000709600000|100%|HC|  |TAMS 0x0000000709600000| PB 0x0000000709400000| Complete |  0
|  44|0x0000000709600000, 0x0000000709800000, 0x0000000709800000|100%|HC|  |TAMS 0x0000000709800000| PB 0x0000000709600000| Complete |  0
|  45|0x0000000709800000, 0x0000000709a00000, 0x0000000709a00000|100%|HC|  |TAMS 0x0000000709a00000| PB 0x0000000709800000| Complete |  0
|  46|0x0000000709a00000, 0x0000000709c00000, 0x0000000709c00000|100%|HC|  |TAMS 0x0000000709c00000| PB 0x0000000709a00000| Complete |  0
|  47|0x0000000709c00000, 0x0000000709e00000, 0x0000000709e00000|100%|HC|  |TAMS 0x0000000709e00000| PB 0x0000000709c00000| Complete |  0
|  48|0x0000000709e00000, 0x000000070a000000, 0x000000070a000000|100%|HC|  |TAMS 0x000000070a000000| PB 0x0000000709e00000| Complete |  0
|  49|0x000000070a000000, 0x000000070a200000, 0x000000070a200000|100%|HC|  |TAMS 0x000000070a200000| PB 0x000000070a000000| Complete |  0
|  50|0x000000070a200000, 0x000000070a400000, 0x000000070a400000|100%|HC|  |TAMS 0x000000070a400000| PB 0x000000070a200000| Complete |  0
|  51|0x000000070a400000, 0x000000070a600000, 0x000000070a600000|100%|HC|  |TAMS 0x000000070a600000| PB 0x000000070a400000| Complete |  0
|  52|0x000000070a600000, 0x000000070a800000, 0x000000070a800000|100%|HC|  |TAMS 0x000000070a800000| PB 0x000000070a600000| Complete |  0
|  53|0x000000070a800000, 0x000000070aa00000, 0x000000070aa00000|100%|HC|  |TAMS 0x000000070aa00000| PB 0x000000070a800000| Complete |  0
|  54|0x000000070aa00000, 0x000000070ac00000, 0x000000070ac00000|100%|HC|  |TAMS 0x000000070ac00000| PB 0x000000070aa00000| Complete |  0
|  55|0x000000070ac00000, 0x000000070ae00000, 0x000000070ae00000|100%|HC|  |TAMS 0x000000070ae00000| PB 0x000000070ac00000| Complete |  0
|  56|0x000000070ae00000, 0x000000070b000000, 0x000000070b000000|100%|HC|  |TAMS 0x000000070b000000| PB 0x000000070ae00000| Complete |  0
|  57|0x000000070b000000, 0x000000070b200000, 0x000000070b200000|100%|HC|  |TAMS 0x000000070b200000| PB 0x000000070b000000| Complete |  0
|  58|0x000000070b200000, 0x000000070b400000, 0x000000070b400000|100%|HC|  |TAMS 0x000000070b400000| PB 0x000000070b200000| Complete |  0
|  59|0x000000070b400000, 0x000000070b600000, 0x000000070b600000|100%|HC|  |TAMS 0x000000070b600000| PB 0x000000070b400000| Complete |  0
|  60|0x000000070b600000, 0x000000070b800000, 0x000000070b800000|100%|HC|  |TAMS 0x000000070b800000| PB 0x000000070b600000| Complete |  0
|  61|0x000000070b800000, 0x000000070ba00000, 0x000000070ba00000|100%|HC|  |TAMS 0x000000070ba00000| PB 0x000000070b800000| Complete |  0
|  62|0x000000070ba00000, 0x000000070bc00000, 0x000000070bc00000|100%|HC|  |TAMS 0x000000070bc00000| PB 0x000000070ba00000| Complete |  0
|  63|0x000000070bc00000, 0x000000070be00000, 0x000000070be00000|100%|HC|  |TAMS 0x000000070be00000| PB 0x000000070bc00000| Complete |  0
|  64|0x000000070be00000, 0x000000070c000000, 0x000000070c000000|100%|HC|  |TAMS 0x000000070c000000| PB 0x000000070be00000| Complete |  0
|  65|0x000000070c000000, 0x000000070c200000, 0x000000070c200000|100%|HC|  |TAMS 0x000000070c200000| PB 0x000000070c000000| Complete |  0
|  66|0x000000070c200000, 0x000000070c400000, 0x000000070c400000|100%|HC|  |TAMS 0x000000070c400000| PB 0x000000070c200000| Complete |  0
|  67|0x000000070c400000, 0x000000070c600000, 0x000000070c600000|100%|HC|  |TAMS 0x000000070c600000| PB 0x000000070c400000| Complete |  0
|  68|0x000000070c600000, 0x000000070c800000, 0x000000070c800000|100%|HC|  |TAMS 0x000000070c800000| PB 0x000000070c600000| Complete |  0
|  69|0x000000070c800000, 0x000000070ca00000, 0x000000070ca00000|100%|HC|  |TAMS 0x000000070ca00000| PB 0x000000070c800000| Complete |  0
|  70|0x000000070ca00000, 0x000000070cc00000, 0x000000070cc00000|100%|HC|  |TAMS 0x000000070cc00000| PB 0x000000070ca00000| Complete |  0
|  71|0x000000070cc00000, 0x000000070ce00000, 0x000000070ce00000|100%|HC|  |TAMS 0x000000070ce00000| PB 0x000000070cc00000| Complete |  0
|  72|0x000000070ce00000, 0x000000070d000000, 0x000000070d000000|100%|HS|  |TAMS 0x000000070d000000| PB 0x000000070ce00000| Complete |  0
|  73|0x000000070d000000, 0x000000070d13dee0, 0x000000070d200000| 62%| O|  |TAMS 0x000000070d13dee0| PB 0x000000070d13dee0| Untracked |  0
|  74|0x000000070d200000, 0x000000070d400000, 0x000000070d400000|100%|HS|  |TAMS 0x000000070d400000| PB 0x000000070d200000| Complete |  0
|  75|0x000000070d400000, 0x000000070d600000, 0x000000070d600000|100%|HC|  |TAMS 0x000000070d600000| PB 0x000000070d400000| Complete |  0
|  76|0x000000070d600000, 0x000000070d800000, 0x000000070d800000|100%|HC|  |TAMS 0x000000070d800000| PB 0x000000070d600000| Complete |  0
|  77|0x000000070d800000, 0x000000070da00000, 0x000000070da00000|100%|HC|  |TAMS 0x000000070da00000| PB 0x000000070d800000| Complete |  0
|  78|0x000000070da00000, 0x000000070dc00000, 0x000000070dc00000|100%|HC|  |TAMS 0x000000070dc00000| PB 0x000000070da00000| Complete |  0
|  79|0x000000070dc00000, 0x000000070de00000, 0x000000070de00000|100%|HC|  |TAMS 0x000000070de00000| PB 0x000000070dc00000| Complete |  0
|  80|0x000000070de00000, 0x000000070e000000, 0x000000070e000000|100%|HC|  |TAMS 0x000000070e000000| PB 0x000000070de00000| Complete |  0
|  81|0x000000070e000000, 0x000000070e200000, 0x000000070e200000|100%|HC|  |TAMS 0x000000070e200000| PB 0x000000070e000000| Complete |  0
|  82|0x000000070e200000, 0x000000070e400000, 0x000000070e400000|100%|HC|  |TAMS 0x000000070e400000| PB 0x000000070e200000| Complete |  0
|  83|0x000000070e400000, 0x000000070e600000, 0x000000070e600000|100%|HC|  |TAMS 0x000000070e600000| PB 0x000000070e400000| Complete |  0
|  84|0x000000070e600000, 0x000000070e800000, 0x000000070e800000|100%|HC|  |TAMS 0x000000070e800000| PB 0x000000070e600000| Complete |  0
|  85|0x000000070e800000, 0x000000070ea00000, 0x000000070ea00000|100%|HC|  |TAMS 0x000000070ea00000| PB 0x000000070e800000| Complete |  0
|  86|0x000000070ea00000, 0x000000070ec00000, 0x000000070ec00000|100%|HC|  |TAMS 0x000000070ec00000| PB 0x000000070ea00000| Complete |  0
|  87|0x000000070ec00000, 0x000000070ee00000, 0x000000070ee00000|100%|HC|  |TAMS 0x000000070ee00000| PB 0x000000070ec00000| Complete |  0
|  88|0x000000070ee00000, 0x000000070f000000, 0x000000070f000000|100%|HC|  |TAMS 0x000000070f000000| PB 0x000000070ee00000| Complete |  0
|  89|0x000000070f000000, 0x000000070f200000, 0x000000070f200000|100%|HC|  |TAMS 0x000000070f200000| PB 0x000000070f000000| Complete |  0
|  90|0x000000070f200000, 0x000000070f400000, 0x000000070f400000|100%|HC|  |TAMS 0x000000070f400000| PB 0x000000070f200000| Complete |  0
|  91|0x000000070f400000, 0x000000070f600000, 0x000000070f600000|100%|HC|  |TAMS 0x000000070f600000| PB 0x000000070f400000| Complete |  0
|  92|0x000000070f600000, 0x000000070f800000, 0x000000070f800000|100%|HC|  |TAMS 0x000000070f800000| PB 0x000000070f600000| Complete |  0
|  93|0x000000070f800000, 0x000000070fa00000, 0x000000070fa00000|100%|HC|  |TAMS 0x000000070fa00000| PB 0x000000070f800000| Complete |  0
|  94|0x000000070fa00000, 0x000000070fc00000, 0x000000070fc00000|100%|HC|  |TAMS 0x000000070fc00000| PB 0x000000070fa00000| Complete |  0
|  95|0x000000070fc00000, 0x000000070fe00000, 0x000000070fe00000|100%|HC|  |TAMS 0x000000070fe00000| PB 0x000000070fc00000| Complete |  0
|  96|0x000000070fe00000, 0x0000000710000000, 0x0000000710000000|100%|HC|  |TAMS 0x0000000710000000| PB 0x000000070fe00000| Complete |  0
|  97|0x0000000710000000, 0x0000000710200000, 0x0000000710200000|100%|HC|  |TAMS 0x0000000710200000| PB 0x0000000710000000| Complete |  0
|  98|0x0000000710200000, 0x0000000710400000, 0x0000000710400000|100%|HC|  |TAMS 0x0000000710400000| PB 0x0000000710200000| Complete |  0
|  99|0x0000000710400000, 0x0000000710600000, 0x0000000710600000|100%|HC|  |TAMS 0x0000000710600000| PB 0x0000000710400000| Complete |  0
| 100|0x0000000710600000, 0x0000000710800000, 0x0000000710800000|100%|HC|  |TAMS 0x0000000710800000| PB 0x0000000710600000| Complete |  0
| 101|0x0000000710800000, 0x0000000710a00000, 0x0000000710a00000|100%|HC|  |TAMS 0x0000000710a00000| PB 0x0000000710800000| Complete |  0
| 102|0x0000000710a00000, 0x0000000710c00000, 0x0000000710c00000|100%|HC|  |TAMS 0x0000000710c00000| PB 0x0000000710a00000| Complete |  0
| 103|0x0000000710c00000, 0x0000000710e00000, 0x0000000710e00000|100%|HC|  |TAMS 0x0000000710e00000| PB 0x0000000710c00000| Complete |  0
| 104|0x0000000710e00000, 0x0000000711000000, 0x0000000711000000|100%|HC|  |TAMS 0x0000000711000000| PB 0x0000000710e00000| Complete |  0
| 105|0x0000000711000000, 0x0000000711200000, 0x0000000711200000|100%|HC|  |TAMS 0x0000000711200000| PB 0x0000000711000000| Complete |  0
| 106|0x0000000711200000, 0x0000000711400000, 0x0000000711400000|100%|HC|  |TAMS 0x0000000711400000| PB 0x0000000711200000| Complete |  0
| 107|0x0000000711400000, 0x0000000711600000, 0x0000000711600000|100%|HC|  |TAMS 0x0000000711600000| PB 0x0000000711400000| Complete |  0
| 108|0x0000000711600000, 0x0000000711800000, 0x0000000711800000|100%|HC|  |TAMS 0x0000000711800000| PB 0x0000000711600000| Complete |  0
| 109|0x0000000711800000, 0x0000000711a00000, 0x0000000711a00000|100%|HC|  |TAMS 0x0000000711a00000| PB 0x0000000711800000| Complete |  0
| 110|0x0000000711a00000, 0x0000000711c00000, 0x0000000711c00000|100%|HC|  |TAMS 0x0000000711c00000| PB 0x0000000711a00000| Complete |  0
| 111|0x0000000711c00000, 0x0000000711e00000, 0x0000000711e00000|100%|HC|  |TAMS 0x0000000711e00000| PB 0x0000000711c00000| Complete |  0
| 112|0x0000000711e00000, 0x0000000712000000, 0x0000000712000000|100%|HC|  |TAMS 0x0000000712000000| PB 0x0000000711e00000| Complete |  0
| 113|0x0000000712000000, 0x0000000712200000, 0x0000000712200000|100%|HC|  |TAMS 0x0000000712200000| PB 0x0000000712000000| Complete |  0
| 114|0x0000000712200000, 0x0000000712400000, 0x0000000712400000|100%|HC|  |TAMS 0x0000000712400000| PB 0x0000000712200000| Complete |  0
| 115|0x0000000712400000, 0x0000000712600000, 0x0000000712600000|100%|HC|  |TAMS 0x0000000712600000| PB 0x0000000712400000| Complete |  0
| 116|0x0000000712600000, 0x0000000712800000, 0x0000000712800000|100%|HC|  |TAMS 0x0000000712800000| PB 0x0000000712600000| Complete |  0
| 117|0x0000000712800000, 0x0000000712a00000, 0x0000000712a00000|100%|HC|  |TAMS 0x0000000712a00000| PB 0x0000000712800000| Complete |  0
| 118|0x0000000712a00000, 0x0000000712c00000, 0x0000000712c00000|100%|HC|  |TAMS 0x0000000712c00000| PB 0x0000000712a00000| Complete |  0
| 119|0x0000000712c00000, 0x0000000712e00000, 0x0000000712e00000|100%|HC|  |TAMS 0x0000000712e00000| PB 0x0000000712c00000| Complete |  0
| 120|0x0000000712e00000, 0x0000000713000000, 0x0000000713000000|100%|HC|  |TAMS 0x0000000713000000| PB 0x0000000712e00000| Complete |  0
| 121|0x0000000713000000, 0x0000000713200000, 0x0000000713200000|100%|HC|  |TAMS 0x0000000713200000| PB 0x0000000713000000| Complete |  0
| 122|0x0000000713200000, 0x0000000713400000, 0x0000000713400000|100%|HC|  |TAMS 0x0000000713400000| PB 0x0000000713200000| Complete |  0
| 123|0x0000000713400000, 0x0000000713600000, 0x0000000713600000|100%|HC|  |TAMS 0x0000000713600000| PB 0x0000000713400000| Complete |  0
| 124|0x0000000713600000, 0x0000000713800000, 0x0000000713800000|100%|HC|  |TAMS 0x0000000713800000| PB 0x0000000713600000| Complete |  0
| 125|0x0000000713800000, 0x0000000713a00000, 0x0000000713a00000|100%|HC|  |TAMS 0x0000000713a00000| PB 0x0000000713800000| Complete |  0
| 126|0x0000000713a00000, 0x0000000713c00000, 0x0000000713c00000|100%|HC|  |TAMS 0x0000000713c00000| PB 0x0000000713a00000| Complete |  0
| 127|0x0000000713c00000, 0x0000000713e00000, 0x0000000713e00000|100%|HC|  |TAMS 0x0000000713e00000| PB 0x0000000713c00000| Complete |  0
| 128|0x0000000713e00000, 0x0000000714000000, 0x0000000714000000|100%|HC|  |TAMS 0x0000000714000000| PB 0x0000000713e00000| Complete |  0
| 129|0x0000000714000000, 0x0000000714200000, 0x0000000714200000|100%|HC|  |TAMS 0x0000000714200000| PB 0x0000000714000000| Complete |  0
| 130|0x0000000714200000, 0x0000000714400000, 0x0000000714400000|100%|HC|  |TAMS 0x0000000714400000| PB 0x0000000714200000| Complete |  0
| 131|0x0000000714400000, 0x0000000714600000, 0x0000000714600000|100%|HC|  |TAMS 0x0000000714600000| PB 0x0000000714400000| Complete |  0
| 132|0x0000000714600000, 0x0000000714800000, 0x0000000714800000|100%|HC|  |TAMS 0x0000000714800000| PB 0x0000000714600000| Complete |  0
| 133|0x0000000714800000, 0x0000000714a00000, 0x0000000714a00000|100%|HC|  |TAMS 0x0000000714a00000| PB 0x0000000714800000| Complete |  0
| 134|0x0000000714a00000, 0x0000000714c00000, 0x0000000714c00000|100%|HC|  |TAMS 0x0000000714c00000| PB 0x0000000714a00000| Complete |  0
| 135|0x0000000714c00000, 0x0000000714e00000, 0x0000000714e00000|100%|HC|  |TAMS 0x0000000714e00000| PB 0x0000000714c00000| Complete |  0
| 136|0x0000000714e00000, 0x0000000715000000, 0x0000000715000000|100%|HC|  |TAMS 0x0000000715000000| PB 0x0000000714e00000| Complete |  0
| 137|0x0000000715000000, 0x0000000715200000, 0x0000000715200000|100%|HC|  |TAMS 0x0000000715200000| PB 0x0000000715000000| Complete |  0
| 138|0x0000000715200000, 0x0000000715400000, 0x0000000715400000|100%|HC|  |TAMS 0x0000000715400000| PB 0x0000000715200000| Complete |  0
| 139|0x0000000715400000, 0x0000000715600000, 0x0000000715600000|100%|HC|  |TAMS 0x0000000715600000| PB 0x0000000715400000| Complete |  0
| 140|0x0000000715600000, 0x0000000715800000, 0x0000000715800000|100%|HC|  |TAMS 0x0000000715800000| PB 0x0000000715600000| Complete |  0
| 141|0x0000000715800000, 0x0000000715a00000, 0x0000000715a00000|100%|HC|  |TAMS 0x0000000715a00000| PB 0x0000000715800000| Complete |  0
| 142|0x0000000715a00000, 0x0000000715c00000, 0x0000000715c00000|100%|HC|  |TAMS 0x0000000715c00000| PB 0x0000000715a00000| Complete |  0
| 143|0x0000000715c00000, 0x0000000715e00000, 0x0000000715e00000|100%|HC|  |TAMS 0x0000000715e00000| PB 0x0000000715c00000| Complete |  0
| 144|0x0000000715e00000, 0x0000000716000000, 0x0000000716000000|100%|HS|  |TAMS 0x0000000715e00000| PB 0x0000000715e00000| Complete |  0
| 145|0x0000000716000000, 0x0000000716200000, 0x0000000716200000|100%|HC|  |TAMS 0x0000000716000000| PB 0x0000000716000000| Complete |  0
| 146|0x0000000716200000, 0x0000000716400000, 0x0000000716400000|100%|HC|  |TAMS 0x0000000716200000| PB 0x0000000716200000| Complete |  0
| 147|0x0000000716400000, 0x0000000716600000, 0x0000000716600000|100%|HC|  |TAMS 0x0000000716400000| PB 0x0000000716400000| Complete |  0
| 148|0x0000000716600000, 0x0000000716800000, 0x0000000716800000|100%|HC|  |TAMS 0x0000000716600000| PB 0x0000000716600000| Complete |  0
| 149|0x0000000716800000, 0x0000000716a00000, 0x0000000716a00000|100%|HC|  |TAMS 0x0000000716800000| PB 0x0000000716800000| Complete |  0
| 150|0x0000000716a00000, 0x0000000716c00000, 0x0000000716c00000|100%|HC|  |TAMS 0x0000000716a00000| PB 0x0000000716a00000| Complete |  0
| 151|0x0000000716c00000, 0x0000000716e00000, 0x0000000716e00000|100%|HC|  |TAMS 0x0000000716c00000| PB 0x0000000716c00000| Complete |  0
| 152|0x0000000716e00000, 0x0000000717000000, 0x0000000717000000|100%|HC|  |TAMS 0x0000000716e00000| PB 0x0000000716e00000| Complete |  0
| 153|0x0000000717000000, 0x0000000717200000, 0x0000000717200000|100%|HC|  |TAMS 0x0000000717000000| PB 0x0000000717000000| Complete |  0
| 154|0x0000000717200000, 0x0000000717400000, 0x0000000717400000|100%|HC|  |TAMS 0x0000000717200000| PB 0x0000000717200000| Complete |  0
| 155|0x0000000717400000, 0x0000000717600000, 0x0000000717600000|100%|HC|  |TAMS 0x0000000717400000| PB 0x0000000717400000| Complete |  0
| 156|0x0000000717600000, 0x0000000717800000, 0x0000000717800000|100%|HC|  |TAMS 0x0000000717600000| PB 0x0000000717600000| Complete |  0
| 157|0x0000000717800000, 0x0000000717a00000, 0x0000000717a00000|100%|HC|  |TAMS 0x0000000717800000| PB 0x0000000717800000| Complete |  0
| 158|0x0000000717a00000, 0x0000000717c00000, 0x0000000717c00000|100%|HC|  |TAMS 0x0000000717a00000| PB 0x0000000717a00000| Complete |  0
| 159|0x0000000717c00000, 0x0000000717e00000, 0x0000000717e00000|100%|HC|  |TAMS 0x0000000717c00000| PB 0x0000000717c00000| Complete |  0
| 160|0x0000000717e00000, 0x0000000718000000, 0x0000000718000000|100%|HC|  |TAMS 0x0000000717e00000| PB 0x0000000717e00000| Complete |  0
| 161|0x0000000718000000, 0x0000000718200000, 0x0000000718200000|100%|HC|  |TAMS 0x0000000718000000| PB 0x0000000718000000| Complete |  0
| 162|0x0000000718200000, 0x0000000718400000, 0x0000000718400000|100%|HC|  |TAMS 0x0000000718200000| PB 0x0000000718200000| Complete |  0
| 163|0x0000000718400000, 0x0000000718600000, 0x0000000718600000|100%|HC|  |TAMS 0x0000000718400000| PB 0x0000000718400000| Complete |  0
| 164|0x0000000718600000, 0x0000000718800000, 0x0000000718800000|100%|HC|  |TAMS 0x0000000718600000| PB 0x0000000718600000| Complete |  0
| 165|0x0000000718800000, 0x0000000718a00000, 0x0000000718a00000|100%|HC|  |TAMS 0x0000000718800000| PB 0x0000000718800000| Complete |  0
| 166|0x0000000718a00000, 0x0000000718c00000, 0x0000000718c00000|100%|HC|  |TAMS 0x0000000718a00000| PB 0x0000000718a00000| Complete |  0
| 167|0x0000000718c00000, 0x0000000718e00000, 0x0000000718e00000|100%|HC|  |TAMS 0x0000000718c00000| PB 0x0000000718c00000| Complete |  0
| 168|0x0000000718e00000, 0x0000000719000000, 0x0000000719000000|100%|HC|  |TAMS 0x0000000718e00000| PB 0x0000000718e00000| Complete |  0
| 169|0x0000000719000000, 0x0000000719200000, 0x0000000719200000|100%|HC|  |TAMS 0x0000000719000000| PB 0x0000000719000000| Complete |  0
| 170|0x0000000719200000, 0x0000000719400000, 0x0000000719400000|100%|HC|  |TAMS 0x0000000719200000| PB 0x0000000719200000| Complete |  0
| 171|0x0000000719400000, 0x0000000719600000, 0x0000000719600000|100%|HC|  |TAMS 0x0000000719400000| PB 0x0000000719400000| Complete |  0
| 172|0x0000000719600000, 0x0000000719800000, 0x0000000719800000|100%|HC|  |TAMS 0x0000000719600000| PB 0x0000000719600000| Complete |  0
| 173|0x0000000719800000, 0x0000000719a00000, 0x0000000719a00000|100%|HC|  |TAMS 0x0000000719800000| PB 0x0000000719800000| Complete |  0
| 174|0x0000000719a00000, 0x0000000719c00000, 0x0000000719c00000|100%|HC|  |TAMS 0x0000000719a00000| PB 0x0000000719a00000| Complete |  0
| 175|0x0000000719c00000, 0x0000000719e00000, 0x0000000719e00000|100%|HC|  |TAMS 0x0000000719c00000| PB 0x0000000719c00000| Complete |  0
| 176|0x0000000719e00000, 0x000000071a000000, 0x000000071a000000|100%|HC|  |TAMS 0x0000000719e00000| PB 0x0000000719e00000| Complete |  0
| 177|0x000000071a000000, 0x000000071a200000, 0x000000071a200000|100%|HC|  |TAMS 0x000000071a000000| PB 0x000000071a000000| Complete |  0
| 178|0x000000071a200000, 0x000000071a400000, 0x000000071a400000|100%|HC|  |TAMS 0x000000071a200000| PB 0x000000071a200000| Complete |  0
| 179|0x000000071a400000, 0x000000071a600000, 0x000000071a600000|100%|HC|  |TAMS 0x000000071a400000| PB 0x000000071a400000| Complete |  0
| 180|0x000000071a600000, 0x000000071a800000, 0x000000071a800000|100%|HC|  |TAMS 0x000000071a600000| PB 0x000000071a600000| Complete |  0
| 181|0x000000071a800000, 0x000000071aa00000, 0x000000071aa00000|100%|HC|  |TAMS 0x000000071a800000| PB 0x000000071a800000| Complete |  0
| 182|0x000000071aa00000, 0x000000071ac00000, 0x000000071ac00000|100%|HC|  |TAMS 0x000000071aa00000| PB 0x000000071aa00000| Complete |  0
| 183|0x000000071ac00000, 0x000000071ae00000, 0x000000071ae00000|100%|HC|  |TAMS 0x000000071ac00000| PB 0x000000071ac00000| Complete |  0
| 184|0x000000071ae00000, 0x000000071b000000, 0x000000071b000000|100%|HC|  |TAMS 0x000000071ae00000| PB 0x000000071ae00000| Complete |  0
| 185|0x000000071b000000, 0x000000071b200000, 0x000000071b200000|100%|HC|  |TAMS 0x000000071b000000| PB 0x000000071b000000| Complete |  0
| 186|0x000000071b200000, 0x000000071b400000, 0x000000071b400000|100%|HC|  |TAMS 0x000000071b200000| PB 0x000000071b200000| Complete |  0
| 187|0x000000071b400000, 0x000000071b600000, 0x000000071b600000|100%|HC|  |TAMS 0x000000071b400000| PB 0x000000071b400000| Complete |  0
| 188|0x000000071b600000, 0x000000071b800000, 0x000000071b800000|100%|HC|  |TAMS 0x000000071b600000| PB 0x000000071b600000| Complete |  0
| 189|0x000000071b800000, 0x000000071ba00000, 0x000000071ba00000|100%|HC|  |TAMS 0x000000071b800000| PB 0x000000071b800000| Complete |  0
| 190|0x000000071ba00000, 0x000000071bc00000, 0x000000071bc00000|100%|HC|  |TAMS 0x000000071ba00000| PB 0x000000071ba00000| Complete |  0
| 191|0x000000071bc00000, 0x000000071be00000, 0x000000071be00000|100%|HC|  |TAMS 0x000000071bc00000| PB 0x000000071bc00000| Complete |  0
| 192|0x000000071be00000, 0x000000071c000000, 0x000000071c000000|100%|HC|  |TAMS 0x000000071be00000| PB 0x000000071be00000| Complete |  0
| 193|0x000000071c000000, 0x000000071c200000, 0x000000071c200000|100%|HC|  |TAMS 0x000000071c000000| PB 0x000000071c000000| Complete |  0
| 194|0x000000071c200000, 0x000000071c400000, 0x000000071c400000|100%|HC|  |TAMS 0x000000071c200000| PB 0x000000071c200000| Complete |  0
| 195|0x000000071c400000, 0x000000071c600000, 0x000000071c600000|100%|HC|  |TAMS 0x000000071c400000| PB 0x000000071c400000| Complete |  0
| 196|0x000000071c600000, 0x000000071c800000, 0x000000071c800000|100%|HC|  |TAMS 0x000000071c600000| PB 0x000000071c600000| Complete |  0
| 197|0x000000071c800000, 0x000000071ca00000, 0x000000071ca00000|100%|HC|  |TAMS 0x000000071c800000| PB 0x000000071c800000| Complete |  0
| 198|0x000000071ca00000, 0x000000071cc00000, 0x000000071cc00000|100%|HC|  |TAMS 0x000000071ca00000| PB 0x000000071ca00000| Complete |  0
| 199|0x000000071cc00000, 0x000000071ce00000, 0x000000071ce00000|100%|HC|  |TAMS 0x000000071cc00000| PB 0x000000071cc00000| Complete |  0
| 200|0x000000071ce00000, 0x000000071d000000, 0x000000071d000000|100%|HC|  |TAMS 0x000000071ce00000| PB 0x000000071ce00000| Complete |  0
| 201|0x000000071d000000, 0x000000071d200000, 0x000000071d200000|100%|HC|  |TAMS 0x000000071d000000| PB 0x000000071d000000| Complete |  0
| 202|0x000000071d200000, 0x000000071d400000, 0x000000071d400000|100%|HC|  |TAMS 0x000000071d200000| PB 0x000000071d200000| Complete |  0
| 203|0x000000071d400000, 0x000000071d600000, 0x000000071d600000|100%|HC|  |TAMS 0x000000071d400000| PB 0x000000071d400000| Complete |  0
| 204|0x000000071d600000, 0x000000071d800000, 0x000000071d800000|100%|HC|  |TAMS 0x000000071d600000| PB 0x000000071d600000| Complete |  0
| 205|0x000000071d800000, 0x000000071da00000, 0x000000071da00000|100%|HC|  |TAMS 0x000000071d800000| PB 0x000000071d800000| Complete |  0
| 206|0x000000071da00000, 0x000000071dc00000, 0x000000071dc00000|100%|HC|  |TAMS 0x000000071da00000| PB 0x000000071da00000| Complete |  0
| 207|0x000000071dc00000, 0x000000071de00000, 0x000000071de00000|100%|HC|  |TAMS 0x000000071dc00000| PB 0x000000071dc00000| Complete |  0
| 208|0x000000071de00000, 0x000000071e000000, 0x000000071e000000|100%|HC|  |TAMS 0x000000071de00000| PB 0x000000071de00000| Complete |  0
| 209|0x000000071e000000, 0x000000071e200000, 0x000000071e200000|100%|HC|  |TAMS 0x000000071e000000| PB 0x000000071e000000| Complete |  0
| 210|0x000000071e200000, 0x000000071e400000, 0x000000071e400000|100%|HC|  |TAMS 0x000000071e200000| PB 0x000000071e200000| Complete |  0
| 211|0x000000071e400000, 0x000000071e600000, 0x000000071e600000|100%|HC|  |TAMS 0x000000071e400000| PB 0x000000071e400000| Complete |  0
| 212|0x000000071e600000, 0x000000071e800000, 0x000000071e800000|100%|HC|  |TAMS 0x000000071e600000| PB 0x000000071e600000| Complete |  0
| 213|0x000000071e800000, 0x000000071ea00000, 0x000000071ea00000|100%|HC|  |TAMS 0x000000071e800000| PB 0x000000071e800000| Complete |  0
| 214|0x000000071ea00000, 0x000000071ea00000, 0x000000071ec00000|  0%| F|  |TAMS 0x000000071ea00000| PB 0x000000071ea00000| Untracked |  0
| 215|0x000000071ec00000, 0x000000071ec00000, 0x000000071ee00000|  0%| F|  |TAMS 0x000000071ec00000| PB 0x000000071ec00000| Untracked |  0
| 216|0x000000071ee00000, 0x000000071ee00000, 0x000000071f000000|  0%| F|  |TAMS 0x000000071ee00000| PB 0x000000071ee00000| Untracked |  0
| 217|0x000000071f000000, 0x000000071f000000, 0x000000071f200000|  0%| F|  |TAMS 0x000000071f000000| PB 0x000000071f000000| Untracked |  0
| 218|0x000000071f200000, 0x000000071f200000, 0x000000071f400000|  0%| F|  |TAMS 0x000000071f200000| PB 0x000000071f200000| Untracked |  0
| 219|0x000000071f400000, 0x000000071f400000, 0x000000071f600000|  0%| F|  |TAMS 0x000000071f400000| PB 0x000000071f400000| Untracked |  0
| 220|0x000000071f600000, 0x000000071f600000, 0x000000071f800000|  0%| F|  |TAMS 0x000000071f600000| PB 0x000000071f600000| Untracked |  0
| 221|0x000000071f800000, 0x000000071f800000, 0x000000071fa00000|  0%| F|  |TAMS 0x000000071f800000| PB 0x000000071f800000| Untracked |  0
| 222|0x000000071fa00000, 0x000000071fa00000, 0x000000071fc00000|  0%| F|  |TAMS 0x000000071fa00000| PB 0x000000071fa00000| Untracked |  0
| 223|0x000000071fc00000, 0x000000071fc00000, 0x000000071fe00000|  0%| F|  |TAMS 0x000000071fc00000| PB 0x000000071fc00000| Untracked |  0
| 224|0x000000071fe00000, 0x000000071fe00000, 0x0000000720000000|  0%| F|  |TAMS 0x000000071fe00000| PB 0x000000071fe00000| Untracked |  0
| 225|0x0000000720000000, 0x0000000720000000, 0x0000000720200000|  0%| F|  |TAMS 0x0000000720000000| PB 0x0000000720000000| Untracked |  0
| 226|0x0000000720200000, 0x0000000720200000, 0x0000000720400000|  0%| F|  |TAMS 0x0000000720200000| PB 0x0000000720200000| Untracked |  0
| 227|0x0000000720400000, 0x0000000720493d20, 0x0000000720600000| 28%| S|CS|TAMS 0x0000000720400000| PB 0x0000000720400000| Complete |  0
| 228|0x0000000720600000, 0x0000000720800000, 0x0000000720800000|100%| S|CS|TAMS 0x0000000720600000| PB 0x0000000720600000| Complete |  0
| 229|0x0000000720800000, 0x0000000720a00000, 0x0000000720a00000|100%| S|CS|TAMS 0x0000000720800000| PB 0x0000000720800000| Complete |  0
| 230|0x0000000720a00000, 0x0000000720c00000, 0x0000000720c00000|100%| S|CS|TAMS 0x0000000720a00000| PB 0x0000000720a00000| Complete |  0
| 231|0x0000000720c00000, 0x0000000720c00000, 0x0000000720e00000|  0%| F|  |TAMS 0x0000000720c00000| PB 0x0000000720c00000| Untracked |  0
| 232|0x0000000720e00000, 0x0000000720e00000, 0x0000000721000000|  0%| F|  |TAMS 0x0000000720e00000| PB 0x0000000720e00000| Untracked |  0
| 233|0x0000000721000000, 0x0000000721000000, 0x0000000721200000|  0%| F|  |TAMS 0x0000000721000000| PB 0x0000000721000000| Untracked |  0
| 234|0x0000000721200000, 0x0000000721200000, 0x0000000721400000|  0%| F|  |TAMS 0x0000000721200000| PB 0x0000000721200000| Untracked |  0
| 235|0x0000000721400000, 0x0000000721400000, 0x0000000721600000|  0%| F|  |TAMS 0x0000000721400000| PB 0x0000000721400000| Untracked |  0
| 236|0x0000000721600000, 0x0000000721600000, 0x0000000721800000|  0%| F|  |TAMS 0x0000000721600000| PB 0x0000000721600000| Untracked |  0
| 237|0x0000000721800000, 0x0000000721800000, 0x0000000721a00000|  0%| F|  |TAMS 0x0000000721800000| PB 0x0000000721800000| Untracked |  0
| 238|0x0000000721a00000, 0x0000000721a00000, 0x0000000721c00000|  0%| F|  |TAMS 0x0000000721a00000| PB 0x0000000721a00000| Untracked |  0
| 239|0x0000000721c00000, 0x0000000721c00000, 0x0000000721e00000|  0%| F|  |TAMS 0x0000000721c00000| PB 0x0000000721c00000| Untracked |  0
| 240|0x0000000721e00000, 0x0000000721e00000, 0x0000000722000000|  0%| F|  |TAMS 0x0000000721e00000| PB 0x0000000721e00000| Untracked |  0
| 241|0x0000000722000000, 0x0000000722000000, 0x0000000722200000|  0%| F|  |TAMS 0x0000000722000000| PB 0x0000000722000000| Untracked |  0
| 242|0x0000000722200000, 0x0000000722200000, 0x0000000722400000|  0%| F|  |TAMS 0x0000000722200000| PB 0x0000000722200000| Untracked |  0
| 243|0x0000000722400000, 0x000000072256e928, 0x0000000722600000| 71%| E|  |TAMS 0x0000000722400000| PB 0x0000000722400000| Complete |  0

Card table byte_map: [0x000001c1eb160000,0x000001c1eb950000] _byte_map_base: 0x000001c1e7941000

Marking Bits: (CMBitMap*) 0x000001c1d2f73d60
 Bits: [0x000001c1eb950000, 0x000001c1ef858000)

Polling page: 0x000001c1d0f10000

Metaspace:

Usage:
  Non-class:     18.25 MB used.
      Class:      3.23 MB used.
       Both:     21.48 MB used.

Virtual space:
  Non-class space:       64.00 MB reserved,      18.44 MB ( 29%) committed,  1 nodes.
      Class space:        1.00 GB reserved,       3.38 MB ( <1%) committed,  1 nodes.
             Both:        1.06 GB reserved,      21.81 MB (  2%) committed. 

Chunk freelists:
   Non-Class:  12.84 MB
       Class:  12.64 MB
        Both:  25.48 MB

MaxMetaspaceSize: unlimited
CompressedClassSpaceSize: 1.00 GB
Initial GC threshold: 21.00 MB
Current GC threshold: 26.81 MB
CDS: on
 - commit_granule_bytes: 65536.
 - commit_granule_words: 8192.
 - virtual_space_node_default_size: 8388608.
 - enlarge_chunks_in_place: 1.
 - use_allocation_guard: 0.


Internal statistics:

num_allocs_failed_limit: 0.
num_arena_births: 316.
num_arena_deaths: 0.
num_vsnodes_births: 2.
num_vsnodes_deaths: 0.
num_space_committed: 349.
num_space_uncommitted: 0.
num_chunks_returned_to_freelist: 0.
num_chunks_taken_from_freelist: 995.
num_chunk_merges: 0.
num_chunk_splits: 713.
num_chunks_enlarged: 560.
num_inconsistent_stats: 0.

CodeHeap 'non-profiled nmethods': size=120064Kb used=1339Kb max_used=1389Kb free=118724Kb
 bounds [0x000001c1e3100000, 0x000001c1e3370000, 0x000001c1ea640000]
CodeHeap 'profiled nmethods': size=120000Kb used=5115Kb max_used=5406Kb free=114884Kb
 bounds [0x000001c1db640000, 0x000001c1dbb90000, 0x000001c1e2b70000]
CodeHeap 'non-nmethods': size=5696Kb used=2071Kb max_used=2104Kb free=3624Kb
 bounds [0x000001c1e2b70000, 0x000001c1e2de0000, 0x000001c1e3100000]
CodeCache: size=245760Kb, used=8525Kb, max_used=8899Kb, free=237232Kb
 total_blobs=4358, nmethods=3472, adapters=790, full_count=0
Compilation: enabled, stopped_count=0, restarted_count=0

Compilation events (20 events):
Event: 24.718 Thread 0x000001c1f22a3fe0 3838       3       java.util.EnumMap$ValueIterator::<init> (11 bytes)
Event: 24.718 Thread 0x000001c1f22a3fe0 nmethod 3838 0x000001c1dbb85308 code [0x000001c1dbb85440, 0x000001c1dbb856e0]
Event: 24.718 Thread 0x000001c1f22a3fe0 3839       3       java.util.EnumMap$EnumMapIterator::<init> (20 bytes)
Event: 24.718 Thread 0x000001c1f22a3fe0 nmethod 3839 0x000001c1dbb85708 code [0x000001c1dbb85820, 0x000001c1dbb85a00]
Event: 24.723 Thread 0x000001c1f22a3fe0 3840       3       javafx.scene.Node::sceneToLocal (17 bytes)
Event: 24.723 Thread 0x000001c1f22a3fe0 nmethod 3840 0x000001c1dbb85a88 code [0x000001c1dbb85bc0, 0x000001c1dbb85de0]
Event: 24.827 Thread 0x000001c1f22a3fe0 3841       1       com.sun.prism.PixelFormat::isOpaque (5 bytes)
Event: 24.827 Thread 0x000001c1f22a3fe0 nmethod 3841 0x000001c1e325af08 code [0x000001c1e325b020, 0x000001c1e325b0f0]
Event: 24.904 Thread 0x000001c1f22a3fe0 3842       3       javafx.scene.Node::pseudoClassStateChanged (59 bytes)
Event: 24.904 Thread 0x000001c1f22a3fe0 nmethod 3842 0x000001c1dbb85e88 code [0x000001c1dbb86000, 0x000001c1dbb864f8]
Event: 25.777 Thread 0x000001c1f22a3fe0 3843       3       jdk.xml.internal.SecuritySupport::getSystemProperty (13 bytes)
Event: 25.777 Thread 0x000001c1f22a3fe0 nmethod 3843 0x000001c1dbb86588 code [0x000001c1dbb86760, 0x000001c1dbb87058]
Event: 25.777 Thread 0x000001c1f22a3fe0 3845       3       jdk.xml.internal.XMLSecurityManager$Limit::values (10 bytes)
Event: 25.777 Thread 0x000001c1f22a3fe0 nmethod 3845 0x000001c1dbb87108 code [0x000001c1dbb87240, 0x000001c1dbb874b8]
Event: 25.777 Thread 0x000001c1f22a3fe0 3844       3       jdk.xml.internal.SecuritySupport$$Lambda/0x000001c181068c30::<init> (10 bytes)
Event: 25.777 Thread 0x000001c1f22a3fe0 nmethod 3844 0x000001c1dbb87508 code [0x000001c1dbb87620, 0x000001c1dbb877e0]
Event: 25.777 Thread 0x000001c1f22a3fe0 3846       3       java.lang.CharacterDataLatin1::isLowerCase (16 bytes)
Event: 25.778 Thread 0x000001c1f22a3fe0 nmethod 3846 0x000001c1dbb87808 code [0x000001c1dbb87920, 0x000001c1dbb87b20]
Event: 25.778 Thread 0x000001c1f22a30a0 3847       4       java.io.DataInputStream::readByte (6 bytes)
Event: 25.783 Thread 0x000001c1f22a30a0 nmethod 3847 0x000001c1e325b208 code [0x000001c1e325b320, 0x000001c1e325b618]

GC Heap History (14 events):
Event: 0.479 GC heap before
{Heap before GC invocations=0 (full 0):
 garbage-first heap   total reserved 4130816K, committed 260096K, used 22528K [0x0000000703e00000, 0x0000000800000000)
  region size 2048K, 12 young (24576K), 0 survivors (0K)
 Metaspace       used 4459K, committed 4672K, reserved 1114112K
  class space    used 528K, committed 640K, reserved 1048576K
}
Event: 0.482 GC heap after
{Heap after GC invocations=1 (full 0):
 garbage-first heap   total reserved 4130816K, committed 260096K, used 2986K [0x0000000703e00000, 0x0000000800000000)
  region size 2048K, 2 young (4096K), 2 survivors (4096K)
 Metaspace       used 4459K, committed 4672K, reserved 1114112K
  class space    used 528K, committed 640K, reserved 1048576K
}
Event: 0.754 GC heap before
{Heap before GC invocations=1 (full 0):
 garbage-first heap   total reserved 4130816K, committed 260096K, used 21418K [0x0000000703e00000, 0x0000000800000000)
  region size 2048K, 12 young (24576K), 2 survivors (4096K)
 Metaspace       used 7814K, committed 8064K, reserved 1114112K
  class space    used 967K, committed 1088K, reserved 1048576K
}
Event: 0.757 GC heap after
{Heap after GC invocations=2 (full 0):
 garbage-first heap   total reserved 4130816K, committed 260096K, used 5464K [0x0000000703e00000, 0x0000000800000000)
  region size 2048K, 2 young (4096K), 2 survivors (4096K)
 Metaspace       used 7814K, committed 8064K, reserved 1114112K
  class space    used 967K, committed 1088K, reserved 1048576K
}
Event: 1.762 GC heap before
{Heap before GC invocations=2 (full 0):
 garbage-first heap   total reserved 4130816K, committed 260096K, used 187736K [0x0000000703e00000, 0x0000000800000000)
  region size 2048K, 22 young (45056K), 2 survivors (4096K)
 Metaspace       used 15773K, committed 16064K, reserved 1114112K
  class space    used 2466K, committed 2624K, reserved 1048576K
}
Event: 1.766 GC heap after
{Heap after GC invocations=3 (full 0):
 garbage-first heap   total reserved 4130816K, committed 260096K, used 152250K [0x0000000703e00000, 0x0000000800000000)
  region size 2048K, 3 young (6144K), 3 survivors (6144K)
 Metaspace       used 15773K, committed 16064K, reserved 1114112K
  class space    used 2466K, committed 2624K, reserved 1048576K
}
Event: 4.731 GC heap before
{Heap before GC invocations=4 (full 0):
 garbage-first heap   total reserved 4130816K, committed 260096K, used 156346K [0x0000000703e00000, 0x0000000800000000)
  region size 2048K, 5 young (10240K), 3 survivors (6144K)
 Metaspace       used 16104K, committed 16448K, reserved 1114112K
  class space    used 2498K, committed 2624K, reserved 1048576K
}
Event: 4.734 GC heap after
{Heap after GC invocations=5 (full 0):
 garbage-first heap   total reserved 4130816K, committed 260096K, used 154623K [0x0000000703e00000, 0x0000000800000000)
  region size 2048K, 2 young (4096K), 2 survivors (4096K)
 Metaspace       used 16104K, committed 16448K, reserved 1114112K
  class space    used 2498K, committed 2624K, reserved 1048576K
}
Event: 13.095 GC heap before
{Heap before GC invocations=6 (full 0):
 garbage-first heap   total reserved 4130816K, committed 499712K, used 302079K [0x0000000703e00000, 0x0000000800000000)
  region size 2048K, 5 young (10240K), 2 survivors (4096K)
 Metaspace       used 16902K, committed 17216K, reserved 1114112K
  class space    used 2615K, committed 2752K, reserved 1048576K
}
Event: 13.098 GC heap after
{Heap after GC invocations=7 (full 0):
 garbage-first heap   total reserved 4130816K, committed 499712K, used 154698K [0x0000000703e00000, 0x0000000800000000)
  region size 2048K, 2 young (4096K), 2 survivors (4096K)
 Metaspace       used 16902K, committed 17216K, reserved 1114112K
  class space    used 2615K, committed 2752K, reserved 1048576K
}
Event: 23.396 GC heap before
{Heap before GC invocations=7 (full 0):
 garbage-first heap   total reserved 4130816K, committed 499712K, used 300106K [0x0000000703e00000, 0x0000000800000000)
  region size 2048K, 4 young (8192K), 2 survivors (4096K)
 Metaspace       used 17167K, committed 17472K, reserved 1114112K
  class space    used 2629K, committed 2752K, reserved 1048576K
}
Event: 23.399 GC heap after
{Heap after GC invocations=8 (full 0):
 garbage-first heap   total reserved 4130816K, committed 499712K, used 154835K [0x0000000703e00000, 0x0000000800000000)
  region size 2048K, 2 young (4096K), 2 survivors (4096K)
 Metaspace       used 17167K, committed 17472K, reserved 1114112K
  class space    used 2629K, committed 2752K, reserved 1048576K
}
Event: 25.778 GC heap before
{Heap before GC invocations=8 (full 0):
 garbage-first heap   total reserved 4130816K, committed 499712K, used 318675K [0x0000000703e00000, 0x0000000800000000)
  region size 2048K, 13 young (26624K), 2 survivors (4096K)
 Metaspace       used 21999K, committed 22336K, reserved 1114112K
  class space    used 3310K, committed 3456K, reserved 1048576K
}
Event: 25.782 GC heap after
{Heap after GC invocations=9 (full 0):
 garbage-first heap   total reserved 4130816K, committed 499712K, used 300871K [0x0000000703e00000, 0x0000000800000000)
  region size 2048K, 4 young (8192K), 4 survivors (8192K)
 Metaspace       used 21999K, committed 22336K, reserved 1114112K
  class space    used 3310K, committed 3456K, reserved 1048576K
}

Dll operation events (20 events):
Event: 0.273 Loaded shared library C:\Users\malek\.openjfx\cache\23.0.1+4\amd64\api-ms-win-crt-math-l1-1-0.dll
Event: 0.275 Loaded shared library C:\Users\malek\.openjfx\cache\23.0.1+4\amd64\api-ms-win-crt-multibyte-l1-1-0.dll
Event: 0.278 Loaded shared library C:\Users\malek\.openjfx\cache\23.0.1+4\amd64\api-ms-win-crt-private-l1-1-0.dll
Event: 0.280 Loaded shared library C:\Users\malek\.openjfx\cache\23.0.1+4\amd64\api-ms-win-crt-process-l1-1-0.dll
Event: 0.282 Loaded shared library C:\Users\malek\.openjfx\cache\23.0.1+4\amd64\api-ms-win-crt-runtime-l1-1-0.dll
Event: 0.284 Loaded shared library C:\Users\malek\.openjfx\cache\23.0.1+4\amd64\api-ms-win-crt-stdio-l1-1-0.dll
Event: 0.286 Loaded shared library C:\Users\malek\.openjfx\cache\23.0.1+4\amd64\api-ms-win-crt-string-l1-1-0.dll
Event: 0.288 Loaded shared library C:\Users\malek\.openjfx\cache\23.0.1+4\amd64\api-ms-win-crt-time-l1-1-0.dll
Event: 0.290 Loaded shared library C:\Users\malek\.openjfx\cache\23.0.1+4\amd64\api-ms-win-crt-utility-l1-1-0.dll
Event: 0.302 Loaded shared library C:\Users\malek\.openjfx\cache\23.0.1+4\amd64\ucrtbase.dll
Event: 0.305 Loaded shared library C:\Users\malek\.openjfx\cache\23.0.1+4\amd64\vcruntime140.dll
Event: 0.308 Loaded shared library C:\Users\malek\.openjfx\cache\23.0.1+4\amd64\vcruntime140_1.dll
Event: 0.314 Loaded shared library C:\Users\malek\.openjfx\cache\23.0.1+4\amd64\msvcp140.dll
Event: 0.316 Loaded shared library C:\Users\malek\.openjfx\cache\23.0.1+4\amd64\msvcp140_1.dll
Event: 0.320 Loaded shared library C:\Users\malek\.openjfx\cache\23.0.1+4\amd64\msvcp140_2.dll
Event: 0.349 Loaded shared library C:\Users\malek\.openjfx\cache\23.0.1+4\amd64\prism_d3d.dll
Event: 0.381 Loaded shared library C:\Users\malek\.openjfx\cache\23.0.1+4\amd64\glass.dll
Event: 0.460 Loaded shared library C:\Program Files\Java\jdk-23\bin\jimage.dll
Event: 1.242 Loaded shared library C:\Users\malek\.openjfx\cache\23.0.1+4\amd64\javafx_font.dll
Event: 23.742 Loaded shared library C:\Program Files\Java\jdk-23\bin\extnet.dll

Deoptimization events (20 events):
Event: 23.871 Thread 0x000001c1c5c35350 Uncommon trap: trap_request=0xfffffff4 fr.pc=0x000001c1e320c16c relative=0x00000000000000cc
Event: 23.871 Thread 0x000001c1c5c35350 Uncommon trap: reason=null_check action=make_not_entrant pc=0x000001c1e320c16c method=javafx.scene.Scene.getWindow()Ljavafx/stage/Window; @ 18 c2
Event: 23.871 Thread 0x000001c1c5c35350 DEOPT PACKING pc=0x000001c1e320c16c sp=0x00000031a95fca00
Event: 23.871 Thread 0x000001c1c5c35350 DEOPT UNPACKING pc=0x000001c1e2bc7982 sp=0x00000031a95fc990 mode 2
Event: 23.978 Thread 0x000001c1c5c35350 Uncommon trap: trap_request=0xffffffde fr.pc=0x000001c1e3214168 relative=0x0000000000000508
Event: 23.978 Thread 0x000001c1c5c35350 Uncommon trap: reason=class_check action=maybe_recompile pc=0x000001c1e3214168 method=javafx.scene.Node.getLocalBounds(Lcom/sun/javafx/geom/BaseBounds;Lcom/sun/javafx/geom/transform/BaseTransform;)Lcom/sun/javafx/geom/BaseBounds; @ 22 c2
Event: 23.978 Thread 0x000001c1c5c35350 DEOPT PACKING pc=0x000001c1e3214168 sp=0x00000031a95fb6a0
Event: 23.978 Thread 0x000001c1c5c35350 DEOPT UNPACKING pc=0x000001c1e2bc7982 sp=0x00000031a95fb650 mode 2
Event: 23.978 Thread 0x000001c1c5c35350 Uncommon trap: trap_request=0xffffffde fr.pc=0x000001c1e3214168 relative=0x0000000000000508
Event: 23.978 Thread 0x000001c1c5c35350 Uncommon trap: reason=class_check action=maybe_recompile pc=0x000001c1e3214168 method=javafx.scene.Node.getLocalBounds(Lcom/sun/javafx/geom/BaseBounds;Lcom/sun/javafx/geom/transform/BaseTransform;)Lcom/sun/javafx/geom/BaseBounds; @ 22 c2
Event: 23.978 Thread 0x000001c1c5c35350 DEOPT PACKING pc=0x000001c1e3214168 sp=0x00000031a95fb620
Event: 23.978 Thread 0x000001c1c5c35350 DEOPT UNPACKING pc=0x000001c1e2bc7982 sp=0x00000031a95fb5d0 mode 2
Event: 23.978 Thread 0x000001c1c5c35350 Uncommon trap: trap_request=0xffffff45 fr.pc=0x000001c1e3214130 relative=0x00000000000004d0
Event: 23.978 Thread 0x000001c1c5c35350 Uncommon trap: reason=unstable_if action=reinterpret pc=0x000001c1e3214130 method=javafx.scene.Node$MiscProperties.getEffect()Ljavafx/scene/effect/Effect; @ 4 c2
Event: 23.978 Thread 0x000001c1c5c35350 DEOPT PACKING pc=0x000001c1e3214130 sp=0x00000031a95fb5e0
Event: 23.978 Thread 0x000001c1c5c35350 DEOPT UNPACKING pc=0x000001c1e2bc7982 sp=0x00000031a95fb4d0 mode 2
Event: 24.066 Thread 0x000001c1c57d0400 DEOPT PACKING pc=0x000001c1db9a5817 sp=0x00000031a93fdf80
Event: 24.066 Thread 0x000001c1c57d0400 DEOPT UNPACKING pc=0x000001c1e2bc84c2 sp=0x00000031a93fd338 mode 0
Event: 24.068 Thread 0x000001c1c57d0400 DEOPT PACKING pc=0x000001c1dba4f6af sp=0x00000031a93fe4a0
Event: 24.068 Thread 0x000001c1c57d0400 DEOPT UNPACKING pc=0x000001c1e2bc84c2 sp=0x00000031a93fd908 mode 0

Classes loaded (20 events):
Event: 23.864 Loading class javax/crypto/BadPaddingException
Event: 23.864 Loading class javax/crypto/BadPaddingException done
Event: 23.864 Loading class javax/net/ssl/SSLSocket
Event: 23.865 Loading class javax/net/ssl/SSLSocket done
Event: 23.904 Loading class java/util/BitSet$1BitSetSpliterator
Event: 23.904 Loading class java/util/BitSet$1BitSetSpliterator done
Event: 23.904 Loading class java/util/stream/IntPipeline$Head
Event: 23.904 Loading class java/util/stream/IntPipeline
Event: 23.905 Loading class java/util/stream/IntStream
Event: 23.905 Loading class java/util/stream/IntStream done
Event: 23.905 Loading class java/util/stream/IntPipeline done
Event: 23.905 Loading class java/util/stream/IntPipeline$Head done
Event: 23.905 Loading class java/util/stream/IntPipeline$1
Event: 23.906 Loading class java/util/stream/IntPipeline$1 done
Event: 23.906 Loading class java/util/stream/IntPipeline$1$1
Event: 23.906 Loading class java/util/stream/Sink$ChainedInt
Event: 23.906 Loading class java/util/stream/Sink$OfInt
Event: 23.906 Loading class java/util/stream/Sink$OfInt done
Event: 23.906 Loading class java/util/stream/Sink$ChainedInt done
Event: 23.906 Loading class java/util/stream/IntPipeline$1$1 done

Classes unloaded (0 events):
No events

Classes redefined (0 events):
No events

Internal exceptions (20 events):
Event: 1.457 Thread 0x000001c1c5c35350 Exception <a 'java/lang/IncompatibleClassChangeError'{0x0000000712169c38}: Found class java.lang.Object, but interface was expected> (0x0000000712169c38) 
thrown [s\open\src\hotspot\share\interpreter\linkResolver.cpp, line 863]
Event: 1.480 Thread 0x000001c1c5c35350 Exception <a 'java/lang/ClassNotFoundException'{0x0000000711ffe8b8}: com/sun/javafx/scene/control/skin/resources/controls> (0x0000000711ffe8b8) 
thrown [s\open\src\hotspot\share\prims\jni.cpp, line 539]
Event: 1.481 Thread 0x000001c1c5c35350 Exception <a 'java/lang/ClassNotFoundException'{0x0000000711c11850}: com/sun/javafx/scene/control/skin/resources/controls_fr> (0x0000000711c11850) 
thrown [s\open\src\hotspot\share\prims\jni.cpp, line 539]
Event: 1.481 Thread 0x000001c1c5c35350 Exception <a 'java/lang/ClassNotFoundException'{0x0000000711c1f330}: com/sun/javafx/scene/control/skin/resources/controls_fr_FR> (0x0000000711c1f330) 
thrown [s\open\src\hotspot\share\prims\jni.cpp, line 539]
Event: 1.504 Thread 0x000001c1c5c35350 Exception <a 'java/lang/NoSuchMethodError'{0x0000000711a07270}: 'void java.lang.invoke.DirectMethodHandle$Holder.invokeSpecial(java.lang.Object, java.lang.Object, java.lang.Object, java.lang.Object, java.lang.Object, java.lang.Object)'> (0x0000000711a07270) 
thrown [s\open\src\hotspot\share\interpreter\linkResolver.cpp, line 796]
Event: 1.561 Thread 0x000001c1c5c35350 Exception <a 'java/lang/NoSuchMethodError'{0x00000007116c4788}: 'int java.lang.invoke.DirectMethodHandle$Holder.invokeSpecial(java.lang.Object, java.lang.Object, int)'> (0x00000007116c4788) 
thrown [s\open\src\hotspot\share\interpreter\linkResolver.cpp, line 796]
Event: 1.575 Thread 0x000001c1c5c35350 Exception <a 'java/lang/NoSuchMethodError'{0x0000000711731650}: 'java.lang.Object java.lang.invoke.DirectMethodHandle$Holder.newInvokeSpecial(java.lang.Object, java.lang.Object, int)'> (0x0000000711731650) 
thrown [s\open\src\hotspot\share\interpreter\linkResolver.cpp, line 796]
Event: 1.613 Thread 0x000001c1c57d0400 Exception <a 'java/lang/NoSuchMethodError'{0x00000007114783a0}: 'int java.lang.invoke.DirectMethodHandle$Holder.invokeStaticInit(java.lang.Object, java.lang.Object)'> (0x00000007114783a0) 
thrown [s\open\src\hotspot\share\interpreter\linkResolver.cpp, line 796]
Event: 1.619 Thread 0x000001c1c5c35350 Exception <a 'java/lang/NoSuchMethodError'{0x00000007114f8c58}: 'long java.lang.invoke.DirectMethodHandle$Holder.invokeStatic(java.lang.Object, java.lang.Object, java.lang.Object)'> (0x00000007114f8c58) 
thrown [s\open\src\hotspot\share\interpreter\linkResolver.cpp, line 796]
Event: 1.619 Thread 0x000001c1c5c35350 Exception <a 'java/lang/NoSuchMethodError'{0x00000007114fc070}: 'long java.lang.invoke.DirectMethodHandle$Holder.invokeStaticInit(java.lang.Object, java.lang.Object, java.lang.Object)'> (0x00000007114fc070) 
thrown [s\open\src\hotspot\share\interpreter\linkResolver.cpp, line 796]
Event: 1.621 Thread 0x000001c1c5c35350 Exception <a 'java/lang/NoSuchMethodError'{0x0000000711510d98}: 'java.lang.Object java.lang.invoke.DirectMethodHandle$Holder.newInvokeSpecial(java.lang.Object, java.lang.Object, long)'> (0x0000000711510d98) 
thrown [s\open\src\hotspot\share\interpreter\linkResolver.cpp, line 796]
Event: 1.621 Thread 0x000001c1c5c35350 Exception <a 'java/lang/NoSuchMethodError'{0x00000007115146e8}: 'java.lang.Object java.lang.invoke.Invokers$Holder.linkToTargetMethod(java.lang.Object, long, java.lang.Object)'> (0x00000007115146e8) 
thrown [s\open\src\hotspot\share\interpreter\linkResolver.cpp, line 796]
Event: 1.624 Thread 0x000001c1c57d0400 Exception <a 'java/lang/NoSuchMethodError'{0x0000000711589918}: 'java.lang.Object java.lang.invoke.Invokers$Holder.invokeExact_MT(java.lang.Object, java.lang.Object, java.lang.Object, java.lang.Object, java.lang.Object)'> (0x0000000711589918) 
thrown [s\open\src\hotspot\share\interpreter\linkResolver.cpp, line 796]
Event: 5.205 Thread 0x000001c1c5c35350 Exception <a 'java/lang/NoSuchMethodError'{0x00000007225bb520}: 'void java.lang.invoke.DirectMethodHandle$Holder.invokeVirtual(java.lang.Object, java.lang.Object)'> (0x00000007225bb520) 
thrown [s\open\src\hotspot\share\interpreter\linkResolver.cpp, line 796]
Event: 23.696 Thread 0x000001c1c5c35350 Exception <a 'java/lang/NoSuchMethodError'{0x00000007223eb288}: 'java.lang.Object java.lang.invoke.DirectMethodHandle$Holder.invokeVirtual(java.lang.Object, java.lang.Object, java.lang.Object)'> (0x00000007223eb288) 
thrown [s\open\src\hotspot\share\interpreter\linkResolver.cpp, line 796]
Event: 23.775 Thread 0x000001c1c5c35350 Implicit null exception at 0x000001c1e3206a75 to 0x000001c1e3206b2c
Event: 23.869 Thread 0x000001c1c5c35350 Exception <a 'java/lang/ClassNotFoundException'{0x00000007216cc030}: com/sun/javafx/scene/control/skin/resources/controls-nt> (0x00000007216cc030) 
thrown [s\open\src\hotspot\share\prims\jni.cpp, line 539]
Event: 23.869 Thread 0x000001c1c5c35350 Exception <a 'java/lang/ClassNotFoundException'{0x00000007216d46a8}: com/sun/javafx/scene/control/skin/resources/controls-nt_fr> (0x00000007216d46a8) 
thrown [s\open\src\hotspot\share\prims\jni.cpp, line 539]
Event: 23.869 Thread 0x000001c1c5c35350 Exception <a 'java/lang/ClassNotFoundException'{0x00000007216d5c18}: com/sun/javafx/scene/control/skin/resources/controls-nt_fr_FR> (0x00000007216d5c18) 
thrown [s\open\src\hotspot\share\prims\jni.cpp, line 539]
Event: 23.871 Thread 0x000001c1c5c35350 Implicit null exception at 0x000001c1e320c0ef to 0x000001c1e320c160

VM Operations (20 events):
Event: 4.734 Executing VM operation: G1TryInitiateConcMark (G1 Humongous Allocation) done
Event: 4.739 Executing VM operation: G1PauseRemark
Event: 4.778 Executing VM operation: G1PauseRemark done
Event: 4.780 Executing VM operation: G1PauseCleanup
Event: 4.780 Executing VM operation: G1PauseCleanup done
Event: 5.186 Executing VM operation: HandshakeAllThreads (Deoptimize)
Event: 5.186 Executing VM operation: HandshakeAllThreads (Deoptimize) done
Event: 13.095 Executing VM operation: G1TryInitiateConcMark (G1 Humongous Allocation)
Event: 13.098 Executing VM operation: G1TryInitiateConcMark (G1 Humongous Allocation) done
Event: 23.396 Executing VM operation: G1TryInitiateConcMark (G1 Humongous Allocation)
Event: 23.399 Executing VM operation: G1TryInitiateConcMark (G1 Humongous Allocation) done
Event: 23.693 Executing VM operation: HandshakeAllThreads (Deoptimize)
Event: 23.693 Executing VM operation: HandshakeAllThreads (Deoptimize) done
Event: 23.880 Executing VM operation: HandshakeAllThreads (Deoptimize)
Event: 23.880 Executing VM operation: HandshakeAllThreads (Deoptimize) done
Event: 23.912 Executing VM operation: HandshakeAllThreads (Deoptimize)
Event: 23.912 Executing VM operation: HandshakeAllThreads (Deoptimize) done
Event: 25.778 Executing VM operation: G1TryInitiateConcMark (G1 Humongous Allocation)
Event: 25.782 Executing VM operation: G1TryInitiateConcMark (G1 Humongous Allocation) done
Event: 25.790 Executing VM operation: G1PauseRemark

Memory protections (0 events):
No events

Nmethod flushes (20 events):
Event: 25.802 Thread 0x000001c1f22799a0 flushing  nmethod 0x000001c1db88a108
Event: 25.802 Thread 0x000001c1f22799a0 flushing  nmethod 0x000001c1db981a08
Event: 25.802 Thread 0x000001c1f22799a0 flushing  nmethod 0x000001c1e31b0c88
Event: 25.802 Thread 0x000001c1f22799a0 flushing  nmethod 0x000001c1db66af88
Event: 25.802 Thread 0x000001c1f22799a0 flushing  nmethod 0x000001c1db66b508
Event: 25.802 Thread 0x000001c1f22799a0 flushing  nmethod 0x000001c1db6a5008
Event: 25.802 Thread 0x000001c1f22799a0 flushing  nmethod 0x000001c1db6a5608
Event: 25.802 Thread 0x000001c1f22799a0 flushing  nmethod 0x000001c1db6a6208
Event: 25.802 Thread 0x000001c1f22799a0 flushing  nmethod 0x000001c1db6a9408
Event: 25.802 Thread 0x000001c1f22799a0 flushing  nmethod 0x000001c1db7cec88
Event: 25.802 Thread 0x000001c1f22799a0 flushing  nmethod 0x000001c1db845488
Event: 25.802 Thread 0x000001c1f22799a0 flushing  nmethod 0x000001c1db845e08
Event: 25.802 Thread 0x000001c1f22799a0 flushing  nmethod 0x000001c1db846788
Event: 25.802 Thread 0x000001c1f22799a0 flushing  nmethod 0x000001c1db849d08
Event: 25.802 Thread 0x000001c1f22799a0 flushing  nmethod 0x000001c1db84b608
Event: 25.802 Thread 0x000001c1f22799a0 flushing osr nmethod 0x000001c1db84cd88
Event: 25.802 Thread 0x000001c1f22799a0 flushing  nmethod 0x000001c1db899b88
Event: 25.802 Thread 0x000001c1f22799a0 flushing  nmethod 0x000001c1db960a08
Event: 25.802 Thread 0x000001c1f22799a0 flushing  nmethod 0x000001c1db965608
Event: 25.802 Thread 0x000001c1f22799a0 flushing  nmethod 0x000001c1db9ad088

Events (20 events):
Event: 0.386 Thread 0x000001c1d2f0f560 Thread added: 0x000001c1c5c35350
Event: 0.437 Thread 0x000001c1d2f0f560 Thread added: 0x000001c1caca8b40
Event: 0.439 Thread 0x000001c1c5175580 Thread exited: 0x000001c1c5175580
Event: 0.450 Thread 0x000001c1cacd2ff0 Thread added: 0x000001c1cacd2ff0
Event: 0.495 Thread 0x000001c1f22a3fe0 Thread added: 0x000001c1cad01400
Event: 1.064 Thread 0x000001c1cad01400 Thread exited: 0x000001c1cad01400
Event: 1.064 Thread 0x000001c1c51ade10 Thread exited: 0x000001c1c51ade10
Event: 1.253 Thread 0x000001c1f22a3fe0 Thread added: 0x000001c1caf62c20
Event: 1.276 Thread 0x000001c1f22a3fe0 Thread added: 0x000001c1cad60920
Event: 1.453 Thread 0x000001c1c5c35350 Thread added: 0x000001c1cb5c7b90
Event: 1.718 Thread 0x000001c1cad60920 Thread exited: 0x000001c1cad60920
Event: 1.743 Thread 0x000001c1c57d0400 Thread added: 0x000001c1cb5c6e70
Event: 1.906 Thread 0x000001c1caf62c20 Thread exited: 0x000001c1caf62c20
Event: 5.224 Thread 0x000001c1f22a3fe0 Thread added: 0x000001c1c516ddd0
Event: 5.524 Thread 0x000001c1c516ddd0 Thread exited: 0x000001c1c516ddd0
Event: 23.670 Thread 0x000001c1f22a3fe0 Thread added: 0x000001c1c52333b0
Event: 23.673 Thread 0x000001c1c5c35350 Thread added: 0x000001c1cb5c7500
Event: 23.859 Thread 0x000001c1c52333b0 Thread added: 0x000001c1c52bd460
Event: 24.709 Thread 0x000001c1c52bd460 Thread exited: 0x000001c1c52bd460
Event: 24.717 Thread 0x000001c1c52333b0 Thread exited: 0x000001c1c52333b0


Dynamic libraries:
0x00007ff787920000 - 0x00007ff787930000 	C:\Program Files\Java\jdk-23\bin\java.exe
0x00007ff9866f0000 - 0x00007ff986907000 	C:\WINDOWS\SYSTEM32\ntdll.dll
0x00007ff985820000 - 0x00007ff9858e4000 	C:\WINDOWS\System32\KERNEL32.DLL
0x00007ff983c40000 - 0x00007ff984010000 	C:\WINDOWS\System32\KERNELBASE.dll
0x00007ff984010000 - 0x00007ff984121000 	C:\WINDOWS\System32\ucrtbase.dll
0x00007ff923160000 - 0x00007ff923177000 	C:\Program Files\Java\jdk-23\bin\jli.dll
0x00007ff9218c0000 - 0x00007ff9218db000 	C:\Program Files\Java\jdk-23\bin\VCRUNTIME140.dll
0x00007ff9858f0000 - 0x00007ff985a9e000 	C:\WINDOWS\System32\USER32.dll
0x00007ff982be0000 - 0x00007ff982e72000 	C:\WINDOWS\WinSxS\amd64_microsoft.windows.common-controls_6595b64144ccf1df_6.0.22621.4830_none_270fe7d773858e80\COMCTL32.dll
0x00007ff983b60000 - 0x00007ff983b86000 	C:\WINDOWS\System32\win32u.dll
0x00007ff985290000 - 0x00007ff985337000 	C:\WINDOWS\System32\msvcrt.dll
0x00007ff9844a0000 - 0x00007ff9844c9000 	C:\WINDOWS\System32\GDI32.dll
0x00007ff9839a0000 - 0x00007ff983abb000 	C:\WINDOWS\System32\gdi32full.dll
0x00007ff983ac0000 - 0x00007ff983b5a000 	C:\WINDOWS\System32\msvcp_win.dll
0x00007ff985f50000 - 0x00007ff985f81000 	C:\WINDOWS\System32\IMM32.DLL
0x00007ff93b500000 - 0x00007ff93b50c000 	C:\Program Files\Java\jdk-23\bin\vcruntime140_1.dll
0x00007ff8c2e70000 - 0x00007ff8c2efe000 	C:\Program Files\Java\jdk-23\bin\msvcp140.dll
0x00007ff8913f0000 - 0x00007ff89213f000 	C:\Program Files\Java\jdk-23\bin\server\jvm.dll
0x00007ff9864c0000 - 0x00007ff986571000 	C:\WINDOWS\System32\ADVAPI32.dll
0x00007ff9843f0000 - 0x00007ff984497000 	C:\WINDOWS\System32\sechost.dll
0x00007ff983b90000 - 0x00007ff983bb8000 	C:\WINDOWS\System32\bcrypt.dll
0x00007ff985aa0000 - 0x00007ff985bb4000 	C:\WINDOWS\System32\RPCRT4.dll
0x00007ff985630000 - 0x00007ff9856a1000 	C:\WINDOWS\System32\WS2_32.dll
0x00007ff9834f0000 - 0x00007ff98353d000 	C:\WINDOWS\SYSTEM32\POWRPROF.dll
0x00007ff97e570000 - 0x00007ff97e5a4000 	C:\WINDOWS\SYSTEM32\WINMM.dll
0x00007ff97e320000 - 0x00007ff97e32a000 	C:\WINDOWS\SYSTEM32\VERSION.dll
0x00007ff982fa0000 - 0x00007ff982fb3000 	C:\WINDOWS\SYSTEM32\UMPDC.dll
0x00007ff982100000 - 0x00007ff982118000 	C:\WINDOWS\SYSTEM32\kernel.appcore.dll
0x00007ff93ac30000 - 0x00007ff93ac3a000 	C:\Program Files\Java\jdk-23\bin\jimage.dll
0x00007ff9832b0000 - 0x00007ff9834e2000 	C:\WINDOWS\SYSTEM32\DBGHELP.DLL
0x00007ff985bc0000 - 0x00007ff985f50000 	C:\WINDOWS\System32\combase.dll
0x00007ff985730000 - 0x00007ff985807000 	C:\WINDOWS\System32\OLEAUT32.dll
0x00007ff9831a0000 - 0x00007ff9831d2000 	C:\WINDOWS\SYSTEM32\dbgcore.DLL
0x00007ff983bc0000 - 0x00007ff983c3b000 	C:\WINDOWS\System32\bcryptPrimitives.dll
0x00007ff914fe0000 - 0x00007ff914ffe000 	C:\Program Files\Java\jdk-23\bin\java.dll
0x00007ff9850e0000 - 0x00007ff985281000 	C:\WINDOWS\System32\ole32.dll
0x00007ff984800000 - 0x00007ff985078000 	C:\WINDOWS\System32\SHELL32.dll
0x00007ff980ee0000 - 0x00007ff9817f0000 	C:\WINDOWS\SYSTEM32\windows.storage.dll
0x00007ff980da0000 - 0x00007ff980edf000 	C:\WINDOWS\SYSTEM32\wintypes.dll
0x00007ff986580000 - 0x00007ff98668a000 	C:\WINDOWS\System32\SHCORE.dll
0x00007ff985080000 - 0x00007ff9850de000 	C:\WINDOWS\System32\shlwapi.dll
0x00007ff9838d0000 - 0x00007ff9838fb000 	C:\WINDOWS\SYSTEM32\profapi.dll
0x00007ff8c2d90000 - 0x00007ff8c2e67000 	C:\Program Files\Java\jdk-23\bin\jsvml.dll
0x00007ff936550000 - 0x00007ff936560000 	C:\Program Files\Java\jdk-23\bin\net.dll
0x00007ff982540000 - 0x00007ff9825aa000 	C:\WINDOWS\system32\mswsock.dll
0x00007ff914010000 - 0x00007ff914026000 	C:\Program Files\Java\jdk-23\bin\nio.dll
0x00007ff913ff0000 - 0x00007ff914007000 	C:\Program Files\Java\jdk-23\bin\zip.dll
0x000001c1c5d90000 - 0x000001c1c5d93000 	C:\Users\malek\.openjfx\cache\23.0.1+4\amd64\api-ms-win-core-console-l1-1-0.dll
0x000001c1c5da0000 - 0x000001c1c5da3000 	C:\Users\malek\.openjfx\cache\23.0.1+4\amd64\api-ms-win-core-console-l1-2-0.dll
0x000001c1c5db0000 - 0x000001c1c5db3000 	C:\Users\malek\.openjfx\cache\23.0.1+4\amd64\api-ms-win-core-datetime-l1-1-0.dll
0x000001c1c5dc0000 - 0x000001c1c5dc3000 	C:\Users\malek\.openjfx\cache\23.0.1+4\amd64\api-ms-win-core-debug-l1-1-0.dll
0x000001c1c5dd0000 - 0x000001c1c5dd3000 	C:\Users\malek\.openjfx\cache\23.0.1+4\amd64\api-ms-win-core-errorhandling-l1-1-0.dll
0x000001c1c5de0000 - 0x000001c1c5de4000 	C:\Users\malek\.openjfx\cache\23.0.1+4\amd64\api-ms-win-core-file-l1-1-0.dll
0x000001c1c5df0000 - 0x000001c1c5df3000 	C:\Users\malek\.openjfx\cache\23.0.1+4\amd64\api-ms-win-core-file-l1-2-0.dll
0x000001c1c5e00000 - 0x000001c1c5e03000 	C:\Users\malek\.openjfx\cache\23.0.1+4\amd64\api-ms-win-core-file-l2-1-0.dll
0x000001c1c5e10000 - 0x000001c1c5e13000 	C:\Users\malek\.openjfx\cache\23.0.1+4\amd64\api-ms-win-core-handle-l1-1-0.dll
0x000001c1c5e20000 - 0x000001c1c5e23000 	C:\Users\malek\.openjfx\cache\23.0.1+4\amd64\api-ms-win-core-heap-l1-1-0.dll
0x000001c1c5e30000 - 0x000001c1c5e33000 	C:\Users\malek\.openjfx\cache\23.0.1+4\amd64\api-ms-win-core-interlocked-l1-1-0.dll
0x000001c1c5e40000 - 0x000001c1c5e43000 	C:\Users\malek\.openjfx\cache\23.0.1+4\amd64\api-ms-win-core-libraryloader-l1-1-0.dll
0x000001c1c5e50000 - 0x000001c1c5e53000 	C:\Users\malek\.openjfx\cache\23.0.1+4\amd64\api-ms-win-core-localization-l1-2-0.dll
0x000001c1c5e60000 - 0x000001c1c5e63000 	C:\Users\malek\.openjfx\cache\23.0.1+4\amd64\api-ms-win-core-memory-l1-1-0.dll
0x000001c1c5e70000 - 0x000001c1c5e73000 	C:\Users\malek\.openjfx\cache\23.0.1+4\amd64\api-ms-win-core-namedpipe-l1-1-0.dll
0x000001c1c5e80000 - 0x000001c1c5e83000 	C:\Users\malek\.openjfx\cache\23.0.1+4\amd64\api-ms-win-core-processenvironment-l1-1-0.dll
0x000001c1c5e90000 - 0x000001c1c5e93000 	C:\Users\malek\.openjfx\cache\23.0.1+4\amd64\api-ms-win-core-processthreads-l1-1-0.dll
0x000001c1c5ea0000 - 0x000001c1c5ea3000 	C:\Users\malek\.openjfx\cache\23.0.1+4\amd64\api-ms-win-core-processthreads-l1-1-1.dll
0x000001c1c5eb0000 - 0x000001c1c5eb3000 	C:\Users\malek\.openjfx\cache\23.0.1+4\amd64\api-ms-win-core-profile-l1-1-0.dll
0x000001c1c5ec0000 - 0x000001c1c5ec3000 	C:\Users\malek\.openjfx\cache\23.0.1+4\amd64\api-ms-win-core-rtlsupport-l1-1-0.dll
0x000001c1c5ed0000 - 0x000001c1c5ed3000 	C:\Users\malek\.openjfx\cache\23.0.1+4\amd64\api-ms-win-core-string-l1-1-0.dll
0x000001c1c5ee0000 - 0x000001c1c5ee3000 	C:\Users\malek\.openjfx\cache\23.0.1+4\amd64\api-ms-win-core-synch-l1-1-0.dll
0x000001c1c5ef0000 - 0x000001c1c5ef3000 	C:\Users\malek\.openjfx\cache\23.0.1+4\amd64\api-ms-win-core-synch-l1-2-0.dll
0x000001c1c5f00000 - 0x000001c1c5f03000 	C:\Users\malek\.openjfx\cache\23.0.1+4\amd64\api-ms-win-core-sysinfo-l1-1-0.dll
0x000001c1c5f10000 - 0x000001c1c5f13000 	C:\Users\malek\.openjfx\cache\23.0.1+4\amd64\api-ms-win-core-timezone-l1-1-0.dll
0x000001c1c5f20000 - 0x000001c1c5f23000 	C:\Users\malek\.openjfx\cache\23.0.1+4\amd64\api-ms-win-core-util-l1-1-0.dll
0x000001c1c5f30000 - 0x000001c1c5f33000 	C:\Users\malek\.openjfx\cache\23.0.1+4\amd64\api-ms-win-crt-conio-l1-1-0.dll
0x000001c1c5f40000 - 0x000001c1c5f44000 	C:\Users\malek\.openjfx\cache\23.0.1+4\amd64\api-ms-win-crt-convert-l1-1-0.dll
0x000001c1c5f50000 - 0x000001c1c5f53000 	C:\Users\malek\.openjfx\cache\23.0.1+4\amd64\api-ms-win-crt-environment-l1-1-0.dll
0x000001c1c5f60000 - 0x000001c1c5f63000 	C:\Users\malek\.openjfx\cache\23.0.1+4\amd64\api-ms-win-crt-filesystem-l1-1-0.dll
0x000001c1c5f70000 - 0x000001c1c5f73000 	C:\Users\malek\.openjfx\cache\23.0.1+4\amd64\api-ms-win-crt-heap-l1-1-0.dll
0x000001c1c5f80000 - 0x000001c1c5f83000 	C:\Users\malek\.openjfx\cache\23.0.1+4\amd64\api-ms-win-crt-locale-l1-1-0.dll
0x000001c1c5f90000 - 0x000001c1c5f95000 	C:\Users\malek\.openjfx\cache\23.0.1+4\amd64\api-ms-win-crt-math-l1-1-0.dll
0x000001c1c5fa0000 - 0x000001c1c5fa5000 	C:\Users\malek\.openjfx\cache\23.0.1+4\amd64\api-ms-win-crt-multibyte-l1-1-0.dll
0x000001c1c5fb0000 - 0x000001c1c5fc0000 	C:\Users\malek\.openjfx\cache\23.0.1+4\amd64\api-ms-win-crt-private-l1-1-0.dll
0x000001c1c5fc0000 - 0x000001c1c5fc3000 	C:\Users\malek\.openjfx\cache\23.0.1+4\amd64\api-ms-win-crt-process-l1-1-0.dll
0x000001c1c5fd0000 - 0x000001c1c5fd4000 	C:\Users\malek\.openjfx\cache\23.0.1+4\amd64\api-ms-win-crt-runtime-l1-1-0.dll
0x000001c1c5fe0000 - 0x000001c1c5fe4000 	C:\Users\malek\.openjfx\cache\23.0.1+4\amd64\api-ms-win-crt-stdio-l1-1-0.dll
0x000001c1c5ff0000 - 0x000001c1c5ff4000 	C:\Users\malek\.openjfx\cache\23.0.1+4\amd64\api-ms-win-crt-string-l1-1-0.dll
0x000001c1c6000000 - 0x000001c1c6003000 	C:\Users\malek\.openjfx\cache\23.0.1+4\amd64\api-ms-win-crt-time-l1-1-0.dll
0x000001c1c6010000 - 0x000001c1c6013000 	C:\Users\malek\.openjfx\cache\23.0.1+4\amd64\api-ms-win-crt-utility-l1-1-0.dll
0x00007ff8c2690000 - 0x00007ff8c278c000 	C:\Users\malek\.openjfx\cache\23.0.1+4\amd64\ucrtbase.dll
0x00007ff9135e0000 - 0x00007ff9135fb000 	C:\Users\malek\.openjfx\cache\23.0.1+4\amd64\vcruntime140.dll
0x00007ff936020000 - 0x00007ff93602c000 	C:\Users\malek\.openjfx\cache\23.0.1+4\amd64\vcruntime140_1.dll
0x00007ff8c2600000 - 0x00007ff8c268e000 	C:\Users\malek\.openjfx\cache\23.0.1+4\amd64\msvcp140.dll
0x00007ff935d90000 - 0x00007ff935d99000 	C:\Users\malek\.openjfx\cache\23.0.1+4\amd64\msvcp140_1.dll
0x00007ff913590000 - 0x00007ff9135d1000 	C:\Users\malek\.openjfx\cache\23.0.1+4\amd64\msvcp140_2.dll
0x00007ff8e87e0000 - 0x00007ff8e8810000 	C:\Users\malek\.openjfx\cache\23.0.1+4\amd64\prism_d3d.dll
0x00007ff926c60000 - 0x00007ff926e08000 	C:\WINDOWS\system32\d3d9.dll
0x00007ff980520000 - 0x00007ff98054b000 	C:\WINDOWS\SYSTEM32\dwmapi.dll
0x00007ff980000000 - 0x00007ff980037000 	C:\WINDOWS\SYSTEM32\dxcore.dll
0x00007ff97fe50000 - 0x00007ff97ff01000 	C:\WINDOWS\system32\uxtheme.dll
0x00007ff926ab0000 - 0x00007ff926c5c000 	C:\WINDOWS\System32\DriverStore\FileRepository\iigd_dch.inf_amd64_237b1b6e9066be9c\igdumdim64.dll
0x00007ff91a280000 - 0x00007ff91eadb000 	C:\WINDOWS\System32\DriverStore\FileRepository\iigd_dch.inf_amd64_237b1b6e9066be9c\igd9dxva64.dll
0x00007ff985f90000 - 0x00007ff986404000 	C:\WINDOWS\System32\SETUPAPI.dll
0x00007ff9836a0000 - 0x00007ff9836ee000 	C:\WINDOWS\SYSTEM32\cfgmgr32.dll
0x00007ff9719e0000 - 0x00007ff971dea000 	C:\WINDOWS\System32\DriverStore\FileRepository\iigd_dch.inf_amd64_237b1b6e9066be9c\igdgmm64.dll
0x00007ff97b320000 - 0x00007ff97b369000 	C:\WINDOWS\SYSTEM32\directxdatabasehelper.dll
0x00007ff8d0df0000 - 0x00007ff8d0e35000 	C:\Users\malek\.openjfx\cache\23.0.1+4\amd64\glass.dll
0x00007ff9846f0000 - 0x00007ff9847f2000 	C:\WINDOWS\System32\COMDLG32.dll
0x00007ff984580000 - 0x00007ff9846df000 	C:\WINDOWS\System32\MSCTF.dll
0x00007ff966a90000 - 0x00007ff966ab7000 	C:\WINDOWS\System32\DriverStore\FileRepository\iigd_dch.inf_amd64_237b1b6e9066be9c\igdinfo64.dll
0x00007ff96c8e0000 - 0x00007ff970f50000 	C:\WINDOWS\System32\DriverStore\FileRepository\iigd_dch.inf_amd64_237b1b6e9066be9c\igc64.dll
0x00007ff9844d0000 - 0x00007ff984580000 	C:\WINDOWS\System32\clbcatq.dll
0x00007ff976200000 - 0x00007ff97637d000 	C:\Windows\System32\Windows.UI.dll
0x00007ff957390000 - 0x00007ff957505000 	C:\Windows\System32\Windows.UI.Immersive.dll
0x00007ff8f3ce0000 - 0x00007ff8f3cf5000 	C:\Users\malek\.openjfx\cache\23.0.1+4\amd64\javafx_font.dll
0x00007ff97beb0000 - 0x00007ff97c123000 	C:\WINDOWS\SYSTEM32\dwrite.dll
0x00007ff97fc60000 - 0x00007ff97fe10000 	C:\WINDOWS\SYSTEM32\WindowsCodecs.dll
0x00007ff97e620000 - 0x00007ff97e67e000 	C:\WINDOWS\system32\dataexchange.dll
0x00007ff978940000 - 0x00007ff978be5000 	C:\WINDOWS\system32\twinapi.appcore.dll
0x00007ff934e40000 - 0x00007ff934e72000 	C:\Program Files\Common Files\Microsoft Shared\Ink\rtscom.dll
0x00007ff969400000 - 0x00007ff969546000 	C:\WINDOWS\SYSTEM32\textinputframework.dll
0x00007ff97d3f0000 - 0x00007ff97d525000 	C:\WINDOWS\SYSTEM32\CoreMessaging.dll
0x00007ff97aba0000 - 0x00007ff97af0c000 	C:\WINDOWS\SYSTEM32\CoreUIComponents.dll
0x00007ff9828e0000 - 0x00007ff9828ec000 	C:\WINDOWS\SYSTEM32\CRYPTBASE.DLL
0x00007ff943f00000 - 0x00007ff944349000 	C:\WINDOWS\SYSTEM32\UIAutomationCore.DLL
0x00007ff964bf0000 - 0x00007ff964ca1000 	C:\Windows\System32\OneCoreCommonProxyStub.dll
0x00007ff981c30000 - 0x00007ff981d32000 	C:\WINDOWS\SYSTEM32\DNSAPI.dll
0x00007ff981bc0000 - 0x00007ff981bed000 	C:\WINDOWS\SYSTEM32\IPHLPAPI.DLL
0x00007ff9846e0000 - 0x00007ff9846e9000 	C:\WINDOWS\System32\NSI.dll

dbghelp: loaded successfully - version: 4.0.5 - missing functions: none
symbol engine: initialized successfully - sym options: 0x614 - pdb path: .;C:\Program Files\Java\jdk-23\bin;C:\WINDOWS\SYSTEM32;C:\WINDOWS\WinSxS\amd64_microsoft.windows.common-controls_6595b64144ccf1df_6.0.22621.4830_none_270fe7d773858e80;C:\Program Files\Java\jdk-23\bin\server;C:\Users\malek\.openjfx\cache\23.0.1+4\amd64;C:\WINDOWS\System32\DriverStore\FileRepository\iigd_dch.inf_amd64_237b1b6e9066be9c;C:\Program Files\Common Files\Microsoft Shared\Ink

VM Arguments:
jvm_args: --module-path=C:\Users\malek\.m2\repository\org\openjfx\javafx-base\23.0.1\javafx-base-23.0.1-win.jar;C:\Users\malek\.m2\repository\org\openjfx\javafx-base\23.0.1\javafx-base-23.0.1.jar;C:\Users\malek\.m2\repository\org\openjfx\javafx-controls\23.0.1\javafx-controls-23.0.1-win.jar;C:\Users\malek\.m2\repository\org\openjfx\javafx-controls\23.0.1\javafx-controls-23.0.1.jar;C:\Users\malek\.m2\repository\org\openjfx\javafx-fxml\23.0.1\javafx-fxml-23.0.1-win.jar;C:\Users\malek\.m2\repository\org\openjfx\javafx-fxml\23.0.1\javafx-fxml-23.0.1.jar;C:\Users\malek\.m2\repository\org\openjfx\javafx-graphics\23.0.1\javafx-graphics-23.0.1-win.jar;C:\Users\malek\.m2\repository\org\openjfx\javafx-graphics\23.0.1\javafx-graphics-23.0.1.jar --add-modules=javafx.base,javafx.controls,javafx.fxml,javafx.graphics 
java_command: edu.pidev3a32.tests.MainFx
java_class_path (initial): C:\gestion_planning\target\classes;C:\Users\malek\.m2\repository\com\google\protobuf\protobuf-java\3.11.4\protobuf-java-3.11.4.jar;C:\Users\malek\.m2\repository\mysql\mysql-connector-java\8.0.28\mysql-connector-java-8.0.28.jar
Launcher Type: SUN_STANDARD

[Global flags]
     intx CICompilerCount                          = 4                                         {product} {ergonomic}
     uint ConcGCThreads                            = 2                                         {product} {ergonomic}
     uint G1ConcRefinementThreads                  = 8                                         {product} {ergonomic}
   size_t G1HeapRegionSize                         = 2097152                                   {product} {ergonomic}
   size_t InitialHeapSize                          = 266338304                                 {product} {ergonomic}
   size_t MarkStackSize                            = 4194304                                   {product} {ergonomic}
   size_t MarkStackSizeMax                         = 536870912                                 {product} {ergonomic}
   size_t MaxHeapSize                              = 4229955584                                {product} {ergonomic}
   size_t MaxNewSize                               = 2537553920                                {product} {ergonomic}
   size_t MinHeapDeltaBytes                        = 2097152                                   {product} {ergonomic}
   size_t MinHeapSize                              = 8388608                                   {product} {ergonomic}
    uintx NonNMethodCodeHeapSize                   = 5832704                                {pd product} {ergonomic}
    uintx NonProfiledCodeHeapSize                  = 122945536                              {pd product} {ergonomic}
    uintx ProfiledCodeHeapSize                     = 122880000                              {pd product} {ergonomic}
    uintx ReservedCodeCacheSize                    = 251658240                              {pd product} {ergonomic}
     bool SegmentedCodeCache                       = true                                      {product} {ergonomic}
   size_t SoftMaxHeapSize                          = 4229955584                             {manageable} {ergonomic}
     bool UseCompressedOops                        = true                           {product lp64_product} {ergonomic}
     bool UseG1GC                                  = true                                      {product} {ergonomic}
     bool UseLargePagesIndividualAllocation        = false                                  {pd product} {ergonomic}

Logging:
Log output configuration:
 #0: stdout all=warning uptime,level,tags foldmultilines=false
 #1: stderr all=off uptime,level,tags foldmultilines=false

Environment Variables:
PATH=C:\Program Files\Common Files\Oracle\Java\javapath;C:\Program Files (x86)\VMware\VMware Workstation\bin\;C:\oraclexe\app\oracle\product\11.2.0\server\bin;C:\Program Files (x86)\Common Files\Intel\Shared Libraries\redist\intel64\compiler;C:\windows\system32;C:\windows;C:\windows\System32\Wbem;C:\windows\System32\WindowsPowerShell\v1.0\;C:\windows\System32\OpenSSH\;C:\Program Files (x86)\NVIDIA Corporation\PhysX\Common;C:\Program Files\NVIDIA Corporation\NVIDIA NvDLISR;C:\WINDOWS\system32;C:\WINDOWS;C:\WINDOWS\System32\Wbem;C:\WINDOWS\System32\WindowsPowerShell\v1.0\;C:\WINDOWS\System32\OpenSSH\;C:\Program Files (x86)\HI-TECH Software\PICC\LITE\9.60\bin;C:\Program Files\Git\cmd;C:\xampp\php;C:\ProgramData\ComposerSetup\bin;C:\oraclexe\app\oracle\product\11.2.0\server\bin;C:\instanstclient-2;C:\oraclexe\app\oracle\admin\XE;C:\oraclexe;C:\Program Files (x86)\OpenSSL-Win64\bin;;C:\Program Files\HP\HP One Agent;C:\Users\malek\AppData\Local\Programs\Python\Python313\Scripts\;C:\Users\malek\AppData\Local\Programs\Python\Python313\;C:\Users\malek\scoop\shims;C:\Users\malek\AppData\Local\Microsoft\WindowsApps;C:\Users\malek\AppData\Local\Programs\Microsoft VS Code\bin;C:\Users\malek\AppData\Roaming\Composer\vendor\bin;C:\Program Files (x86)\OpenSSL-Win32\lib\MinGW\x86;C:\xampp\php;;C:\Program Files\JetBrains\IntelliJ IDEA 2024.2.1\bin;
USERNAME=malek
OS=Windows_NT
PROCESSOR_IDENTIFIER=Intel64 Family 6 Model 140 Stepping 1, GenuineIntel
TMP=C:\Users\malek\AppData\Local\Temp
TEMP=C:\Users\malek\AppData\Local\Temp




Periodic native trim disabled

---------------  S Y S T E M  ---------------

OS:
 Windows 11 , 64 bit Build 22621 (10.0.22621.4830)
OS uptime: 0 days 20:10 hours

CPU: total 8 (initial active 8) (4 cores per cpu, 2 threads per core) family 6 model 140 stepping 1 microcode 0xa4, cx8, cmov, fxsr, ht, mmx, 3dnowpref, sse, sse2, sse3, ssse3, sse4.1, sse4.2, popcnt, lzcnt, tsc, tscinvbit, avx, avx2, aes, erms, clmul, bmi1, bmi2, adx, avx512f, avx512dq, avx512cd, avx512bw, avx512vl, sha, fma, vzeroupper, avx512_vpopcntdq, avx512_vpclmulqdq, avx512_vaes, avx512_vnni, clflush, clflushopt, clwb, avx512_vbmi2, avx512_vbmi, rdtscp, rdpid, fsrm, gfni, avx512_bitalg, f16c, pku, cet_ibt, cet_ss, avx512_ifma
Processor Information for processor 0
  Max Mhz: 3302, Current Mhz: 3302, Mhz Limit: 3302
Processor Information for processor 1
  Max Mhz: 3302, Current Mhz: 3302, Mhz Limit: 3302
Processor Information for processor 2
  Max Mhz: 3302, Current Mhz: 1200, Mhz Limit: 3302
Processor Information for processor 3
  Max Mhz: 3302, Current Mhz: 3302, Mhz Limit: 3302
Processor Information for processor 4
  Max Mhz: 3302, Current Mhz: 3302, Mhz Limit: 3302
Processor Information for processor 5
  Max Mhz: 3302, Current Mhz: 3302, Mhz Limit: 3302
Processor Information for processor 6
  Max Mhz: 3302, Current Mhz: 3302, Mhz Limit: 3302
Processor Information for processor 7
  Max Mhz: 3302, Current Mhz: 3302, Mhz Limit: 3302

Memory: 4k page, system-wide physical 16129M (810M free)
TotalPageFile size 26931M (AvailPageFile size 49M)
current process WorkingSet (physical memory assigned to process): 1091M, peak: 1091M
current process commit charge ("private bytes"): 1163M, peak: 1400M

vm_info: Java HotSpot(TM) 64-Bit Server VM (23+37-2369) for windows-amd64 JRE (23+37-2369), built on 2024-08-20T16:01:23Z with MS VC++ 17.6 (VS2022)

END.
